urban-warrior@git.imagemagick
urban-warrior@git.imagemagick
urban-warrior@git.imagemagick
urban-warrior@git.imagemagick
urban-warrior@git.imagemagick
urban-warrior@git.imagemagick
urban-warrior@git.imagemagick
urban-warrior@git.imagemagick
urban-warrior@git.imagemagick
urban-warrior@git.imagemagick
urban-warrior@git.imagemagick
urban-warrior@git.imagemagick
urban-warrior@git.imagemagick
urban-warrior@git.imagemagick
urban-warrior@git.imagemagick
urban-warrior@git.imagemagick
urban-warrior@git.imagemagick
urban-warrior@git.imagemagick
urban-warrior@git.imagemagick
urban-warrior@git.imagemagick
urban-warrior@git.imagemagick
urban-warrior@git.imagemagick
urban-warrior@git.imagemagick
urban-warrior@git.imagemagick
urban-warrior@git.imagemagick
urban-warrior@imagemagick.org
urban-warrior@imagemagick.org
urban-warrior@git.imagemagick
urban-warrior@git.imagemagick
urban-warrior@git.imagemagick
urban-warrior@git.imagemagick
urban-warrior@git.imagemagick
urban-warrior@git.imagemagick
urban-warrior@git.imagemagick
urban-warrior@git.imagemagick
urban-warrior@git.imagemagick
urban-warrior@git.imagemagick
urban-warrior@git.imagemagick
urban-warrior@git.imagemagick
urban-warrior@git.imagemagick
urban-warrior@git.imagemagick
urban-warrior@git.imagemagick
urban-warrior@git.imagemagick
urban-warrior@git.imagemagick
urban-warrior@git.imagemagick
urban-warrior@git.imagemagick
urban-warrior@git.imagemagick
urban-warrior@git.imagemagick
urban-warrior@git.imagemagick
urban-warrior@git.imagemagick
urban-warrior@git.imagemagick
urban-warrior@git.imagemagick
urban-warrior@git.imagemagick
urban-warrior@git.imagemagick
dirk@git.imagemagick
dirk@git.imagemagick
dirk@git.imagemagick
urban-warrior@git.imagemagick
urban-warrior@git.imagemagick
urban-warrior@git.imagemagick
anthony@git.imagemagick
urban-warrior@git.imagemagick
anthony@git.imagemagick
anthony@git.imagemagick
anthony@git.imagemagick
urban-warrior@git.imagemagick
urban-warrior@git.imagemagick
urban-warrior@imagemagick.org
urban-warrior@imagemagick.org
anthony@git.imagemagick
anthony@git.imagemagick
urban-warrior@git.imagemagick
urban-warrior@git.imagemagick
urban-warrior@git.imagemagick
urban-warrior@git.imagemagick
glennrp@git.imagemagick
urban-warrior@git.imagemagick
glennrp@git.imagemagick
urban-warrior@git.imagemagick
urban-warrior@git.imagemagick
