third_party/WebKit/LayoutTests/TestExpectations
third_party/WebKit/LayoutTests/fast/shapes/shape-outside-floats/shape-outside-floats-ellipse-margin-left-expected.txt 7 9 11
third_party/WebKit/LayoutTests/platform/android/css1/box_properties/float_on_text_elements-expected.txt 1 2 3 4 5 6 7 8 9 10 11 12 13 14 15 16 17 18 19 20 21 22 23 24 25 26 27 28 29 30 31 32 33 34 35 36 37 38 39 40 41 42 43 44 45 46 47 48 49 50 51 52 53 54 55 56 57 58 59 60 61 62 63 64 65 66 67 68 69 70 71 72 73 74 75 76 77 78 79 80 81 82 83 84 85 86 87 88 89 90 91 92 93 94 95 96 97 98 99 100 101 102 103 104 105 106 107 108 109 110 111 112 113 114 115 116 117 118 119 120 121 122 123 124 125 126 127 128 129 130 131 132 133 134 135 136 137 138 139 140 141 142 143 144 145 146 147 148 149 150 151 152 153 154 155 156 157 158 159 160 161 162 163 164 165 166 167 168 169 170 171 172 173 174 175 176 177 178 179 180 181 182 183 184 185 186 187 188 189 190 191 192 193 194 195 196 197 198 199 200 201 202 203 204 205 206 207 208 209 210 211 212 213 214 215 216 217 218 219 220 221 222 223 224 225 226 227 228 229 230 231 232 233 234 235 236 237 238 239 240 241 242 243 244 245 246 247 248 249 250 251 252 253 254 255 256 257 258 259 260 261 262 263 264 265 266 267 268 269 270 271 272 273 274 275 276 277 278 279 280 281 282 283 284 285 286 287 288 289 290 291 292 293 294 295 296 297 298 299 300 301 302 303 304 305 306 307 308 309 310 311 312 313 314 315 316 317 318 319 320 321 322 323 324 325 326 327 328 329 330 331 332 333 334 335 336 337 338 339 340 341 342 343 344 345 346 347 348
third_party/WebKit/LayoutTests/platform/android/css1/box_properties/padding-expected.txt 1 2 3 4 5 6 7 8 9 10 11 12 13 14 15 16 17 18 19 20 21 22 23 24 25 26 27 28 29 30 31 32 33 34 35 36 37 38 39 40 41 42 43 44 45 46 47 48 49 50 51 52 53 54 55 56 57 58 59 60 61 62 63 64 65 66 67 68 69 70 71 72 73 74 75 76 77 78 79 80 81 82 83 84 85 86 87 88 89 90 91
third_party/WebKit/LayoutTests/platform/android/css1/box_properties/padding_left-expected.txt 1 2 3 4 5 6 7 8 9 10 11 12 13 14 15 16 17 18 19 20 21 22 23 24 25 26 27 28 29 30 31 32 33 34 35 36 37 38 39 40 41 42 43 44 45 46 47 48 49 50 51 52 53 54 55 56 57 58 59 60 61 62 63 64 65 66 67 68 69 70 71 72 73 74 75 76 77 78 79 80 81 82 83 84 85 86 87 88 89 90 91 92 93 94 95 96 97 98 99 100 101 102 103 104 105 106 107 108 109 110 111 112 113 114 115
third_party/WebKit/LayoutTests/platform/android/css1/formatting_model/vertical_formatting-expected.txt 1 2 3 4 5 6 7 8 9 10 11 12 13 14 15 16 17 18 19 20 21 22 23 24 25 26 27 28 29 30 31 32 33 34 35 36 37 38 39 40 41 42 43 44 45 46 47 48 49 50 51 52 53 54 55 56 57 58 59 60 61 62 63 64 65 66 67 68 69 70 71 72 73 74 75 76 77 78 79 80 81 82 83 84 85 86 87 88 89 90 91 92 93 94 95 96 97 98 99 100 101 102 103 104 105 106 107 108 109 110 111 112 113 114 115 116 117 118 119 120 121 122 123 124 125 126 127 128 129 130 131 132 133 134 135 136 137 138 139 140 141 142 143 144 145 146 147 148 149 150 151 152 153 154 155 156 157 158 159 160 161 162 163 164 165 166 167 168 169 170 171
third_party/WebKit/LayoutTests/platform/android/css1/text_properties/text_indent-expected.txt 1 2 3 4 5 6 7 8 9 10 11 12 13 14 15 16 17 18 19 20 21 22 23 24 25 26 27 28 29 30 31 32 33 34 35 36 37 38 39 40 41 42 43 44 45 46 47 48 49 50 51 52 53 54 55 56 57 58 59 60 61 62 63 64 65 66 67 68 69 70 71 72 73 74 75 76 77 78 79 80 81 82 83 84 85 86 87 88 89 90 91 92 93 94 95 96 97 98 99 100 101 102 103 104 105 106 107 108 109 110 111 112 113 114 115 116 117 118 119 120 121 122 123 124 125 126 127 128 129 130 131 132 133 134 135 136
third_party/WebKit/LayoutTests/platform/android/css2.1/t0804-c5509-padn-l-00-b-ag-expected.txt 1 2 3 4 5 6 7 8 9 10 11 12 13 14 15 16 17 18 19 20 21 22 23 24
third_party/WebKit/LayoutTests/platform/android/css2.1/t0804-c5510-padn-00-b-ag-expected.txt 1 2 3 4 5 6 7 8 9 10 11 12 13 14 15 16 17 18 19 20 21 22 23 24 25 26 27 28 29 30 31 32
third_party/WebKit/LayoutTests/platform/android/css2.1/t0905-c414-flt-wrap-00-e-expected.txt 1 2 3 4 5 6 7 8 9 10 11 12 13 14 15 16 17 18 19 20 21 22 23 24
third_party/WebKit/LayoutTests/platform/android/css2.1/t0905-c5525-fltwidth-00-c-g-expected.txt 1 2 3 4 5 6 7 8 9 10 11 12 13 14 15 16 17 18 19 20 21 22 23 24 25 26 27 28 29 30 31 32 33 34 35 36 37 38 39 40 41 42 43 44 45 46 47 48 49 50 51 52 53 54 55 56 57 58 59 60 61 62 63 64 65 66 67 68 69 70 71 72 73 74 75 76 77 78 79 80 81 82 83 84 85 86 87 88 89 90 91 92 93 94 95 96 97 98 99 100 101 102 103 104
third_party/WebKit/LayoutTests/platform/android/css2.1/t100801-c544-valgn-00-a-ag-expected.txt 1 2 3 4 5 6 7 8 9 10 11 12 13 14 15 16 17 18 19 20 21
third_party/WebKit/LayoutTests/platform/android/css2.1/t100801-c544-valgn-02-d-agi-expected.txt 1 2 3 4 5 6 7 8 9 10 11 12 13 14 15 16 17 18 19 20 21 22 23 24 25 26 27 28 29 30 31 32 33 34 35 36 37 38 39 40 41 42 43 44 45 46 47 48 49 50 51 52 53 54 55 56 57 58 59 60 61 62 63 64 65 66 67 68 69 70 71 72 73 74 75 76 77 78 79 80 81 82 83 84
third_party/WebKit/LayoutTests/platform/android/css2.1/t100801-c544-valgn-03-d-agi-expected.txt 1 2 3 4 5 6 7 8 9 10 11 12 13 14 15 16 17 18 19 20 21 22 23 24 25 26 27 28 29 30 31 32 33 34 35 36 37 38 39 40 41 42 43 44 45 46 47 48 49 50 51 52 53 54 55 56 57 58 59 60 61 62 63 64 65 66 67 68 69 70 71 72 73 74 75 76 77 78 79 80 81
third_party/WebKit/LayoutTests/platform/android/css2.1/t100801-c544-valgn-04-d-agi-expected.txt 1 2 3 4 5 6 7 8 9 10 11 12 13 14 15 16 17 18 19 20 21 22 23 24 25 26 27 28 29 30 31 32 33 34 35 36 37 38 39 40 41 42 43 44 45 46 47 48 49 50 51 52 53 54 55 56 57 58 59 60 61 62 63 64 65 66 67 68 69 70 71 72 73 74 75 76 77 78 79 80 81 82 83 84 85 86 87 88 89
third_party/WebKit/LayoutTests/platform/android/editing/input/caret-at-the-edge-of-input-expected.txt
third_party/WebKit/LayoutTests/platform/android/editing/pasteboard/drop-text-without-selection-expected.txt
third_party/WebKit/LayoutTests/platform/android/fast/css/empty-pseudo-class-expected.txt 1 2 3 4 5 6 7 8 9 10 11 12 13 14 15 16 17 18 19 20 21 22 23 24 25 26 27 28 29 30 31 32 33 34 35 36 37 38 39 40 41 42 43 44 45 46 47 48 49 50 51 52 53 54 55 56 57 58 59 60 61 62 63 64 65 66 67 68 69 70 71 72 73 74 75 76 77 78 79 80 81 82 83 84 85 86 87 88 89 90 91 92 93 94 95 96 97 98 99 100 101 102 103 104 105 106 107 108 109 110 111 112 113 114 115 116 117 118 119 120 121 122 123 124 125 126 127 128 129 130
third_party/WebKit/LayoutTests/platform/android/fast/css/first-child-pseudo-class-expected.txt 1 2 3 4 5 6 7 8 9 10 11 12 13 14 15 16 17 18 19 20 21 22 23 24 25 26 27 28 29 30 31 32 33 34 35 36 37 38 39 40 41 42 43 44 45 46 47 48 49 50 51 52 53 54 55 56 57 58 59 60 61 62 63 64 65 66 67 68 69 70 71 72 73 74 75 76 77 78 79 80 81 82 83 84 85 86 87 88 89 90 91 92 93 94 95 96 97 98 99 100 101 102 103 104 105 106 107 108 109 110 111 112 113 114 115 116 117 118 119 120 121 122 123 124 125 126 127 128 129 130 131 132 133 134 135 136 137 138 139 140 141 142 143 144 145 146 147 148 149 150 151 152 153 154 155 156 157 158 159 160 161 162 163 164 165 166 167 168 169 170 171 172 173 174 175 176 177 178 179 180 181 182 183 184 185 186 187 188 189 190 191 192 193
third_party/WebKit/LayoutTests/platform/android/fast/css/first-of-type-pseudo-class-expected.txt 1 2 3 4 5 6 7 8 9 10 11 12 13 14 15 16 17 18 19 20 21 22 23 24 25 26 27 28 29 30 31 32 33 34 35 36 37 38 39 40 41 42 43 44 45 46 47 48 49 50 51 52 53 54 55 56 57 58 59 60 61 62 63 64 65 66 67 68 69 70 71 72 73 74 75 76 77 78 79 80 81 82 83 84 85 86 87 88 89 90 91 92 93 94 95 96 97 98 99 100 101 102 103 104 105 106 107 108 109 110 111 112 113 114 115 116 117 118 119 120 121 122 123 124 125 126 127 128 129 130 131 132 133 134 135 136 137 138 139 140 141 142 143 144 145 146 147 148 149 150 151 152 153 154 155 156 157 158 159 160 161 162 163 164 165 166 167 168 169 170 171 172 173 174 175 176 177 178 179 180 181 182 183 184 185 186 187 188 189 190 191 192 193 194 195 196 197 198 199 200 201 202 203 204 205 206 207 208 209 210 211 212 213 214 215 216 217 218 219 220 221 222 223 224 225 226 227 228 229
third_party/WebKit/LayoutTests/platform/android/fast/css/last-child-pseudo-class-expected.txt 1 2 3 4 5 6 7 8 9 10 11 12 13 14 15 16 17 18 19 20 21 22 23 24 25 26 27 28 29 30 31 32 33 34 35 36 37 38 39 40 41 42 43 44 45 46 47 48 49 50 51 52 53 54 55 56 57 58 59 60 61 62 63 64 65 66 67 68 69 70 71 72 73 74 75 76 77 78 79 80 81 82 83 84 85 86 87 88 89 90 91 92 93 94 95 96 97 98 99 100 101 102 103 104 105 106 107 108 109 110 111 112 113 114 115 116 117 118 119 120 121 122 123 124 125 126 127 128 129 130 131 132 133 134 135 136 137 138 139 140 141 142 143 144 145 146 147 148 149 150 151 152 153 154 155 156 157 158 159 160 161 162 163 164 165 166 167 168 169 170 171 172 173 174 175 176 177 178 179 180 181 182 183 184 185 186 187 188 189 190 191 192 193
third_party/WebKit/LayoutTests/platform/android/fast/css/last-of-type-pseudo-class-expected.txt 1 2 3 4 5 6 7 8 9 10 11 12 13 14 15 16 17 18 19 20 21 22 23 24 25 26 27 28 29 30 31 32 33 34 35 36 37 38 39 40 41 42 43 44 45 46 47 48 49 50 51 52 53 54 55 56 57 58 59 60 61 62 63 64 65 66 67 68 69 70 71 72 73 74 75 76 77 78 79 80 81 82 83 84 85 86 87 88 89 90 91 92 93 94 95 96 97 98 99 100 101 102 103 104 105 106 107 108 109 110 111 112 113 114 115 116 117 118 119 120 121 122 123 124 125 126 127 128 129 130 131 132 133 134 135 136 137 138 139 140 141 142 143 144 145 146 147 148 149 150 151 152 153 154 155 156 157 158 159 160 161 162 163 164 165 166 167 168 169 170 171 172 173 174 175 176 177 178 179 180 181 182 183 184 185 186 187 188 189 190 191 192 193 194 195 196 197 198 199 200 201 202 203 204 205 206 207 208 209 210 211 212 213 214 215 216 217 218 219 220 221 222 223 224 225 226 227 228 229
third_party/WebKit/LayoutTests/platform/android/fast/css/only-child-pseudo-class-expected.txt 1 2 3 4 5 6 7 8 9 10 11 12 13 14 15 16 17 18 19 20 21 22 23 24 25 26 27 28 29 30 31 32 33 34 35 36 37 38 39 40 41 42 43 44 45 46 47 48 49 50 51 52 53 54 55 56 57 58 59 60 61 62 63 64 65 66 67 68 69 70 71 72 73 74 75 76 77 78 79 80 81 82 83 84 85 86 87 88 89 90 91 92 93 94 95 96 97 98 99 100 101 102 103 104 105 106 107 108 109 110 111 112 113 114 115 116 117 118 119 120 121 122 123 124 125 126 127 128 129 130 131 132 133 134 135 136 137 138 139 140 141 142
third_party/WebKit/LayoutTests/platform/android/fast/css/only-of-type-pseudo-class-expected.txt 1 2 3 4 5 6 7 8 9 10 11 12 13 14 15 16 17 18 19 20 21 22 23 24 25 26 27 28 29 30 31 32 33 34 35 36 37 38 39 40 41 42 43 44 45 46 47 48 49 50 51 52 53 54 55 56 57 58 59 60 61 62 63 64 65 66 67 68 69 70 71 72 73 74 75 76 77 78 79 80 81 82 83 84 85 86 87 88 89 90 91 92 93 94 95 96 97 98 99 100 101 102 103 104 105 106 107 108 109 110 111 112 113 114 115 116 117 118 119 120 121 122 123 124 125 126 127 128
third_party/WebKit/LayoutTests/platform/android/fast/css/text-overflow-input-expected.txt
third_party/WebKit/LayoutTests/platform/android/fast/events/autoscroll-expected.txt
third_party/WebKit/LayoutTests/platform/android/fast/forms/basic-inputs-expected.txt
third_party/WebKit/LayoutTests/platform/android/fast/forms/input-appearance-preventDefault-expected.txt
third_party/WebKit/LayoutTests/platform/android/fast/forms/input-appearance-selection-expected.txt
third_party/WebKit/LayoutTests/platform/android/fast/forms/input-text-drag-down-expected.txt
third_party/WebKit/LayoutTests/platform/android/fast/forms/input-text-scroll-left-on-blur-expected.txt
third_party/WebKit/LayoutTests/platform/android/fast/forms/input-text-word-wrap-expected.txt
third_party/WebKit/LayoutTests/platform/android/fast/hidpi/image-srcset-png-canvas-expected.txt 1 2 3 4 5 6 7 8 9 10 11 12 13 14 15 16 17 18 19 20 21 22 23 24 25 26 27 28 29 30 31 32 33 34 35 36 37 38 39 40 41 42 43 44 45 46 47 48 49 50 51 52 53 54 55 56 57 58 59 60 61 62
third_party/WebKit/LayoutTests/platform/android/fast/hidpi/image-srcset-png-expected.txt 1 2 3 4 5 6 7 8 9 10 11 12 13 14 15 16 17 18 19 20 21 22 23 24 25 26 27 28 29 30 31 32 33 34 35 36 37 38 39 40 41 42 43 44 45 46 47 48 49 50 51 52 53 54 55 56 57 58 59 60 61 62 63 64 65 66 67 68 69 70 71 72 73 74 75 76 77 78 79 80 81 82 83 84 85 86 87 88 89 90 91 92 93 94 95 96 97 98 99 100 101 102 103 104 105 106 107 108 109 110 111 112 113 114 115 116 117 118 119 120 121 122 123 124 125 126 127 128 129 130 131 132 133 134 135 136 137 138 139 140
third_party/WebKit/LayoutTests/platform/android/fast/hidpi/image-srcset-relative-svg-expected.txt 1 2 3 4 5 6 7 8 9 10 11 12 13 14 15 16 17 18 19 20 21 22 23 24 25 26 27 28 29 30 31 32 33 34 35 36 37 38 39 40 41 42 43 44 45 46 47 48 49 50 51 52 53 54 55 56 57 58 59 60 61 62 63 64 65 66 67 68 69 70 71 72 73 74 75
third_party/WebKit/LayoutTests/platform/android/fast/hidpi/image-srcset-svg-canvas-2x-expected.txt 1 2 3 4 5 6 7 8 9 10 11 12 13 14 15 16 17 18 19 20 21 22 23 24 25 26 27 28 29 30 31 32 33 34 35 36
third_party/WebKit/LayoutTests/platform/android/fast/hidpi/image-srcset-svg-canvas-expected.txt 1 2 3 4 5 6 7 8 9 10 11 12 13 14 15 16 17 18 19 20 21 22 23 24 25 26 27 28 29 30 31 32 33 34 35 36 37
third_party/WebKit/LayoutTests/platform/android/fast/hidpi/image-srcset-svg-expected.txt 1 2 3 4 5 6 7 8 9 10 11 12 13 14 15 16 17 18 19 20 21 22 23 24 25 26 27 28 29 30 31 32 33 34 35 36 37 38 39 40 41 42 43 44 45 46 47 48 49 50 51 52 53 54 55 56 57 58 59 60 61 62 63 64 65 66 67 68 69 70 71 72 73 74 75 76 77
third_party/WebKit/LayoutTests/platform/android/fast/hidpi/image-srcset-svg2-expected.txt 1 2 3 4 5 6 7 8 9 10 11 12 13 14 15 16 17 18 19 20 21 22 23 24 25 26 27 28 29 30 31 32 33 34 35 36 37 38 39 40 41 42 43 44 45 46 47 48 49 50 51 52 53 54 55 56 57 58 59 60 61 62 63 64 65 66 67 68 69 70 71 72 73 74 75
third_party/WebKit/LayoutTests/platform/android/fast/multicol/float-multicol-expected.txt 1 2 3 4 5 6 7 8 9 10 11 12 13 14 15 16 17 18 19 20 21 22 23 24 25 26 27 28 29 30 31 32 33 34 35 36 37 38 39 40 41 42 43 44 45 46 47 48 49 50 51 52 53 54 55 56 57 58 59 60 61 62 63 64 65 66 67 68 69 70 71 72 73 74 75 76 77 78 79 80 81 82 83 84 85 86 87 88 89 90 91 92 93 94 95 96 97 98 99 100 101 102 103 104 105 106 107 108 109 110 111 112 113 114 115 116 117 118 119 120 121 122 123 124 125 126 127 128 129 130 131 132 133 134 135 136 137 138 139 140 141 142 143 144 145 146 147 148 149 150 151 152 153 154 155 156 157 158 159 160 161 162 163 164 165 166 167 168 169 170 171 172 173 174 175 176 177 178 179 180 181 182 183 184 185 186 187 188 189 190 191 192 193 194 195 196 197 198 199 200 201 202 203 204 205 206 207 208 209 210 211 212 213 214 215 216 217 218 219 220 221 222 223 224 225 226 227 228 229 230 231 232
third_party/WebKit/LayoutTests/platform/android/fast/multicol/vertical-lr/float-multicol-expected.txt 1 2 3 4 5 6 7 8 9 10 11 12 13 14 15 16 17 18 19 20 21 22 23 24 25 26 27 28 29 30 31 32 33 34 35 36 37 38 39 40 41 42 43 44 45 46 47 48 49 50 51 52 53 54 55 56 57 58 59 60 61 62 63 64 65 66 67 68 69 70 71 72 73 74 75 76 77 78 79 80 81 82 83 84 85 86 87 88 89 90 91 92 93 94 95 96 97 98 99 100 101 102 103 104 105 106 107 108 109 110 111 112 113 114 115 116 117 118 119 120 121 122 123 124 125 126 127 128 129 130 131 132 133 134 135 136 137 138 139 140 141 142 143 144 145 146 147 148 149 150 151 152 153 154 155 156 157 158 159 160 161 162 163 164 165 166 167 168 169 170 171 172 173 174 175 176 177 178 179 180 181 182 183 184 185 186 187 188 189 190 191 192 193 194 195 196 197 198 199 200 201 202 203 204 205 206 207 208 209 210 211 212 213 214 215 216 217 218 219 220 221 222 223 224 225 226 227 228 229 230 231 232 233 234 235 236 237 238 239
third_party/WebKit/LayoutTests/platform/android/fast/multicol/vertical-rl/float-multicol-expected.txt 1 2 3 4 5 6 7 8 9 10 11 12 13 14 15 16 17 18 19 20 21 22 23 24 25 26 27 28 29 30 31 32 33 34 35 36 37 38 39 40 41 42 43 44 45 46 47 48 49 50 51 52 53 54 55 56 57 58 59 60 61 62 63 64 65 66 67 68 69 70 71 72 73 74 75 76 77 78 79 80 81 82 83 84 85 86 87 88 89 90 91 92 93 94 95 96 97 98 99 100 101 102 103 104 105 106 107 108 109 110 111 112 113 114 115 116 117 118 119 120 121 122 123 124 125 126 127 128 129 130 131 132 133 134 135 136 137 138 139 140 141 142 143 144 145 146 147 148 149 150 151 152 153 154 155 156 157 158 159 160 161 162 163 164 165 166 167 168 169 170 171 172 173 174 175 176 177 178 179 180 181 182 183 184 185 186 187 188 189 190 191 192 193 194 195 196 197 198 199 200 201 202 203 204 205 206 207 208 209 210 211 212 213 214 215 216 217 218 219 220 221 222 223 224 225 226 227 228 229 230 231 232 233 234 235 236 237 238 239
third_party/WebKit/LayoutTests/platform/android/fast/regions/multiple-directionality-changes-in-variable-width-regions-expected.txt 1 2 3 4 5 6 7 8 9 10 11 12 13 14 15 16 17 18 19 20 21 22 23 24 25 26 27 28 29 30 31 32 33 34 35 36 37 38 39 40 41 42 43 44
third_party/WebKit/LayoutTests/platform/android/fast/repaint/line-flow-with-floats-1-expected.txt 1 2 3 4 5 6 7 8 9 10 11 12 13 14 15 16 17 18 19 20 21 22 23 24 25 26 27 28 29 30 31 32 33 34 35 36 37 38 39 40 41 42 43 44 45 46 47 48 49 50 51 52 53 54 55 56 57 58 59 60 61 62 63 64 65 66 67 68 69 70 71 72 73 74 75
third_party/WebKit/LayoutTests/platform/android/fast/repaint/line-flow-with-floats-10-expected.txt 1 2 3 4 5 6 7 8 9 10 11 12 13 14 15 16 17 18 19 20 21 22 23 24 25 26 27 28 29 30 31 32 33 34 35 36 37 38 39 40 41 42 43 44 45 46 47 48 49 50 51 52 53 54 55 56 57 58 59 60 61 62 63 64 65 66 67 68 69 70 71 72 73 74 75 76 77 78 79
third_party/WebKit/LayoutTests/platform/android/fast/repaint/line-flow-with-floats-2-expected.txt 1 2 3 4 5 6 7 8 9 10 11 12 13 14 15 16 17 18 19 20 21 22 23 24 25 26 27 28 29 30 31 32 33 34 35 36 37 38 39 40 41 42 43 44 45 46 47 48 49 50 51 52 53 54 55 56 57 58 59 60 61 62 63 64 65 66 67 68 69 70 71 72 73 74 75 76 77 78 79
third_party/WebKit/LayoutTests/platform/android/fast/repaint/line-flow-with-floats-3-expected.txt 1 2 3 4 5 6 7 8 9 10 11 12 13 14 15 16 17 18 19 20 21 22 23 24 25 26 27 28 29 30 31 32 33 34 35 36 37 38 39 40 41 42 43 44 45 46 47 48 49 50 51 52 53 54 55 56 57 58 59 60 61 62 63 64 65 66 67 68 69 70 71 72 73 74 75 76 77 78 79
third_party/WebKit/LayoutTests/platform/android/fast/repaint/line-flow-with-floats-4-expected.txt 1 2 3 4 5 6 7 8 9 10 11 12 13 14 15 16 17 18 19 20 21 22 23 24 25 26 27 28 29 30 31 32 33 34 35 36 37 38 39 40 41 42 43 44 45 46 47 48 49 50 51 52 53 54 55 56 57 58 59 60 61 62 63 64 65 66 67 68 69 70 71 72 73 74 75 76 77 78 79
third_party/WebKit/LayoutTests/platform/android/fast/repaint/line-flow-with-floats-5-expected.txt 1 2 3 4 5 6 7 8 9 10 11 12 13 14 15 16 17 18 19 20 21 22 23 24 25 26 27 28 29 30 31 32 33 34 35 36 37 38 39 40 41 42 43 44 45 46 47 48 49 50 51 52 53 54 55 56 57 58 59 60 61 62 63 64 65 66 67 68 69 70 71 72 73 74 75 76 77 78 79 80
third_party/WebKit/LayoutTests/platform/android/fast/repaint/line-flow-with-floats-6-expected.txt 1 2 3 4 5 6 7 8 9 10 11 12 13 14 15 16 17 18 19 20 21 22 23 24 25 26 27 28 29 30 31 32 33 34 35 36 37 38 39 40 41 42 43 44 45 46 47 48 49 50 51 52 53 54 55 56 57 58 59 60 61 62 63 64 65 66 67 68 69 70 71 72 73 74 75 76 77 78 79 80 81
third_party/WebKit/LayoutTests/platform/android/fast/repaint/line-flow-with-floats-7-expected.txt 1 2 3 4 5 6 7 8 9 10 11 12 13 14 15 16 17 18 19 20 21 22 23 24 25 26 27 28 29 30 31 32 33 34 35 36 37 38 39 40 41 42 43 44 45 46 47 48 49 50 51 52 53 54 55 56 57 58 59 60 61 62 63 64 65 66 67 68 69 70 71 72 73 74 75 76 77 78 79
third_party/WebKit/LayoutTests/platform/android/fast/repaint/line-flow-with-floats-9-expected.txt 1 2 3 4 5 6 7 8 9 10 11 12 13 14 15 16 17 18 19 20 21 22 23 24 25 26 27 28 29 30 31 32 33 34 35 36 37 38 39 40 41 42 43 44 45 46 47 48 49 50 51 52 53 54 55 56 57 58 59 60 61 62 63 64 65 66 67 68 69 70 71 72 73 74 75 76 77 78 79 80
third_party/WebKit/LayoutTests/platform/android/fast/repaint/line-flow-with-floats-in-regions-expected.txt 1 2 3 4 5 6 7 8 9 10 11 12 13 14 15 16 17 18 19 20 21 22 23 24 25 26 27 28 29 30 31 32 33 34 35 36 37 38 39 40 41 42 43 44 45 46 47 48 49 50 51 52 53 54 55 56 57 58 59 60 61 62 63 64 65 66 67 68 69 70 71 72 73 74 75 76 77 78 79 80 81 82 83
third_party/WebKit/LayoutTests/platform/android/fast/shapes/shape-outside-floats/shape-outside-floats-ellipse-margin-left-expected.txt 1 2 3 4 5 6 7 8 9 10 11 12
third_party/WebKit/LayoutTests/platform/android/fast/speech/input-appearance-numberandspeech-expected.txt
third_party/WebKit/LayoutTests/platform/android/fast/speech/input-appearance-speechbutton-expected.txt
third_party/WebKit/LayoutTests/platform/android/fast/text/whitespace/024-expected.txt 1 2 3 4 5 6 7 8 9 10 11 12 13 14 15 16 17 18 19 20 21 22 23 24 25 26 27 28 29 30 31 32 33 34 35 36 37 38 39 40 41 42 43 44 45 46 47 48 49 50 51 52 53 54 55 56 57 58 59 60 61 62 63 64 65 66 67 68 69 70 71 72 73 74 75 76 77 78 79 80 81 82 83 84 85 86 87 88 89 90 91 92 93 94 95 96 97 98 99 100 101 102 103 104 105 106 107 108 109 110 111 112 113 114 115 116 117 118 119 120 121 122 123 124 125 126 127 128 129 130 131 132 133 134 135 136 137 138 139 140 141 142 143 144 145 146 147 148 149 150 151 152 153 154 155 156 157 158 159 160 161 162 163 164 165 166 167 168 169 170 171 172 173 174 175 176 177 178 179
third_party/WebKit/LayoutTests/platform/android/svg/custom/svg-fonts-in-html-expected.txt 1 2 3 4 5 6 7 8 9 10 11 12 13 14 15 16 17 18 19 20 21 22 23 24 25 26 27 28 29 30 31 32 33 34 35 36 37 38 39 40 41 42 43 44 45 46 47 48 49 50 51 52 53 54 55 56 57 58 59 60 61 62 63 64 65 66 67 68 69 70 71 72 73 74 75 76 77 78 79 80 81 82 83 84 85 86 87 88
third_party/WebKit/LayoutTests/platform/android/svg/wicd/rightsizing-grid-expected.txt 1 2 3 4 5 6 7 8 9 10 11 12 13 14 15 16 17 18 19 20 21 22 23 24 25 26 27 28 29 30 31 32 33 34 35 36 37 38 39 40 41 42 43 44 45 46 47 48 49 50 51 52 53 54 55 56 57 58 59 60 61 62 63 64 65 66 67 68 69 70 71 72 73 74 75 76 77 78 79 80 81 82 83 84 85 86 87 88 89 90 91 92 93 94 95 96 97 98 99 100 101 102 103 104 105 106 107 108 109 110 111 112 113 114 115 116 117 118 119 120 121 122 123 124 125 126 127 128 129 130 131 132 133 134 135 136 137 138 139 140 141 142 143 144 145 146 147 148 149 150 151 152 153 154 155 156 157 158 159 160 161 162 163 164 165 166 167 168 169 170 171 172 173 174 175 176 177 178 179 180 181 182 183 184 185 186 187 188 189 190 191 192 193 194 195 196 197 198 199 200 201 202 203 204 205 206 207 208 209 210 211 212 213 214 215 216 217 218 219 220 221 222 223 224 225 226 227 228 229 230 231 232 233 234 235 236 237 238 239 240 241 242 243 244 245 246 247 248 249 250 251 252 253 254 255 256 257 258 259 260 261 262 263 264 265 266 267 268 269 270 271 272 273 274 275 276 277 278 279 280 281 282 283 284 285 286 287 288 289 290 291 292 293 294 295 296 297 298 299 300 301 302 303 304
third_party/WebKit/LayoutTests/platform/android/tables/mozilla/bugs/bug59354-expected.txt
third_party/WebKit/LayoutTests/platform/android/virtual/gpu/fast/hidpi/image-srcset-png-canvas-expected.txt 1 2 3 4 5 6 7 8 9 10 11 12 13 14 15 16 17 18 19 20 21 22 23 24 25 26 27 28 29 30 31 32 33 34 35 36 37 38 39 40 41 42 43 44 45 46 47 48 49 50 51 52 53 54 55 56 57 58 59 60 61 62
third_party/WebKit/LayoutTests/platform/android/virtual/gpu/fast/hidpi/image-srcset-png-expected.txt 1 2 3 4 5 6 7 8 9 10 11 12 13 14 15 16 17 18 19 20 21 22 23 24 25 26 27 28 29 30 31 32 33 34 35 36 37 38 39 40 41 42 43 44 45 46 47 48 49 50 51 52 53 54 55 56 57 58 59 60 61 62 63 64 65 66 67 68 69 70 71 72 73 74 75 76 77 78 79 80 81 82 83 84 85 86 87 88 89 90 91 92 93 94 95 96 97 98 99 100 101 102 103 104 105 106 107 108 109 110 111 112 113 114 115 116 117 118 119 120 121 122 123 124 125 126 127 128 129 130 131 132 133 134 135 136 137 138 139 140
third_party/WebKit/LayoutTests/platform/android/virtual/gpu/fast/hidpi/image-srcset-relative-svg-expected.txt 1 2 3 4 5 6 7 8 9 10 11 12 13 14 15 16 17 18 19 20 21 22 23 24 25 26 27 28 29 30 31 32 33 34 35 36 37 38 39 40 41 42 43 44 45 46 47 48 49 50 51 52 53 54 55 56 57 58 59 60 61 62 63 64 65 66 67 68 69 70 71 72 73 74 75
third_party/WebKit/LayoutTests/platform/android/virtual/gpu/fast/hidpi/image-srcset-svg-canvas-2x-expected.txt 1 2 3 4 5 6 7 8 9 10 11 12 13 14 15 16 17 18 19 20 21 22 23 24 25 26 27 28 29 30 31 32 33 34 35 36
third_party/WebKit/LayoutTests/platform/android/virtual/gpu/fast/hidpi/image-srcset-svg-canvas-expected.txt 1 2 3 4 5 6 7 8 9 10 11 12 13 14 15 16 17 18 19 20 21 22 23 24 25 26 27 28 29 30 31 32 33 34 35 36 37
third_party/WebKit/LayoutTests/platform/android/virtual/gpu/fast/hidpi/image-srcset-svg-expected.txt 1 2 3 4 5 6 7 8 9 10 11 12 13 14 15 16 17 18 19 20 21 22 23 24 25 26 27 28 29 30 31 32 33 34 35 36 37 38 39 40 41 42 43 44 45 46 47 48 49 50 51 52 53 54 55 56 57 58 59 60 61 62 63 64 65 66 67 68 69 70 71 72 73 74 75 76 77
third_party/WebKit/LayoutTests/platform/android/virtual/gpu/fast/hidpi/image-srcset-svg2-expected.txt 1 2 3 4 5 6 7 8 9 10 11 12 13 14 15 16 17 18 19 20 21 22 23 24 25 26 27 28 29 30 31 32 33 34 35 36 37 38 39 40 41 42 43 44 45 46 47 48 49 50 51 52 53 54 55 56 57 58 59 60 61 62 63 64 65 66 67 68 69 70 71 72 73 74 75
third_party/WebKit/LayoutTests/platform/linux/css2.1/t0905-c5525-fltwidth-00-c-g-expected.txt 49 50 51 52 53 54 55 56 57 58 59 61 62 63 64 65 66 67 68 69 70 71 72 73 74 75 76 77 78 79 80 81 83
third_party/WebKit/LayoutTests/platform/linux/css2.1/t100801-c544-valgn-03-d-agi-expected.txt 13 14 15 16 17 18 19 20 21 22 23 24 25 26 27 28 29 30 31 32 33 34 35 36 37 38 39 40 41 42 43 45 46 47 48 49 50 51 52 53 54 55 56 57 58 59 60 61 62 63 64 65 66 67 68 69 70 71 72 73 74 75 76 78 79 80 81
third_party/WebKit/LayoutTests/platform/linux/editing/input/caret-at-the-edge-of-input-expected.txt
third_party/WebKit/LayoutTests/platform/linux/editing/pasteboard/drop-text-without-selection-expected.txt
third_party/WebKit/LayoutTests/platform/linux/fast/css/text-overflow-input-expected.txt
third_party/WebKit/LayoutTests/platform/linux/fast/events/autoscroll-expected.txt
third_party/WebKit/LayoutTests/platform/linux/fast/forms/basic-inputs-expected.txt
third_party/WebKit/LayoutTests/platform/linux/fast/forms/control-restrict-line-height-expected.txt 23 24 26 27 29 30
third_party/WebKit/LayoutTests/platform/linux/fast/forms/input-appearance-preventDefault-expected.txt
third_party/WebKit/LayoutTests/platform/linux/fast/forms/input-appearance-selection-expected.txt
third_party/WebKit/LayoutTests/platform/linux/fast/forms/input-text-drag-down-expected.txt
third_party/WebKit/LayoutTests/platform/linux/fast/forms/input-text-scroll-left-on-blur-expected.txt
third_party/WebKit/LayoutTests/platform/linux/fast/forms/input-text-word-wrap-expected.txt
third_party/WebKit/LayoutTests/platform/linux/fast/speech/input-appearance-numberandspeech-expected.txt 11 12 13 14 15 16 17 18 19 20 21 22 23 24 25 26 27 28 29 30 31 32 33 34 35 36 37 38 39 40 41 42 43 44 45 46 47 48 49 50 51 52 53 54 55 56 57 58 59 60 61 62 63 64 65 66 67 68 69 70 71 72 73 74 75 76 77 78 79 80 81 82 83 84 85 86 87 88 89 90 91 92 93 94 95 96 97 98 99 100 101 102 103 104 105 106 107 108 109 110 111 112 113 114 115 116 117 118 119 120 121 122 123 124 125 126 127 128 129 130 131 132 133 134 135 136 137 138 139 140 141 142 143 144 145 146 147 148 149 150 151 152 153 154 155 156 157 158 159 160 161 162 163 164 165 168 169 172 173 176 177 180 181 184 185 188 189 192 193 196 197 200 201 204 205 208 209 212 213 216 217 220 221 224 225 228 229 232 233 236 237 240 241 244 245 248 249 252 253 256 257 260 261 264 265 268 269 272 273 276 277 280 281 284 285 288 289 292 293 294 295 296 297 298 299 300 301 302 303 304 305 306 307 308 309 310 311 312 313 314 315 316 317 318 319 320 321 322 323 324 325 326 327 328 329 330 331 332 333 334 335 336 337 338 339 340 341 342 343 344 345 346 347 348 349 350 351 352 353 354 355
third_party/WebKit/LayoutTests/platform/linux/fast/speech/input-appearance-speechbutton-expected.txt 11 12 13 14 15 16 17 18 19 20 21 22 23 24 25 26 27 28 29 30 31 32 33 34 35 36 37 38 39 40 41 42 43 44 45 46 47 48 49 50 51 52 53 54 55 56 57 58 59 60 61 62 63 64 65 66 67 68 69 70 71 72 73 74 75 76 77 78 79 80 81 82 83 84 85 86 87 88 89 90 91 92 93 94 95 96 97 98 99 100 101 102 103 104 105 106 107 108 109 110 111 112 113 114 115 116 117 118 119 120 121 122 123 124 125 126 127 128 129 130 131 133 134 135 136 137 139 140 143 144 147 148 151 152 155 156 159 160 163 164 167 168 171 172 175 176 179 180 183 184 187 188 191 192 195 196 199 200 203 204 207 208 211 212 215 216 219 220 223 224 227 228 231 232 235 236 239 240 243 244 247 248 251 252 255 256 259 260 263 264 267 268 269 270
third_party/WebKit/LayoutTests/platform/linux/tables/mozilla/bugs/bug59354-expected.txt
third_party/WebKit/LayoutTests/platform/linux/tables/mozilla/bugs/bug96334-expected.txt 14 15 16 17 18 42 43
third_party/WebKit/LayoutTests/platform/mac/css1/box_properties/float_on_text_elements-expected.txt 11 12 13 41 42 43 44 143 144 146 170 189 190 191 219 220 221 222 322 323 324 325 327 352
third_party/WebKit/LayoutTests/platform/mac/css1/box_properties/padding-expected.txt 42 43 44 45 46 83 84 85 86 87 88
third_party/WebKit/LayoutTests/platform/mac/css1/box_properties/padding_left-expected.txt 43 44 45 46 47 95 96 97 98 99
third_party/WebKit/LayoutTests/platform/mac/css1/formatting_model/vertical_formatting-expected.txt 94 95 96 97 161 162 163 164
third_party/WebKit/LayoutTests/platform/mac/css1/text_properties/text_indent-expected.txt 37 38 40 41 52 53 55 56 75 76 95 96 98 99 110 111 113 114 133 134
third_party/WebKit/LayoutTests/platform/mac/css2.1/t0804-c5509-padn-l-00-b-ag-expected.txt 1 2 3 4 5 6 7 8 9 10 11 12 13 14 15 16 17 18 19 20 21 22 23 24
third_party/WebKit/LayoutTests/platform/mac/css2.1/t0804-c5510-padn-00-b-ag-expected.txt 31 32
third_party/WebKit/LayoutTests/platform/mac/css2.1/t0905-c414-flt-wrap-00-e-expected.txt 11 12 14 15 17
third_party/WebKit/LayoutTests/platform/mac/css2.1/t0905-c5525-fltwidth-00-c-g-expected.txt 49 50 51 52 53 54 55 56 57 58 59 60 61 62 63 64 65 66 67 68 69 70 71 72 73 74 75 76 77 78 79 81 82
third_party/WebKit/LayoutTests/platform/mac/css2.1/t100801-c544-valgn-00-a-ag-expected.txt 11 12 13 14 15 16 17 18 19 20 21
third_party/WebKit/LayoutTests/platform/mac/css2.1/t100801-c544-valgn-02-d-agi-expected.txt 13 14 15 16 17 18 19 20 21 22 23 24 25 26 27 28 29 30 31 32 33 34 35 36 37 38 39 40 41 42 43 44 45 46 47 48 50 51 52 53 54 55 56 57 58 59 60 61 62 63 64 65 66 67 68 69 70 71 72 73 74 75 76 77 78 79 80 82 83 84 85
third_party/WebKit/LayoutTests/platform/mac/css2.1/t100801-c544-valgn-03-d-agi-expected.txt 13 14 15 16 17 18 19 20 21 22 23 24 25 26 27 28 29 30 31 32 33 34 35 36 37 38 39 40 41 42 43 45 46 47 48 49 50 51 52 53 54 55 56 57 58 59 60 61 62 63 64 65 66 67 68 69 70 71 72 73 74 75 76 78 79 80 81
third_party/WebKit/LayoutTests/platform/mac/css2.1/t100801-c544-valgn-04-d-agi-expected.txt 13 14 15 16 17 18 19 20 21 22 23 24 25 26 27 28 29 30 31 32 33 34 35 36 37 38 39 40 41 42 43 44 45 46 47 48 49 50 51 52 53 54 55 56 57 58 59 60 61 62 63 65 66 67 68 69 70 71 72 73 74 75 76 77 78 79 80 81 82 83 84 85 86 87 88 89
third_party/WebKit/LayoutTests/platform/mac/editing/input/caret-at-the-edge-of-input-expected.txt 13
third_party/WebKit/LayoutTests/platform/mac/editing/pasteboard/drop-text-without-selection-expected.txt 36
third_party/WebKit/LayoutTests/platform/mac/fast/css/empty-pseudo-class-expected.txt 31 32 33 34 35 36 37 46 47 48 49 50 51 52 61 62 63 64 65 66 67 78 79 80 81 82 83 84 85 86 87 88 98 99 100 101 102 103 104 114 115 116 117 118 119 120 121 122 123 124 125
third_party/WebKit/LayoutTests/platform/mac/fast/css/first-child-pseudo-class-expected.txt 31 32 33 34 35 36 37 38 39 40 41 52 53 54 55 56 57 58 59 60 61 62 63 64 74 75 76 77 78 79 80 81 82 83 84 85 86 101 102 103 104 105 106 107 108 109 110 111 112 113 126 127 128 129 130 131 132 133 134 135 136 137 138 149 150 151 152 153 154 155 156 157 158 159 160 161 162 163 164 175 176 177 178 179 180 181 182 183 184 185 186 187 188 189 190
third_party/WebKit/LayoutTests/platform/mac/fast/css/first-of-type-pseudo-class-expected.txt 31 32 33 34 35 36 37 48 49 50 51 52 53 54 55 56 67 68 69 70 71 72 73 74 75 87 88 89 90 91 92 93 94 95 96 97 98 99 110 111 112 113 114 115 116 117 118 119 120 132 133 134 135 136 137 138 139 140 141 142 143 144 155 156 157 158 159 160 161 162 163 174 175 176 177 178 179 180 181 182 193 194 195 196 197 198 199 200 201 202 203 204 215 216 217 218 219 220 221 222 223 224 225 226
third_party/WebKit/LayoutTests/platform/mac/fast/css/last-child-pseudo-class-expected.txt 31 32 33 34 35 36 37 38 39 40 41 52 53 54 55 56 57 58 59 60 61 62 63 64 74 75 76 77 78 79 80 81 82 83 84 85 86 101 102 103 104 105 106 107 108 109 110 111 112 113 126 127 128 129 130 131 132 133 134 135 136 137 138 149 150 151 152 153 154 155 156 157 158 159 160 161 162 163 164 175 176 177 178 179 180 181 182 183 184 185 186 187 188 189 190
third_party/WebKit/LayoutTests/platform/mac/fast/css/last-of-type-pseudo-class-expected.txt 31 32 33 34 35 36 37 48 49 50 51 52 53 54 55 56 67 68 69 70 71 72 73 74 75 87 88 89 90 91 92 93 94 95 96 97 98 99 110 111 112 113 114 115 116 117 118 119 120 132 133 134 135 136 137 138 139 140 141 142 143 144 155 156 157 158 159 160 161 162 163 174 175 176 177 178 179 180 181 182 193 194 195 196 197 198 199 200 201 202 203 204 215 216 217 218 219 220 221 222 223 224 225 226
third_party/WebKit/LayoutTests/platform/mac/fast/css/only-child-pseudo-class-expected.txt 31 32 33 34 35 36 37 38 39 40 41 51 52 53 54 55 56 57 58 59 60 61 62 63 76 77 78 79 80 81 82 83 84 85 86 87 88 99 100 101 102 103 104 105 106 107 108 109 110 111 122 123 124 125 126 127 128 129 130 131 132 133 134 135 136 137
third_party/WebKit/LayoutTests/platform/mac/fast/css/only-of-type-pseudo-class-expected.txt 31 32 33 34 35 36 37 48 49 50 51 52 53 54 55 56 68 69 70 71 72 73 74 75 76 77 78 79 80 91 92 93 94 95 96 97 98 99 110 111 112 113 114 115 116 117 118 119 120 121
third_party/WebKit/LayoutTests/platform/mac/fast/css/text-overflow-input-expected.txt 139 143 147 187 191 195 229 239
third_party/WebKit/LayoutTests/platform/mac/fast/events/autoscroll-expected.txt 25
third_party/WebKit/LayoutTests/platform/mac/fast/events/touch/gesture/touch-gesture-scroll-input-field-expected.txt 1 2 3 4 5 6 7 8 9 10 11 12 13 14 15 16 17 18 19 20 21 22 23 24 25 26 27 28 29 30 31 32 33 34 35 36 37 38 39 40 41 42 43 44 45 46 47 48 49
third_party/WebKit/LayoutTests/platform/mac/fast/forms/basic-inputs-expected.txt 69
third_party/WebKit/LayoutTests/platform/mac/fast/forms/control-restrict-line-height-expected.txt 29
third_party/WebKit/LayoutTests/platform/mac/fast/forms/input-appearance-preventDefault-expected.txt 13
third_party/WebKit/LayoutTests/platform/mac/fast/forms/input-appearance-selection-expected.txt 77
third_party/WebKit/LayoutTests/platform/mac/fast/forms/input-text-drag-down-expected.txt 12
third_party/WebKit/LayoutTests/platform/mac/fast/forms/input-text-scroll-left-on-blur-expected.txt 19 27
third_party/WebKit/LayoutTests/platform/mac/fast/forms/input-text-word-wrap-expected.txt 17
third_party/WebKit/LayoutTests/platform/mac/fast/forms/minWidthPercent-expected.txt 13
third_party/WebKit/LayoutTests/platform/mac/fast/hidpi/image-srcset-png-canvas-expected.txt 17 18 19 20 23 24 25 26 43 44 45 46 49 50 51 52
third_party/WebKit/LayoutTests/platform/mac/fast/hidpi/image-srcset-png-expected.txt 17 18 19 20 23 24 25 26 51 52 53 54 57 58 59 60 83 84 85 86 89 90 91 92 115 116 117 118 121 122 123 124
third_party/WebKit/LayoutTests/platform/mac/fast/hidpi/image-srcset-relative-svg-expected.txt 17 18 19 20 23 24 25 26 49 50 51 52 55 56 57 58
third_party/WebKit/LayoutTests/platform/mac/fast/hidpi/image-srcset-svg-canvas-2x-expected.txt 17 18 19 20 23 24 25 26
third_party/WebKit/LayoutTests/platform/mac/fast/hidpi/image-srcset-svg-canvas-expected.txt 17 18 19 20 23 24 25 26
third_party/WebKit/LayoutTests/platform/mac/fast/hidpi/image-srcset-svg-expected.txt 17 18 19 20 23 24 25 26 51 52 53 54 57 58 59 60
third_party/WebKit/LayoutTests/platform/mac/fast/hidpi/image-srcset-svg2-expected.txt 17 18 19 20 23 24 25 26 49 50 51 52 55 56 57 58
third_party/WebKit/LayoutTests/platform/mac/fast/multicol/float-multicol-expected.txt 83 84 121 122 125 126 127 128 129 130 131 132 133 134 135 136 137 138 139 140 141 142 143 144 145 146 147 148 149 150 151 152 153 154 155 156 157 158 159 160 161 162 163 164 200 201 204 205 206 207 208 209 210 211 212 213 214 215 216 217 218 219 220 221 222 223 224 225 226 227 228 229 230 231 232 233 234
third_party/WebKit/LayoutTests/platform/mac/fast/multicol/vertical-lr/float-multicol-expected.txt 89 90 91 128 129 130 133 134 135 136 137 138 139 140 141 142 143 144 145 146 147 148 149 150 151 152 153 154 155 156 157 158 159
third_party/WebKit/LayoutTests/platform/mac/fast/multicol/vertical-rl/float-multicol-expected.txt 89 90 91 128 129 130 133 134 135 136 137 138 139 140 141 142 143 144 145 146 147 148 149 150 151 152 153 154 155 156 157 158 159
third_party/WebKit/LayoutTests/platform/mac/fast/regions/multiple-directionality-changes-in-variable-width-regions-expected.txt 24 25 26 27
third_party/WebKit/LayoutTests/platform/mac/fast/repaint/line-flow-with-floats-1-expected.txt 50 51 52 58
third_party/WebKit/LayoutTests/platform/mac/fast/repaint/line-flow-with-floats-10-expected.txt 50 51 52 58 60 63 64
third_party/WebKit/LayoutTests/platform/mac/fast/repaint/line-flow-with-floats-2-expected.txt 50 51 52 58
third_party/WebKit/LayoutTests/platform/mac/fast/repaint/line-flow-with-floats-3-expected.txt 50 51 52 54 55
third_party/WebKit/LayoutTests/platform/mac/fast/repaint/line-flow-with-floats-4-expected.txt 50 51 52 58
third_party/WebKit/LayoutTests/platform/mac/fast/repaint/line-flow-with-floats-5-expected.txt 50 51 52 57 58 59
third_party/WebKit/LayoutTests/platform/mac/fast/repaint/line-flow-with-floats-6-expected.txt 52 53 54 60
third_party/WebKit/LayoutTests/platform/mac/fast/repaint/line-flow-with-floats-7-expected.txt 50 51 52 58
third_party/WebKit/LayoutTests/platform/mac/fast/repaint/line-flow-with-floats-9-expected.txt 47 48 54 56 59 60
third_party/WebKit/LayoutTests/platform/mac/fast/repaint/line-flow-with-floats-in-regions-expected.txt 57 58 59 65
third_party/WebKit/LayoutTests/platform/mac/fast/speech/input-appearance-numberandspeech-expected.txt 236 240 244 248 252 256 260 264 268 272 276 280 284 288
third_party/WebKit/LayoutTests/platform/mac/fast/speech/input-appearance-speechbutton-expected.txt 155 159 163 167 171 175 179 183 187 191 195 199 203 207 211 215 219 223 227 231
third_party/WebKit/LayoutTests/platform/mac/fast/text/whitespace/024-expected.txt 37 38 39 40 41 42 43 44 45 46 47 48 49 50 51 52 53 54 55 56 57 72 73 74 75 76 77 78 79 80 81 82 83 84 85 86 87 88 89 90 91 92 113 114 115 116 117 118 119 120 121 122 123 124 125 126 127 128 129 130 131 132 148 149 150 151 152 153 154 155 156 157 158 159 160 161 162 163 164 165 166 167 168 169 170
third_party/WebKit/LayoutTests/platform/mac/fast/text/word-break-run-rounding-expected.txt 25
third_party/WebKit/LayoutTests/platform/mac/svg/custom/svg-fonts-in-html-expected.txt 40 41 42 43 44 46 47 48 49 50 51 52 53 54 55 56 57 58 59 60 61 62 63 64 65 66 67 68 69 70 71 72 73 74 75 76 77 78 79 80 81
third_party/WebKit/LayoutTests/platform/mac/svg/wicd/rightsizing-grid-expected.txt 87 270 271 273 274 275 276 277 278
third_party/WebKit/LayoutTests/platform/mac/tables/mozilla/bugs/bug59354-expected.txt 57
third_party/WebKit/LayoutTests/platform/mac/tables/mozilla/bugs/bug96334-expected.txt 42
third_party/WebKit/LayoutTests/platform/mac/virtual/gpu/fast/hidpi/image-srcset-png-canvas-expected.txt 17 18 19 20 23 24 25 26 43 44 45 46 49 50 51 52
third_party/WebKit/LayoutTests/platform/mac/virtual/gpu/fast/hidpi/image-srcset-png-expected.txt 17 18 19 20 23 24 25 26 51 52 53 54 57 58 59 60 83 84 85 86 89 90 91 92 115 116 117 118 121 122 123 124
third_party/WebKit/LayoutTests/platform/mac/virtual/gpu/fast/hidpi/image-srcset-relative-svg-expected.txt 17 18 19 20 23 24 25 26 49 50 51 52 55 56 57 58
third_party/WebKit/LayoutTests/platform/mac/virtual/gpu/fast/hidpi/image-srcset-svg-canvas-2x-expected.txt 17 18 19 20 23 24 25 26
third_party/WebKit/LayoutTests/platform/mac/virtual/gpu/fast/hidpi/image-srcset-svg-canvas-expected.txt 17 18 19 20 23 24 25 26
third_party/WebKit/LayoutTests/platform/mac/virtual/gpu/fast/hidpi/image-srcset-svg-expected.txt 17 18 19 20 23 24 25 26 51 52 53 54 57 58 59 60
third_party/WebKit/LayoutTests/platform/mac/virtual/gpu/fast/hidpi/image-srcset-svg2-expected.txt 17 18 19 20 23 24 25 26 49 50 51 52 55 56 57 58
third_party/WebKit/LayoutTests/platform/win/css1/box_properties/float_on_text_elements-expected.txt 11 12 13 39 40 41 42 141 143 168 187 188 189 216 217 218 219 316 317 318 319 321 347
third_party/WebKit/LayoutTests/platform/win/css1/box_properties/padding-expected.txt 42 43 44 45 46 47 82 83 84 85 86
third_party/WebKit/LayoutTests/platform/win/css1/box_properties/padding_left-expected.txt 43 44 45 46 95 96 97 98 99
third_party/WebKit/LayoutTests/platform/win/css1/formatting_model/vertical_formatting-expected.txt 93 94 95 96 160 161 162 163
third_party/WebKit/LayoutTests/platform/win/css1/text_properties/text_indent-expected.txt 37 38 40 41 55 56 75 76 95 96 98 99 113 114 133 134
third_party/WebKit/LayoutTests/platform/win/css2.1/t0804-c5509-padn-l-00-b-ag-expected.txt 23 24
third_party/WebKit/LayoutTests/platform/win/css2.1/t0804-c5510-padn-00-b-ag-expected.txt 31 32
third_party/WebKit/LayoutTests/platform/win/css2.1/t0905-c414-flt-wrap-00-e-expected.txt 11 12 17
third_party/WebKit/LayoutTests/platform/win/css2.1/t0905-c5525-fltwidth-00-c-g-expected.txt 49 50 51 52 53 54 55 56 57 58 59 61 62 63 64 65 66 67 68 69 70 71 72 73 74 75 76 77 78 79 80 81 83
third_party/WebKit/LayoutTests/platform/win/css2.1/t100801-c544-valgn-00-a-ag-expected.txt 11 12 13 14 15 16 17 18 19 20 21
third_party/WebKit/LayoutTests/platform/win/css2.1/t100801-c544-valgn-02-d-agi-expected.txt 12 13 14 15 16 17 18 19 20 21 22 23 24 25 26 27 28 29 30 31 32 33 34 35 36 37 38 39 40 41 42 43 44 45 46 47 49 50 51 52 53 54 55 56 57 58 59 60 61 62 63 64 65 66 67 68 69 70 71 72 73 74 75 76 77 78 79 81 82 83 84
third_party/WebKit/LayoutTests/platform/win/css2.1/t100801-c544-valgn-03-d-agi-expected.txt 13 14 15 16 17 18 19 20 21 22 23 24 25 26 27 28 29 30 31 32 33 34 35 36 37 38 39 40 41 42 43 45 46 47 48 49 50 51 52 53 54 55 56 57 58 59 60 61 62 63 64 65 66 67 68 69 70 71 72 73 74 75 76 78 79 80 81
third_party/WebKit/LayoutTests/platform/win/css2.1/t100801-c544-valgn-04-d-agi-expected.txt 12 13 14 15 16 17 18 19 20 21 22 23 24 25 26 27 28 29 30 31 32 33 34 35 36 37 38 39 40 41 42 43 44 45 46 47 48 49 50 51 52 53 54 55 56 57 58 59 60 61 62 64 65 66 67 68 69 70 71 72 73 74 75 76 77 78 79 80 81 82 83 84 85 86 87 88
third_party/WebKit/LayoutTests/platform/win/fast/css/empty-pseudo-class-expected.txt 31 32 33 34 35 36 37 46 47 48 49 50 51 52 61 62 63 64 65 66 67 78 79 80 81 82 83 84 85 86 87 88 98 99 100 101 102 103 104 114 115 116 117 118 119 120 121 122 123 124 125
third_party/WebKit/LayoutTests/platform/win/fast/css/first-child-pseudo-class-expected.txt 31 32 33 34 35 36 37 38 39 40 41 52 53 54 55 56 57 58 59 60 61 62 63 64 74 75 76 77 78 79 80 81 82 83 84 85 86 101 102 103 104 105 106 107 108 109 110 111 112 113 126 127 128 129 130 131 132 133 134 135 136 137 138 149 150 151 152 153 154 155 156 157 158 159 160 161 162 163 164 175 176 177 178 179 180 181 182 183 184 185 186 187 188 189 190
third_party/WebKit/LayoutTests/platform/win/fast/css/first-of-type-pseudo-class-expected.txt 31 32 33 34 35 36 37 48 49 50 51 52 53 54 55 56 67 68 69 70 71 72 73 74 75 87 88 89 90 91 92 93 94 95 96 97 98 99 110 111 112 113 114 115 116 117 118 119 120 132 133 134 135 136 137 138 139 140 141 142 143 144 155 156 157 158 159 160 161 162 163 174 175 176 177 178 179 180 181 182 193 194 195 196 197 198 199 200 201 202 203 204 215 216 217 218 219 220 221 222 223 224 225 226
third_party/WebKit/LayoutTests/platform/win/fast/css/last-child-pseudo-class-expected.txt 31 32 33 34 35 36 37 38 39 40 41 52 53 54 55 56 57 58 59 60 61 62 63 64 74 75 76 77 78 79 80 81 82 83 84 85 86 101 102 103 104 105 106 107 108 109 110 111 112 113 126 127 128 129 130 131 132 133 134 135 136 137 138 149 150 151 152 153 154 155 156 157 158 159 160 161 162 163 164 175 176 177 178 179 180 181 182 183 184 185 186 187 188 189 190
third_party/WebKit/LayoutTests/platform/win/fast/css/last-of-type-pseudo-class-expected.txt 31 32 33 34 35 36 37 48 49 50 51 52 53 54 55 56 67 68 69 70 71 72 73 74 75 87 88 89 90 91 92 93 94 95 96 97 98 99 110 111 112 113 114 115 116 117 118 119 120 132 133 134 135 136 137 138 139 140 141 142 143 144 155 156 157 158 159 160 161 162 163 174 175 176 177 178 179 180 181 182 193 194 195 196 197 198 199 200 201 202 203 204 215 216 217 218 219 220 221 222 223 224 225 226
third_party/WebKit/LayoutTests/platform/win/fast/css/only-child-pseudo-class-expected.txt 31 32 33 34 35 36 37 38 39 40 41 51 52 53 54 55 56 57 58 59 60 61 62 63 76 77 78 79 80 81 82 83 84 85 86 87 88 99 100 101 102 103 104 105 106 107 108 109 110 111 122 123 124 125 126 127 128 129 130 131 132 133 134 135 136 137
third_party/WebKit/LayoutTests/platform/win/fast/css/only-of-type-pseudo-class-expected.txt 31 32 33 34 35 36 37 48 49 50 51 52 53 54 55 56 68 69 70 71 72 73 74 75 76 77 78 79 80 91 92 93 94 95 96 97 98 99 110 111 112 113 114 115 116 117 118 119 120 121
third_party/WebKit/LayoutTests/platform/win/fast/hidpi/image-srcset-png-canvas-expected.txt 17 18 19 20 23 24 25 26 43 44 45 46 49 50 51 52
third_party/WebKit/LayoutTests/platform/win/fast/hidpi/image-srcset-png-expected.txt 17 18 19 20 23 24 25 26 50 51 52 53 56 57 58 59 82 83 84 85 88 89 90 91 114 115 116 117 120 121 122 123
third_party/WebKit/LayoutTests/platform/win/fast/hidpi/image-srcset-relative-svg-expected.txt 17 18 19 20 23 24 25 26 49 50 51 52 55 56 57 58
third_party/WebKit/LayoutTests/platform/win/fast/hidpi/image-srcset-svg-canvas-2x-expected.txt 17 18 19 20 23 24 25 26
third_party/WebKit/LayoutTests/platform/win/fast/hidpi/image-srcset-svg-canvas-expected.txt 17 18 19 20 23 24 25 26
third_party/WebKit/LayoutTests/platform/win/fast/hidpi/image-srcset-svg-expected.txt 17 18 19 20 23 24 25 26 51 52 53 54 57 58 59 60
third_party/WebKit/LayoutTests/platform/win/fast/hidpi/image-srcset-svg2-expected.txt 17 18 19 20 23 24 25 26 49 50 51 52 55 56 57 58
third_party/WebKit/LayoutTests/platform/win/fast/multicol/float-multicol-expected.txt 84 85 122 123 126 127 128 129 130 131 132 133 134 135 136 137 138 139 140 141 142 143 144 145 146 147 148 149 150 151 152 153 154 155 156 157 158 159 160 161 162 198 199 202 203 204 205 206 207 208 209 210 211 212 213 214 215 216 217 218 219 220 221 222 223 224 225 226 227 228 229 230 231 232
third_party/WebKit/LayoutTests/platform/win/fast/multicol/vertical-lr/float-multicol-expected.txt 90 91 92 129 130 131 134 135 136 137 138 139 140 141 142 143 144 145 146 147 148 149 150 151 152 153 154 155 156 157 158 159
third_party/WebKit/LayoutTests/platform/win/fast/multicol/vertical-rl/float-multicol-expected.txt 90 91 92 129 130 131 134 135 136 137 138 139 140 141 142 143 144 145 146 147 148 149 150 151 152 153 154 155 156 157 158 159
third_party/WebKit/LayoutTests/platform/win/fast/regions/multiple-directionality-changes-in-variable-width-regions-expected.txt 24 25 26 37 38 39 40
third_party/WebKit/LayoutTests/platform/win/fast/repaint/line-flow-with-floats-1-expected.txt 43 44 49 50 51
third_party/WebKit/LayoutTests/platform/win/fast/repaint/line-flow-with-floats-10-expected.txt 46 48 49 54 55 56 58 59 65
third_party/WebKit/LayoutTests/platform/win/fast/repaint/line-flow-with-floats-2-expected.txt 46 48 49 54 55 56 58 59
third_party/WebKit/LayoutTests/platform/win/fast/repaint/line-flow-with-floats-3-expected.txt 46 48 49 55 57 60 61
third_party/WebKit/LayoutTests/platform/win/fast/repaint/line-flow-with-floats-4-expected.txt 46 48 49 54 55 56 58 59
third_party/WebKit/LayoutTests/platform/win/fast/repaint/line-flow-with-floats-5-expected.txt 46 48 49 54 55 56 58 60 61 62 63 64
third_party/WebKit/LayoutTests/platform/win/fast/repaint/line-flow-with-floats-6-expected.txt 46 50 51 56 57 58 60 61
third_party/WebKit/LayoutTests/platform/win/fast/repaint/line-flow-with-floats-7-expected.txt 46 48 49 54 55 56 58 59
third_party/WebKit/LayoutTests/platform/win/fast/repaint/line-flow-with-floats-9-expected.txt 47 49 50 55 56 57 59 60
third_party/WebKit/LayoutTests/platform/win/fast/repaint/line-flow-with-floats-in-regions-expected.txt 50 51 56 57 58
third_party/WebKit/LayoutTests/platform/win/fast/text/whitespace/024-expected.txt 38 39 40 41 42 43 44 45 46 47 48 49 50 51 52 53 54 55 56 57 58 73 74 75 76 77 78 79 80 81 82 83 84 85 86 87 88 89 90 91 92 93 114 115 116 117 118 119 120 121 122 123 124 125 126 127 128 129 130 131 132 133 149 150 151 152 153 154 155 156 157 158 159 160 161 162 163 164 165 166 167 168 169 170 171
third_party/WebKit/LayoutTests/platform/win/svg/custom/svg-fonts-in-html-expected.txt 40 41 42 43 44 45 46 47 48 49 50 51 52 53 54 56 57 58 59 60 61 62 63 64 65 66 67 68 69 70 71 74 75 76 77 78 79 80 81
third_party/WebKit/LayoutTests/platform/win/svg/wicd/rightsizing-grid-expected.txt 87 270 271 273 274 275 276 277
third_party/WebKit/LayoutTests/platform/win/virtual/gpu/fast/hidpi/image-srcset-png-canvas-expected.txt 17 18 19 20 23 24 25 26 43 44 45 46 49 50 51 52
third_party/WebKit/LayoutTests/platform/win/virtual/gpu/fast/hidpi/image-srcset-png-expected.txt 17 18 19 20 23 24 25 26 50 51 52 53 56 57 58 59 82 83 84 85 88 89 90 91 114 115 116 117 120 121 122 123
third_party/WebKit/LayoutTests/platform/win/virtual/gpu/fast/hidpi/image-srcset-relative-svg-expected.txt 17 18 19 20 23 24 25 26 49 50 51 52 55 56 57 58
third_party/WebKit/LayoutTests/platform/win/virtual/gpu/fast/hidpi/image-srcset-svg-canvas-2x-expected.txt 17 18 19 20 23 24 25 26
third_party/WebKit/LayoutTests/platform/win/virtual/gpu/fast/hidpi/image-srcset-svg-canvas-expected.txt 17 18 19 20 23 24 25 26
third_party/WebKit/LayoutTests/platform/win/virtual/gpu/fast/hidpi/image-srcset-svg-expected.txt 17 18 19 20 23 24 25 26 51 52 53 54 57 58 59 60
third_party/WebKit/LayoutTests/platform/win/virtual/gpu/fast/hidpi/image-srcset-svg2-expected.txt 17 18 19 20 23 24 25 26 49 50 51 52 55 56 57 58
