chrome/browser/browsing_data/browsing_data_shared_worker_helper.cc 18 19 20 29 30 53 54 57 70 71 75 76 110 111 114 115 116 117
chrome/browser/browsing_data/browsing_data_shared_worker_helper.h 18 33 34 35 43 58 59 60 86 87 88 105 106 107
chrome/browser/browsing_data/browsing_data_shared_worker_helper_unittest.cc 13 29 36 45 48 55 56 58 66 67 74 76
chrome/browser/browsing_data/cookies_tree_model.cc 600 601
chrome/browser/browsing_data/mock_browsing_data_shared_worker_helper.cc 31 32 33 41 44 46 47 48 49
chrome/browser/browsing_data/mock_browsing_data_shared_worker_helper.h 35 36 37
chrome/browser/chrome_content_browser_client.cc 2045 2057 2058
chrome/browser/chrome_content_browser_client.h 177
chrome/browser/content_settings/tab_specific_content_settings.cc 55 236 237 238 239 240 241 242 247 248 508 512 513 516 517
chrome/browser/content_settings/tab_specific_content_settings.h 39 40 41 42 182 346
content/browser/devtools/shared_worker_devtools_manager_unittest.cc 114 115 198 199 205 206 287 288 320 321
content/browser/shared_worker/shared_worker_instance.cc 14 24 39 41 42 43 46 47 48 49 50 61 62 63 64 65 66 67 73 74
content/browser/shared_worker/shared_worker_instance.h 17 29 40 41 42 43 46 54 78 79 80 81 82 83
content/browser/shared_worker/shared_worker_instance_unittest.cc 36 37 38 39 40 41 42 43 44 45 46 47 51 52 53 54 55 56 57 71 72 73 74 75 76 77 78 79 88 89 90 91 92 93 94 95 96 110 111 112 113 114 115 116 117 118 119 120 121 122 123 124 125 126 127 128 129 130 131 132 133 134 135 136 137 138 139 140 141 142 143 144 145 146 147 148 149 150 151 152 153 154 155 156 157 158 159 160 161 162 163 164 165 166 167 168 169 170 171 172 173 174 175 176 177 178 179 180 181 182 183 184 185 186 187 188 189 190 191 192 193 194 195 196 197 198 199 200 201 202 203 204 205 206 207 208 209 210 211 212 213 214 215 216 217 223 224
content/browser/shared_worker/shared_worker_service_impl.cc 29 63 81 82 126 127 128 129 130 131 132 133 134 135 136 137 138 139 140 141 142 143 144 148 149 150 151
content/browser/shared_worker/shared_worker_service_impl.h 39
content/browser/shared_worker/shared_worker_service_impl_unittest.cc 24 29 30 31 40 71 72 73 74 75 76 81 91 92 93 94 95 96 97 98 104 105 112 345 346 347 348 349 350 351 353 355 356 357 358 420 421 422 423 424 425 426 428 430 431 432 433 488 489 490 491 492 493 494 496 498 499 500 501 549 550 551 552 553 554 555 556 558 559 560 561 562 563 564 570 571 572 595 596 597 620 621 622 623 624 625 626 627 629 630 631 632 633 634 635 641 642 643 666 667 668 703 704 705 706 707 708 709 710 712 713 714 715 716 717 718 724 725 726 749 750 751 785 786 787 788 789 790 791 792 794 795 796 797 798 799 800 806 807 808 812 813 814 858 859 860 861 862 863 864 865 867 868 869 870 871 872 873 879 880 881 885 886 887 945 946 947 948 949 950 951 952 954 955 956 957 958 959 960 966 967 968 972 973 974 1031 1032 1033 1034 1035 1036 1037 1038 1039 1040 1041 1042 1043 1044 1045 1046 1047 1048 1049 1050 1051 1052 1053 1054 1058 1059 1060 1085 1087 1092 1093 1094 1122 1123 1124 1139 1140 1141 1142 1143 1144 1145 1146 1147 1148 1149 1150 1151 1152 1153 1154 1155 1156 1157 1158 1159 1160 1161 1162 1166 1167 1168 1176 1177 1178 1207 1208 1209
content/public/browser/content_browser_client.cc 220 221 222 223 224 225 226 227
content/public/browser/content_browser_client.h 411
content/public/browser/shared_worker_service.h 8 9 10 11 25 26 27 30
third_party/WebKit/LayoutTests/external/wpt/workers/data-url-shared-window.html 1 2 3 4 5 6 7 8 9 10 11 12 13 14 15 16 17 18 19 20 21 22 23 24 25
third_party/WebKit/LayoutTests/external/wpt/workers/data-url-shared.html 3 7 39 40 41 42 43 44 45 46 47 48 49 50 51 52 53 54 55 56 57 58 59 60 61 62 63 64 65 66 67 68 69 70 71 72
