chrome/browser/printing/print_preview_data_service.cc 9 34 44 53 71 72 73 74 75 93 97 103 106 107 109 112 113 116 117 118 119
chrome/browser/printing/print_preview_data_service.h 31 39 43 46 52 54
chrome/browser/printing/printing_message_filter.cc 377 380
chrome/browser/printing/printing_message_filter.h 110
chrome/browser/resources/print_preview/native_layer.js 549 567 585
chrome/browser/resources/print_preview/preview_generator.js 210 216 217 224 234 235
chrome/browser/ui/webui/print_preview/print_preview_data_source.cc 198 200 201 202 203 205
chrome/browser/ui/webui/print_preview/print_preview_data_source.h 17 20 26 38
chrome/browser/ui/webui/print_preview/print_preview_handler.cc 346 347
chrome/browser/ui/webui/print_preview/print_preview_ui.cc 9 41 47 48 49 51 58 59 61 64 65 67 71 72 76 77 84 85 86 87 88 94 106 110 111 112 118 124 128 132 153 154 155 157 164 165 190 241 248 266 281
chrome/browser/ui/webui/print_preview/print_preview_ui.h 67 69 73 74 88 89 90 162 163 164
chrome/browser/ui/webui/print_preview/print_preview_ui_unittest.cc 28 29 30 31 32 33 83 132 188 189 194
chrome/common/print_messages.cc 24 50
chrome/common/print_messages.h 42 113 389
chrome/renderer/chrome_mock_render_thread.cc 7 9 12 18 19 20 21 22 23 70 71 73 74 101 107 117 122 132 136 137 138 159 166 167 168 169 170 171 172 173 174 175 176 178 179 180 181 182 185 186 187 188 189 190 201
chrome/renderer/chrome_mock_render_thread.h 17 20 36 46 54 55 56 57 58 78
chrome/renderer/print_web_view_helper.cc 1440 1441 1611 1613 1614 1615 1616
chrome/renderer/print_web_view_helper_browsertest.cc 5 8 75
printing/print_job_constants.cc 16
printing/print_job_constants.h 15 119 120
