content/browser/browser_plugin/browser_plugin_guest.cc
content/browser/gpu/gpu_process_host.cc 103 112 120 162 167 708 743 744 776 777
content/browser/gpu/gpu_process_host_ui_shim.cc 34 35 36 37 38 310 311 312 313 314 316 317 337 338 339 363 364 365 396
content/browser/renderer_host/image_transport_factory.cc 13 31 32 71 135 152 153 154 155 156 157 158 159 160 161 162 163 164 165 166 167 168 169 170 171 172 173 174 175 176 177 178 179 180 181 182 183 184 185 186 187 188 189 190 191 192 193 194 195 196 197 198 438 444
content/browser/renderer_host/image_transport_factory.h 8 9 78
content/browser/renderer_host/image_transport_factory_android.cc 14 34 35 36 37 38 39 40 41 42 43 78 79 80 81 82 83 141 142 143 144 145 146 147 148 149 150 151 152 153 154 155 156 157 158 159 160 161
content/browser/renderer_host/image_transport_factory_android.h 33 34 35 36 37 38
content/browser/renderer_host/render_process_host_impl.cc 1598
content/browser/renderer_host/render_widget_host_impl.cc 1533 2313 2317
content/browser/renderer_host/render_widget_host_impl.h 400
content/browser/renderer_host/render_widget_host_view_android.cc 59 60 82 83 84 85 396 397 400 401 403 404 405 406 407 408 409 410 411 412 413 414 415 416 417 418 419 420 421 422 423 424 425 426 427 431 444 445 446 447 448 449 450 451 452 453 454 455 456 457 458 459 460
content/browser/renderer_host/render_widget_host_view_android.h 8 9 106 107 108 109 110 111 204 205 206 207 208 209
content/browser/renderer_host/render_widget_host_view_aura.cc 61 62 63 280 281 282 283 284 285 286 287 288 289 290 291 728 761 767 829 830 831 832 833 834 835 836 837 838 839 840 841 844 845 846 847 850 851 852 853 854 855 857 858 859 860 861 864 865 866 867 868 871 873 874 875 876 877 878 879 880 882 883 884 885 886 887 888 889 890 891 892 893 894 895 896 897 899 900 906 907 908 909 910 911 912 913 914 917 918 919 920 923 924 926 927 928 929 930 931 932 933 934 935 936 937 938 939 940 941 943 944 950 961 962 981 982 986 994 995 996 997 998 999 1000 1001 1002 1003 1004 1005 1006 1007 1008 1009 1010 1011 1012 1018 1019 1750 1922 1923 1926 1933 1935 1936 1937 1938 1939 1943 1960
content/browser/renderer_host/render_widget_host_view_aura.h 15 20 24 127 128 129 130 131 237 261 262 263 264 265 266 267 268 269 270 271 272 273 277 285 286 287 304 305 306 307 308 309 362 364 366 369 370 372 373 375 376 377 378 380
content/browser/renderer_host/render_widget_host_view_gtk.cc 1060 1067
content/browser/renderer_host/render_widget_host_view_guest.cc 204 205 206 207 208
content/browser/renderer_host/render_widget_host_view_guest.h 107 108
content/browser/renderer_host/render_widget_host_view_mac.mm 1091
content/browser/renderer_host/test_render_view_host.h
content/common/gpu/client/gl_helper.cc 20 795 796 797 798 799 800 801 802 803 804 805 806 807 808 809 810 811 812 813 814 815 816 817 818 819 820
content/common/gpu/client/gl_helper.h 19 20 71 72 73 74 75 76
content/common/gpu/gpu_command_buffer_stub.cc
content/common/gpu/gpu_messages.h 49 278 279 281
content/common/gpu/image_transport_surface.cc 209 211 314
content/common/gpu/image_transport_surface.h 63 144 180
content/common/gpu/image_transport_surface_android.cc
content/common/gpu/image_transport_surface_linux.cc
content/common/gpu/image_transport_surface_mac.cc 60 271
content/common/gpu/image_transport_surface_win.cc 53 54 210
content/common/gpu/texture_image_transport_surface.cc 19 22 23 24 30 31 47 60 61 63 65 73 74 75 76 77 78 120 121 122 123 124 128 129 130 131 132 133 134 135 136 162 163 165 174 175 176 193 194 199 200 202 203 205 206 207 208 209 210 211 212 214 215 220 224 226 227 228 230 232 233 244 247 254 255 256 257 258 260 263 264 285 300 303 308 309 312 313 314 315 317 318 319 320 321 322 324 325 326 327 328 329 330 331 332 333 334 335 336 339 340 341 342 343 344 350 351 352 368 369 372 373 374 379 380 381 382 384 387 388 389 390 391 392 393 394 397 400 406 413 414 416 417 418 419 420 425 430 438 443 444 445 446 447 448 449 450 451 452 454 455 456 457 458 459 460 461 462 463 464 465 466 467 468 469 470 471 472 473 474 475 476 477 478 479 480 481 482 483 484 485 486 487 488 489
content/common/gpu/texture_image_transport_surface.h 11 13 22 51 60 68 69 71 72 76 78 79 80 81 82 83 84 85 86 92 93 95 96 97 110 111 112 113 121 122 123 124 125
content/port/browser/render_widget_host_view_port.h 247 248 249
gpu/command_buffer/service/mailbox_manager.cc 7 8 17 18 19 20 21 29 33 48
gpu/command_buffer/service/mailbox_manager.h 33 34
gpu/command_buffer/service/texture_definition.cc 30 31 32 33 34 35 36 37 38 39 40 41
gpu/command_buffer/service/texture_definition.h 22 32 33
ui/compositor/compositor.cc 195 196
ui/compositor/compositor.h 115 116 117 120
ui/gfx/native_widget_types.h 281 287
