chrome/browser/sync/engine/build_commit_command.cc 14 175 176 177 178
chrome/browser/sync/engine/process_commit_response_command.cc 383 385
chrome/browser/sync/engine/syncer.cc 26 347 348
chrome/browser/sync/engine/syncer_proto_util.cc 12 367 392 393 444 445 451 452
chrome/browser/sync/engine/syncer_unittest.cc 317 318 319 897 898 899 1973
chrome/browser/sync/engine/syncer_util.cc 428 429 430 431 498 499 533 534 535 538
chrome/browser/sync/engine/syncer_util.h 16 143 144 145 146 147 148 149 150 151 152 153 154 155 156 157 158 159 160 161 162 163 164 165 166 167 168 169 170 171 172 173 174 175 176 177 178 179
chrome/browser/sync/glue/session_change_processor.cc 247
chrome/browser/sync/glue/session_model_associator.cc 201 341 584 623 717 732 744 758
chrome/browser/sync/glue/session_model_associator.h 143 378 384
chrome/browser/sync/glue/session_model_associator_unittest.cc 92 121
chrome/browser/sync/internal_api/base_node.cc 177 238 239 240
chrome/browser/sync/internal_api/base_node.h 76 77
chrome/browser/sync/internal_api/syncapi_unittest.cc 516
chrome/browser/sync/profile_sync_service_session_unittest.cc 318 319
chrome/browser/sync/sessions/sync_session_unittest.cc 13
chrome/browser/sync/syncable/directory_backing_store.cc 9 10 11 12 47 100 101 102 103 123 125 1146
chrome/browser/sync/syncable/directory_backing_store.h
chrome/browser/sync/syncable/directory_backing_store_unittest.cc 103 104 106 107 112 113 120 121 125 126 130 131 135 136 140 141 145 146 151 152 158 159 163 164 173 174 225 226 228 229 233 234 240 241 245 246 249 250 254 255 258 259 263 264 268 269 274 275 278 279 285 286 330 331 333 334 341 342 351 352 359 360 363 364 367 368 372 373 377 378 382 383 390 391 395 396 404 405 459 460 461 462 468 469 476 477 482 483 486 487 490 491 495 496 500 501 505 506 512 513 517 518 525 526 558 559 561 562 568 569 576 577 582 583 586 587 590 591 594 595 598 599 603 604 610 611 615 616 623 624 662 663 665 666 672 673 680 681 686 687 690 691 694 695 698 699 702 703 707 708 714 715 719 720 727 728 766 767 769 770 776 777 784 785 790 791 794 795 798 799 802 803 806 807 811 812 818 819 823 824 831 832 883 884 886 887 892 893 899 900 905 906 909 910 913 914 917 918 921 922 925 926 932 933 936 937 944 945 986 987 989 990 996 997 1004 1005 1010 1011 1014 1015 1018 1019 1022 1023 1026 1027 1031 1032 1038 1039 1042 1043 1050 1051 1419 1421
chrome/browser/sync/syncable/syncable.cc 7 8 9 10 11 12 13 14 15 16 17 18 19 20 145 146 147 148 149 150 151 152 153 154 155 156 157 158 159 160 161 162 163 248 613 614 615 616 617 618 619 620 621 622 623 624 625 626 627 1442 1443 1449 1469 1470
chrome/browser/sync/syncable/syncable.h 62 63 84 85 86 87 100 101 1216 1217 1221 1222 1223 1224
chrome/browser/sync/syncable/syncable_columns.h 1 26 27 32 33 34
chrome/browser/sync/syncable/syncable_enum_conversions.cc 55 56 57
chrome/browser/sync/syncable/syncable_enum_conversions.h
chrome/browser/sync/syncable/syncable_enum_conversions_unittest.cc
chrome/browser/sync/syncable/syncable_unittest.cc
chrome/browser/sync/util/sqlite_utils.cc
chrome/browser/sync/util/time.cc
chrome/browser/sync/util/time.h
chrome/chrome.gyp
