third_party/blink/web_tests/external/wpt/url/resources/urltestdata.json 4636 4637 4638 4639 4640 4641 4642 4643 4644 4645 4646 4647 4648 4649 4650 4651
third_party/blink/web_tests/platform/linux/external/wpt/url/a-element-expected.txt 2 363
third_party/blink/web_tests/platform/linux/external/wpt/url/a-element-origin-expected.txt 2 265
third_party/blink/web_tests/platform/linux/external/wpt/url/a-element-origin-xhtml-expected.txt 2 265
third_party/blink/web_tests/platform/linux/external/wpt/url/a-element-xhtml-expected.txt 2 363
third_party/blink/web_tests/platform/linux/external/wpt/url/url-constructor-expected.txt 2 403
third_party/blink/web_tests/platform/linux/external/wpt/url/url-origin-expected.txt 2 265
third_party/blink/web_tests/platform/mac/external/wpt/url/a-element-expected.txt 2 363
third_party/blink/web_tests/platform/mac/external/wpt/url/a-element-origin-expected.txt 2 265
third_party/blink/web_tests/platform/mac/external/wpt/url/a-element-origin-xhtml-expected.txt 2 265
third_party/blink/web_tests/platform/mac/external/wpt/url/a-element-xhtml-expected.txt 2 363
third_party/blink/web_tests/platform/mac/external/wpt/url/url-constructor-expected.txt 2 403
third_party/blink/web_tests/platform/mac/external/wpt/url/url-origin-expected.txt 2 265
third_party/blink/web_tests/platform/win/external/wpt/url/a-element-expected.txt 2 363
third_party/blink/web_tests/platform/win/external/wpt/url/a-element-origin-expected.txt 2 265
third_party/blink/web_tests/platform/win/external/wpt/url/a-element-origin-xhtml-expected.txt 2 265
third_party/blink/web_tests/platform/win/external/wpt/url/a-element-xhtml-expected.txt 2 363
third_party/blink/web_tests/platform/win/external/wpt/url/url-constructor-expected.txt 2 403
third_party/blink/web_tests/platform/win/external/wpt/url/url-origin-expected.txt 2 265
url/url_canon_pathurl.cc 19 20 36 64 65 66 67 68 69 70 71 72
url/url_canon_unittest.cc 1876 1877 1878 1879 1880 1881 1882
