third_party/WebKit/LayoutTests/http/tests/devtools/network/network-imported-resource-content-expected.txt 4
third_party/WebKit/LayoutTests/http/tests/devtools/network/network-request-type-expected.txt 5
third_party/WebKit/LayoutTests/inspector-protocol/network/resource-type-expected.txt 4 5 6 7 8 9 10 11 12 13 14 15 16 17 18 19 20 21 22 23 24 25 26 27 28 29 30 31 32 33 34 35 36 37 38 39 40 41 42
third_party/WebKit/LayoutTests/inspector-protocol/network/resource-type.js 25 26 27 28 29 30 31 32 33 34 35 36 37 38 39 40 41 83 84 85 86 87 88 89 90 91 92
third_party/WebKit/Source/core/frame/PerformanceMonitor.h 13
third_party/WebKit/Source/core/inspector/InspectorNetworkAgent.cpp 584 585 587 588 589 591 617 618 622 624 625 681 682 717 718 719 721 749 750 751
third_party/WebKit/Source/core/inspector/InspectorNetworkAgent.h 40 88 89 97 98 252 253
third_party/WebKit/Source/core/inspector/InspectorPageAgent.cpp 366 367 368 397
third_party/WebKit/Source/core/inspector/InspectorPageAgent.h 38 105
third_party/WebKit/Source/core/inspector/InspectorTraceEvents.cpp 117 118
third_party/WebKit/Source/core/inspector/InspectorTraceEvents.h 16 85 86
third_party/WebKit/Source/core/loader/BaseFetchContext.cpp 61
third_party/WebKit/Source/core/loader/BaseFetchContext.h 67 68
third_party/WebKit/Source/core/loader/BaseFetchContextTest.cpp 55 56
third_party/WebKit/Source/core/loader/FrameFetchContext.cpp 451 464 935 936 941
third_party/WebKit/Source/core/loader/FrameFetchContext.h 91 191 192
third_party/WebKit/Source/core/loader/FrameFetchContextTest.cpp 1023 1024
third_party/WebKit/Source/core/loader/WorkerFetchContext.cpp 126 127 129 263 266
third_party/WebKit/Source/core/loader/WorkerFetchContext.h 42 43 76
third_party/WebKit/Source/core/probe/CoreProbes.pidl 90 92
third_party/WebKit/Source/platform/loader/fetch/FetchContext.cpp 72
third_party/WebKit/Source/platform/loader/fetch/FetchContext.h 121
third_party/WebKit/Source/platform/loader/fetch/ResourceFetcher.cpp 371 372 373 1433
third_party/WebKit/Source/platform/loader/fetch/ResourceLoader.cpp 367 368
