chrome/browser/signin/dice_response_handler.cc 397 398 399 406 407 408 455 456 457 458
chrome/browser/signin/mutable_profile_oauth2_token_service_delegate_unittest.cc 16 84 121 122 123 124 149 150 152 155 156 158 159 160 161 162 211 212 213 214 215 216 217 218 219 220 221 281 282 286 357 396 410 498 562 563 604 605 646 647 686 687 737 762 795 814 830 870 905 930 949 970 985 1016 1062 1107 1126 1142 1159 1215 1284 1308 1373 1398 1466 1483 1531 1532 1533 1534 1535 1536 1537 1538 1539 1540 1541 1542 1543 1544 1545 1546 1547 1548 1549 1550 1551 1552 1553 1554 1555 1556 1557 1558 1559 1560 1561 1562 1563 1564 1565 1566 1567 1568 1569 1570 1571 1572 1573 1574 1575 1576 1577 1578 1579 1580 1581 1582 1583 1584 1585 1586 1587 1588 1589 1590 1591 1592 1593 1594 1595 1596 1597 1598 1599 1600 1601 1602 1603 1604 1605 1606
chrome/browser/supervised_user/supervised_user_service.cc 327 328 329
chrome/browser/ui/views/profiles/profile_chooser_view.cc 789 790 791 1640 1641
chrome/browser/ui/webui/settings/people_handler.cc 801 802 803 819 820
chrome/browser/ui/webui/signin/dice_turn_sync_on_helper.cc 404 405 406 407
chrome/browser/ui/webui/signin/inline_login_handler_impl.cc 263 264 265 266
components/signin/core/browser/about_signin_internals.cc 381 382 383 384 387 388 389 390 391 395 396 397 401
components/signin/core/browser/about_signin_internals.h 210 211 212 213 214
components/signin/core/browser/account_reconcilor.cc 77 78 108 559 560 561 590 591 592 599 600 601 675 676 677
components/signin/core/browser/profile_oauth2_token_service.cc 7 14 15 16 17 18 19 20 21 22 23 24 25 26 27 28 29 30 31 32 33 34 35 36 37 38 39 40 41 42 43 44 45 46 47 48 49 50 51 52 53 54 55 89 90 91 92 102 103 104 105 110 111 112 113 117 118 119 120 121 122 123 124 125 144 145 146 147 148 149 150 151 152 162 163 164 165 166 167 168 169 180 181 182 183
components/signin/core/browser/profile_oauth2_token_service.h 13 18 19 72 73 74 75 76 77 78 79 80 81 82 83 84 85 86 112 113 114
components/signin/core/browser/signin_manager.cc 246 247 248 252 253 254 419 420 421 422
components/signin/core/browser/signin_metrics.cc 821 822 823 824 825 826 827 828 829 830 831 832 833 834 835 836 837
components/signin/core/browser/signin_metrics.h 314 315 316 317 318 319 320 321 322 323 324 325 326 327 328 329 330 331 332 333 334 335 336 337 440 441 442 443 444 445 446
google_apis/gaia/oauth2_token_service.cc
google_apis/gaia/oauth2_token_service.h 148 149 150 151 152 153 154 155 156 157 158 159 342 343 344 345 346
google_apis/gaia/oauth2_token_service_unittest.cc 789
services/identity/public/cpp/identity_manager.cc 226 227 228 229 230
tools/metrics/histograms/enums.xml 46603 46604 46605 46606 46607 46608 46609 46610 46611 46612 46613 46614 46615 46616 46617 46618 46619 46620 46621
tools/metrics/histograms/histograms.xml 101490 101491 101492 101493 101494 101495 101496 101497 101498 101499 101500 101501 101502 101503 101504 101505 101506 101507 101508 101509 101510 101511 101512 101513 101514 101515 101516 101517 101518 101519 101520 101521 101522 101523 101524
