chrome/browser/resources/settings/printing_page/cups_add_printer_dialog_util.html 46 76
third_party/polymer/v1_0/bower.json 13 26
third_party/polymer/v1_0/components-chromium/iron-dropdown/BUILD.gn 19 20 21
third_party/polymer/v1_0/components-chromium/iron-dropdown/bower.json 3 22 23 24 25 28 29 30 31 32 33 34 36 37 38 39 40 41 42 43 44 45 46 47 48 49 50 51 52 53 54 55 56 57 58 59 60 61
third_party/polymer/v1_0/components-chromium/iron-dropdown/compiled_resources2.gyp 20 21 22
third_party/polymer/v1_0/components-chromium/iron-dropdown/iron-dropdown-extracted.js 39 40 41 49 50 51 79 80 84 85 101 102 103 104 105 106 107 111 112 113 114 115 120 180 186 187 188 190 209 210 211 212 213 214 215 216 217 218 219 220 221 222 223 224 228
third_party/polymer/v1_0/components-chromium/iron-dropdown/iron-dropdown-scroll-manager-extracted.js 4 6
third_party/polymer/v1_0/components-chromium/iron-dropdown/iron-dropdown-scroll-manager.html 9
third_party/polymer/v1_0/components-chromium/iron-dropdown/iron-dropdown.html 13 18 28 32 35 49 53 59
third_party/polymer/v1_0/components-chromium/iron-overlay-behavior/BUILD.gn 19 31 32 33
third_party/polymer/v1_0/components-chromium/iron-overlay-behavior/bower.json 3 22 23 24 25 28 29 30 31 32 33 35 36 37 38 39 40 41 42 43 44 45 46 47 48 49 50 51 52 53 54 55 56 57 58 59
third_party/polymer/v1_0/components-chromium/iron-overlay-behavior/compiled_resources2.gyp 23 35 36 37 38
third_party/polymer/v1_0/components-chromium/iron-overlay-behavior/iron-focusables-helper-extracted.js 15 87 96 98 117 125 127 149 150 168 169 170
third_party/polymer/v1_0/components-chromium/iron-overlay-behavior/iron-overlay-backdrop.html 41 47 51
third_party/polymer/v1_0/components-chromium/iron-overlay-behavior/iron-overlay-behavior-extracted.js 82 83 84 85 86 87 88 89 90 98 99 100 101 102 103 104 105 106 107 108 112 133 134 135 136 139 147 160 175 176 179 180 181 182 183 198 199 200 201 203 205 206 207 208 209 210 211 212 213 214 215 216 294 295 416 417 418 419 420 421 422 423 424 425 534 587 588 589 590 591 592 593 594 595 596 597 598 599 600 601 602 603 604 605 606 607 608 609 610 611 612 613 614 615 616 617 618 619 620 621 622 623 624 625 626 627 628 629 630 631 632 633 634 635 636 637 638 639 640 641 642 643 644 645 646 647 648 649 650 651 652 653 654 655 656 657 658 659 660 661 662 663 664 665 666 667 668 669 670 671 672 673 674 675 676 677 678 679 680 681 682 683 684 685 686 687 688 689 690 691 692 693 694 695 696 697 698 699 700 701 702 703 704 705 708 709 710 711 712 713 714 715 716 717 718 719 720 721 722 723 724 725 726 727 728 729 730 731 732
third_party/polymer/v1_0/components-chromium/iron-overlay-behavior/iron-overlay-behavior.html 13
third_party/polymer/v1_0/components-chromium/iron-overlay-behavior/iron-overlay-manager-extracted.js 9 27 28 29 30 31 32 33 34 45 56 59 62 63 64 65 66 171 213 214 215 216 220 241 242 246 291 292 311 312 313 314 315 316 318 319 320 321 322
third_party/polymer/v1_0/components-chromium/iron-overlay-behavior/iron-scroll-manager-extracted.js 1 2 3 4 5 6 7 8 9 10 11 12 13 14 15 16 17 18 19 20 21 22 23 24 25 26 27 28 29 30 31 32 33 34 35 36 37 38 39 40 41 42 43 44 45 46 47 48 49 50 51 52 53 54 55 56 57 58 59 60 61 62 63 64 65 66 67 68 69 70 71 72 73 74 75 76 77 78 79 80 81 82 83 84 85 86 87 88 89 90 91 92 93 94 95 96 97 98 99 100 101 102 103 104 105 106 107 108 109 110 111 112 113 114 115 116 117 118 119 120 121 122 123 124 125 126 127 128 129 130 131 132 133 134 135 136 137 138 139 140 141 142 143 144 145 146 147 148 149 150 151 152 153 154 155 156 157 158 159 160 161 162 163 164 165 166 167 168 169 170 171 172 173 174 175 176 177 178 179 180 181 182 183 184 185 186 187 188 189 190 191 192 193 194 195 196 197 198 199 200 201 202 203 204 205 206 207 208 209 210 211 212 213 214 215 216 217 218 219 220 221 222 223 224 225 226 227 228 229 230 231 232 233 234 235 236 237 238 239 240 241 242 243 244 245 246 247 248 249 250 251 252 253 254 255 256 257 258 259 260 261 262 263 264 265 266 267 268 269 270 271 272 273 274 275 276 277 278 279 280 281 282 283 284 285 286 287 288 289 290 291 292 293 294 295 296 297 298 299 300 301 302 303 304 305 306 307 308 309 310 311 312 313 314 315 316 317 318 319 320 321 322 323 324 325 326 327 328 329 330 331 332 333 334 335 336 337 338 339 340 341 342 343 344 345 346 347 348 349 350 351 352 353 354 355 356 357 358 359 360 361 362 363 364 365 366 367 368 369 370 371 372 373 374
third_party/polymer/v1_0/components-chromium/iron-overlay-behavior/iron-scroll-manager.html 1 2 3 4 5 6 7 8 9 10 11
third_party/polymer/v1_0/components_summary.txt 51 52 53 129 130 131
third_party/polymer/v1_0/rsync_exclude.txt 17 21
ui/webui/resources/polymer_resources.grdp 279 280 281 282 283 284 285 286
