chrome/browser/autocomplete/autocomplete.cc 14
chrome/browser/autocomplete/autocomplete.h 17 18 440 496 589 590
chrome/browser/autocomplete/autocomplete_browsertest.cc 11
chrome/browser/autocomplete/autocomplete_match.cc 11
chrome/browser/autocomplete/autocomplete_provider.cc 1 2 3 4 5 6 7 8 9 10 11 12 13 14 15 16 17 18 19 20 21 22 23 24 25 26 27 28 29 30 31 32 33 34 35 36 37 38 39 40 41 42 43 44 45 46 47 48 49 50 51 52 53 54 55 56 57 58 59 60 61 62 63 64 65 66 67 68 69 70 71 72 73 74 75 76 77 78 79 80 81 82 83 84 85 86 87 88 89 90 91 92 93 94 95 96 97 98 99 100 101 102 103 104 105
chrome/browser/autocomplete/autocomplete_provider.h 1 2 3 4 5 6 7 8 9 10 11 12 13 14 15 16 17 18 19 20 21 22 23 24 25 26 27 28 29 30 31 32 33 34 35 36 37 38 39 40 41 42 43 44 45 46 47 48 49 50 51 52 53 54 55 56 57 58 59 60 61 62 63 64 65 66 67 68 69 70 71 72 73 74 75 76 77 78 79 80 81 82 83 84 85 86 87 88 89 90 91 92 93 94 95 96 97 98 99 100 101 102 103 104 105 106 107 108 109 110 111 112 113 114 115 116 117 118 119 120 121 122 123 124 125 126 127
chrome/browser/autocomplete/autocomplete_provider_listener.h 1 2 3 4 5 6 7 8 9 10 11 12 13 14 15 16 17 18 19 20 21 22 23 24 25 26 27 28 29 30 31
chrome/browser/autocomplete/autocomplete_result_unittest.cc 10
chrome/browser/autocomplete/autocomplete_types.h 1 2 3 4 5 6 7 8 9 10 11 12 13 14 15 16 17 18 19 20
chrome/browser/autocomplete/autocomplete_unittest.cc 14 15 55
chrome/browser/autocomplete/builtin_provider.cc 9 37
chrome/browser/autocomplete/builtin_provider.h 20 24
chrome/browser/autocomplete/builtin_provider_unittest.cc 5 6 9 11 26 27
chrome/browser/autocomplete/extension_app_provider.cc 25 26 27
chrome/browser/autocomplete/extension_app_provider.h 26 34 35 37
chrome/browser/autocomplete/history_contents_provider.cc 12 31 49 50 51 52
chrome/browser/autocomplete/history_contents_provider.h 9 28
chrome/browser/autocomplete/history_contents_provider_unittest.cc 11 40 100 101
chrome/browser/autocomplete/history_provider.cc 20
chrome/browser/autocomplete/history_provider.h 10 11 12 13 22
chrome/browser/autocomplete/history_quick_provider.cc 45 46 47
chrome/browser/autocomplete/history_quick_provider.h 11 30 31 33 34
chrome/browser/autocomplete/history_quick_provider_unittest.cc 80 86 87
chrome/browser/autocomplete/history_url_provider.cc 240
chrome/browser/autocomplete/history_url_provider.h 14 17 25 51 140 143
chrome/browser/autocomplete/history_url_provider_unittest.cc 15 16 130 143 144
chrome/browser/autocomplete/keyword_provider.cc 45 46 63
chrome/browser/autocomplete/keyword_provider.h 22 55 57 58 94
chrome/browser/autocomplete/search_provider.cc 98 99
chrome/browser/autocomplete/search_provider.h 27 57
chrome/browser/autocomplete/search_provider_unittest.cc 14 15 42 73 74 75
chrome/browser/autocomplete/shortcuts_provider.cc 20 48
chrome/browser/autocomplete/shortcuts_provider.h 13 26
chrome/browser/autocomplete/shortcuts_provider_unittest.cc 21 22 123 127 128
chrome/browser/extensions/api/omnibox/omnibox_apitest.cc 11
chrome/browser/history/in_memory_url_index_unittest.cc 14 16 23 27
chrome/browser/history/url_index_private_data.cc 21
chrome/browser/metrics/metrics_log.cc 25
chrome/browser/ui/webui/omnibox/omnibox_ui_handler.cc 16
chrome/chrome_browser.gypi 126 127 128 129
