content/browser/frame_host/render_frame_host_delegate.h 250 251 252
content/browser/frame_host/render_frame_host_impl.cc 963 2828 2829 2830 2831
content/browser/frame_host/render_frame_host_impl.h 840
content/browser/web_contents/web_contents_impl.cc 5315 5316 5317 5318 5319 5320 5321
content/browser/web_contents/web_contents_impl.h 537 956 957
content/browser/web_contents/web_contents_impl_browsertest.cc 1023 1024 1025 1026 1027 1028 1031 1032 1051 1052 1053 1067 1068 1069 1070 1085 1086 1087 1094 1095 1096 1109 1110 1113 1115 1116 1117 1154 1162 1174 1182 1193 1203 1540 1549 1558 1574 1596 1597 1598 1599 1600 1601 1602 1603 1604 1605 1606 1607 1608 1609 1610 1611 1612 1613 1614 1615 1616 1617 1618 1619 1620 1621 1622 1623 1624 1625 1626 1627 1628 1629
content/common/frame_messages.h 1720 1721 1722
content/renderer/render_frame_impl.cc 7049 7050 7051 7052
content/renderer/render_frame_impl.h 868 869 870 871
content/renderer/render_view_impl.cc 1643 1656 1657 1658 1659 1660 1661
content/renderer/render_view_impl.h 323
content/shell/test_runner/web_view_test_client.cc 92
content/shell/test_runner/web_view_test_client.h 43
content/shell/test_runner/web_view_test_proxy.h 164 165 166
third_party/WebKit/Source/core/exported/WebViewTest.cpp 3375
third_party/WebKit/Source/core/frame/DOMWindow.cpp 436
third_party/WebKit/Source/core/loader/EmptyClients.h 91
third_party/WebKit/Source/core/loader/FrameLoader.cpp 906
third_party/WebKit/Source/core/page/ChromeClient.h 106
third_party/WebKit/Source/core/page/ChromeClientImpl.cpp 203 204 205 206 207
third_party/WebKit/Source/core/page/ChromeClientImpl.h 63
third_party/WebKit/Source/core/page/CreateWindow.cpp 284
third_party/WebKit/public/web/WebViewClient.h 174
