content/browser/devtools/devtools_session.cc 14 37 54 58 60 63 219 220 222
content/browser/devtools/devtools_session.h 39 90
content/browser/devtools/protocol/devtools_domain_handler.cc 20
content/browser/devtools/protocol/devtools_domain_handler.h 21
content/browser/devtools/protocol/dom_handler.cc 27
content/browser/devtools/protocol/dom_handler.h 25
content/browser/devtools/protocol/emulation_handler.cc 67
content/browser/devtools/protocol/emulation_handler.h 27
content/browser/devtools/protocol/input_handler.cc 270
content/browser/devtools/protocol/input_handler.h 40
content/browser/devtools/protocol/inspector_handler.cc 33
content/browser/devtools/protocol/inspector_handler.h 29
content/browser/devtools/protocol/io_handler.cc 28 29 39 41 42 43 44 45 46 47 48 61 64 67
content/browser/devtools/protocol/io_handler.h 14 16 27 46 47
content/browser/devtools/protocol/network_handler.cc 697 698 728 730 731 732 733 734 735 736 737 738 787 792 802 811 830 835 847 860 874 875 876 877 884 893 904 917 918 1220 1262 1400 1402 1403
content/browser/devtools/protocol/network_handler.h 31 38 54 154 155
content/browser/devtools/protocol/page_handler.cc 151
content/browser/devtools/protocol/page_handler.h 64
content/browser/devtools/protocol/security_handler.cc 135
content/browser/devtools/protocol/security_handler.h 38
content/browser/devtools/protocol/service_worker_handler.cc 159 160 171 173 180 181 182 183 185 314 322 323 324 325 336 342 343
content/browser/devtools/protocol/service_worker_handler.h 23 27 38 76 77
content/browser/devtools/protocol/storage_handler.cc 242 255 257 258 280 313 314 315 316 317 318 324 333 341 358 374 389 410 421
content/browser/devtools/protocol/storage_handler.h 20 21 32 69
content/browser/devtools/protocol/target_handler.cc 211
content/browser/devtools/protocol/target_handler.h 37
content/browser/devtools/render_frame_devtools_agent_host.cc 295 296 445
content/browser/devtools/service_worker_devtools_agent_host.cc 125 160 172 182
content/browser/devtools/shared_worker_devtools_agent_host.cc 37 38 39 40 73 107 117
content/browser/devtools/shared_worker_devtools_agent_host.h
