third_party/sqlite/amalgamation/sqlite3.c 31671 76269 76270 76272 76273 77060 92030 93322 98234 110341 110343 110464 111220 134306 134307 134309 134310 134311 134312 134347 134348 134349 134382 134671 134672 135168 135169 135170 154006 168048 168049 168956 170818 170819 170820 172432 172482 172603 172604 172670 172675 174655 174911 174912 174913 174915 184400 184786 185182 185184 185196 185355 185356 185364 185365 185366 218327 221446
third_party/sqlite/patched/ext/fts3/fts3_snippet.c 133 134 135 137
third_party/sqlite/patched/ext/fts3/fts3_test.c 451 453 458
third_party/sqlite/patched/ext/fts3/fts3_tokenize_vtab.c 349
third_party/sqlite/patched/ext/fts3/fts3_tokenizer.c 197 198
third_party/sqlite/patched/ext/fts3/fts3_write.c 1753 1754 1755 3367 3417 3538 3539 3605 3610 5590
third_party/sqlite/patched/ext/fts5/fts5_tokenize.c 372
third_party/sqlite/patched/ext/rtree/geopoly.c 272 658 1054 1056 1068 1227 1228 1236 1237 1238
third_party/sqlite/patched/src/build.c 3758 3760 3881 4637
third_party/sqlite/patched/src/expr.c 1590
third_party/sqlite/patched/src/main.c 708
third_party/sqlite/patched/src/test_fs.c 747
third_party/sqlite/patched/src/util.c 1579
third_party/sqlite/patched/src/vdbeaux.c 158 159 161 162 949
third_party/sqlite/patched/src/vdbesort.c 540 1832
third_party/sqlite/patched/src/vtab.c 305 306 308 309 310 311 346 347 348 381 670 671 1167 1168 1169
third_party/sqlite/patches/0001-Virtual-table-supporting-recovery-of-corrupted-datab.patch 4
third_party/sqlite/patches/0002-Custom-shell.c-helpers-to-load-Chromium-s-ICU-data.patch 4
third_party/sqlite/patches/0003-Fix-compilation-with-SQLITE_OMIT_WINDOWFUNC.patch 4
third_party/sqlite/patches/0004-Fix-dbfuzz2.c-compilation-errors-on-Windows.patch 4
third_party/sqlite/patches/0005-Fix-Heap-buffer-overflow-in-vdbeRecordCompareInt.patch 4
third_party/sqlite/patches/0006-fix-heap-buffer-overflow-in-cellsizeptr.patch 4
third_party/sqlite/patches/0007-fix-integer-overflow-in-checkList.patch 4
third_party/sqlite/patches/0008-Fix-Heap-use-after-free-in-releasePageNotNull.patch 4
third_party/sqlite/patches/0009-Fix-dangling-pointer-dereference.patch 4
third_party/sqlite/patches/0010-Fix-faulty-assert-statement.patch 4
third_party/sqlite/patches/0011-Add-dbfuzz2-progress-handler-patch.patch 4
third_party/sqlite/patches/0012-Use-fixed-width-integer-type.patch 4
third_party/sqlite/patches/0013-Do-early-detection-for-corrupt-schema.patch 4
third_party/sqlite/patches/0014-Enforce-the-SQLITE_LIMIT_COLUMN-limit-on-virtual-tab.patch 1 2 3 4 5 6 7 8 9 10 11 12 13 14 15 16 17 18 19 20 21 22 23 24 25 26 27 28 29 30 31 32 33 34 35 36 37 38 39 40 41 42 43 44 45 46 47 48 49 50 51 52 53 54 55 56 57 58 59 60 61 62 63 64 65 66 67 68 69 70 71 72 73 74 75 76 77 78 79 80 81 82 83 84 85 86 87 88 89 90 91 92 93 94 95 96 97 98 99 100 101 102 103 104 105 106 107 108 109 110 111 112 113 114 115 116 117 118 119 120 121 122 123 124 125 126 127 128 129 130 131 132 133 134 135 136 137 138 139 140 141 142 143 144 145 146 147 148 149 150 151 152 153 154 155 156 157 158 159 160 161 162 163 164 165 166 167 168 169 170 171 172 173 174 175 176 177 178 179 180 181 182 183 184 185 186 187 188 189 190 191 192 193 194 195 196 197 198 199 200 201 202 203 204 205 206 207 208 209 210 211 212 213 214 215 216 217 218 219 220 221 222
third_party/sqlite/patches/0015-Use-64-bit-memory-allocator-in-extensions.patch 1 2 3 4 5 6 7 8 9 10 11 12 13 14 15 16 17 18 19 20 21 22 23 24 25 26 27 28 29 30 31 32 33 34 35 36 37 38 39 40 41 42 43 44 45 46 47 48 49 50 51 52 53 54 55 56 57 58 59 60 61 62 63 64 65 66 67 68 69 70 71 72 73 74 75 76 77 78 79 80 81 82 83 84 85 86 87 88 89 90 91 92 93 94 95 96 97 98 99 100 101 102 103 104 105 106 107 108 109 110 111 112 113 114 115 116 117 118 119 120 121 122 123 124 125 126 127 128 129 130 131 132 133 134 135 136 137 138 139 140 141 142 143 144 145 146 147 148 149 150 151 152 153 154 155 156 157 158 159 160 161 162 163 164 165 166 167 168 169 170 171 172 173 174 175 176 177 178 179 180 181 182 183 184 185 186 187 188 189 190 191 192 193 194 195 196 197 198 199 200 201 202 203 204 205 206 207 208 209 210 211 212 213 214 215 216 217 218 219 220 221 222 223 224 225 226 227 228 229 230 231 232 233 234 235 236 237 238 239
