sync/engine/sync_scheduler.h 89 94
sync/engine/sync_scheduler_impl.cc 86 87 103 104 105 106 107 108 109 110 111 112 113 114 115 116 117 118 119 120 121 122 123 124 125 126 127 128 129 130 131 132 133 134 135 155 156 157 246 247 283 284 287 331 342 351 352 353 354 355 356 357 361 362 363 375 376 383 385 388 389 394 400 405 415 416 419 420 433 434 435 443 486 489 490 491 492 493 494 495 496 497 498 499 500 501 502 503 504 508 509 510 511 512 513 514 515 516 517 518 519 520 521 522 523 524 525 526 527 528 529 531 532 533 534 535 536 537 538 539 540 541 542 543 544 545 546 547 548 549 550 551 552 553 554 555 556 557 558 559 560 573 578 584 587 592 597 602 605 613 622 623 628 629 630 631 633 634 637 638 639 640 641 642 643 644 645 647 648 649 650 651 652 653 654 659 680 681 682 683 684 685 686 687 688 689 690 691 692 693 694 695 696 697 698 699 700 701 702 728 735 738 740 743 744 745 746 747 748 749 751 752 753 754 755 758 760 761 762 763 764 765 766 767 768 769 770 771 772 775 777 779 781 783 786 787 788 789 790 793 796 797 799 803 826 831 834 835 839 840 844 845 846 847 848 849 850 851 852 853 855 859 862 864 866 868 870 876 882 883 891 892 894 895 896 900 901 906 919 931 934 935 939 943 950 953 960 963 964 965 966 967 968 969 970 974 976 977 978 979 1006 1009 1012 1014 1016 1018 1019 1021 1022 1023 1024 1025 1026 1027 1028 1029 1030 1031 1032 1033 1034 1035 1036 1040 1047 1049 1050 1059 1060 1061 1062 1063 1064 1065 1066 1067 1070 1073 1074 1094 1095
sync/engine/sync_scheduler_impl.h 51 56 90 91 92 93 94 95 96 97 98 99 100 101 102 103 104 105 106 107 108 109 110 111 112 113 114 115 116 117 118 119 120 121 122 123 175 176 183 184 185 186 187 188 200 203 206 207 210 216 219 220 221 222 223 224 233 234 235 236 237 238 246 254 255 256 257 258 259 260 261 266 267 326 327
sync/engine/sync_scheduler_unittest.cc 45 649 650 703 732 830 840 850 861 1043 1057 1098 1099
sync/engine/sync_scheduler_whitebox_unittest.cc 95 105 106 107 108 109 110 111 138 156 159 160 161 162 163 164 165 166 175 185 194 204 216 228 239 251 261 262 263 264
sync/engine/sync_session_job.cc
sync/engine/sync_session_job.h
sync/engine/sync_session_job_unittest.cc
sync/engine/syncer.cc 86 182 187 188 189 190 192
sync/engine/syncer.h 60
sync/engine/syncer_unittest.cc 189 190 193 196 201 206 2541 2572
sync/internal_api/js_sync_manager_observer_unittest.cc 88 89
sync/internal_api/public/sessions/model_neutral_state.cc
sync/internal_api/public/sessions/model_neutral_state.h
sync/internal_api/public/sessions/sync_session_snapshot.cc 24 42 43 58 171 172 173 174
sync/internal_api/public/sessions/sync_session_snapshot.h 46 47 72 92
sync/internal_api/public/util/syncer_error.h
sync/sessions/session_state_unittest.cc 93 94
sync/sessions/sync_session.cc 80 81 118 121 124 130 131 134 135 140 141 149 186 187 222 223 224 225 226 227 228 229 230 231 232 233 234 235 236 237 238 240 241 242 243 244 245 246 247 248 249 250
sync/sessions/sync_session.h 115 116 117 118 119 120 121 122 123 124 125 126 127 128 129 130 131 132 133 142 143 146 180 181 182 220 221 222 223
sync/sessions/sync_session_unittest.cc 350 420
sync/sessions/test_util.cc 50
sync/sync.gyp
