content/browser/bluetooth/bluetooth_device_chooser_controller.cc 31 253 277 282 283 284 285 286 287 288 289 290 291 292 293 294 295 296 297 298 299 300 301 302 303 304 312 326 509 510 514 519 524 529 552
content/browser/bluetooth/web_bluetooth_service_impl.cc 246 247 248 249 250 251 252 253 254 255 256 257 258 259 260 261 262 263 264 265 266 267 268 269 270 271 272 273 274 275 276 277 278 279 280 281 626 627 628 629 630 631 632 633 634 635 636 637 638 639 640 641 642 643 644 645 646 647 648 649 650 651 652 653
content/browser/bluetooth/web_bluetooth_service_impl.h 19 75 76 77 78 79 188
device/bluetooth/bluetooth_adapter.cc 268 269 270 271 272
device/bluetooth/bluetooth_adapter.h 589
device/bluetooth/public/mojom/test/fake_bluetooth.mojom 152 153 154
device/bluetooth/test/fake_central.cc 122 123 124 125 126 127 128 129 130 131 132 133 134 135 136 137 138 139 140 141 142 143 144 145 146 147 148 149 150 151 152 153 154 155 156 157 158 159 160 161 162 504 505 506
device/bluetooth/test/fake_central.h 42
third_party/blink/public/mojom/bluetooth/web_bluetooth.mojom 181 182 183
third_party/blink/renderer/modules/bluetooth/bluetooth.cc 142 143 144 145 146 147 148 149 150 151 152 153 154 155 156 212 328 447 448 449 450 451 452 453 454 455 456
third_party/blink/renderer/modules/bluetooth/bluetooth.h 35 80 81
third_party/blink/renderer/modules/bluetooth/bluetooth.idl 12
third_party/blink/web_tests/external/wpt/bluetooth/adapter/adapter-absent-getAvailability.https.window.js 1 2 3 4 5 6 7 8 9 10 11 12 13 14 15 16
third_party/blink/web_tests/external/wpt/bluetooth/adapter/adapter-added-getAvailability.https.window.js 1 2 3 4 5 6 7 8 9 10 11 12 13 14 15 16 17 18 19 20 21 22 23 24
third_party/blink/web_tests/external/wpt/bluetooth/adapter/adapter-powered-off-getAvailability.https.window.js 1 2 3 4 5 6 7 8 9 10 11 12 13 14 15 16 17
third_party/blink/web_tests/external/wpt/bluetooth/adapter/adapter-powered-on-getAvailability.https.window.js 1 2 3 4 5 6 7 8 9 10 11 12 13 14 15 16 17
third_party/blink/web_tests/external/wpt/bluetooth/adapter/adapter-powered-on-off-on-getAvailability.https.window.js 1 2 3 4 5 6 7 8 9 10 11 12 13 14 15 16 17 18 19 20 21 22 23 24 25 26 27 28 29 30 31 32 33 34 35 36 37 38
third_party/blink/web_tests/external/wpt/bluetooth/adapter/adapter-removed-getAvailability.https.window.js 1 2 3 4 5 6 7 8 9 10 11 12 13 14 15 16 17 18 19 20 21 22 23 24 25
third_party/blink/web_tests/external/wpt/bluetooth/adapter/cross-origin-iframe-getAvailability.sub.https.window.js 1 2 3 4 5 6 7 8 9 10 11 12 13 14 15 16 17 18 19 20 21 22 23 24 25 26 27 28 29 30 31 32
third_party/blink/web_tests/external/wpt/bluetooth/idl/idlharness.tentative.https.window-expected.txt 2 11 23
third_party/blink/web_tests/external/wpt/bluetooth/resources/health-thermometer-iframe.html 12 13 14 15
third_party/blink/web_tests/external/wpt/resources/chromium/web-bluetooth-test.js 85 109 110 111 117 118 210 211 212 213 214 215 216 217 218 219
third_party/blink/web_tests/platform/mac/virtual/stable/webexposed/global-interface-listing-platform-specific-expected.txt 9
third_party/blink/web_tests/platform/win/virtual/stable/webexposed/global-interface-listing-platform-specific-expected.txt 9
third_party/blink/web_tests/webexposed/global-interface-listing-platform-specific-expected.txt 10
