chrome/browser/resource_coordinator/local_site_characteristics_data_impl.cc 133 134 135 136 137 138 139 140 141 142 143
chrome/browser/resource_coordinator/local_site_characteristics_data_impl.h 116 117 118 119 120 121
chrome/browser/resource_coordinator/local_site_characteristics_data_reader.h 35 36
chrome/browser/resource_coordinator/local_site_characteristics_data_unittest_utils.cc 7 8 9 10 11 12 13 17 18 19 20 21 22 23 24 25 26 27 28 29 30 31 32 33 34 35 36 37 38 39 40 41 42 43 44 45 46 47 48 49 50 51 52 53 54 55 56 57 58 59 85 86 87 88 89 90 91 92 93 94 95 96 97 98 99 100 101 102 103 104
chrome/browser/resource_coordinator/local_site_characteristics_data_unittest_utils.h 8 10 12 14 17 18 19 20 24 25 26 27 28 29 30 31 32 33 34 35 36 37 38 39 40 41 42 80 81 82 83 84 85 86 87 88 89 90 91 92
chrome/browser/resource_coordinator/local_site_characteristics_data_writer.h 34 35 36 37
chrome/browser/resource_coordinator/local_site_characteristics_database_browsertest.cc 124 126 443 445
chrome/browser/resource_coordinator/local_site_characteristics_webcontents_observer.cc 9 101
chrome/browser/resource_coordinator/local_site_characteristics_webcontents_observer.h 64
chrome/browser/resource_coordinator/local_site_characteristics_webcontents_observer_unittest.cc 9 77 79 83 100
chrome/browser/resource_coordinator/tab_helper.h 55 56 57 58 59 60 61
chrome/browser/resource_coordinator/tab_lifecycle_unit.cc 19 26 153 154 155 156 157 158 159 160 161 162 163 164 165 166 167 168 169 170 171 172 173 174 175 176 177 178 179 180 181 182 183 184 185 186 187 188 189 190 191 192 193 194 195 196 197 198 199 200 201 202 203 204 205 206 207 438 439 440 441 442 443 448 537 538 539 540 541 542 543 544
chrome/browser/resource_coordinator/tab_lifecycle_unit_source_unittest.cc 16 91 92 103 120 136 137 151 153 154 155 156 157 162 163 181 183 184 185 205 206 225 237 238 242 282 292 295 320 322 349 351 362 364 383 385 396 399 421 424 435 438 460 461 522 526 587 596 665 668 680 683 700 711 714 724 735 738
chrome/browser/resource_coordinator/tab_lifecycle_unit_unittest.cc 14 15 16 71 80 85 88 101 102 103 104 105 106 113 114 115 116 117 118 119 120 121 122 123 124 125 126 127 128 129 130 133 146 147 148 149 150 151 152 153 154 155 156 157 158 159 160 161 162 163 164 165 166 167 168 169 170 171 172 173 174 175 176 177 178 179 180 181 182 183 184 185 186 187 188 189 232 240 266 267 269 270 271 272 273 274 279 280 362 363 364 365 366 367 368 369 370 371 372 373 374 375 376 377 378 379 380 381 382 383 384 385 386 387 388 389 390 391 392 413 419 424 429 435
chrome/browser/resource_coordinator/tab_manager_browsertest.cc 11 17 24 130 131 152 154 155 163 165 166 167 168 294
chrome/browser/resource_coordinator/tab_manager_unittest.cc 28 29 116 128 132 133 134 135 136 137 138 143 158 170
chrome/browser/resource_coordinator/test_lifecycle_unit.cc 127 128 129 130
chrome/browser/resource_coordinator/utils.cc 15 16 17 18 19
chrome/browser/resource_coordinator/utils.h 10 19 20 21 22
chrome/test/BUILD.gn 703 704
