chrome/browser/extensions/extension_debugger_api.cc 37 381
chrome/browser/ui/webui/chrome_web_ui_controller_factory.cc 57 461
chrome/browser/ui/webui/chrome_web_ui_controller_factory.h 1 5 6 56
chrome/common/chrome_content_client.cc 22 350 351 352 353 354 355
chrome/common/chrome_content_client.h 1 26
chrome/renderer/chrome_content_renderer_client.cc
content/browser/site_instance_impl_unittest.cc 24 56 60 68 69 70 71 72 73 74 75 76 77 113 118 119 128 139 141
content/browser/tab_contents/render_view_host_manager_unittest.cc 25 64 65 77 82 96 97 98 99 100 101 102 103 104 105 135 136 145 183 185
content/browser/tab_contents/tab_contents_unittest.cc 28 54 67 72 77 78 79 80 81 82 83 84 85 86 87 271 280 281 289 294 297
content/public/browser/web_ui_controller_factory.h 1 38 39
content/public/common/content_client.h 1 97 98 99 100
content/renderer/media/audio_renderer_impl_unittest.cc 40 41
content/renderer/render_process.h 1 51 52 53 54 55 56 57
content/renderer/render_process_impl.cc 41 42 102 103 104 105 106 107 108 109
content/renderer/render_process_impl.h 1 31 32 75 76 77 78
content/renderer/render_view_browsertest.cc 13 22 64 65 66 67 68 69 70 71 72 73 74 75 76 77 78 79 80 81 82 83 84 85 86 87 88 89 90 91 92 93 94 95 96 97 98 99 100 101 102 103 104 105 106 107 108 109 110 111 112 113 114 115 116 117 118 119 120 121 122 123 124 125 126 127 128 129 130 131 132 133 134 135 136 137 138 139 140 141 142 143 144 145 146 147 148 149 150 151 152 153 154 155 156 157 158 159
content/renderer/render_view_impl.cc 43 2320 2321 2323 2324 2325 2326 2327 2328 2332 2334 2335 2336 2337 2338 2339 2340 2341 2343 2344 2345 2346 2350 2351 2352 2353 2354 2355 2356 2357 2358 4091 4092 4093
content/renderer/render_view_impl.h 696 782
content/shell/shell_content_client.cc 1 30 31 32 33 34
content/shell/shell_content_client.h 1 24
content/test/mock_render_process.cc 1 11 12 41 42 43 44 45 46 47 48
content/test/mock_render_process.h 1 24 25 30
content/test/mock_render_thread.cc 16 76 77 78 79 83 84 85 86 187 188 189 190 191 192 193 194 195 196 197 206
content/test/mock_render_thread.h 15 16 24 26 97 98 99 100 117 118 119 120 121 122 123 124 125 143 144 147 148 149
content/test/render_view_test.cc 50 137
content/test/test_content_client.cc 38 39 40 41
content/test/test_content_client.h 1 25
content/test/webrtc_audio_device_test.cc 56 57
