chrome/browser/printing/print_preview_message_handler.cc 217 218 219 220 221 222 223 244 245
chrome/browser/printing/print_preview_message_handler.h 63
chrome/browser/resources/print_preview/fit_to_page_settings.js 1 2 3 4 5 6 7 8 9 10 11 12 13 14 15 16 17 18 19 20 21 22 23 24 25 26 27 28 29 30 31 32 33 34 35 36 37 38 39 40 41 42 43 44 45 46 47 48 49 50 51 52 53 54 55 56 57 58 59 60 61 62 63 64 65 66 67 68 69 70 71 72 73 74 75 76 77 78 79 80 81 82 83 84 85 86 87 88 89 90 91 92 93 94 95 96 97 98 99 100 101 102 103 104 105 106 107 108 109 110 111 112 113 114
chrome/browser/resources/print_preview/header_footer_settings.html
chrome/browser/resources/print_preview/header_footer_settings.js 79 80 81 82 115 116 121 122
chrome/browser/resources/print_preview/more_options.html 1 2 3 4 5 6 7 8 9 10 11 12 13 14 15 16 17
chrome/browser/resources/print_preview/more_options.js 1 2 3 4 5 6 7 8 9 10 11 12 13 14 15 16 17 18 19 20 21 22 23 24 25 26 27 28 29 30 31 32 33 34 35 36 37 38 39 40 41 42 43 44 45 46 47 48 49 50 51 52 53 54 55 56 57 58 59 60 61 62 63 64 65 66 67 68 69 70 71 72 73 74 75 76 77 78 79 80 81 82 83 84 85 86 87 88 89 90 91 92 93
chrome/browser/resources/print_preview/preview_area.js 174
chrome/browser/resources/print_preview/print_preview.html 46
chrome/browser/resources/print_preview/print_preview.js 83 84 85 86 87 88 89 129 130 145 146 192 193 293 294 295 296 297 298 299 300 301 302 315 327 344 345 346 424 425 426 427 428 429 430 431 432 433 472 621 623 646 648 649 650 651 652 653 654 877 878 879 880 964 965 1035 1036 1259 1267
chrome/browser/ui/webui/print_preview/print_preview_data_source.cc 125 126
chrome/browser/ui/webui/print_preview/print_preview_ui.cc 324 325 326 327
chrome/browser/ui/webui/print_preview/print_preview_ui.h 143 144 145 146
chrome/common/print_messages.cc 27 53
chrome/common/print_messages.h 419 420 421 422
chrome/renderer/print_web_view_helper.cc 348 349 350 351 352 353 354 355 356 911 912 913 914 915 916 917 918 919 920 921 922 923 924 925 926 927 928 929 930 931 932 933 934 935 936 937 938 939 940 975 976 977 978 979 980 981 982 983 984 1428 1479 1480 1522 1523 1524 1525 1532 1533
chrome/renderer/print_web_view_helper.h 163 164 165 166 167 168 169 170 171 172 173
chrome/test/data/webui/print_preview.js 26 124 198 199 200 201 202 203 204 262 263 264 265 266 267 268 269 270 271 292 293 294 295 296 297 298 299 300 301 302 303 304 305 306 307 308 309 310 311 312 313 314 315 316 317 318 319 320 321 322 323 324 325 326 327 328 329 330 331 332 333 334 335 336 337 338 339 340 341 342 343 344 345 346 347 348 349 350 351 352 353 354 355 356 357 358 359 360 361 362 363 364 365 366 367 368 369 370 371 372 373 374 375 376 377 378 379 380 381 382 383 384 385 386 387 388 389 390 391 392 393 394 395 396 397 398 399 400 401 402 403 404 405 414 425 436 448
printing/print_job_constants.cc 45 46 47 48
printing/print_job_constants.h 25
