third_party/WebKit/LayoutTests/ChangeLog 1 2 3 4 5 6 7 8 9 10 11 12 13 14 15 16 17 18 19 20 21 22 23 24 25 26 27 28 29 30 31 32 33 34 35 36 37 38 39 40 41 42 43 44 45 46 47 48 49 50
third_party/WebKit/LayoutTests/platform/qt-5.0-wk2/compositing/columns/composited-in-paginated-expected.txt 10
third_party/WebKit/LayoutTests/platform/qt-5.0-wk2/compositing/geometry/bounds-ignores-hidden-composited-descendant-expected.txt 24
third_party/WebKit/LayoutTests/platform/qt-5.0-wk2/compositing/iframes/become-composited-nested-iframes-expected.txt 51 120 148
third_party/WebKit/LayoutTests/platform/qt-5.0-wk2/compositing/iframes/become-overlapped-iframe-expected.txt 31 48
third_party/WebKit/LayoutTests/platform/qt-5.0-wk2/compositing/iframes/composited-parent-iframe-expected.txt 31
third_party/WebKit/LayoutTests/platform/qt-5.0-wk2/compositing/iframes/connect-compositing-iframe-delayed-expected.txt 33 50
third_party/WebKit/LayoutTests/platform/qt-5.0-wk2/compositing/iframes/connect-compositing-iframe-expected.txt 31 48
third_party/WebKit/LayoutTests/platform/qt-5.0-wk2/compositing/iframes/connect-compositing-iframe2-expected.txt 31 48
third_party/WebKit/LayoutTests/platform/qt-5.0-wk2/compositing/iframes/connect-compositing-iframe3-expected.txt 31
third_party/WebKit/LayoutTests/platform/qt-5.0-wk2/compositing/iframes/enter-compositing-iframe-expected.txt 31 48
third_party/WebKit/LayoutTests/platform/qt-5.0-wk2/compositing/iframes/iframe-resize-expected.txt 31 48
third_party/WebKit/LayoutTests/platform/qt-5.0-wk2/compositing/iframes/invisible-nested-iframe-show-expected.txt 50 79
third_party/WebKit/LayoutTests/platform/qt-5.0-wk2/compositing/iframes/overlapped-iframe-expected.txt 31 48
third_party/WebKit/LayoutTests/platform/qt-5.0-wk2/compositing/iframes/overlapped-nested-iframes-expected.txt 51 120 149
third_party/WebKit/LayoutTests/platform/qt-5.0-wk2/compositing/iframes/resizer-expected.txt 31
third_party/WebKit/LayoutTests/platform/qt-5.0-wk2/compositing/iframes/scrolling-iframe-expected.txt 32 49
third_party/WebKit/LayoutTests/platform/qt-5.0-wk2/compositing/layer-creation/fixed-position-and-transform-expected.txt 10 15
third_party/WebKit/LayoutTests/platform/qt-5.0-wk2/compositing/layer-creation/fixed-position-under-transform-expected.txt 17
third_party/WebKit/LayoutTests/platform/qt-5.0-wk2/compositing/layer-creation/no-compositing-for-preserve-3d-expected.txt 19
third_party/WebKit/LayoutTests/platform/qt-5.0-wk2/compositing/overflow/content-gains-scrollbars-expected.txt
third_party/WebKit/LayoutTests/platform/qt-5.0-wk2/compositing/overflow/overflow-scrollbar-layers-expected.txt
third_party/WebKit/LayoutTests/platform/qt-5.0-wk2/compositing/rtl/rtl-absolute-overflow-expected.txt 11
third_party/WebKit/LayoutTests/platform/qt-5.0-wk2/compositing/rtl/rtl-fixed-overflow-expected.txt 11
third_party/WebKit/LayoutTests/platform/qt-5.0-wk2/compositing/rtl/rtl-fixed-overflow-scrolled-expected.txt 11
third_party/WebKit/LayoutTests/platform/qt-5.0-wk2/compositing/rtl/rtl-iframe-absolute-overflow-expected.txt 29
third_party/WebKit/LayoutTests/platform/qt-5.0-wk2/compositing/rtl/rtl-iframe-absolute-overflow-scrolled-expected.txt 29
third_party/WebKit/LayoutTests/platform/qt-5.0-wk2/compositing/rtl/rtl-iframe-fixed-overflow-expected.txt 29
third_party/WebKit/LayoutTests/platform/qt-5.0-wk2/compositing/rtl/rtl-iframe-fixed-overflow-scrolled-expected.txt 29
third_party/WebKit/LayoutTests/platform/qt-5.0-wk2/compositing/tiled-layers-hidpi-expected.txt 10
third_party/WebKit/LayoutTests/platform/qt-5.0-wk2/compositing/tiling/crash-reparent-tiled-layer-expected.txt 17
third_party/WebKit/LayoutTests/platform/qt-5.0-wk2/compositing/tiling/huge-layer-add-remove-child-expected.txt 36
third_party/WebKit/LayoutTests/platform/qt-5.0-wk2/compositing/tiling/huge-layer-with-layer-children-expected.txt 18 23
third_party/WebKit/LayoutTests/platform/qt-5.0-wk2/compositing/tiling/huge-layer-with-layer-children-resize-expected.txt 18 23 48 53 78 83
third_party/WebKit/LayoutTests/platform/qt/compositing/backing/no-backing-for-clip-expected.txt 28
third_party/WebKit/LayoutTests/platform/qt/compositing/backing/no-backing-for-clip-overlap-expected.txt 20 38
third_party/WebKit/LayoutTests/platform/qt/compositing/backing/no-backing-for-perspective-expected.txt 22
third_party/WebKit/LayoutTests/platform/qt/compositing/geometry/preserve-3d-switching-expected.txt 20
