third_party/WebKit/LayoutTests/ChangeLog 1 2 3 4 5 6 7 8 9 10 11 12 13 14 15 16 17 18 19 20 21 22 23 24 25
third_party/WebKit/LayoutTests/http/tests/security/XFrameOptions/x-frame-options-deny-expected.txt 4
third_party/WebKit/LayoutTests/http/tests/security/XFrameOptions/x-frame-options-deny-meta-tag-expected.txt
third_party/WebKit/LayoutTests/http/tests/security/XFrameOptions/x-frame-options-deny-meta-tag-in-body-expected.txt
third_party/WebKit/LayoutTests/http/tests/security/XFrameOptions/x-frame-options-deny-meta-tag-in-body.html 9 10 11 12
third_party/WebKit/LayoutTests/http/tests/security/XFrameOptions/x-frame-options-deny-meta-tag-parent-same-origin-deny-expected.txt
third_party/WebKit/LayoutTests/http/tests/security/XFrameOptions/x-frame-options-deny-meta-tag-parent-same-origin-deny.html 9 10 11 12
third_party/WebKit/LayoutTests/http/tests/security/XFrameOptions/x-frame-options-deny-meta-tag.html 10 11 12 13
third_party/WebKit/LayoutTests/http/tests/security/XFrameOptions/x-frame-options-deny.html 10
third_party/WebKit/LayoutTests/http/tests/security/XFrameOptions/x-frame-options-multiple-headers-sameorigin-deny-expected.txt
third_party/WebKit/LayoutTests/http/tests/security/XFrameOptions/x-frame-options-multiple-headers-sameorigin-deny.html 14
third_party/WebKit/LayoutTests/http/tests/security/XFrameOptions/x-frame-options-parent-same-origin-deny-expected.txt 4
third_party/WebKit/LayoutTests/http/tests/security/XFrameOptions/x-frame-options-parent-same-origin-deny.html 10
third_party/WebKit/LayoutTests/platform/chromium/http/tests/security/XFrameOptions/x-frame-options-deny-expected.txt 3
third_party/WebKit/LayoutTests/platform/chromium/http/tests/security/XFrameOptions/x-frame-options-deny-meta-tag-expected.txt
third_party/WebKit/LayoutTests/platform/chromium/http/tests/security/XFrameOptions/x-frame-options-deny-meta-tag-in-body-expected.txt
third_party/WebKit/LayoutTests/platform/chromium/http/tests/security/XFrameOptions/x-frame-options-deny-meta-tag-parent-same-origin-deny-expected.txt
third_party/WebKit/LayoutTests/platform/chromium/http/tests/security/XFrameOptions/x-frame-options-multiple-headers-sameorigin-deny-expected.txt
third_party/WebKit/LayoutTests/platform/chromium/http/tests/security/XFrameOptions/x-frame-options-parent-same-origin-deny-expected.txt 3
third_party/WebKit/Source/WebCore/ChangeLog 1 2 3 4 5 6 7 8 9 10 11
third_party/WebKit/Source/WebCore/dom/Document.cpp 2951
third_party/WebKit/Source/WebCore/loader/DocumentLoader.cpp
