content/renderer/media/stream/webmediaplayer_ms.cc 847
content/renderer/media/stream/webmediaplayer_ms.h 166
content/renderer/media_capture_from_element/html_video_element_capturer_source_unittest.cc 79
media/blink/multibuffer_data_source.cc 289 290
media/blink/multibuffer_data_source.h 82 83 84
media/blink/multibuffer_data_source_unittest.cc 1496 1501 1511 1514 1516 1517 1518 1519 1520 1521 1522 1523 1524 1525 1526 1527 1528 1529 1530 1531 1532 1533 1534 1535 1536 1537 1538 1539 1540 1541 1542 1543 1544 1545 1546 1547 1548 1549 1550 1551 1553 1554 1555 1556 1557 1558 1559 1560 1561 1562 1563 1564 1565 1566 1567 1568 1569 1570 1571 1572 1573 1574 1575 1576 1577 1578 1579 1580 1581 1582 1583 1584 1585 1586 1587 1588 1589 1590 1591 1592 1593
media/blink/resource_multibuffer_data_provider.cc 283 284 338 339 340
media/blink/url_index.cc 105 106 123 124 126
media/blink/url_index.h 128 129 149 242 243
media/blink/webmediaplayer_impl.cc 1190 1191 1192 1193 1194 1195 1196 1197 1198
media/blink/webmediaplayer_impl.h 191 332 333
third_party/WebKit/LayoutTests/external/wpt/service-workers/service-worker/fetch-audio-tainting.https.html 1 2 3 4 5 6 7 8 9 10 11 12 13 14 15 16 17 18 19 20 21 22 23 24 25 26 27 28 29 30 31 32 33 34 35 36 37 38 39 40 41 42 43 44 45 46 47
third_party/WebKit/LayoutTests/external/wpt/service-workers/service-worker/fetch-canvas-tainting-video-cache.https-expected.txt
third_party/WebKit/LayoutTests/external/wpt/service-workers/service-worker/fetch-canvas-tainting-video.https-expected.txt
third_party/blink/public/platform/web_media_player.h 210 211 212 213
third_party/blink/renderer/core/html/media/html_media_element.cc 1509 1510 1512 1513 1516
third_party/blink/renderer/core/html/media/html_media_element.h
third_party/blink/renderer/modules/webaudio/base_audio_context.cc
third_party/blink/renderer/modules/webaudio/base_audio_context.h
third_party/blink/renderer/modules/webaudio/media_element_audio_source_node.cc 139
third_party/blink/renderer/platform/testing/empty_web_media_player.h 53
