third_party/WebKit/LayoutTests/ChangeLog 1 2 3 4 5 6 7 8 9 10 11 12 13 14
third_party/WebKit/LayoutTests/fast/mediastream/RTCPeerConnection-createOffer.html 22 34
third_party/WebKit/LayoutTests/fast/mediastream/RTCPeerConnection-localDescription-expected.txt
third_party/WebKit/LayoutTests/fast/mediastream/RTCPeerConnection-localDescription.html
third_party/WebKit/LayoutTests/fast/mediastream/RTCPeerConnection-remoteDescription-expected.txt
third_party/WebKit/LayoutTests/fast/mediastream/RTCPeerConnection-remoteDescription.html
third_party/WebKit/Source/Platform/ChangeLog 1 2 3 4 5 6 7 8 9 10 11 12 13 14
third_party/WebKit/Source/Platform/Platform.gypi
third_party/WebKit/Source/Platform/chromium/public/WebRTCPeerConnectionHandler.h
third_party/WebKit/Source/Platform/chromium/public/WebRTCVoidRequest.h
third_party/WebKit/Source/WebCore/CMakeLists.txt
third_party/WebKit/Source/WebCore/ChangeLog 1 2 3 4 5 6 7 8 9 10 11 12 13 14 15 16 17 18 19 20 21 22 23 24 25 26 27 28 29 30 31 32 33 34 35 36 37 38 39 40 41 42 43 44 45 46 47 48 49
third_party/WebKit/Source/WebCore/GNUmakefile.list.am
third_party/WebKit/Source/WebCore/Modules/mediastream/RTCErrorCallback.h 41 42 46
third_party/WebKit/Source/WebCore/Modules/mediastream/RTCErrorCallback.idl 37
third_party/WebKit/Source/WebCore/Modules/mediastream/RTCPeerConnection.cpp 154
third_party/WebKit/Source/WebCore/Modules/mediastream/RTCPeerConnection.h
third_party/WebKit/Source/WebCore/Modules/mediastream/RTCPeerConnection.idl
third_party/WebKit/Source/WebCore/Modules/mediastream/RTCSessionDescriptionCallback.h 40 46
third_party/WebKit/Source/WebCore/Modules/mediastream/RTCSessionDescriptionCallback.idl 37
third_party/WebKit/Source/WebCore/Modules/mediastream/RTCSessionDescriptionRequestImpl.cpp 45 47 52 56 68 77 91
third_party/WebKit/Source/WebCore/Modules/mediastream/RTCSessionDescriptionRequestImpl.h 47 57 63
third_party/WebKit/Source/WebCore/Modules/mediastream/RTCVoidRequestImpl.cpp
third_party/WebKit/Source/WebCore/Modules/mediastream/RTCVoidRequestImpl.h
third_party/WebKit/Source/WebCore/WebCore.gypi
third_party/WebKit/Source/WebCore/platform/chromium/support/WebRTCVoidRequest.cpp
third_party/WebKit/Source/WebCore/platform/mediastream/RTCPeerConnectionHandler.cpp 70
third_party/WebKit/Source/WebCore/platform/mediastream/RTCPeerConnectionHandler.h 52 64
third_party/WebKit/Source/WebCore/platform/mediastream/RTCVoidRequest.h
third_party/WebKit/Source/WebCore/platform/mediastream/chromium/RTCPeerConnectionHandlerChromium.cpp
third_party/WebKit/Source/WebCore/platform/mediastream/chromium/RTCPeerConnectionHandlerChromium.h
third_party/WebKit/Tools/ChangeLog 1 2 3 4 5 6 7 8 9 10 11 12 13 14 15 16 17 18 19
third_party/WebKit/Tools/DumpRenderTree/chromium/MockWebRTCPeerConnectionHandler.cpp 45 46 47 48 49 50 52 53 54 55 57 58 59 60 61 63 64 65 66 120 122
third_party/WebKit/Tools/DumpRenderTree/chromium/MockWebRTCPeerConnectionHandler.h 65 67 68 69 70 71 72 73 74 75 76 77 78 79 80 81 82 83 84 85
