third_party/WebKit/Source/core/editing/SimplifyMarkupCommand.cpp 80
third_party/WebKit/Source/core/rendering/RenderBlock.cpp 288 351
third_party/WebKit/Source/core/rendering/RenderBlockFlow.cpp 1817 1833 1858
third_party/WebKit/Source/core/rendering/RenderBox.cpp 146 147 156 212
third_party/WebKit/Source/core/rendering/RenderFlexibleBox.cpp 216
third_party/WebKit/Source/core/rendering/RenderLayer.cpp 3800 3809 3814
third_party/WebKit/Source/core/rendering/RenderLayerModelObject.cpp 101 108
third_party/WebKit/Source/core/rendering/RenderObject.cpp 1869 1870 1871 1872 1873 1874 1879 1881 1882 1883 1886 1889 1890 1891 1894 1896 1901 1904 1908 1909 1910 1911 1963 1998 1999 2001 2002 2003 2004 2005 2006 2009 2043 2049 2066 2070 2072 2140 2151 2155 2156
third_party/WebKit/Source/core/rendering/RenderScrollbarPart.cpp 154
third_party/WebKit/Source/core/rendering/RenderTableRow.cpp 82
third_party/WebKit/Source/core/rendering/RenderText.cpp 196
third_party/WebKit/Source/core/rendering/RenderTextControlSingleLine.cpp 244
third_party/WebKit/Source/core/rendering/style/RenderStyle.cpp 370 371 372 373 374 382 601 606
third_party/WebKit/Source/core/rendering/style/RenderStyle.h 44 1783 1784 1785
third_party/WebKit/Source/core/rendering/style/RenderStyleConstants.h 47 59
third_party/WebKit/Source/core/rendering/style/SVGRenderStyle.cpp 121
third_party/WebKit/Source/core/rendering/style/SVGRenderStyle.h 51
third_party/WebKit/Source/core/rendering/style/StyleDifference.h 1 2 3 4 5 6 7 8 9 10 11 12 13 14 15 16 17 18 19 20 21 22 23 24 25 26 27 28 29 30 31 32 33 34 35 36 37 38 39 40 41 42 43 44 45 46 47 48 49 50 51 52 53 54 55 56 57 58 59 60 61 62 63 64 65 66 67 68 69 70 71 72 73 74 75 76 77 78 79 80 81 82 83 84 85 86 87 88 89 90 91 92 93 94 95 96 97 98 99 100 101 102 103 104 105 106 107 108 109 110 111 112 113 114 115 116 117 118 119 120 121 122 123 124 125 126 127 128 129 130 131 132 133 134
third_party/WebKit/Source/core/rendering/svg/RenderSVGBlock.cpp 81
third_party/WebKit/Source/core/rendering/svg/RenderSVGGradientStop.cpp 45
third_party/WebKit/Source/core/rendering/svg/RenderSVGInline.cpp 128
third_party/WebKit/Source/core/rendering/svg/RenderSVGInlineText.cpp 92
third_party/WebKit/Source/core/rendering/svg/RenderSVGModelObject.cpp 103
third_party/WebKit/Source/core/rendering/svg/RenderSVGResourceContainer.cpp 230 231 232 233
third_party/WebKit/Source/core/rendering/svg/RenderSVGResourceFilterPrimitive.cpp 43
third_party/WebKit/Source/core/rendering/svg/RenderSVGRoot.cpp 285 287 288
third_party/WebKit/Source/core/rendering/svg/SVGInlineTextBox.cpp 684 685 686 687 688 692 693 694 695 696
third_party/WebKit/Source/core/rendering/svg/SVGResourcesCache.cpp 125 129
third_party/WebKit/Source/core/rendering/svg/SVGResourcesCache.h 23
