services/device/generic_sensor/fake_platform_sensor_and_provider.cc 15 16 17 18 19 72 74 75 76 81 85
services/device/generic_sensor/fake_platform_sensor_and_provider.h 18 54 58
services/device/generic_sensor/platform_sensor.cc 19 22 107 122
services/device/generic_sensor/platform_sensor.h 81 109
services/device/generic_sensor/platform_sensor_accelerometer_mac.cc 38 40
services/device/generic_sensor/platform_sensor_accelerometer_mac.h 26
services/device/generic_sensor/platform_sensor_ambient_light_mac.cc 53 55
services/device/generic_sensor/platform_sensor_ambient_light_mac.h 24
services/device/generic_sensor/platform_sensor_android.cc 17 20
services/device/generic_sensor/platform_sensor_android.h 17
services/device/generic_sensor/platform_sensor_fusion.cc 17 21 30 36 43 77 85 92 96 101 105
services/device/generic_sensor/platform_sensor_fusion.h 41 67
services/device/generic_sensor/platform_sensor_fusion_unittest.cc 88 89 90
services/device/generic_sensor/platform_sensor_linux.cc 28 32
services/device/generic_sensor/platform_sensor_linux.h 23
services/device/generic_sensor/platform_sensor_provider_android.cc 48 57 60 63 76 93 105 113 125 133 144 153 165
services/device/generic_sensor/platform_sensor_provider_android.h 25 31 35 39
services/device/generic_sensor/platform_sensor_provider_base.cc 38 39 40 52 70 73 74 75 76 77 78 79 80 81 82 83 84 85 86 93 163 164 165 166 167 168 169 170 171 172
services/device/generic_sensor/platform_sensor_provider_base.h 48 62 79
services/device/generic_sensor/platform_sensor_provider_linux.cc 56 64 84 89 101 204 205 206 207 208 246 269
services/device/generic_sensor/platform_sensor_provider_linux.h 40 58 95
services/device/generic_sensor/platform_sensor_provider_mac.cc 30 36 42 50 62
services/device/generic_sensor/platform_sensor_provider_mac.h 21
services/device/generic_sensor/platform_sensor_provider_win.cc 64 80 81 92 121 131
services/device/generic_sensor/platform_sensor_provider_win.h 42 55
services/device/generic_sensor/platform_sensor_win.cc 17 21
services/device/generic_sensor/platform_sensor_win.h 30
