chrome/common/chrome_content_client.cc 405 406 407 408 409 410 411 412 413
content/browser/gpu/browser_gpu_channel_host_factory.cc 29 187 195
content/browser/gpu/browser_gpu_channel_host_factory.h
content/browser/gpu/gpu_process_host.cc 514 748
content/browser/gpu/gpu_process_host.h
content/browser/renderer_host/gpu_message_filter.cc 180
content/browser/renderer_host/gpu_message_filter.h
content/common/gpu/client/command_buffer_proxy_impl.cc 23 24 25 26 241 242 243 244 245 246 247 270 271 272 273 274 275 276 277 278 279 283
content/common/gpu/client/gpu_channel_host.cc 96 99 107
content/common/gpu/client/gpu_channel_host.h 16 87 92 155 156 185
content/common/gpu/client/webgraphicscontext3d_command_buffer_impl.cc 486 488
content/common/gpu/gpu_channel.cc
content/common/gpu/gpu_channel.h 65
content/common/gpu/gpu_command_buffer_stub.cc 26 27 28 29 509 510 511 512 513 514 515 516 518 556
content/common/gpu/gpu_messages.h 219
content/common/gpu/media/dxva_video_decode_accelerator.cc 147 497
content/common/gpu/media/dxva_video_decode_accelerator.h 42 43
content/common/gpu/media/gpu_video_decode_accelerator.cc 119 135
content/common/gpu/media/gpu_video_decode_accelerator.h 50
content/common/gpu/media/video_decode_accelerator_unittest.cc 658
content/common/np_channel_base.h 15 79
content/common/sandbox_policy.cc 377 378 379 380 381 382 383 390 395 396 397 398 399 400 401 402 466 467 468 469 470 472 473 474 475 476 477 478 482 483 484 485 486 487 488 489 490 491 492 591
content/plugin/plugin_channel.cc 164
content/plugin/plugin_channel.h 1
content/plugin/webplugin_proxy.cc 38 39 40 41 136 137 138 481 486
content/renderer/render_thread_impl.cc 921 932
content/renderer/webplugin_delegate_proxy.cc 21 64 65 66 67 492 493 503 504 505 506 507 508 535 536 540 541 545 546
