third_party/libxml/README.chromium 3
third_party/libxml/chromium/chromium-issue-620679.patch
third_party/libxml/chromium/chromium-issue-683629.patch
third_party/libxml/chromium/libxml2-2.9.4-security-CVE-2017-7376-nanohttp-out-of-bounds-write.patch
third_party/libxml/chromium/libxml2-2.9.4-xmlDumpElementContent-null-deref.patch
third_party/libxml/chromium/libxml_utils.cc 27 37
third_party/libxml/chromium/roll.py 343
third_party/libxml/src/HTMLparser.c 2531 2532 2533 2534 2535 2536 4451 4948
third_party/libxml/src/Makefile.am 208 209 210 211 212 213 232 233 237 255 276 290 304 325 342 364 385 406 427 428 429 430 431 432 433 434 435 436 437 438 439 440 441 442 443 444 445 462 485 503 517 531 534 537 552 555 573 576 579 598 613 630 645 666 685 700 764 779 795 810 828 843 855 869 885 903 918 936 987 1028 1053 1075 1101 1130 1179
third_party/libxml/src/Makefile.in 1910 1911 1912 1913 1914 1915 1934 1935 1939 1957 1978 1992 2006 2027 2044 2066 2087 2108 2129 2130 2131 2132 2133 2134 2135 2136 2137 2138 2139 2140 2141 2142 2143 2144 2145 2146 2147 2164 2187 2205 2219 2233 2236 2239 2254 2257 2275 2278 2281 2300 2315 2332 2347 2368 2387 2402 2466 2481 2497 2512 2530 2545 2557 2571 2587 2605 2620 2638 2689 2730 2755 2777 2803 2832 2881
third_party/libxml/src/buf.c 234
third_party/libxml/src/elfgcchack.h
third_party/libxml/src/gentest.py 785 786 787 788 789 790 791 792 793 794 795 796 797 798 799 800 801 802
third_party/libxml/src/include/libxml/parser.h 1114
third_party/libxml/src/include/libxml/xmlIO.h
third_party/libxml/src/include/libxml/xmlerror.h
third_party/libxml/src/libxml2.spec 197
third_party/libxml/src/macos/src/XMLTestPrefix.h 1
third_party/libxml/src/macos/src/XMLTestPrefix2.h 1
third_party/libxml/src/macos/src/libxml2_GUSIConfig.cp 1
third_party/libxml/src/macos/src/macos_main.c 1
third_party/libxml/src/parser.c 46 1097 1098 1099 1100 1101 1102 3427 3428 3429 3430 3431 3432 3433 3434 3435 3437 3438 5722 5753 5754 5755 5756 5758 5759 5763 6279 8347 9405 9454 9455 9456 9457 9458 9459 9460 9461 9462 9463 9464 9465 9466 9467 9468 9469 9470 9471 9472 9473 9474 9475 9476 9477 9478 9479 9480 9481 9483 9484 9485 9486 9487 9488 9489 9490 9491 9492 9493 9494 9495 9496 9497 9498 9499 9500 9501 9502 9503 9504 9505 9506 9507 9508 9509 9510 9511 9512 9513 9514 9515 9516 9517 9518 9519 9520 9521 9522 9523 9524 9525 9526 9527 9528 9529 9530 9531 9532 9533 9534 9535 9536 9537 9538 9539 9540 9541 9542 9543 9544 9545 9546 9547 9548 9549 9550 9551 9552 9553 9554 9555 9556 9557 9558 9559 9560 9561 9562 9563 9564 9565 9566 9568 9569 9570 9571 9572 9573 9574 9575 9576 9577 9579 9580 9581 9582 9583 9584 9585 9586 9587 9588 9589 9590 9591 9592 9593 9594 9595 9596 9597 9598 9599 9600 9601 9602 9603 9604 9605 9606 9607 9608 9609 9610 9611 9613 9614 9615 9616 9617 9637 9638 9639 9640 9641 9642 9643 9644 9645 9646 9647 9648 9649 9650
third_party/libxml/src/parserInternals.c 722 723 724 725 726 727 728 729 730 731 732 733 734 735 736 836 837 838 839 840 841 842 843 844 845 846 847 848 1105 1106 1107 1108 1109 1110 1111 1113 1237
third_party/libxml/src/pattern.c 972
third_party/libxml/src/runtest.c 1857 1868 1869 1870 1873 1877 1879 1880 1882 1893 1896 1897 4222 4223 4224
third_party/libxml/src/testapi.c 1483 1484 1485 1553 1554 1555 1730 1731 1732 2290 2291 2292 2636 2637 2638 3888 3889 3890 3935 3936 3937 4578 4579 4580 8248 8249 8250 8307 8308 8309 12760 12761 12762 12941 12942 12943 13037 13038 13039 13751 13752 13753 14211 14212 14213 14626 14627 14628 14751 14752 14753 15055 15056 15057 15119 15120 15121 15237 15238 15239 16011 16012 16013 16669 16670 16671 17642 17643 17644 17921 17922 17923 18666 18667 18668 18715 18716 18717 19290 19291 19292 21064 21065 21066 21640 21641 21642 22186 22187 22188 22302 22303 22304 22855 22856 22857 23922 23923 23924 23971 23972 23973 27230 27231 27232 28769 28770 28771 28998 28999 29000 29047 29048 29049 29135 29136 29137 30320 30321 30322 30506 30507 30508 34546 34547 34548 36433 36434 36435 36875 36876 36877 36924 36925 36926 36973 36974 36975 37018 37019 37020 37103 37104 37105 37106 37107 37108 37293 37294 37295 37374 37375 37376 37420 37421 37422 37423 37424 37425 44738 44739 44740 44741 44742 44743 44799 44800 44801 44802 44803 44804 45735 45736 45737
third_party/libxml/src/tree.c 1404 1405 1598 1606
third_party/libxml/src/uri.c 2256 2257 2258 2259 2260 2261 2262 2263 2266 2268 2271 2281 2283 2286 2290 2293 2299 2460
third_party/libxml/src/valid.c 1175 1176 1177 1182 1183 1184 1185 1191 1192 1193 1198 1199 1200 1201 1269 1270 1271 1272 1273 1274 1275 1276 1277 1285 1327 4630 4631 4632 4633 4634 4635 4647
third_party/libxml/src/win32/VC10/README.vc10 1 2 3 4 5 6 7 8 9 10 11 12 13 14 15 16 17 18 19 20 21 22 23 24 25 26 27
third_party/libxml/src/win32/VC10/RuleSet1.ruleset 1 2
third_party/libxml/src/xmlIO.c 3030 3066 4056 4059 4060 4061 4062
third_party/libxml/src/xmlmemory.c 175 176 177 178 179 180 181 253 362 363 364 365 366 367 368 516 517 518 519 520 521 522
third_party/libxml/src/xmlsave.c
third_party/libxml/src/xpath.c 20 3109 3110 4026 4206 4222 4223 4224 4225 4226 4227 4228 4229 4230 4231 4232 4233 4234 4235 4236 4237 4238 4239 4240 4241 4242 4243 4244 4245 4246 4247 4248 4249 4250 4251 4252 4253 4254 4255 4256 4257 4258 4259 4260 4261 6301 6302 6304 6305 6306 6307 6308 6309 6722 6723 6724 6725 6726 6727 6728 8140 8145 8262 8264 8265 8266 8267 8268 8269 8270 8271 8332 8333 8334 8335 8336 8337 8338 8339 8340 8341 8386 8387 8388 8389 8390 8391 8392 8393 8394 8395 9696 9727 9737 9738 9739 9740 9743 9744 9745 9746 9747 9748 9749 9750 9751 10123 10130 10131 10132 10133 10134 10135 10141 10155 10156 10218 10225 10226 10227 10228 10229 10230 10236 10250 10251 10382 10456 10457 10486 10487 12062 12063 12075 12076 12077 12078 12079 12782 12784 12785 12786 12787 12788 12789 12921 12923 12924 12925 12926 12927 12928 13039 13457 13459 13460 13461 13462 13463 13464 13692 13693 13727 13728 14917 14921 14949 14950 14951 14952 14953 14954 14955 14956 14957 14958 14959 14960 14961 14964 14965 14966 14967 15040 15041 15042 15043 15044 15045 15046 15050 15067 15078 15082 15083 15084 15085 15086 15087 15088 15144 15148
third_party/libxml/win32/include/libxml/xmlversion.h 1 2 3 4 5 6 7 8 9 10 11 12 13 14 15 16 17 18 19 20 21 22 23 24 25 26 27 28 29 30 31 32 33 34 35 36 37 38 39 40 41 42 43 44 45 46 47 48 49 50 51 52 53 54 55 56 57 58 59 60 61 62 63 64 65 66 67 68 69 70 71 72 73 74 75 76 77 78 79 80 81 82 83 84 85 86 87 88 89 90 91 92 93 94 95 96 97 98 99 100 101 102 103 104 105 106 107 108 109 110 111 112 113 114 115 116 117 118 119 120 121 122 123 124 125 126 127 128 129 130 131 132 133 134 135 136 137 138 139 140 141 142 143 144 145 146 147 148 149 150 151 152 153 154 155 156 157 158 159 160 161 162 163 164 165 166 167 168 169 170 171 172 173 174 175 176 177 178 179 180 181 182 183 184 185 186 187 188 189 190 191 192 193 194 195 196 197 198 199 200 201 202 203 204 205 206 207 208 209 210 211 212 213 214 215 216 217 218 219 220 221 222 223 224 225 226 227 228 229 230 231 232 233 234 235 236 237 238 239 240 241 242 243 244 245 246 247 248 249 250 251 252 253 254 255 256 257 258 259 260 261 262 263 264 265 266 267 268 269 270 271 272 273 274 275 276 277 278 279 280 281 282 283 284 285 286 287 288 289 290 291 292 293 294 295 296 297 298 299 300 301 302 303 304 305 306 307 308 309 310 311 312 313 314 315 316 317 318 319 320 321 322 323 324 325 326 327 328 329 330 331 332 333 334 335 336 337 338 339 340 341 342 343 344 345 346 347 348 349 350 351 352 353 354 355 356 357 358 359 360 361 362 363 364 365 366 367 368 369 370 371 372 373 374 375 376 377 378 379 380 381 382 383 384 385 386 387 388 389 390 391 392 393 394 395 396 397 398 399 400 401 402 403 404 405 406 407 408 409 410 411 412 413 414 415 416 417 418 419 420 421 422 423 424 425 426 427 428 429 430 431 432 433 434 435 436 437 438 439 440 441 442 443 444 445 446 447 448 449 450 451 452 453 454 455 456 457 458 459 460 461 462 463 464 465 466 467 468 469 470 471 472 473 474 475 476 477 478 479 480 481 482 483 484 485 486 487 488 489
