third_party/WebKit/Source/core/core.gypi
third_party/WebKit/Source/core/streams/ReadableByteStream.cpp
third_party/WebKit/Source/core/streams/ReadableByteStream.h
third_party/WebKit/Source/core/streams/ReadableByteStream.idl
third_party/WebKit/Source/core/streams/ReadableByteStreamReader.h
third_party/WebKit/Source/core/streams/ReadableByteStreamReader.idl
third_party/WebKit/Source/core/streams/ReadableStream.cpp
third_party/WebKit/Source/core/streams/ReadableStream.h
third_party/WebKit/Source/core/streams/ReadableStreamImpl.h
third_party/WebKit/Source/core/streams/ReadableStreamReader.cpp
third_party/WebKit/Source/core/streams/ReadableStreamReader.h
third_party/WebKit/Source/core/streams/ReadableStreamReader.idl
third_party/WebKit/Source/core/streams/ReadableStreamReaderTest.cpp
third_party/WebKit/Source/core/streams/ReadableStreamTest.cpp
third_party/WebKit/Source/core/streams/UnderlyingSource.h
third_party/WebKit/Source/modules/fetch/BodyStreamBuffer.cpp 107 108 109 110 111 112 113 114 115 116 117 119 120 121 122 123 124 125 126 127 128 129 154 155 156 157 158 159 161 162 163 279 291 292 297 298 303 304 309 310 315 316 327 328 329 330 335 342 357 358
third_party/WebKit/Source/modules/fetch/BodyStreamBuffer.h 24
third_party/WebKit/Source/modules/fetch/BodyStreamBufferTest.cpp 503
third_party/WebKit/Source/modules/fetch/FetchRequestData.cpp
third_party/WebKit/Source/modules/fetch/Response.cpp 151 152
third_party/WebKit/Source/platform/RuntimeEnabledFeatures.in
