chrome/browser/net/proxy_browsertest.cc 122 123 124 125 126 127
components/data_reduction_proxy/core/browser/data_reduction_proxy_config.cc 233
components/data_reduction_proxy/core/browser/data_reduction_proxy_config.h 270 271
components/data_reduction_proxy/core/browser/data_reduction_proxy_config_test_utils.cc 13 17 86 87 88 89 90 91
components/data_reduction_proxy/core/browser/data_reduction_proxy_config_test_utils.h 78
components/data_reduction_proxy/core/browser/data_reduction_proxy_interceptor_unittest.cc 232 233 234 235 237 238
headless/lib/headless_devtools_client_browsertest.cc 1090 1091
net/http/http_auth_filter.cc 50 51 52 53 54 55
net/http/http_auth_filter.h
net/http/http_network_transaction_unittest.cc 13970 13976 13977 13981
net/proxy_resolution/parse_proxy_bypass_rules_fuzzer.cc 21 22 23 24 25 26 27 28 29
net/proxy_resolution/proxy_bypass_rules.cc 21 22 23 24 25 26 27 28 29 30 31 32 33 34 35 36 37 38 39 40 41 42 43 44 45 46 47 48 49 50 51 52 53 54 55 56 57 58 59 60 61 62 72 74 77 81 82 99 100 103 104 106 107 108 111 112 113 116 118 119 120 121 122 123 124 125 126 127 128 130 131 132 133 134 140 143 144 145 146 152 154 157 162 166 167 168 178 179 194 195 196 197 214 221 222 223 224 225 226 227 228 229 230 231 232 233 234 235 236 237 238 239 240 241 242 243 244 245 246 247 248 249 250 251 253 254 255 256 257 258 259 285 286 287 288 289 290 291 292 293 294 295 296 297 300 301 304 305 306 307 324 327 328 333 337 338 339 341 345 346 347 348 349 350 359 363 372 374 375 386 394 395 406 418 422 424 426 427 428 429 430 431 432 433 434 435 436 437 438 439 440 441 442 443 444 445 446 447 448 449 450 451 452 453 454 455 456
net/proxy_resolution/proxy_bypass_rules.h 18 19 20 21 22 23 24 25 26 27 28 29 30 31 37 38 39 40 41 42 43 44 45 46 47 48 52 53 55 56 65 66 67 68 69 70 71 72 73 74 75 76 77 78 79 80 94 95 96 97 98 99 100 101 108 109 110 111 129 130 173 174 175 176 177 178 179 180 181 182 183 184 189 190 192 193 194 195 196 197 199 200 201 203 204 206 215 216 217 219
net/proxy_resolution/proxy_bypass_rules_unittest.cc 7 17 18 19 20 21 22 23 24 25 26 27 28 29 30 31 32 33 34 35 36 37 38 39 40 41 42 43 44 45 46 47 48 49 50 51 52 53 54 55 56 57 58 59 60 61 62 63 64 65 66 67 68 69 70 71 72 73 74 75 76 77 78 79 80 81 82 83 84 85 86 87 267 269 270 328 329 330 331 332 333 334 335 336 337 338 339 340 341 342 343 344 345 346 347 348 349 350 351 352 353 354 355 356 397 398 399 400 401 402 403 404 405 406 407 408 409 410 411 412 413 414 415 416 417 418 419 420 421 422 423 424 425 426 427 428 429 430 431 432 433 434 435 436 437 438 439 440 441 442 443 444 445 446 447 448 449 450 451 452 453 454 455 456 457 458 459 460 461 462 463 464 465 466 467 468 469 470 471 472 473 474 475 476 477 478 479 480 481 482 483 484 485 486 487 488 489 490 491
net/proxy_resolution/proxy_config.cc 56 268
net/proxy_resolution/proxy_config.h 155
net/proxy_resolution/proxy_config_service_linux.cc 202 203 384 385 386 676 677 678 1144 1145 1150 1151
net/proxy_resolution/proxy_config_service_linux.h 135 136
net/proxy_resolution/proxy_config_service_linux_unittest.cc 257 258 259
net/proxy_resolution/proxy_resolution_service.cc 937 938 939 1184 1185 1186 1187 1188 1190 1626 1627 1628 1629 1630 1631 1632 1633 1634 1635 1636 1637
net/proxy_resolution/proxy_resolution_service.h 392 393 394 395 396 397
net/proxy_resolution/proxy_resolution_service_unittest.cc 4011 4012 4013 4014 4015 4016 4017 4018 4019 4020 4021 4022 4023 4024 4025 4026 4027 4028 4029 4030 4031 4032 4033 4034 4035 4036 4037 4038 4039 4040 4041 4042 4043 4044 4045 4046 4047 4048 4049 4050 4051 4052 4053 4054 4055 4056 4057 4058 4059 4060 4061 4062 4063 4064 4065 4066 4067 4068 4069 4070 4071 4072 4073 4074 4075 4076 4077 4078 4079 4080 4081 4082 4083 4084 4085 4086 4087 4088 4089 4090 4091 4092 4093 4094 4095 4096 4097 4098 4099 4100 4101 4102 4103 4104 4105 4106 4107 4108 4109 4110 4111 4112 4113 4114 4115 4116 4117 4118 4119 4120 4121 4122 4123 4124 4125 4126 4127 4128 4129 4130
net/url_request/url_fetcher_impl_unittest.cc 514 515 516
net/url_request/url_request_unittest.cc 4367 4374 4421 4428 4532 4539
net/websockets/websocket_end_to_end_test.cc 352 353 354 355 356 357 359 360 378 379 380 381 382 383 384 386 387 459 460
services/network/public/cpp/proxy_config_mojom_traits_unittest.cc 88 89 90 91 92 93 94 95 96
services/network/tls_client_socket_unittest.cc 896 897 915
