chrome/browser/chromeos/cros/cros_mock.cc 405 406 407 408
chrome/browser/chromeos/cros/cros_mock.h 10 86 103 104 105
chrome/browser/chromeos/cros/input_method_library.cc 38 39 40 42 61 62 65 98 99 100 101 102 109 112 119 123 124 125 130 131 149 150 154 158 159 165 176 200 204 205 206 217 227 248 255 262 270 273 274 277 284 292 293 295 306 309 360 374 375 376 377 407 408 418 440 474 516 523 524 525 535 538 539 540 547 550 551 552 559 562 563 570 572 573 574 575 576 577 578 579 588 589 605 606 618 627 628 638 643 657 663 764 799 800 803 804 808 811 812 876 882 883 887 901 905 909 913 931 932 940 941 942 947 949 951 953 955 957 959 961 963 965 967 969 971 974 976 978 981 983 985 987 989 991 993 995 997 999 1001 1003 1006 1009 1012 1015 1017 1019 1022 1024 1026 1028 1030 1032 1035 1037 1039 1041 1043 1046 1048 1050 1052 1055 1057 1059 1062 1064 1067 1070 1072 1074 1076 1078 1080 1082 1084 1086 1088 1090 1092 1094 1175 1176 1177
chrome/browser/chromeos/cros/input_method_library.h 4 5 6 18 30 31 35 41 47 48 53 68 76 105 130 131 137 138 140 141
chrome/browser/chromeos/cros/mock_input_method_library.h 24 25 27 28 33 34 35 36 37 38 39 45 46
chrome/browser/chromeos/input_method/ibus_controller.cc 1 5 7 9 19 20 21 22 23 24 25 26 27 28 29 30 31 34 37 38 39 40 41 42 43 44 45 46 47 48 49 50 51 52 53 54 55 56 57 115 116 117 187 234 477 478 480 481 482 483 486 487 490 491 514 515 516 521 535 536 546 547 552 567 571 579 580 581 582 645 646 651 652 674 675 684 685 686 687 688 689 690 691 692 693 695 696 697 698 699 700 701 702 703 704 705 706 707 708 709 710 711 712 713 714 715 716 717 718 719 720 721 722 723 724 725 726 727 728 729 730 731 732 733 734 735 736 737 738 739 740 741 742 743 744 745 746 750 785 786 816 833 834 863 883 884 893 897 899 900 931 932 935 936 951 956 960 964 985 989 993 998 1000 1004 1009 1010 1011 1015 1017 1018 1024 1025 1026 1027 1031 1032 1045 1052 1055 1057 1061 1062 1063 1064 1065 1066 1067 1068 1072 1073 1077 1078 1079 1080 1081 1082 1083 1084 1085 1086 1087 1088 1089 1090 1091 1092 1093 1094 1095 1131 1132 1135 1136 1137 1139 1140 1141 1142 1143 1144 1145 1147 1148 1150 1151 1153 1156 1157 1158 1160 1161 1162 1164 1165 1166 1168 1169 1170 1171 1174 1175 1176 1177 1178 1179 1180 1181 1182 1183 1184 1185 1186 1189 1192
chrome/browser/chromeos/input_method/ibus_controller.h 1 5 6 13 14 15 18 195 196 197 198 199 200 201 202 203 204 205 206 207 208 209 210 211 212 213 214 215 216 217 218 219 220 221 222 223 224 225 226 227 228 229 230 231 232 233 234 235 236 237 238 239 240 241 242 243 244 245 246 247 248 249 250 251 252 253 254 255 256 257 258 259 260 261 262 263 264 265 266 267 268 269 270 271 272 273 274 275 276 277 278 279 280 281 282 283 284 285 286 287 288 289 290 291 292 293 294 295 296 297 298 299 300 301 302 303 304 305 306 307 308 309 310 311 312 325 328
chrome/browser/chromeos/input_method/input_method_util.cc 30 31 32 33 34 35 36 37 43 60 61 62 76 79 98 294 296 502 503 504 505 506 507 508 509 510 521 611 612
chrome/browser/chromeos/input_method/input_method_util.h 89 90 91 92 110
chrome/browser/chromeos/login/screen_locker.cc 123 124 133 134 165 166
chrome/browser/chromeos/preferences.cc 448 449 458 459 468 469 479 480
chrome/browser/chromeos/status/input_method_menu.cc 194 201 219 286 312 313 333 344 406 413 414 433 448 449 492 500 524 574 596 647
chrome/browser/chromeos/status/input_method_menu.h 75 79 83 84 87 112 116 117 141 142 143 163
chrome/browser/chromeos/status/input_method_menu_button.cc 162
chrome/browser/chromeos/status/input_method_menu_unittest.cc 13 14
chrome/browser/ui/webui/chromeos/keyboard_overlay_ui.cc 322
chrome/browser/ui/webui/options/chromeos/cros_language_options_handler.cc 64 87 91 92 94 96 108 111 113 127 131 133 137 140 158 160
chrome/browser/ui/webui/options/chromeos/cros_language_options_handler.h 37 44
chrome/browser/ui/webui/options/language_options_handler_unittest.cc 20 21 22 23 24 25 27 29 31 33 34 48 102
chrome/chrome_browser.gypi 446 447 3637 3638 3639 3640 3641
