third_party/blink/web_tests/http/tests/xmlviewer/ns-node-prev-sibling-expected.png
third_party/blink/web_tests/http/tests/xmlviewer/ns-node-prev-sibling.html 1 2
third_party/blink/web_tests/http/tests/xmlviewer/resources/number-key-ns.xsl 1 2 3 4 5 6 7 8
third_party/libxml/README.chromium 3
third_party/libxml/chromium/roll.py 31 33 34 54 57 58 59 62 63 64 65 66
third_party/libxml/linux/config.h 270
third_party/libxml/linux/include/libxml/xmlversion.h 32 39 46 61 294
third_party/libxml/linux/xml2-config 61
third_party/libxml/mac/config.h 270
third_party/libxml/mac/include/libxml/xmlversion.h 32 39 46 61 294
third_party/libxml/src/HTMLparser.c 1087 3639
third_party/libxml/src/HTMLtree.c 505 506 507 508 509 510 511 512 573 579 580 581 582 583 584 585 586 1093 1098 1099 1100 1101 1102 1103 1104 1105 1143 1148 1149 1150 1151 1152 1153 1154 1155 1197 1206 1207 1208 1209 1210 1211 1212 1213
third_party/libxml/src/Makefile.am 1252
third_party/libxml/src/NEWS 11 13 14 15 16 17 18 19 20 21 22 23 24 25 26 27 28 29 30 31 32 33 34 35 36 37 38 39 40 41 42 43 44 45 46 47 48 49 50 51 52 53 54 55 56 57 58 59 60 61 62 63 64 65 66 67 68 69 70 71 72 73 74 75 76 77 78 79 80 81 82 83 84 85 86 87 88 89 90 91 92 93 94 95 96 97 98 99 100 101 102 103 104 105 106 107 108 109 110 111 112 113 114 115 116 117 118 119 120 121 122 123 124 125 126 127 128 129 130 131 132 133 134 135 136 137 138 139 140 141 142 143 144 145 146 147 148 149 150 151 152 153 154 155 156 157 158 159 160 161 162 163 164 165 166 167 168 169 170 171 172 173 174 175 176 177 178 179 180 181 182 183 184 185 186 187 188 189 190 191 192 193 194 195 196 197 198 199 200 201 202 203 204 205 206 207 208 209 210 211 212 213 214 215 216 217 218 219 220 221 222 223 224 225 226 227 228 229 230 231 232 233 234 235 236 237 238 239 240 241 242 243 244 245 246 247 248 249 250 251 252 253 254 255 256 257 258 259 260 261 262 263 264 265 266 267 268 269 270 271 272 273 274 275 276 277 278 279 280 281 282 283 284 285 286 287 288 289 290 291 292 293 294 295 296 297 298 299 300 301 302 303 304 305 306 307 308 309 310 311 312 313 314 315 316 317 318 319 320 321 322 323 324 325 326 327 328 329 330 331 332 333 334 335 336 337 338 339 340 341 342 343 344 345 346 347 348 349 350 351 352 353 354 355 356 357 358 359 360 361 362 363 364 365 366 367 368 369 370 371 372 373 374 375 376 377 378 379 380 381 382 383 384 385 386 387 388 389 390 391 392 393 394 395 396 397 398 399 400 401 402 403 404 405 406 407 408 409 410 411 412 413 414 415 416 417 418 419 420 421 422 423 424 425 426 427 428 429 430 431 432 433 434 435 436 437 438 439 440 441 442 443 444 445 446 447 448 449 450 451 452 453 454 455 1291 1677 1928 1949
third_party/libxml/src/SAX2.c 1668 1669 1670 1671 1672 1673 1674 2266 2346 2347 2348 2349 2350
third_party/libxml/src/configure.ac 12 1623 1624 1625 1626 1627 1628 1629 1630
third_party/libxml/src/encoding.c
third_party/libxml/src/error.c 634
third_party/libxml/src/gentest.py 402 406 407 408 409 410 411 412 415 552 695 722 723 724 725 726
third_party/libxml/src/include/libxml/globals.h
third_party/libxml/src/include/libxml/tree.h 578
third_party/libxml/src/include/libxml/xmlexports.h 134 135 148
third_party/libxml/src/include/wsockcompat.h 14 15 16 17 18
third_party/libxml/src/libxml2.spec 5 206 207
third_party/libxml/src/parser.c 7018 9267 9268 9518 9519 12484 12485 12486 12487 12489
third_party/libxml/src/parserInternals.c 1243 1244 1245 1246 1247 1248 1251 1252 1253 1254
third_party/libxml/src/runsuite.c 330 331 463 464 509 564 820 908 909 942 943
third_party/libxml/src/runtest.c 590 591 2504 2505 2506 2507 2511 2513 2514 2556 2557 2558 2559 2563 2565 2566 3022 3087 3109 3110 3128 3130 3131 3132 3134 3135 3193 3260 3276 3277 3289 3291 3292 3293 3295 3296 3304 3367 3368 3380 3382 3383 3384 3386 3387 3512 3513 3890 3891 3897 3898 3902 3903 4421 4424 4435 4436 4437 4438 4507
third_party/libxml/src/testC14N.c 21 22 23
third_party/libxml/src/testRelax.c 104 113 143
third_party/libxml/src/testSchemas.c 100 109 134
third_party/libxml/src/testThreads.c 13 14 25 28 29 34 35 36 37 38 40 41 42 43 44 45 46 47 49 50 63 64 104 105 116 123 130 131 140 141 142 148 149 150 151 152 153 154 155 156 157 158 159 160 161 162 163 164 165 166 167 168 169 170 171 172 173 174 175 176 177 178 179 180 181 182 183 184 185 186 187 188 189 190 191 192 193 194 195 196 197 198 199 200 201 202 203 204 205 206 207 208 209 210 211 221 230 238 239 250 251 252
third_party/libxml/src/testThreadsWin32.c
third_party/libxml/src/testURI.c 22 61 62 63 64 65 66 84 85 86 87 88
third_party/libxml/src/testapi.c 7524 7525 7526 7527 7528 7529 7530 9357 9358 9359 9360 9361 9362 9363 18159 18160 18161 18162 18163 18164 18165 18170 25243 25244 25245 25246 25247 25248 25249 25335 25336 25337 25338 25339 25340 25341 25427 25428 25429 25430 25431 25432 25433 29385 29386 29387 29388 29389 29390 29391 29392 29393 29394 29597 29598 29599 29600 29601 29602 29603 29604 29605 29606 33904 33905 33906 33907 33908 33909 33910 33911 33912 33913
third_party/libxml/src/testrecurse.c 635 636
third_party/libxml/src/uri.c 2240 2267 2270 2275 2276 2277 2279 2280 2281 2282 2283 2284 2285 2286 2287
third_party/libxml/src/win32/Makefile.bcb 228
third_party/libxml/src/win32/Makefile.mingw 223
third_party/libxml/src/win32/Makefile.msvc 247 248 249 250 251 252 277
third_party/libxml/src/xmlreader.c 35 242 243 277 1119 1123 1145 1719 1723 1764 1768 1927 1928 1929 2270 2273 2274 2279 2280 2281 2282 2283 2284 3017
third_party/libxml/src/xmlsave.c
third_party/libxml/src/xpath.c 5 530 532 872 877 878 8481 11664 11701 11702 11789 11790 11833 11854 11855 11992 11993 12945 13011 13012 13013 13014 13015 13018 13019 13020 13045 13046 13089 13090 13092 13093 13105 13106 13109 13110 13111 13112 13113 13114 13115 13116 13150 13191 13192 13194 13196 13197 13237 13238 13254 13255 13481 13598 13599 13600 13601 13602 13605 13606 13607 13628 13629 13659 13660 13662 13663 13675 13676 13677 13678 13679 13680 13681 13682 13748 13790 13791 13792 13793 13794 13795 13819 13820 13821 13842 13843 13844 13845 13846 13869 13870 13932 13933 13962 13963 13964 13965 13966
third_party/libxml/win32/include/libxml/xmlversion.h 32 39 46 61 391
third_party/libxslt/README.chromium 3
third_party/libxslt/chromium/roll.py 30 32 33 53 56 57 58 61 62 63 64 85
third_party/libxslt/linux/config.h 35 164 173 201
third_party/libxslt/linux/libexslt/exsltconfig.h 21 49
third_party/libxslt/linux/libxslt/xsltwin32config.h 26 33 40
third_party/libxslt/mac/config.h 2 164 173 201
third_party/libxslt/src/config.h.in 1
third_party/libxslt/src/configure.ac 6 583 584
third_party/libxslt/src/libexslt/Makefile.am 31
third_party/libxslt/src/libexslt/exsltexports.h 114 115 127
third_party/libxslt/src/libexslt/functions.c 37 294 296 363 364 365 433 434 439 440 442 447 449 452 483 718 719 720 721 722 783
third_party/libxslt/src/libxslt.spec 3 132 133
third_party/libxslt/src/libxslt/Makefile.am
third_party/libxslt/src/libxslt/numbers.c 649 654 658 659 664 665 666 667 668 669 670 674 675 676 680 681 682 688 689 693
third_party/libxslt/src/libxslt/pattern.c 116 598 599 1975
third_party/libxslt/src/libxslt/security.c 388 389 390 391 393 394 395 396 397 398
third_party/libxslt/src/libxslt/templates.c 648 653 663 665 666 667 668 669 670 671 672 673 674 675 676 677 678 679 680 681 682 683 684 685 687 688 689 690 726 743 744 745 746 747 748 749 750 751 752 753 754 755 756 757 758 759 760 761 762 763 764 765 766 767 768 769 770 771 772 773 774 775 776 777 778 779 780 781 782 783
third_party/libxslt/src/libxslt/transform.c 2304 2305 2306 2307 2308 2316 2317 2318 2319 2320 2321 2322 2323 6014 6015 6016 6017 6018 6019 6020
third_party/libxslt/src/libxslt/variables.c 126 166 316 317 581 582 583 584 585 586 990
third_party/libxslt/src/libxslt/variables.h 55 62
third_party/libxslt/src/libxslt/xsltconfig.h 23 30 37 123
third_party/libxslt/src/libxslt/xsltexports.h 116 117 129
third_party/libxslt/src/win32/Makefile.mingw 58
third_party/libxslt/src/win32/Makefile.msvc 62
third_party/libxslt/src/win32/libxslt/libxslt.def 1 2 3 4 5 6 7 8 9 10 11 12 13 14 15 16 17 18 19 20 21 22 23 24 25 26 27 28 29 30 31 32 33 34 35 36 37 38 39 40 41 42 43 44 45 46 47 48 49 50 51 52 53 54 55 56 57 58 59 60 61 62 63 64 65 66 67 68 69 70 71 72 73 74 75 76 77 78 79 80 81 82 83 84 85 86 87 88 89 90 91 92 93 94 95 96 97 98 99 100 101 102 103 104 105 106 107 108 109 110 111 112 113 114 115 116 117 118 119 120 121 122 123 124 125 126 127 128 129 130 131 132 133 134 135 136 137 138 139 140 141 142 143 144 145 146 147 148 149
third_party/libxslt/src/win32/libxslt/libxslt.dsw 1 2 3 4 5 6 7 8 9 10 11 12 13 14 15 16 17 18 19 20 21 22 23 24 25 26 27 28 29 30 31 32 33 34 35 36 37 38 39 40 41 42 43 44
third_party/libxslt/src/win32/libxslt/libxslt_so.dsp 1 2 3 4 5 6 7 8 9 10 11 12 13 14 15 16 17 18 19 20 21 22 23 24 25 26 27 28 29 30 31 32 33 34 35 36 37 38 39 40 41 42 43 44 45 46 47 48 49 50 51 52 53 54 55 56 57 58 59 60 61 62 63 64 65 66 67 68 69 70 71 72 73 74 75 76 77 78 79 80 81 82 83 84 85 86 87 88 89 90 91 92 93 94 95 96 97 98 99 100 101 102 103 104 105 106 107 108 109 110 111 112 113 114 115 116 117 118 119 120 121 122 123 124 125 126 127 128 129 130 131 132 133 134 135 136 137 138 139 140 141 142 143 144 145 146 147 148 149 150 151 152 153 154 155 156 157 158 159 160 161 162 163 164 165 166 167 168 169 170 171 172 173 174 175 176 177 178 179 180 181 182 183 184 185 186 187 188 189 190 191 192 193 194 195 196 197 198 199 200 201 202 203 204 205 206 207 208 209 210 211 212 213 214 215 216 217 218 219 220 221 222 223 224 225 226 227 228 229 230 231 232 233 234 235 236 237 238 239 240 241 242 243 244 245 246 247
third_party/libxslt/src/win32/libxslt/xsltproc.dsp 1 2 3 4 5 6 7 8 9 10 11 12 13 14 15 16 17 18 19 20 21 22 23 24 25 26 27 28 29 30 31 32 33 34 35 36 37 38 39 40 41 42 43 44 45 46 47 48 49 50 51 52 53 54 55 56 57 58 59 60 61 62 63 64 65 66 67 68 69 70 71 72 73 74 75 76 77 78 79 80 81 82 83 84 85 86 87 88 89 90 91 92 93 94 95 96 97 98 99 100 101 102
