content/browser/renderer_host/render_widget_host_view_mac.h 45 46 47 48 626 627 628
content/browser/renderer_host/render_widget_host_view_mac.mm 60 1679 1680 1681 1682 1683 1684
content/browser/renderer_host/render_widget_host_view_mac_unittest.mm 49 1935 1936 1937 1938 1939 1940 1941 1942 1943 1944 1945 1946 1947 1948 1949 1950 1951 1952 1953 1954 1955 1956 1957 1958 1959 1960 1961 1962 1963 1964 1965 1966
third_party/WebKit/Source/core/editing/FrameSelection.cpp
third_party/WebKit/Source/core/editing/FrameSelection.h
third_party/WebKit/Source/core/frame/LocalDOMWindow.cpp
third_party/WebKit/Source/core/html/forms/HTMLInputElement.cpp
third_party/WebKit/Source/core/html/forms/HTMLInputElement.h
third_party/WebKit/Source/core/html/forms/InputType.cpp
third_party/WebKit/Source/core/html/forms/InputType.h
third_party/WebKit/Source/core/html/forms/PasswordInputType.cpp
third_party/WebKit/Source/core/html/forms/PasswordInputType.h
third_party/WebKit/Source/platform/BUILD.gn
third_party/WebKit/Source/platform/SecureTextInput.cpp
third_party/WebKit/Source/platform/SecureTextInput.h
ui/base/BUILD.gn 146 147
ui/base/cocoa/secure_password_input.h 1 2 3 4 5 6 7 8 9 10 11 12 13 14 15 16 17 18 19 20 21 22 23 24 25 26 27 28 29
ui/base/cocoa/secure_password_input.mm 1 2 3 4 5 6 7 8 9 10 11 12 13 14 15 16 17 18 19 20 21 22 23 24 25 26 27 28 29 30 31 32 33 34 35 36 37 38 39 40 41 42 43 44 45 46 47 48 49 50 51 52 53 54 55 56 57 58 59 60 61 62 63
ui/views/controls/textfield/textfield.cc 78 79 80 81 1056 1057 1058 1059 1060 1104 1105 1106 1107
ui/views/controls/textfield/textfield.h 19 42 43 44 45 46 47 588 589 590 591 592
ui/views/controls/textfield/textfield_unittest.cc 71 72 73 74 3496 3497 3498 3499 3500 3501 3502 3503 3504 3505 3506 3507 3508 3509 3510 3511 3512
