third_party/WebKit/LayoutTests/platform/linux/fast/text/emphasis-complex-expected.png
third_party/WebKit/LayoutTests/platform/linux/fast/text/emphasis-complex-expected.txt 10 11
third_party/WebKit/LayoutTests/platform/linux/fast/text/international/khmer-selection-expected.png
third_party/WebKit/LayoutTests/platform/linux/fast/text/international/khmer-selection-expected.txt 7 8 9 10 11 12 13 14 15 16 17 18 19 20 21 22 24 25
third_party/WebKit/LayoutTests/platform/linux/fast/text/large-text-composed-char-expected.txt 1 346 347 348
third_party/harfbuzz-ng/BUILD.gn 104
third_party/harfbuzz-ng/NEWS 1 2 3 4 5 6 7 8 9 10 11 12 13 14 15 16 17 18 19 20 21 22 23 24 25 26 27 28 29 30 31 32 33 34 35 36 37 38 39 40 41 42 43 44
third_party/harfbuzz-ng/README.chromium 4 5
third_party/harfbuzz-ng/src/hb-coretext.cc 291 292 293 1285 1286 1287
third_party/harfbuzz-ng/src/hb-fallback-shape.cc 76 77 78
third_party/harfbuzz-ng/src/hb-font-private.hh 111 112 113 114 127 128 540 541 542 543
third_party/harfbuzz-ng/src/hb-font.cc 1168 1169 1199 1200 1201 1256 1257 1547 1548 1549 1550 1551 1552 1553 1554 1555 1556 1557 1558 1559 1560 1561 1562 1563 1564 1565 1566 1567 1568 1569 1570 1571 1572
third_party/harfbuzz-ng/src/hb-font.h 607 608 609 610 611
third_party/harfbuzz-ng/src/hb-ft.cc 39 620 621 622 623 624 625 626 627 628 629 630 631 632 633 634 635 636
third_party/harfbuzz-ng/src/hb-glib.cc 385 402
third_party/harfbuzz-ng/src/hb-glib.h 49 52
third_party/harfbuzz-ng/src/hb-graphite2.cc 198 199 200
third_party/harfbuzz-ng/src/hb-open-type-private.hh 108 655 955 956
third_party/harfbuzz-ng/src/hb-ot-font.cc 358 359 360 361 362
third_party/harfbuzz-ng/src/hb-ot-layout-common-private.hh 510 734 735 832 833 834 835 842 843 844 845 848 850 851 854 857 858 967 974 1171 1172 1173 1174 1175 1176 1177 1178 1179 1180 1181 1182 1183 1184 1185 1186 1187 1188 1189 1190 1191 1192 1193 1194 1195 1196 1197 1198 1199 1200 1201 1202 1203 1204 1205 1206 1207 1208 1209 1210 1211 1212 1213 1214 1215 1216 1217 1218 1219 1220 1221 1222 1223 1224 1225 1226 1227 1228 1229 1230 1231 1232 1233 1234 1235 1236 1237 1238 1239 1240 1241 1242 1243 1244 1245 1246 1247 1248 1249 1250 1251 1252 1253 1254 1255 1256 1257 1258 1259 1260 1261 1262 1263 1264 1265 1266 1267 1268 1269 1270 1271 1272 1273 1274 1275 1276 1277 1278 1279 1280 1281 1282 1283 1284 1285 1286 1287 1288 1289 1290 1291 1292 1293 1294 1295 1296 1297 1298 1299 1300 1301 1302 1303 1304 1305 1306 1307 1308 1309 1310 1311 1312 1313 1314 1315 1316 1317 1318 1319 1320 1321 1322 1323 1324 1325 1326 1327 1328 1329 1330 1331 1332 1333 1334 1335 1336 1337 1338 1339 1340 1341 1342 1343 1344 1345 1346 1347 1348 1349 1350 1351 1352 1353 1354 1355 1356 1357 1358 1359 1360 1361 1362 1363 1364 1365 1366 1367 1368 1369 1370 1371 1372 1373 1374 1375 1376 1377 1378 1379 1380 1381 1382 1383 1384 1385 1386 1387 1388 1389 1390 1391 1392 1393 1394 1395 1396 1397 1398 1399 1400 1401 1402 1403 1404 1405 1406 1407 1408 1409 1410 1411 1412 1413 1414 1415 1416 1417 1418 1419 1420 1421 1422 1423 1424 1425 1426 1427 1428 1429 1430 1431 1432 1433 1434 1435 1436 1437 1438 1439 1440 1441 1442 1443 1444 1445 1446 1447 1448 1449 1450 1451 1452 1453 1454 1455 1456 1457 1458 1459 1460 1461 1462 1463 1464 1465 1466 1467 1468 1469 1470 1471 1472 1473 1474 1475 1476 1477 1478 1479 1480 1481 1482 1483 1484 1485 1486 1487 1488 1489 1490 1491 1492 1493 1494 1495 1496 1497 1498 1499 1500 1501 1502 1503 1504 1505 1506 1507 1508 1509 1510 1511 1512 1513 1514 1515 1516 1517 1518 1519 1520 1521 1522 1523 1524 1525 1526 1527 1528 1529 1530 1531 1532 1533 1534 1535 1536 1541 1543 1544 1545 1614 1615 1616 1617 1618 1619 1620 1621 1622 1623 1624 1625 1626 1627 1628 1629 1630 1631 1632 1633 1634 1635 1636 1637 1638 1639 1640 1641 1642 1643 1644 1645 1646 1647 1648 1649 1650 1651 1652 1653 1654 1655 1656 1657 1658 1659 1660 1661 1662 1663 1664 1665 1666 1667 1668 1669 1670 1671 1672 1673 1674 1675 1676 1677 1678 1679 1680 1681 1682 1683 1684 1685 1686 1687 1688 1689 1690 1691 1692 1693 1694 1695 1696 1697 1698 1699 1700 1701 1702 1703 1704 1705 1706 1707 1708
third_party/harfbuzz-ng/src/hb-ot-layout-gdef-table.hh 100 149 152 153 175 176 177 178 181 183 216 225 251 264 375 376 377 379 381 382 383 384 385 396 397 424 442 445 446 447 448 449 450 452
third_party/harfbuzz-ng/src/hb-ot-layout-gpos-table.hh 106 114 115 116 131 132 134 135 136 140 144 148 153 235 238 239 240 259 262 263 264 265 266 268 269 270 271 291 294 295 296 298 299 300 301 328 333 334 335 377 435 436 479 529 646 647 693 712 721 722 725 738 741 794 795 933 934
third_party/harfbuzz-ng/src/hb-ot-layout-gsub-table.hh 44 45 46 47 58 59 60 61 129 130 131 132 133 143 144 145 146 147 338 339 340 341 342 460 461 462 463 464 478 479 480 481 482 791 792 793 794 795 805 806 807 808 809 960 961 962 963 964 1326 1327
third_party/harfbuzz-ng/src/hb-ot-layout-gsubgpos-private.hh 472 491 1004 1005 1006 1007 1008 2278 2279 2280 2281 2282 2283 2284 2285 2286 2287 2288 2289 2290 2291 2292 2293 2294 2295 2303 2304 2316 2317 2318 2319 2320 2322
third_party/harfbuzz-ng/src/hb-ot-layout.cc 559 560 561 562 563 564 565 816 817 818 819 820 821 822 823 824 825 826 827 828 829 830 831 832 833 834 835 836 837 838 839 840 841 842 843 844 845 846 847
third_party/harfbuzz-ng/src/hb-ot-layout.h 98 240 241 242 243 244 245 246 247 248 249 250 251 252 253 254 255 256 257
third_party/harfbuzz-ng/src/hb-ot-map-private.hh 179 180 181 193 194 195 196 197 198 199 200
third_party/harfbuzz-ng/src/hb-ot-map.cc 34 36 37 40 81 82 83 84 85 86 87 88 90 91 92 93 94 95 96 97 98 99 100 101 102 103 104 105 106 107 108 109 110 111 112 113 114 115 116 117 118 119 122 135 136 137 271 272 273 274 275 276 277 284 285 286 287 288 292 293 294 295 296
third_party/harfbuzz-ng/src/hb-ot-math.cc 1 2 3 4 5 6 7 8 9 10 11 12 13 14 15 16 17 18 19 20 21 22 23 24 25 26 27 28 29 30 31 32 33 34 35 36 37 38 39 40 41 42 43 44 45 46 47 48 49 50 51 52 53 54 55 56 57 58 59 60 61 62 63 64 65 66 67 68 69 70 71 72 73 74 75 76 77 78 79 80 81 82 83 84 85 86 87 88 89 90 91 92 93 94 95 96 97 98 99 100 101 102 103 104 105 106 107 108 109 110 111 112 113 114 115 116 117 118 119 120 121 122 123 124 125 126 127 128 129 130 131 132 133 134 135 136 137 138 139 140 141 142 143 144 145 146 147 148 149 150 151 152 153 154 155 156 157 158 159 160 161 162 163 164 165 166 167 168 169 170 171 172 173 174 175 176 177 178 179 180 181 182 183 184 185 186 187 188 189 190 191 192 193 194 195 196 197 198 199 200 201 202 203 204 205 206 207 208 209 210 211 212 213 214 215 216 217 218 219 220 221 222 223 224 225 226 227 228 229 230 231 232 233 234 235 236 237 238 239 240 241 242 243 244 245 246 247 248 249 250 251 252 253 254 255 256 257 258 259 260 261 262 263 264 265 266 267 268 269 270 271 272
third_party/harfbuzz-ng/src/hb-ot-shape-complex-arabic.cc 621
third_party/harfbuzz-ng/src/hb-ot-shape-complex-default.cc 43
third_party/harfbuzz-ng/src/hb-ot-shape-complex-hangul.cc 422
third_party/harfbuzz-ng/src/hb-ot-shape-complex-hebrew.cc 157 158 159 160 161 162 163 164 165 166 167 168 183
third_party/harfbuzz-ng/src/hb-ot-shape-complex-indic.cc 1716 1717 1724 1730 1732 1735 1736 1817
third_party/harfbuzz-ng/src/hb-ot-shape-complex-myanmar-machine.hh 2 35 264 268 288 296 305 319 338 342 346 350 354 358 362 366 369 378 394
third_party/harfbuzz-ng/src/hb-ot-shape-complex-myanmar.cc 524 542
third_party/harfbuzz-ng/src/hb-ot-shape-complex-private.hh 149 150 151 152 153 154 155 156
third_party/harfbuzz-ng/src/hb-ot-shape-complex-thai.cc 379
third_party/harfbuzz-ng/src/hb-ot-shape-complex-tibetan.cc 60
third_party/harfbuzz-ng/src/hb-ot-shape-complex-use.cc 561 562 563 564 565 566 567 568 569 570 571 572 573 574 575 576 577 578 579 580 581 582 583 584 585 586 587 588 589 590 591 592 593 594 595 596 597 598 599 600 601 626 629
third_party/harfbuzz-ng/src/hb-ot-shape-private.hh 80 81 82 86
third_party/harfbuzz-ng/src/hb-ot-shape.cc 72 73 74 169 170 171 181 182 184 221 222 534 535 536 537 538 539 540 541 542 543 544 545 546 547 548 549 550 551 552 553 554 555 556 557 558 559 576 591 592 593 672 688 689 690 704 754 756 764 784 785 786 787 788
third_party/harfbuzz-ng/src/hb-private.hh 697 698 699 700 701 702 705
third_party/harfbuzz-ng/src/hb-shape-plan-private.hh 50 51 52 57 58 59 60
third_party/harfbuzz-ng/src/hb-shape-plan.cc 49 50 54 56 65 66 67 122 123 124 125 126 127 128 129 130 131 132 133 134 135 136 139 142 147 155 156 157 158 159 160 161 162 177 178 179 180 182 183 184 185 215 216 217 262 394 395 403 404 409 410 411 412 413 414 415 416 417 418 419 420 421 422 432 449 450 451 452 453 454 455 476 477 478 479 480 481 482 483 484 485 486 487 488 489 490 538 539 540 541 550 551 552
third_party/harfbuzz-ng/src/hb-shape-plan.h 55 56 57 58 59 60 61 62 63 64 65 66 67 68 69 70 71 72 73
third_party/harfbuzz-ng/src/hb-shape.cc 376 377 378 379
third_party/harfbuzz-ng/src/hb-unicode.cc 134 135 136
third_party/harfbuzz-ng/src/hb-version.h 40 41 43
