components/url_formatter/elide_url_unittest.cc 341 342 348
components/url_formatter/url_formatter_unittest.cc 765 1030 1031 1032 1033 1046 1047 1056 1057 1070 1071 1080 1081 1092 1093 1326 1327 1328 1330 1331 1332
components/url_matcher/url_matcher_unittest.cc 171
third_party/WebKit/LayoutTests/external/wpt/url/url-setters-expected.txt 1 2 3 4 5 6 7 8 9 10 11 12 13 14 15 16 17 18 19 20 21 22 23 24 25 26 27 28 29 30 31 32 33 34 35 36 37 38 39 40 41 42 43 44 45 46 47 48 49 50 51 52 53 54 55 56 57 58 59 60 61 62 63 64 65 66 67 68 69 70 71 72 73 74 75 76 77 78 79 80 81 82 83 84 85 86 87 88 89 90 91 92 93 94 95 96 97 98 99 100 101 102 103 104 105 106 107 108 109 110 111 112 113 114 115 116 117 118 119 120 121 122 123 124 125 126 127 128 129 130 131 132 133 134 135 136 137 138 139 140 141 142 143 144 145 146 147 148 149 150 151 152 153 154 155 156 157 158 159 160 161 162 163 164 165 166 167 168 169 170 171 172 173 174 175 176 177 178 179 180 181 182 183 184 185 186 187 188 189 190 191 192 193 194 195 196 197 198 199 200 201 202 203 204 205 206 207 208 209 210 211 212 213 214 215 216 217 218 219 220 221 222 223 224 225 226 227 228 229 230 231 232 233 234 235 236 237 238 239 240 241 242 243 244 245 246 247 248 249 250 251 252 253 254 255 256 257 258 259 260 261 262 263 264 265 266 267 268 269 270 271 272 273 274 275 276 277 278 279 280 281 282 283 284 285 286 287 288 289 290 291 292 293 294 295 296 297 298 299 300 301 302 303 304 305 306 307 308 309 310 311 312 313 314 315 316 317 318 319 320 321 322 323 324 325 326 327 328 329 330 331 332 333 334 335 336 337 338 339 340 341 342 343 344 345 346 347 348 349 350 351 352 353 354 355 356 357 358 359 360 361 362 363 364 365 366 367 368 369 370 371 372 373 374 375 376 377 378 379 380 381 382 383 384 385 386 387 388 389 390 391 392 393 394 395 396 397 398 399 400 401 402 403 404 405 406 407 408 409 410 411 412 413 414 415 416 417 418 419 420 421 422 423 424 425 426 427 428 429 430 431 432 433 434 435 436 437 438 439 440 441 442 443 444 445 446 447 448 449 450 451 452 453 454 455 456 457 458 459 460 461 462 463 464 465 466 467 468 469 470 471 472 473 474 475 476 477 478 479 480 481 482 483 484 485 486 487 488 489 490 491 492 493 494 495 496 497 498 499 500 501 502 503 504 505 506 507 508 509 510 511 512 513 514 515 516 517 518 519 520 521 522 523 524 525 526 527 528 529 530 531 532 533 534 535 536 537 538 539 540 541 542 543 544 545 546 547 548 549 550 551 552 553 554 555 556 557 558 559 560 561 562 563 564 565 566 567 568 569 570 571 572 573 574 575 576 577 578
third_party/WebKit/LayoutTests/fast/domurl/url-hash.html 58
third_party/WebKit/LayoutTests/fast/url/anchor-expected.txt 7 8 10 11
third_party/WebKit/LayoutTests/fast/url/file-http-base-expected.txt 23 24
third_party/WebKit/LayoutTests/fast/url/script-tests/anchor.js 5 6 8 9
third_party/WebKit/LayoutTests/fast/url/script-tests/file-http-base.js 39 40
third_party/WebKit/LayoutTests/fast/url/script-tests/file.js 39
third_party/WebKit/LayoutTests/fast/url/script-tests/segments.js 101
third_party/WebKit/LayoutTests/fast/url/script-tests/standard-url.js 5 20
third_party/WebKit/LayoutTests/fast/url/segments-expected.txt 100
third_party/WebKit/LayoutTests/http/tests/uri/resolve-encoding-relative-expected.txt 5 8
third_party/WebKit/LayoutTests/platform/linux/external/wpt/url/a-element-expected.txt 2 106 165 271
third_party/WebKit/LayoutTests/platform/linux/external/wpt/url/a-element-xhtml-expected.txt 2 106 165 271
third_party/WebKit/LayoutTests/platform/linux/external/wpt/url/url-constructor-expected.txt 2 110 169 275
third_party/WebKit/LayoutTests/platform/linux/external/wpt/url/url-setters-expected.txt 2 571 572 573
third_party/WebKit/LayoutTests/platform/linux/fast/url/file-expected.txt 23
third_party/WebKit/LayoutTests/platform/linux/fast/url/file-http-base-expected.txt 23 24
third_party/WebKit/LayoutTests/platform/linux/fast/url/segments-expected.txt 100
third_party/WebKit/LayoutTests/platform/linux/fast/url/standard-url-expected.txt 7 16
third_party/WebKit/LayoutTests/platform/mac/external/wpt/url/a-element-expected.txt 2 106 165 271
third_party/WebKit/LayoutTests/platform/mac/external/wpt/url/a-element-xhtml-expected.txt 2 106 165 271
third_party/WebKit/LayoutTests/platform/mac/external/wpt/url/url-constructor-expected.txt 2 110 169 275
third_party/WebKit/LayoutTests/platform/mac/external/wpt/url/url-setters-expected.txt 2 571 572 573
third_party/WebKit/LayoutTests/platform/mac/fast/url/file-expected.txt 23
third_party/WebKit/LayoutTests/platform/mac/fast/url/standard-url-expected.txt 7 16
third_party/WebKit/LayoutTests/platform/win/external/wpt/url/a-element-expected.txt 2 106 165 271
third_party/WebKit/LayoutTests/platform/win/external/wpt/url/a-element-xhtml-expected.txt 2 106 165 271
third_party/WebKit/LayoutTests/platform/win/external/wpt/url/url-constructor-expected.txt 2 110 169 275
third_party/WebKit/LayoutTests/platform/win/fast/url/file-expected.txt 23
third_party/WebKit/LayoutTests/platform/win/fast/url/file-http-base-expected.txt 23 24
third_party/WebKit/LayoutTests/platform/win/fast/url/segments-expected.txt 100
third_party/WebKit/LayoutTests/platform/win/fast/url/standard-url-expected.txt 7 16
third_party/WebKit/Source/platform/weborigin/KURLTest.cpp 64
url/url_canon_etc.cc 278
url/url_canon_unittest.cc 1277 1278 1280 1282 1283 1285 1287 1288 1290 1292 1293 1356 1357 1358 1359 1360 1361 1362 1363 1364 1365 1366 1367 1368 1371 1374 1375 1378 1379 1380 1381 1382 1383 1384 1385 1386 1387 1388 1389 1390 1391 1392 1393 1394 1395 1396 1403 1404 1405 1695 1696 1697 1698 1699 1700 1701 1706 1707 1708 1709 1710 1711 1712 1713 1714 1715 1716 1717 1718 1722 1723 1724 1725 1728 1729 1736 1737 1738 1739 1741 1742 1744 1745
