third_party/blink/renderer/core/paint/block_painter.cc 199
third_party/blink/renderer/core/paint/compositing/compositing_layer_property_updater.cc 142
third_party/blink/renderer/core/paint/find_paint_offset_and_visual_rect_needing_update.h 59
third_party/blink/renderer/core/paint/fragment_data.h 10 150 152 165 167 229
third_party/blink/renderer/core/paint/object_paint_properties.h 191 193 195 196 197 199 200 201 204 209 211 213 216 221 223 225 227 229 231 233 235 236 237 239 240 241 243 244 245 247 249 251 253 256 258 261 263 266 268 270 271 272 328 340 341 344 348 354 355 356 357 358 359 360 361 362 363 364 365 366 367 368 370 371 372 373
third_party/blink/renderer/core/paint/paint_property_tree_builder.cc 42 44 46 48 298 334 452 581 610 611 626 633 634 635 749 750 778 805 838 967 1003 1074 1116 1141 1223 1224 1244 1299
third_party/blink/renderer/core/paint/paint_property_tree_builder_test.cc 848 4629 4662 4683
third_party/blink/renderer/core/paint/view_painter_test.cc 119
third_party/blink/renderer/platform/BUILD.gn
third_party/blink/renderer/platform/graphics/compositing/chunk_to_layer_mapper.cc 15
third_party/blink/renderer/platform/graphics/compositing/chunk_to_layer_mapper_test.cc 30 31 32 33 34 35 36 37 38 39 40 41 42 43 49 50 51 52 97 99 128 130 136 137 170 176 184
third_party/blink/renderer/platform/graphics/compositing/composited_layer_raster_invalidator.cc 59
third_party/blink/renderer/platform/graphics/compositing/composited_layer_raster_invalidator.h 117
third_party/blink/renderer/platform/graphics/compositing/composited_layer_raster_invalidator_test.cc 42 43 48 49 50 51 351 352 353 354 355 356 357 358 359 360 361 377 380 418 419 422 423 424 425 426 427 428 438 456 489 516 517 520 522 524 526 536 553 554 555 570 586 590 617 619 621 622 630 636 646 652 653
third_party/blink/renderer/platform/graphics/compositing/paint_artifact_compositor.cc 288 401 402 404 405 574 575
third_party/blink/renderer/platform/graphics/compositing/paint_artifact_compositor_test.cc 200 211 244 259 260 261 264 266 268 299 300 301 303 307 309 341 344 350 353 355 357 380 382 387 390 425 432 435 441 444 446 448 450 500 503 524 526 530 532 534 536 582 584 585 589 615 616 617 618 619 622 624 666 668 670 685 686 690 691 692 693 696 698 700 708 753 754 784 787 788 838 841 845 847 883 891 894 897 899 901 902 903 905 906 937 942 943 946 950 952 953 954 976 981 983 984 989 992 993 994 995 996 1034 1037 1040 1043 1044 1045 1082 1084 1106 1109 1111 1113 1138 1139 1140 1143 1145 1147 1172 1175 1179 1183 1205 1209 1211 1213 1238 1241 1243 1245 1272 1273 1274 1275 1276 1278 1281 1283 1285 1313 1314 1315 1317 1319 1320 1323 1325 1327 1359 1360 1361 1364 1368 1371 1373 1375 1405 1406 1407 1409 1411 1412 1415 1416 1419 1421 1423 1451 1453 1456 1458 1460 1486 1487 1490 1492 1494 1518 1519 1520 1521 1523 1526 1528 1530 1552 1553 1554 1557 1559 1561 1586 1587 1594 1595 1596 1639 1640 1641 1644 1653 1664 1692 1694 1695 1699 1702 1709 1715 1726 1734 1735 1737 1738 1744 1747 1749 1780 1781 1782 1783 1784 1787 1789 1824 1827 1829 1844 1847 1849 1851 1864 1867 1869 1871 1899 1900 1901 1904 1906 1908 1938 1939 1943 1945 1947 1974 1975 1976 1979 1981 1985 1987 1992 2026 2028 2135 2137 2145 2146 2148 2150 2159 2160 2161 2163 2171 2173 2175 2187 2210 2214 2259 2260 2264 2319 2323 2325 2388 2392 2394 2396 2477 2479 2483 2485 2487 2547 2556 2558 2560 2652 2656 2657 2664 2666 2668 2756 2769 2778 2788 2799 2802 2813 2816 2827 2830 2844 2845 2848 2850 2864 2866 2867 2870 2872 2886 2888 2902 2920
third_party/blink/renderer/platform/graphics/compositing/paint_chunks_to_cc_layer.cc 656
third_party/blink/renderer/platform/graphics/compositing/paint_chunks_to_cc_layer_test.cc 161 162 163 172 173 174 179 188 189 193 208 209 211 212 216 237 238 242 244 245 249 287 288 289 290 291 292 294 295 296 297 298 302 341 343 347 369 371 372 376 405 406 408 412 439 442 457 460 477 478 479 482 486 503 505 508 512 531 533 536 540 557 559 562 566 582 585 590 606 608 612 613 614 626 627 628 631 632 633 634 635 637 641 655 656 657 660 661 662 664 665 667 671 691 695 709 710 711 712 713 714 717 718 722 751 752 753 754 755 756 757 760 764 792 793 797 798 799 800 801 802 806 829 830 831 832 836 838 839 840 841 845 864 865 869 870 874 893 894 898 899 903
third_party/blink/renderer/platform/graphics/compositing/property_tree_manager.cc 94 112 136 149 317
third_party/blink/renderer/platform/graphics/graphics_layer_test.cc 226 230 253 254 258 259
third_party/blink/renderer/platform/graphics/paint/clip_paint_property_node.cc 11 12 14 15 24
third_party/blink/renderer/platform/graphics/paint/clip_paint_property_node.h 8 33 57 59 60 62 63 66 67 76 77 82 100 101 117 118
third_party/blink/renderer/platform/graphics/paint/effect_paint_property_node.cc 9 10 11 12 29 30
third_party/blink/renderer/platform/graphics/paint/effect_paint_property_node.h 35 38 66 68 69 71 72 75 76 86 88 121 122 123 139 140
third_party/blink/renderer/platform/graphics/paint/geometry_mapper.cc 104
third_party/blink/renderer/platform/graphics/paint/geometry_mapper_test.cc 160 171 180 186 198 199 212 215 229 230 236 252 255 270 273 286 298 302 337 360 375 392 393 410 417 419 438 439 440 458 459 475 477 479 523 526 565 568 570 571 608 610 613 614 616 617 618 622 623 658 675 676 690 692 693 710 712 713 735 738 740 741 754 755 756 757 759 760 773 774 784 787 789 790
third_party/blink/renderer/platform/graphics/paint/paint_chunk.h 13 103
third_party/blink/renderer/platform/graphics/paint/paint_chunker_test.cc 103 112 133 141 151 154 201 230 237 408
third_party/blink/renderer/platform/graphics/paint/paint_controller.cc 520 540
third_party/blink/renderer/platform/graphics/paint/paint_controller_test.cc 485 525 801 805 1118 1122 1229 1235 1239 1243
third_party/blink/renderer/platform/graphics/paint/paint_property_node.h 56 57 58 61 118 120 127 134
third_party/blink/renderer/platform/graphics/paint/paint_property_node_test.cc 17 18 19 20 21 22 38 39 41 63 64 65 66 67 68 72 75 76 78 80 81 83 85 86 97 114 139
third_party/blink/renderer/platform/graphics/paint/property_tree_state.cc 13 14 15 16
third_party/blink/renderer/platform/graphics/paint/property_tree_state_test.cc 13 22 33 34 39 41 42 49 51 52 59 61 63 72 74 76
third_party/blink/renderer/platform/graphics/paint/ref_counted_property_tree_state.cc
third_party/blink/renderer/platform/graphics/paint/ref_counted_property_tree_state.h
third_party/blink/renderer/platform/graphics/paint/scroll_hit_test_display_item.cc 16 18 22 47 55 61 67
third_party/blink/renderer/platform/graphics/paint/scroll_hit_test_display_item.h 30 34 49 50 51 52 56 59
third_party/blink/renderer/platform/graphics/paint/scroll_paint_property_node.cc 9 10
third_party/blink/renderer/platform/graphics/paint/scroll_paint_property_node.h 59 61 62 64 65 68 69 120 121 122 135 136
third_party/blink/renderer/platform/graphics/paint/transform_paint_property_node.cc 11 12 14 15 16 17 63
third_party/blink/renderer/platform/graphics/paint/transform_paint_property_node.h 51 66 68 69 71 72 75 76 90 129 130 147 148 149
third_party/blink/renderer/platform/testing/paint_property_test_helpers.h 15 16 17 18 19 20 21 22 23 24 25 26 27 28 29 37 40 41 44 45 48 49 50 51 61 64 65 69 70 74 75 76 86 87 88 97 98 109 110 113 118
third_party/blink/renderer/platform/testing/test_paint_artifact.cc 47 48 49 55 56 57 58 114 120 122
third_party/blink/renderer/platform/testing/test_paint_artifact.h 49 50 51 58 64 65 66 77
