third_party/WebKit/LayoutTests/typedcssom/resources/testhelper.js 82 83 84 85 86 87 88 89 90 91 92 93 94 95 96 97 98 99 100 101 102 103 104 105
third_party/WebKit/LayoutTests/typedcssom/stylevalue-normalization/normalize-ident.html 8 17 19
third_party/WebKit/LayoutTests/typedcssom/stylevalue-normalization/normalize-numeric.html 8 12 15 19 20 23 24 27 28 31 32 35 36 39 40
third_party/WebKit/LayoutTests/typedcssom/stylevalue-normalization/normalize-tokens.html 8 12 17 54 55 58 59
third_party/WebKit/LayoutTests/typedcssom/stylevalue-normalization/transformvalue-normalization.html 9 13 16 20 21 27 28 149 150 154 155 166 167
third_party/WebKit/LayoutTests/typedcssom/stylevalue-objects/parse-relative-url.html 14 16 27
third_party/WebKit/LayoutTests/typedcssom/stylevalue-serialization/cssKeywordValue.html 8 29 30
third_party/WebKit/LayoutTests/typedcssom/stylevalue-serialization/cssPositionValue.html 8 28 29 34 35
third_party/WebKit/LayoutTests/typedcssom/stylevalue-serialization/cssUnitValue.html 8 43 44 49 50
third_party/WebKit/LayoutTests/typedcssom/stylevalue-subclasses/cssUrlImageValue.html 12 14 47 60 73
third_party/WebKit/LayoutTests/typedcssom/the-stylepropertymap/computed/computed.html 60 61
third_party/WebKit/LayoutTests/typedcssom/the-stylepropertymap/computed/get.html 8 12 13 17 18 22 23 24 27 28 29 32 33 34 37 38 39
third_party/WebKit/LayoutTests/typedcssom/the-stylepropertymap/computed/getAll.html 8 12 13 17 18 19 22 23 24 27 28 29 32 33 34 37 38 39
third_party/WebKit/LayoutTests/typedcssom/the-stylepropertymap/computed/getProperties.html 7 8 12 13 14
third_party/WebKit/LayoutTests/typedcssom/the-stylepropertymap/computed/has.html 7 8 12 13 22 26 27
third_party/WebKit/LayoutTests/typedcssom/the-stylepropertymap/computed/iterable.html 8 19 20 21 25 26 30 31 35 36
third_party/WebKit/LayoutTests/typedcssom/the-stylepropertymap/inline/append.html 8 22 23 28 29 38 39 48 49
third_party/WebKit/LayoutTests/typedcssom/the-stylepropertymap/inline/delete.html 8 12 13 18 19 33 34
third_party/WebKit/LayoutTests/typedcssom/the-stylepropertymap/inline/get.html 8 12 13 17 18 22 23 27 28 29 32 33 34 37 38 39 42 43 44
third_party/WebKit/LayoutTests/typedcssom/the-stylepropertymap/inline/getAll.html 8 12 13 17 18 19 22 23 24 27 28 29 32 33 34 37 38 39 42 43 44
third_party/WebKit/LayoutTests/typedcssom/the-stylepropertymap/inline/getProperties.html 7 8 12 13 14 17 18 19
third_party/WebKit/LayoutTests/typedcssom/the-stylepropertymap/inline/has.html 7 8 12 13 23 27 28
third_party/WebKit/LayoutTests/typedcssom/the-stylepropertymap/inline/iterable.html 8 12 13 14 17 18 19 23 24 25 26 27 28 31 32 33 35 36 37 39 40 41 43 44 45 46 47 48
third_party/WebKit/LayoutTests/typedcssom/the-stylepropertymap/inline/set.html 8 20 21 26 27 31 32 36 37 46 47 56 57 63 64 73 74
third_party/WebKit/LayoutTests/typedcssom/the-stylepropertymap/inline/update.html 8 20 21 26 27 36 37 46 47 56 57 64 65 72 73 80 81
