third_party/WebKit/LayoutTests/TestExpectations
third_party/WebKit/LayoutTests/fast/shapes/shape-outside-floats/shape-outside-floats-ellipse-margin-left-expected.txt
third_party/WebKit/LayoutTests/platform/android/css1/box_properties/float_on_text_elements-expected.txt
third_party/WebKit/LayoutTests/platform/android/css1/box_properties/padding-expected.txt
third_party/WebKit/LayoutTests/platform/android/css1/box_properties/padding_left-expected.txt
third_party/WebKit/LayoutTests/platform/android/css1/formatting_model/vertical_formatting-expected.txt
third_party/WebKit/LayoutTests/platform/android/css1/text_properties/text_indent-expected.txt
third_party/WebKit/LayoutTests/platform/android/css2.1/t0804-c5509-padn-l-00-b-ag-expected.txt
third_party/WebKit/LayoutTests/platform/android/css2.1/t0804-c5510-padn-00-b-ag-expected.txt
third_party/WebKit/LayoutTests/platform/android/css2.1/t0905-c414-flt-wrap-00-e-expected.txt
third_party/WebKit/LayoutTests/platform/android/css2.1/t0905-c5525-fltwidth-00-c-g-expected.txt
third_party/WebKit/LayoutTests/platform/android/css2.1/t100801-c544-valgn-00-a-ag-expected.txt
third_party/WebKit/LayoutTests/platform/android/css2.1/t100801-c544-valgn-02-d-agi-expected.txt
third_party/WebKit/LayoutTests/platform/android/css2.1/t100801-c544-valgn-03-d-agi-expected.txt
third_party/WebKit/LayoutTests/platform/android/css2.1/t100801-c544-valgn-04-d-agi-expected.txt
third_party/WebKit/LayoutTests/platform/android/editing/input/caret-at-the-edge-of-input-expected.txt
third_party/WebKit/LayoutTests/platform/android/editing/pasteboard/drop-text-without-selection-expected.txt
third_party/WebKit/LayoutTests/platform/android/fast/css/empty-pseudo-class-expected.txt
third_party/WebKit/LayoutTests/platform/android/fast/css/first-child-pseudo-class-expected.txt
third_party/WebKit/LayoutTests/platform/android/fast/css/first-of-type-pseudo-class-expected.txt
third_party/WebKit/LayoutTests/platform/android/fast/css/last-child-pseudo-class-expected.txt
third_party/WebKit/LayoutTests/platform/android/fast/css/last-of-type-pseudo-class-expected.txt
third_party/WebKit/LayoutTests/platform/android/fast/css/only-child-pseudo-class-expected.txt
third_party/WebKit/LayoutTests/platform/android/fast/css/only-of-type-pseudo-class-expected.txt
third_party/WebKit/LayoutTests/platform/android/fast/css/text-overflow-input-expected.txt
third_party/WebKit/LayoutTests/platform/android/fast/events/autoscroll-expected.txt
third_party/WebKit/LayoutTests/platform/android/fast/forms/basic-inputs-expected.txt
third_party/WebKit/LayoutTests/platform/android/fast/forms/input-appearance-preventDefault-expected.txt
third_party/WebKit/LayoutTests/platform/android/fast/forms/input-appearance-selection-expected.txt
third_party/WebKit/LayoutTests/platform/android/fast/forms/input-text-drag-down-expected.txt
third_party/WebKit/LayoutTests/platform/android/fast/forms/input-text-scroll-left-on-blur-expected.txt
third_party/WebKit/LayoutTests/platform/android/fast/forms/input-text-word-wrap-expected.txt
third_party/WebKit/LayoutTests/platform/android/fast/hidpi/image-srcset-png-canvas-expected.txt
third_party/WebKit/LayoutTests/platform/android/fast/hidpi/image-srcset-png-expected.txt
third_party/WebKit/LayoutTests/platform/android/fast/hidpi/image-srcset-relative-svg-expected.txt
third_party/WebKit/LayoutTests/platform/android/fast/hidpi/image-srcset-svg-canvas-2x-expected.txt
third_party/WebKit/LayoutTests/platform/android/fast/hidpi/image-srcset-svg-canvas-expected.txt
third_party/WebKit/LayoutTests/platform/android/fast/hidpi/image-srcset-svg-expected.txt
third_party/WebKit/LayoutTests/platform/android/fast/hidpi/image-srcset-svg2-expected.txt
third_party/WebKit/LayoutTests/platform/android/fast/multicol/float-multicol-expected.txt
third_party/WebKit/LayoutTests/platform/android/fast/multicol/vertical-lr/float-multicol-expected.txt
third_party/WebKit/LayoutTests/platform/android/fast/multicol/vertical-rl/float-multicol-expected.txt
third_party/WebKit/LayoutTests/platform/android/fast/regions/multiple-directionality-changes-in-variable-width-regions-expected.txt
third_party/WebKit/LayoutTests/platform/android/fast/repaint/line-flow-with-floats-1-expected.txt
third_party/WebKit/LayoutTests/platform/android/fast/repaint/line-flow-with-floats-10-expected.txt
third_party/WebKit/LayoutTests/platform/android/fast/repaint/line-flow-with-floats-2-expected.txt
third_party/WebKit/LayoutTests/platform/android/fast/repaint/line-flow-with-floats-3-expected.txt
third_party/WebKit/LayoutTests/platform/android/fast/repaint/line-flow-with-floats-4-expected.txt
third_party/WebKit/LayoutTests/platform/android/fast/repaint/line-flow-with-floats-5-expected.txt
third_party/WebKit/LayoutTests/platform/android/fast/repaint/line-flow-with-floats-6-expected.txt
third_party/WebKit/LayoutTests/platform/android/fast/repaint/line-flow-with-floats-7-expected.txt
third_party/WebKit/LayoutTests/platform/android/fast/repaint/line-flow-with-floats-9-expected.txt
third_party/WebKit/LayoutTests/platform/android/fast/repaint/line-flow-with-floats-in-regions-expected.txt
third_party/WebKit/LayoutTests/platform/android/fast/shapes/shape-outside-floats/shape-outside-floats-ellipse-margin-left-expected.txt
third_party/WebKit/LayoutTests/platform/android/fast/speech/input-appearance-numberandspeech-expected.txt
third_party/WebKit/LayoutTests/platform/android/fast/speech/input-appearance-speechbutton-expected.txt
third_party/WebKit/LayoutTests/platform/android/fast/text/whitespace/024-expected.txt
third_party/WebKit/LayoutTests/platform/android/svg/custom/svg-fonts-in-html-expected.txt
third_party/WebKit/LayoutTests/platform/android/svg/wicd/rightsizing-grid-expected.txt
third_party/WebKit/LayoutTests/platform/android/tables/mozilla/bugs/bug59354-expected.txt
third_party/WebKit/LayoutTests/platform/android/virtual/gpu/fast/hidpi/image-srcset-png-canvas-expected.txt
third_party/WebKit/LayoutTests/platform/android/virtual/gpu/fast/hidpi/image-srcset-png-expected.txt
third_party/WebKit/LayoutTests/platform/android/virtual/gpu/fast/hidpi/image-srcset-relative-svg-expected.txt
third_party/WebKit/LayoutTests/platform/android/virtual/gpu/fast/hidpi/image-srcset-svg-canvas-2x-expected.txt
third_party/WebKit/LayoutTests/platform/android/virtual/gpu/fast/hidpi/image-srcset-svg-canvas-expected.txt
third_party/WebKit/LayoutTests/platform/android/virtual/gpu/fast/hidpi/image-srcset-svg-expected.txt
third_party/WebKit/LayoutTests/platform/android/virtual/gpu/fast/hidpi/image-srcset-svg2-expected.txt
third_party/WebKit/LayoutTests/platform/linux/css2.1/t0905-c5525-fltwidth-00-c-g-expected.txt
third_party/WebKit/LayoutTests/platform/linux/css2.1/t100801-c544-valgn-03-d-agi-expected.txt
third_party/WebKit/LayoutTests/platform/linux/editing/input/caret-at-the-edge-of-input-expected.txt
third_party/WebKit/LayoutTests/platform/linux/editing/pasteboard/drop-text-without-selection-expected.txt
third_party/WebKit/LayoutTests/platform/linux/fast/css/text-overflow-input-expected.txt
third_party/WebKit/LayoutTests/platform/linux/fast/events/autoscroll-expected.txt
third_party/WebKit/LayoutTests/platform/linux/fast/forms/basic-inputs-expected.txt
third_party/WebKit/LayoutTests/platform/linux/fast/forms/control-restrict-line-height-expected.txt
third_party/WebKit/LayoutTests/platform/linux/fast/forms/input-appearance-preventDefault-expected.txt
third_party/WebKit/LayoutTests/platform/linux/fast/forms/input-appearance-selection-expected.txt
third_party/WebKit/LayoutTests/platform/linux/fast/forms/input-text-drag-down-expected.txt
third_party/WebKit/LayoutTests/platform/linux/fast/forms/input-text-scroll-left-on-blur-expected.txt
third_party/WebKit/LayoutTests/platform/linux/fast/forms/input-text-word-wrap-expected.txt
third_party/WebKit/LayoutTests/platform/linux/fast/speech/input-appearance-numberandspeech-expected.txt
third_party/WebKit/LayoutTests/platform/linux/fast/speech/input-appearance-speechbutton-expected.txt
third_party/WebKit/LayoutTests/platform/linux/tables/mozilla/bugs/bug59354-expected.txt
third_party/WebKit/LayoutTests/platform/linux/tables/mozilla/bugs/bug96334-expected.txt
third_party/WebKit/LayoutTests/platform/mac/css1/box_properties/float_on_text_elements-expected.txt
third_party/WebKit/LayoutTests/platform/mac/css1/box_properties/padding-expected.txt
third_party/WebKit/LayoutTests/platform/mac/css1/box_properties/padding_left-expected.txt
third_party/WebKit/LayoutTests/platform/mac/css1/formatting_model/vertical_formatting-expected.txt
third_party/WebKit/LayoutTests/platform/mac/css1/text_properties/text_indent-expected.txt
third_party/WebKit/LayoutTests/platform/mac/css2.1/t0804-c5509-padn-l-00-b-ag-expected.txt
third_party/WebKit/LayoutTests/platform/mac/css2.1/t0804-c5510-padn-00-b-ag-expected.txt
third_party/WebKit/LayoutTests/platform/mac/css2.1/t0905-c414-flt-wrap-00-e-expected.txt
third_party/WebKit/LayoutTests/platform/mac/css2.1/t0905-c5525-fltwidth-00-c-g-expected.txt
third_party/WebKit/LayoutTests/platform/mac/css2.1/t100801-c544-valgn-00-a-ag-expected.txt
third_party/WebKit/LayoutTests/platform/mac/css2.1/t100801-c544-valgn-02-d-agi-expected.txt
third_party/WebKit/LayoutTests/platform/mac/css2.1/t100801-c544-valgn-03-d-agi-expected.txt
third_party/WebKit/LayoutTests/platform/mac/css2.1/t100801-c544-valgn-04-d-agi-expected.txt
third_party/WebKit/LayoutTests/platform/mac/editing/input/caret-at-the-edge-of-input-expected.txt
third_party/WebKit/LayoutTests/platform/mac/editing/pasteboard/drop-text-without-selection-expected.txt
third_party/WebKit/LayoutTests/platform/mac/fast/css/empty-pseudo-class-expected.txt
third_party/WebKit/LayoutTests/platform/mac/fast/css/first-child-pseudo-class-expected.txt
third_party/WebKit/LayoutTests/platform/mac/fast/css/first-of-type-pseudo-class-expected.txt
third_party/WebKit/LayoutTests/platform/mac/fast/css/last-child-pseudo-class-expected.txt
third_party/WebKit/LayoutTests/platform/mac/fast/css/last-of-type-pseudo-class-expected.txt
third_party/WebKit/LayoutTests/platform/mac/fast/css/only-child-pseudo-class-expected.txt
third_party/WebKit/LayoutTests/platform/mac/fast/css/only-of-type-pseudo-class-expected.txt
third_party/WebKit/LayoutTests/platform/mac/fast/css/text-overflow-input-expected.txt
third_party/WebKit/LayoutTests/platform/mac/fast/events/autoscroll-expected.txt
third_party/WebKit/LayoutTests/platform/mac/fast/events/touch/gesture/touch-gesture-scroll-input-field-expected.txt
third_party/WebKit/LayoutTests/platform/mac/fast/forms/basic-inputs-expected.txt
third_party/WebKit/LayoutTests/platform/mac/fast/forms/control-restrict-line-height-expected.txt
third_party/WebKit/LayoutTests/platform/mac/fast/forms/input-appearance-preventDefault-expected.txt
third_party/WebKit/LayoutTests/platform/mac/fast/forms/input-appearance-selection-expected.txt
third_party/WebKit/LayoutTests/platform/mac/fast/forms/input-text-drag-down-expected.txt
third_party/WebKit/LayoutTests/platform/mac/fast/forms/input-text-scroll-left-on-blur-expected.txt
third_party/WebKit/LayoutTests/platform/mac/fast/forms/input-text-word-wrap-expected.txt
third_party/WebKit/LayoutTests/platform/mac/fast/forms/minWidthPercent-expected.txt
third_party/WebKit/LayoutTests/platform/mac/fast/hidpi/image-srcset-png-canvas-expected.txt
third_party/WebKit/LayoutTests/platform/mac/fast/hidpi/image-srcset-png-expected.txt
third_party/WebKit/LayoutTests/platform/mac/fast/hidpi/image-srcset-relative-svg-expected.txt
third_party/WebKit/LayoutTests/platform/mac/fast/hidpi/image-srcset-svg-canvas-2x-expected.txt
third_party/WebKit/LayoutTests/platform/mac/fast/hidpi/image-srcset-svg-canvas-expected.txt
third_party/WebKit/LayoutTests/platform/mac/fast/hidpi/image-srcset-svg-expected.txt
third_party/WebKit/LayoutTests/platform/mac/fast/hidpi/image-srcset-svg2-expected.txt
third_party/WebKit/LayoutTests/platform/mac/fast/multicol/float-multicol-expected.txt
third_party/WebKit/LayoutTests/platform/mac/fast/multicol/vertical-lr/float-multicol-expected.txt
third_party/WebKit/LayoutTests/platform/mac/fast/multicol/vertical-rl/float-multicol-expected.txt
third_party/WebKit/LayoutTests/platform/mac/fast/regions/multiple-directionality-changes-in-variable-width-regions-expected.txt
third_party/WebKit/LayoutTests/platform/mac/fast/repaint/line-flow-with-floats-1-expected.txt
third_party/WebKit/LayoutTests/platform/mac/fast/repaint/line-flow-with-floats-10-expected.txt
third_party/WebKit/LayoutTests/platform/mac/fast/repaint/line-flow-with-floats-2-expected.txt
third_party/WebKit/LayoutTests/platform/mac/fast/repaint/line-flow-with-floats-3-expected.txt
third_party/WebKit/LayoutTests/platform/mac/fast/repaint/line-flow-with-floats-4-expected.txt
third_party/WebKit/LayoutTests/platform/mac/fast/repaint/line-flow-with-floats-5-expected.txt
third_party/WebKit/LayoutTests/platform/mac/fast/repaint/line-flow-with-floats-6-expected.txt
third_party/WebKit/LayoutTests/platform/mac/fast/repaint/line-flow-with-floats-7-expected.txt
third_party/WebKit/LayoutTests/platform/mac/fast/repaint/line-flow-with-floats-9-expected.txt
third_party/WebKit/LayoutTests/platform/mac/fast/repaint/line-flow-with-floats-in-regions-expected.txt
third_party/WebKit/LayoutTests/platform/mac/fast/speech/input-appearance-numberandspeech-expected.txt
third_party/WebKit/LayoutTests/platform/mac/fast/speech/input-appearance-speechbutton-expected.txt
third_party/WebKit/LayoutTests/platform/mac/fast/text/whitespace/024-expected.txt
third_party/WebKit/LayoutTests/platform/mac/fast/text/word-break-run-rounding-expected.txt
third_party/WebKit/LayoutTests/platform/mac/svg/custom/svg-fonts-in-html-expected.txt
third_party/WebKit/LayoutTests/platform/mac/svg/wicd/rightsizing-grid-expected.txt
third_party/WebKit/LayoutTests/platform/mac/tables/mozilla/bugs/bug59354-expected.txt
third_party/WebKit/LayoutTests/platform/mac/tables/mozilla/bugs/bug96334-expected.txt
third_party/WebKit/LayoutTests/platform/mac/virtual/gpu/fast/hidpi/image-srcset-png-canvas-expected.txt
third_party/WebKit/LayoutTests/platform/mac/virtual/gpu/fast/hidpi/image-srcset-png-expected.txt
third_party/WebKit/LayoutTests/platform/mac/virtual/gpu/fast/hidpi/image-srcset-relative-svg-expected.txt
third_party/WebKit/LayoutTests/platform/mac/virtual/gpu/fast/hidpi/image-srcset-svg-canvas-2x-expected.txt
third_party/WebKit/LayoutTests/platform/mac/virtual/gpu/fast/hidpi/image-srcset-svg-canvas-expected.txt
third_party/WebKit/LayoutTests/platform/mac/virtual/gpu/fast/hidpi/image-srcset-svg-expected.txt
third_party/WebKit/LayoutTests/platform/mac/virtual/gpu/fast/hidpi/image-srcset-svg2-expected.txt
third_party/WebKit/LayoutTests/platform/win/css1/box_properties/float_on_text_elements-expected.txt
third_party/WebKit/LayoutTests/platform/win/css1/box_properties/padding-expected.txt
third_party/WebKit/LayoutTests/platform/win/css1/box_properties/padding_left-expected.txt
third_party/WebKit/LayoutTests/platform/win/css1/formatting_model/vertical_formatting-expected.txt
third_party/WebKit/LayoutTests/platform/win/css1/text_properties/text_indent-expected.txt
third_party/WebKit/LayoutTests/platform/win/css2.1/t0804-c5509-padn-l-00-b-ag-expected.txt
third_party/WebKit/LayoutTests/platform/win/css2.1/t0804-c5510-padn-00-b-ag-expected.txt
third_party/WebKit/LayoutTests/platform/win/css2.1/t0905-c414-flt-wrap-00-e-expected.txt
third_party/WebKit/LayoutTests/platform/win/css2.1/t0905-c5525-fltwidth-00-c-g-expected.txt
third_party/WebKit/LayoutTests/platform/win/css2.1/t100801-c544-valgn-00-a-ag-expected.txt
third_party/WebKit/LayoutTests/platform/win/css2.1/t100801-c544-valgn-02-d-agi-expected.txt
third_party/WebKit/LayoutTests/platform/win/css2.1/t100801-c544-valgn-03-d-agi-expected.txt
third_party/WebKit/LayoutTests/platform/win/css2.1/t100801-c544-valgn-04-d-agi-expected.txt
third_party/WebKit/LayoutTests/platform/win/fast/css/empty-pseudo-class-expected.txt
third_party/WebKit/LayoutTests/platform/win/fast/css/first-child-pseudo-class-expected.txt
third_party/WebKit/LayoutTests/platform/win/fast/css/first-of-type-pseudo-class-expected.txt
third_party/WebKit/LayoutTests/platform/win/fast/css/last-child-pseudo-class-expected.txt
third_party/WebKit/LayoutTests/platform/win/fast/css/last-of-type-pseudo-class-expected.txt
third_party/WebKit/LayoutTests/platform/win/fast/css/only-child-pseudo-class-expected.txt
third_party/WebKit/LayoutTests/platform/win/fast/css/only-of-type-pseudo-class-expected.txt
third_party/WebKit/LayoutTests/platform/win/fast/hidpi/image-srcset-png-canvas-expected.txt
third_party/WebKit/LayoutTests/platform/win/fast/hidpi/image-srcset-png-expected.txt
third_party/WebKit/LayoutTests/platform/win/fast/hidpi/image-srcset-relative-svg-expected.txt
third_party/WebKit/LayoutTests/platform/win/fast/hidpi/image-srcset-svg-canvas-2x-expected.txt
third_party/WebKit/LayoutTests/platform/win/fast/hidpi/image-srcset-svg-canvas-expected.txt
third_party/WebKit/LayoutTests/platform/win/fast/hidpi/image-srcset-svg-expected.txt
third_party/WebKit/LayoutTests/platform/win/fast/hidpi/image-srcset-svg2-expected.txt
third_party/WebKit/LayoutTests/platform/win/fast/multicol/float-multicol-expected.txt
third_party/WebKit/LayoutTests/platform/win/fast/multicol/vertical-lr/float-multicol-expected.txt
third_party/WebKit/LayoutTests/platform/win/fast/multicol/vertical-rl/float-multicol-expected.txt
third_party/WebKit/LayoutTests/platform/win/fast/regions/multiple-directionality-changes-in-variable-width-regions-expected.txt
third_party/WebKit/LayoutTests/platform/win/fast/repaint/line-flow-with-floats-1-expected.txt
third_party/WebKit/LayoutTests/platform/win/fast/repaint/line-flow-with-floats-10-expected.txt
third_party/WebKit/LayoutTests/platform/win/fast/repaint/line-flow-with-floats-2-expected.txt
third_party/WebKit/LayoutTests/platform/win/fast/repaint/line-flow-with-floats-3-expected.txt
third_party/WebKit/LayoutTests/platform/win/fast/repaint/line-flow-with-floats-4-expected.txt
third_party/WebKit/LayoutTests/platform/win/fast/repaint/line-flow-with-floats-5-expected.txt
third_party/WebKit/LayoutTests/platform/win/fast/repaint/line-flow-with-floats-6-expected.txt
third_party/WebKit/LayoutTests/platform/win/fast/repaint/line-flow-with-floats-7-expected.txt
third_party/WebKit/LayoutTests/platform/win/fast/repaint/line-flow-with-floats-9-expected.txt
third_party/WebKit/LayoutTests/platform/win/fast/repaint/line-flow-with-floats-in-regions-expected.txt
third_party/WebKit/LayoutTests/platform/win/fast/text/whitespace/024-expected.txt
third_party/WebKit/LayoutTests/platform/win/svg/custom/svg-fonts-in-html-expected.txt
third_party/WebKit/LayoutTests/platform/win/svg/wicd/rightsizing-grid-expected.txt
third_party/WebKit/LayoutTests/platform/win/virtual/gpu/fast/hidpi/image-srcset-png-canvas-expected.txt
third_party/WebKit/LayoutTests/platform/win/virtual/gpu/fast/hidpi/image-srcset-png-expected.txt
third_party/WebKit/LayoutTests/platform/win/virtual/gpu/fast/hidpi/image-srcset-relative-svg-expected.txt
third_party/WebKit/LayoutTests/platform/win/virtual/gpu/fast/hidpi/image-srcset-svg-canvas-2x-expected.txt
third_party/WebKit/LayoutTests/platform/win/virtual/gpu/fast/hidpi/image-srcset-svg-canvas-expected.txt
third_party/WebKit/LayoutTests/platform/win/virtual/gpu/fast/hidpi/image-srcset-svg-expected.txt
third_party/WebKit/LayoutTests/platform/win/virtual/gpu/fast/hidpi/image-srcset-svg2-expected.txt
