chrome/browser/browsing_data/browsing_data_shared_worker_helper.cc
chrome/browser/browsing_data/browsing_data_shared_worker_helper.h
chrome/browser/browsing_data/browsing_data_shared_worker_helper_unittest.cc
chrome/browser/browsing_data/cookies_tree_model.cc
chrome/browser/browsing_data/mock_browsing_data_shared_worker_helper.cc
chrome/browser/browsing_data/mock_browsing_data_shared_worker_helper.h
chrome/browser/chrome_content_browser_client.cc
chrome/browser/chrome_content_browser_client.h
chrome/browser/content_settings/tab_specific_content_settings.cc
chrome/browser/content_settings/tab_specific_content_settings.h
content/browser/devtools/shared_worker_devtools_manager_unittest.cc
content/browser/shared_worker/shared_worker_instance.cc
content/browser/shared_worker/shared_worker_instance.h
content/browser/shared_worker/shared_worker_instance_unittest.cc
content/browser/shared_worker/shared_worker_service_impl.cc
content/browser/shared_worker/shared_worker_service_impl.h
content/browser/shared_worker/shared_worker_service_impl_unittest.cc
content/public/browser/content_browser_client.cc
content/public/browser/content_browser_client.h
content/public/browser/shared_worker_service.h
third_party/WebKit/LayoutTests/external/wpt/workers/data-url-shared-window.html
third_party/WebKit/LayoutTests/external/wpt/workers/data-url-shared.html
