third_party/WebKit/Source/WebCore/ChangeLog
third_party/WebKit/Source/WebCore/css/CSSComputedStyleDeclaration.cpp
third_party/WebKit/Source/WebCore/css/StyleResolver.cpp
third_party/WebKit/Source/WebCore/dom/Text.cpp
third_party/WebKit/Source/WebCore/editing/DeleteButtonController.cpp
third_party/WebKit/Source/WebCore/editing/TextIterator.cpp
third_party/WebKit/Source/WebCore/rendering/AutoTableLayout.cpp
third_party/WebKit/Source/WebCore/rendering/InlineFlowBox.cpp
third_party/WebKit/Source/WebCore/rendering/InlineIterator.h
third_party/WebKit/Source/WebCore/rendering/LayoutState.cpp
third_party/WebKit/Source/WebCore/rendering/RenderBlock.cpp
third_party/WebKit/Source/WebCore/rendering/RenderBlock.h
third_party/WebKit/Source/WebCore/rendering/RenderBlockLineLayout.cpp
third_party/WebKit/Source/WebCore/rendering/RenderBox.cpp
third_party/WebKit/Source/WebCore/rendering/RenderBox.h
third_party/WebKit/Source/WebCore/rendering/RenderBoxModelObject.cpp
third_party/WebKit/Source/WebCore/rendering/RenderBoxModelObject.h
third_party/WebKit/Source/WebCore/rendering/RenderDeprecatedFlexibleBox.cpp
third_party/WebKit/Source/WebCore/rendering/RenderFieldset.cpp
third_party/WebKit/Source/WebCore/rendering/RenderFlexibleBox.cpp
third_party/WebKit/Source/WebCore/rendering/RenderGrid.cpp
third_party/WebKit/Source/WebCore/rendering/RenderImage.cpp
third_party/WebKit/Source/WebCore/rendering/RenderInline.cpp
third_party/WebKit/Source/WebCore/rendering/RenderLayer.cpp
third_party/WebKit/Source/WebCore/rendering/RenderLayerCompositor.cpp
third_party/WebKit/Source/WebCore/rendering/RenderLineBoxList.cpp
third_party/WebKit/Source/WebCore/rendering/RenderListItem.cpp
third_party/WebKit/Source/WebCore/rendering/RenderMultiColumnBlock.cpp
third_party/WebKit/Source/WebCore/rendering/RenderObject.cpp
third_party/WebKit/Source/WebCore/rendering/RenderObject.h
third_party/WebKit/Source/WebCore/rendering/RenderObjectChildList.cpp
third_party/WebKit/Source/WebCore/rendering/RenderReplaced.cpp
third_party/WebKit/Source/WebCore/rendering/RenderRubyRun.cpp
third_party/WebKit/Source/WebCore/rendering/RenderTable.cpp
third_party/WebKit/Source/WebCore/rendering/style/RenderStyle.h
third_party/WebKit/Source/WebKit/blackberry/Api/WebPage.cpp
third_party/WebKit/Source/WebKit/blackberry/ChangeLog
third_party/WebKit/Source/WebKit2/ChangeLog
third_party/WebKit/Source/WebKit2/WebProcess/WebPage/qt/LayerTreeHostQt.cpp
