net/base/chunked_upload_data_stream.cc
net/base/elements_upload_data_stream_unittest.cc
net/base/file_stream.cc
net/base/network_activity_monitor_unittest.cc
net/base/network_change_notifier_mac.cc
net/base/network_interfaces_getifaddrs.cc
net/base/network_throttle_manager_impl.cc
net/cert/caching_cert_verifier_unittest.cc
net/cert/cert_verifier.cc
net/cert/cert_verify_proc_android_unittest.cc
net/cert/internal/cert_error_params.cc
net/cert/internal/cert_issuer_source_aia_unittest.cc
net/cert/internal/path_builder.cc
net/cert/internal/signature_algorithm.cc
net/cert/internal/system_trust_store.cc
net/cert/multi_threaded_cert_verifier.cc
net/cert/test_root_certs_nss.cc
net/cert_net/cert_net_fetcher_impl.cc
net/cert_net/cert_net_fetcher_impl_unittest.cc
net/cookies/canonical_cookie.cc
net/cookies/canonical_cookie_unittest.cc
net/cookies/cookie_monster.cc
net/cookies/cookie_monster_store_test.cc
net/cookies/cookie_monster_unittest.cc
net/cookies/cookie_store_unittest.h
net/disk_cache/backend_unittest.cc
net/disk_cache/memory/mem_backend_impl.cc
net/disk_cache/simple/simple_backend_impl.cc
net/disk_cache/simple/simple_experiment_unittest.cc
net/disk_cache/simple/simple_index_file.cc
net/disk_cache/simple/simple_index_unittest.cc
net/dns/dns_config_service.cc
net/dns/dns_config_service_posix_unittest.cc
net/dns/dns_session.cc
net/dns/dns_transaction_unittest.cc
net/dns/host_cache.cc
net/dns/host_resolver_impl.cc
net/dns/host_resolver_impl_unittest.cc
net/dns/host_resolver_mojo.cc
net/dns/mdns_client_impl.cc
net/dns/mojo_host_resolver_impl_unittest.cc
net/dns/mojo_host_struct_traits.cc
net/extras/sqlite/sqlite_persistent_cookie_store.cc
net/extras/sqlite/sqlite_persistent_cookie_store_unittest.cc
net/ftp/ftp_network_layer.cc
net/ftp/ftp_network_transaction.cc
net/ftp/ftp_network_transaction_unittest.cc
net/http/bidirectional_stream.cc
net/http/bidirectional_stream_unittest.cc
net/http/broken_alternative_services_unittest.cc
net/http/http_auth_handler_factory.cc
net/http/http_auth_handler_negotiate_unittest.cc
net/http/http_basic_state_unittest.cc
net/http/http_cache.cc
net/http/http_cache_lookup_manager.cc
net/http/http_cache_lookup_manager_unittest.cc
net/http/http_cache_unittest.cc
net/http/http_cache_writers_unittest.cc
net/http/http_network_session.cc
net/http/http_network_transaction_unittest.cc
net/http/http_proxy_client_socket.cc
net/http/http_proxy_client_socket_pool.cc
net/http/http_proxy_client_socket_pool_unittest.cc
net/http/http_request_headers.cc
net/http/http_response_headers.cc
net/http/http_server_properties_impl_unittest.cc
net/http/http_server_properties_manager.cc
net/http/http_server_properties_manager_unittest.cc
net/http/http_stream_factory_impl.cc
net/http/http_stream_factory_impl_job.cc
net/http/http_stream_factory_impl_job_controller.cc
net/http/http_stream_factory_impl_job_controller_unittest.cc
net/http/http_stream_factory_impl_request_unittest.cc
net/http/http_stream_factory_impl_unittest.cc
net/http/http_stream_factory_test_util.cc
net/http/http_stream_parser_unittest.cc
net/http/mock_http_cache.cc
net/http/transport_security_persister.cc
net/http/transport_security_state.cc
net/http/transport_security_state_unittest.cc
net/log/file_net_log_observer_unittest.cc
net/log/net_log.cc
net/log/net_log_unittest.cc
net/log/net_log_util.cc
net/nqe/event_creator_unittest.cc
net/nqe/network_quality_estimator_test_util.cc
net/nqe/network_quality_estimator_unittest.cc
net/nqe/network_quality_estimator_util_unittest.cc
net/nqe/socket_watcher_factory.cc
net/nqe/throughput_analyzer_unittest.cc
net/proxy/dhcp_proxy_script_fetcher_factory.cc
net/proxy/mock_proxy_resolver.cc
net/proxy/mojo_proxy_resolver_factory_impl.cc
net/proxy/mojo_proxy_resolver_factory_impl_unittest.cc
net/proxy/mojo_proxy_resolver_impl.cc
net/proxy/proxy_bypass_rules.cc
net/proxy/proxy_config.cc
net/proxy/proxy_config_service_win.cc
net/proxy/proxy_resolver_factory_mojo.cc
net/proxy/proxy_resolver_factory_mojo_unittest.cc
net/proxy/proxy_resolver_v8_tracing_unittest.cc
net/proxy/proxy_script_fetcher_impl_unittest.cc
net/proxy/proxy_service.cc
net/proxy/proxy_service_mojo.cc
net/proxy/proxy_service_mojo_unittest.cc
net/proxy/proxy_service_unittest.cc
net/proxy/proxy_service_v8.cc
net/proxy/test_mojo_proxy_resolver_factory.cc
net/quic/chromium/bidirectional_stream_quic_impl_unittest.cc
net/quic/chromium/crypto/channel_id_chromium.cc
net/quic/chromium/crypto/proof_verifier_chromium.cc
net/quic/chromium/crypto/proof_verifier_chromium_test.cc
net/quic/chromium/crypto_test_utils_chromium.cc
net/quic/chromium/quic_chromium_client_session.cc
net/quic/chromium/quic_connection_logger.cc
net/quic/chromium/quic_end_to_end_unittest.cc
net/quic/chromium/quic_http_stream_test.cc
net/quic/chromium/quic_network_transaction_unittest.cc
net/quic/chromium/quic_proxy_client_socket.cc
net/quic/chromium/quic_stream_factory.cc
net/quic/chromium/quic_stream_factory_test.cc
net/quic/chromium/quic_test_packet_maker.cc
net/quic/core/crypto/crypto_server_config_protobuf.h
net/quic/platform/impl/quic_ptr_util_impl.h
net/reporting/reporting_browsing_data_remover_unittest.cc
net/reporting/reporting_cache.cc
net/reporting/reporting_cache_unittest.cc
net/reporting/reporting_context.cc
net/reporting/reporting_delegate.cc
net/reporting/reporting_delivery_agent.cc
net/reporting/reporting_delivery_agent_unittest.cc
net/reporting/reporting_endpoint_manager.cc
net/reporting/reporting_garbage_collector.cc
net/reporting/reporting_garbage_collector_unittest.cc
net/reporting/reporting_network_change_observer.cc
net/reporting/reporting_network_change_observer_unittest.cc
net/reporting/reporting_persister.cc
net/reporting/reporting_service.cc
net/reporting/reporting_service_unittest.cc
net/reporting/reporting_test_util.cc
net/reporting/reporting_uploader.cc
net/reporting/reporting_uploader_unittest.cc
net/sdch/sdch_owner.cc
net/server/http_server.cc
net/server/http_server_fuzzer.cc
net/server/web_socket_encoder.cc
net/socket/client_socket_pool_base.cc
net/socket/client_socket_pool_manager_impl.cc
net/socket/fuzzed_server_socket.cc
net/socket/fuzzed_socket_factory.cc
net/socket/socket_bio_adapter_unittest.cc
net/socket/ssl_client_socket_pool.cc
net/spdy/chromium/bidirectional_stream_spdy_impl_unittest.cc
net/spdy/chromium/buffered_spdy_framer.cc
net/spdy/chromium/header_coalescer.cc
net/spdy/chromium/spdy_buffer.cc
net/spdy/chromium/spdy_buffer_unittest.cc
net/spdy/chromium/spdy_http_stream.cc
net/spdy/chromium/spdy_http_stream_unittest.cc
net/spdy/chromium/spdy_log_util.cc
net/spdy/chromium/spdy_network_transaction_unittest.cc
net/spdy/chromium/spdy_proxy_client_socket.cc
net/spdy/chromium/spdy_proxy_client_socket_unittest.cc
net/spdy/chromium/spdy_read_queue_unittest.cc
net/spdy/chromium/spdy_session.cc
net/spdy/chromium/spdy_session_fuzzer.cc
net/spdy/chromium/spdy_session_pool.cc
net/spdy/chromium/spdy_session_pool_unittest.cc
net/spdy/chromium/spdy_session_unittest.cc
net/spdy/chromium/spdy_stream.cc
net/spdy/chromium/spdy_test_util_common.cc
net/spdy/chromium/spdy_write_queue_unittest.cc
net/spdy/core/spdy_header_block.cc
net/spdy/platform/impl/spdy_ptr_util_impl.h
net/ssl/client_cert_identity_test_util.cc
net/ssl/client_cert_identity_unittest.cc
net/ssl/client_cert_store_mac.cc
net/ssl/client_cert_store_mac_unittest.cc
net/ssl/client_cert_store_nss.cc
net/ssl/client_cert_store_win.cc
net/ssl/default_channel_id_store_unittest.cc
net/ssl/ssl_client_session_cache_unittest.cc
net/ssl/ssl_platform_key_android.cc
net/ssl/ssl_platform_key_mac.cc
net/ssl/ssl_platform_key_nss.cc
net/ssl/ssl_platform_key_win.cc
net/ssl/test_ssl_private_key.cc
net/test/embedded_test_server/default_handlers.cc
net/test/embedded_test_server/embedded_test_server.cc
net/test/embedded_test_server/request_handler_util.cc
net/test/net_test_suite.cc
net/test/spawned_test_server/base_test_server.cc
net/test/spawned_test_server/remote_test_server.cc
net/test/url_request/url_request_hanging_read_job.cc
net/test/url_request/url_request_mock_data_job.cc
net/tools/cert_verify_tool/verify_using_path_builder.cc
net/tools/get_server_time/get_server_time.cc
net/tools/transport_security_state_generator/huffman/huffman_builder.cc
net/url_request/report_sender.cc
net/url_request/url_fetcher_impl_unittest.cc
net/url_request/url_request_context_builder.cc
net/url_request/url_request_context_builder_mojo.cc
net/url_request/url_request_context_builder_mojo_unittest.cc
net/url_request/url_request_context_builder_unittest.cc
net/url_request/url_request_context_unittest.cc
net/url_request/url_request_data_job_fuzzer.cc
net/url_request/url_request_ftp_fuzzer.cc
net/url_request/url_request_ftp_job.cc
net/url_request/url_request_ftp_job_unittest.cc
net/url_request/url_request_http_job_unittest.cc
net/url_request/url_request_job.cc
net/url_request/url_request_quic_perftest.cc
net/url_request/url_request_simple_job_unittest.cc
net/url_request/url_request_test_job.cc
net/url_request/url_request_test_util.cc
net/url_request/url_request_unittest.cc
net/url_request/view_cache_helper_unittest.cc
net/websockets/websocket_channel_test.cc
net/websockets/websocket_deflate_predictor_impl_test.cc
net/websockets/websocket_deflate_stream_fuzzer.cc
net/websockets/websocket_handshake_stream_create_helper.cc
net/websockets/websocket_stream.cc
net/websockets/websocket_stream_cookie_test.cc
net/websockets/websocket_stream_test.cc
