chrome/browser/extensions/api/dial/dial_api.cc
chrome/browser/extensions/api/dial/dial_api.h
chrome/browser/extensions/api/dial/dial_api_factory.cc
chrome/browser/extensions/api/dial/dial_api_factory.h
chrome/browser/extensions/api/dial/dial_apitest.cc
chrome/browser/extensions/api/dial/dial_device_data.cc
chrome/browser/extensions/api/dial/dial_device_data.h
chrome/browser/extensions/api/dial/dial_registry.cc
chrome/browser/extensions/api/dial/dial_registry.h
chrome/browser/extensions/event_names.cc
chrome/browser/extensions/event_names.h
chrome/browser/profiles/profile_dependency_manager.cc
chrome/chrome_browser_extensions.gypi
chrome/chrome_tests.gypi
chrome/common/extensions/api/_permission_features.json
chrome/common/extensions/api/api.gyp
chrome/common/extensions/api/dial.idl
chrome/common/extensions/permissions/api_permission.cc
chrome/common/extensions/permissions/api_permission.h
chrome/common/extensions/permissions/permission_set_unittest.cc
chrome/test/data/extensions/api_test/dial/experimental/discovery.html
chrome/test/data/extensions/api_test/dial/experimental/discovery.js
chrome/test/data/extensions/api_test/dial/experimental/manifest.json
chrome/test/data/extensions/api_test/dial/experimental/runtest.js
chrome/test/data/extensions/api_test/dial/whitelist/manifest.json
chrome/test/data/extensions/api_test/dial/whitelist/runtest.js
