chrome/browser/printing/print_preview_data_service.cc
chrome/browser/printing/print_preview_data_service.h
chrome/browser/printing/printing_message_filter.cc
chrome/browser/printing/printing_message_filter.h
chrome/browser/resources/print_preview/native_layer.js
chrome/browser/resources/print_preview/preview_generator.js
chrome/browser/ui/webui/print_preview/print_preview_data_source.cc
chrome/browser/ui/webui/print_preview/print_preview_data_source.h
chrome/browser/ui/webui/print_preview/print_preview_handler.cc
chrome/browser/ui/webui/print_preview/print_preview_ui.cc
chrome/browser/ui/webui/print_preview/print_preview_ui.h
chrome/browser/ui/webui/print_preview/print_preview_ui_unittest.cc
chrome/common/print_messages.cc
chrome/common/print_messages.h
chrome/renderer/chrome_mock_render_thread.cc
chrome/renderer/chrome_mock_render_thread.h
chrome/renderer/print_web_view_helper.cc
chrome/renderer/print_web_view_helper_browsertest.cc
printing/print_job_constants.cc
printing/print_job_constants.h
