chrome/renderer/resources/extensions/app_custom_bindings.js
chrome/renderer/resources/extensions/automation/automation_node.js
chrome/renderer/resources/extensions/automation_custom_bindings.js
chrome/renderer/resources/extensions/browser_action_custom_bindings.js
chrome/renderer/resources/extensions/cast_streaming_receiver_session_custom_bindings.js
chrome/renderer/resources/extensions/cast_streaming_rtp_stream_custom_bindings.js
chrome/renderer/resources/extensions/cast_streaming_session_custom_bindings.js
chrome/renderer/resources/extensions/cast_streaming_udp_transport_custom_bindings.js
chrome/renderer/resources/extensions/certificate_provider_custom_bindings.js
chrome/renderer/resources/extensions/chrome_direct_setting.js
chrome/renderer/resources/extensions/chrome_setting.js
chrome/renderer/resources/extensions/content_setting.js
chrome/renderer/resources/extensions/declarative_content_custom_bindings.js
chrome/renderer/resources/extensions/desktop_capture_custom_bindings.js
chrome/renderer/resources/extensions/developer_private_custom_bindings.js
chrome/renderer/resources/extensions/downloads_custom_bindings.js
chrome/renderer/resources/extensions/enterprise_platform_keys/internal_api.js
chrome/renderer/resources/extensions/enterprise_platform_keys_custom_bindings.js
chrome/renderer/resources/extensions/feedback_private_custom_bindings.js
chrome/renderer/resources/extensions/file_browser_handler_custom_bindings.js
chrome/renderer/resources/extensions/file_entry_binding_util.js
chrome/renderer/resources/extensions/file_manager_private_custom_bindings.js
chrome/renderer/resources/extensions/file_system_custom_bindings.js
chrome/renderer/resources/extensions/file_system_provider_custom_bindings.js
chrome/renderer/resources/extensions/gcm_custom_bindings.js
chrome/renderer/resources/extensions/identity_custom_bindings.js
chrome/renderer/resources/extensions/image_writer_private_custom_bindings.js
chrome/renderer/resources/extensions/input.ime_custom_bindings.js
chrome/renderer/resources/extensions/log_private_custom_bindings.js
chrome/renderer/resources/extensions/media_galleries_custom_bindings.js
chrome/renderer/resources/extensions/notifications_custom_bindings.js
chrome/renderer/resources/extensions/notifications_test_util.js
chrome/renderer/resources/extensions/omnibox_custom_bindings.js
chrome/renderer/resources/extensions/page_action_custom_bindings.js
chrome/renderer/resources/extensions/page_capture_custom_bindings.js
chrome/renderer/resources/extensions/platform_keys/get_public_key.js
chrome/renderer/resources/extensions/platform_keys/internal_api.js
chrome/renderer/resources/extensions/platform_keys/key.js
chrome/renderer/resources/extensions/platform_keys/utils.js
chrome/renderer/resources/extensions/platform_keys_custom_bindings.js
chrome/renderer/resources/extensions/sync_file_system_custom_bindings.js
chrome/renderer/resources/extensions/system_indicator_custom_bindings.js
chrome/renderer/resources/extensions/tab_capture_custom_bindings.js
chrome/renderer/resources/extensions/tabs_custom_bindings.js
chrome/renderer/resources/extensions/tag_watcher.js
chrome/renderer/resources/extensions/tts_custom_bindings.js
chrome/renderer/resources/extensions/tts_engine_custom_bindings.js
chrome/renderer/resources/extensions/web_view/chrome_web_view_internal_custom_bindings.js
chrome/renderer/resources/extensions/webrtc_desktop_capture_private_custom_bindings.js
chrome/renderer/resources/extensions/webstore_custom_bindings.js
