content/browser/browser_plugin/browser_plugin_guest.cc
content/browser/gpu/gpu_process_host.cc
content/browser/gpu/gpu_process_host_ui_shim.cc
content/browser/renderer_host/image_transport_factory.cc
content/browser/renderer_host/image_transport_factory.h
content/browser/renderer_host/image_transport_factory_android.cc
content/browser/renderer_host/image_transport_factory_android.h
content/browser/renderer_host/render_process_host_impl.cc
content/browser/renderer_host/render_widget_host_impl.cc
content/browser/renderer_host/render_widget_host_impl.h
content/browser/renderer_host/render_widget_host_view_android.cc
content/browser/renderer_host/render_widget_host_view_android.h
content/browser/renderer_host/render_widget_host_view_aura.cc
content/browser/renderer_host/render_widget_host_view_aura.h
content/browser/renderer_host/render_widget_host_view_gtk.cc
content/browser/renderer_host/render_widget_host_view_guest.cc
content/browser/renderer_host/render_widget_host_view_guest.h
content/browser/renderer_host/render_widget_host_view_mac.mm
content/browser/renderer_host/test_render_view_host.h
content/common/gpu/client/gl_helper.cc
content/common/gpu/client/gl_helper.h
content/common/gpu/gpu_command_buffer_stub.cc
content/common/gpu/gpu_messages.h
content/common/gpu/image_transport_surface.cc
content/common/gpu/image_transport_surface.h
content/common/gpu/image_transport_surface_android.cc
content/common/gpu/image_transport_surface_linux.cc
content/common/gpu/image_transport_surface_mac.cc
content/common/gpu/image_transport_surface_win.cc
content/common/gpu/texture_image_transport_surface.cc
content/common/gpu/texture_image_transport_surface.h
content/port/browser/render_widget_host_view_port.h
gpu/command_buffer/service/mailbox_manager.cc
gpu/command_buffer/service/mailbox_manager.h
gpu/command_buffer/service/texture_definition.cc
gpu/command_buffer/service/texture_definition.h
ui/compositor/compositor.cc
ui/compositor/compositor.h
ui/gfx/native_widget_types.h
