chrome/browser/sync/engine/build_commit_command.cc
chrome/browser/sync/engine/process_commit_response_command.cc
chrome/browser/sync/engine/syncer.cc
chrome/browser/sync/engine/syncer_proto_util.cc
chrome/browser/sync/engine/syncer_unittest.cc
chrome/browser/sync/engine/syncer_util.cc
chrome/browser/sync/engine/syncer_util.h
chrome/browser/sync/glue/session_change_processor.cc
chrome/browser/sync/glue/session_model_associator.cc
chrome/browser/sync/glue/session_model_associator.h
chrome/browser/sync/glue/session_model_associator_unittest.cc
chrome/browser/sync/internal_api/base_node.cc
chrome/browser/sync/internal_api/base_node.h
chrome/browser/sync/internal_api/syncapi_unittest.cc
chrome/browser/sync/profile_sync_service_session_unittest.cc
chrome/browser/sync/sessions/sync_session_unittest.cc
chrome/browser/sync/syncable/directory_backing_store.cc
chrome/browser/sync/syncable/directory_backing_store.h
chrome/browser/sync/syncable/directory_backing_store_unittest.cc
chrome/browser/sync/syncable/syncable.cc
chrome/browser/sync/syncable/syncable.h
chrome/browser/sync/syncable/syncable_columns.h
chrome/browser/sync/syncable/syncable_enum_conversions.cc
chrome/browser/sync/syncable/syncable_enum_conversions.h
chrome/browser/sync/syncable/syncable_enum_conversions_unittest.cc
chrome/browser/sync/syncable/syncable_unittest.cc
chrome/browser/sync/util/sqlite_utils.cc
chrome/browser/sync/util/time.cc
chrome/browser/sync/util/time.h
chrome/chrome.gyp
