third_party/blink/web_tests/external/wpt/url/resources/urltestdata.json
third_party/blink/web_tests/platform/linux/external/wpt/url/a-element-expected.txt
third_party/blink/web_tests/platform/linux/external/wpt/url/a-element-origin-expected.txt
third_party/blink/web_tests/platform/linux/external/wpt/url/a-element-origin-xhtml-expected.txt
third_party/blink/web_tests/platform/linux/external/wpt/url/a-element-xhtml-expected.txt
third_party/blink/web_tests/platform/linux/external/wpt/url/url-constructor-expected.txt
third_party/blink/web_tests/platform/linux/external/wpt/url/url-origin-expected.txt
third_party/blink/web_tests/platform/mac/external/wpt/url/a-element-expected.txt
third_party/blink/web_tests/platform/mac/external/wpt/url/a-element-origin-expected.txt
third_party/blink/web_tests/platform/mac/external/wpt/url/a-element-origin-xhtml-expected.txt
third_party/blink/web_tests/platform/mac/external/wpt/url/a-element-xhtml-expected.txt
third_party/blink/web_tests/platform/mac/external/wpt/url/url-constructor-expected.txt
third_party/blink/web_tests/platform/mac/external/wpt/url/url-origin-expected.txt
third_party/blink/web_tests/platform/win/external/wpt/url/a-element-expected.txt
third_party/blink/web_tests/platform/win/external/wpt/url/a-element-origin-expected.txt
third_party/blink/web_tests/platform/win/external/wpt/url/a-element-origin-xhtml-expected.txt
third_party/blink/web_tests/platform/win/external/wpt/url/a-element-xhtml-expected.txt
third_party/blink/web_tests/platform/win/external/wpt/url/url-constructor-expected.txt
third_party/blink/web_tests/platform/win/external/wpt/url/url-origin-expected.txt
url/url_canon_pathurl.cc
url/url_canon_unittest.cc
