PRESUBMIT.py
base/BUILD.gn
base/base.gypi
base/files/file.h
base/memory/scoped_vector.h
base/move.h
base/process/process.h
base/scoped_generic.h
base/values.cc
base/win/scoped_handle.h
chrome/browser/printing/pdf_to_emf_converter.cc
chrome/browser/spellchecker/spellcheck_hunspell_dictionary.h
chrome/common/media_galleries/picasa_types.h
components/nacl/browser/nacl_process_host.cc
content/browser/renderer_host/media/audio_input_debug_writer.h
content/child/scoped_web_callbacks.h
dbus/file_descriptor.h
extensions/renderer/api/display_source/wifi_display/wifi_display_media_encoder.h
extensions/renderer/api/display_source/wifi_display/wifi_display_media_packetizer.h
media/capture/video/scoped_result_callback.h
mojo/edk/embedder/scoped_platform_handle.h
mojo/public/cpp/bindings/array.h
mojo/public/cpp/bindings/associated_interface_ptr.h
mojo/public/cpp/bindings/associated_interface_ptr_info.h
mojo/public/cpp/bindings/associated_interface_request.h
mojo/public/cpp/bindings/interface_ptr.h
mojo/public/cpp/bindings/interface_ptr_info.h
mojo/public/cpp/bindings/interface_request.h
mojo/public/cpp/bindings/lib/filter_chain.h
mojo/public/cpp/bindings/lib/template_util.h
mojo/public/cpp/bindings/map.h
mojo/public/cpp/bindings/scoped_interface_endpoint_handle.h
mojo/public/cpp/bindings/strong_binding.h
mojo/public/cpp/bindings/struct_ptr.h
mojo/public/cpp/bindings/tests/container_test_util.h
mojo/public/cpp/bindings/wtf_array.h
mojo/public/cpp/system/handle.h
net/base/file_stream_context.h
remoting/base/typed_buffer.h
storage/browser/blob/scoped_file.h
styleguide/c++/c++11.html
ui/gl/android/scoped_java_surface.h
