third_party/WebKit/LayoutTests/TestExpectations
third_party/WebKit/LayoutTests/platform/android/fast/forms/basic-textareas-expected.txt
third_party/WebKit/LayoutTests/platform/android/fast/text/word-break-expected.png
third_party/WebKit/LayoutTests/platform/android/fast/text/word-break-expected.txt
third_party/WebKit/LayoutTests/platform/linux/fast/forms/basic-textareas-expected.txt
third_party/WebKit/LayoutTests/platform/linux/fast/text/word-break-expected.png
third_party/WebKit/LayoutTests/platform/linux/fast/text/word-break-expected.txt
third_party/WebKit/LayoutTests/platform/mac-lion/fast/forms/basic-textareas-expected.png
third_party/WebKit/LayoutTests/platform/mac-lion/fast/text/whitespace/tab-character-basics-expected.png
third_party/WebKit/LayoutTests/platform/mac-lion/fast/text/word-break-expected.png
third_party/WebKit/LayoutTests/platform/mac-mavericks/fast/forms/basic-textareas-expected.png
third_party/WebKit/LayoutTests/platform/mac-mavericks/fast/forms/basic-textareas-expected.txt
third_party/WebKit/LayoutTests/platform/mac-mavericks/fast/text/word-break-expected.png
third_party/WebKit/LayoutTests/platform/mac-snowleopard/fast/forms/basic-textareas-expected.png
third_party/WebKit/LayoutTests/platform/mac-snowleopard/fast/text/whitespace/tab-character-basics-expected.png
third_party/WebKit/LayoutTests/platform/mac-snowleopard/fast/text/word-break-expected.png
third_party/WebKit/LayoutTests/platform/mac/fast/forms/basic-textareas-expected.png
third_party/WebKit/LayoutTests/platform/mac/fast/forms/basic-textareas-expected.txt
third_party/WebKit/LayoutTests/platform/mac/fast/text/whitespace/tab-character-basics-expected.png
third_party/WebKit/LayoutTests/platform/mac/fast/text/whitespace/tab-character-basics-expected.txt
third_party/WebKit/LayoutTests/platform/mac/fast/text/word-break-expected.png
third_party/WebKit/LayoutTests/platform/mac/fast/text/word-break-expected.txt
third_party/WebKit/LayoutTests/platform/win-xp/fast/forms/basic-textareas-expected.txt
third_party/WebKit/LayoutTests/platform/win-xp/fast/text/word-break-expected.png
third_party/WebKit/LayoutTests/platform/win-xp/fast/text/word-break-expected.txt
third_party/WebKit/LayoutTests/platform/win/fast/forms/basic-textareas-expected.txt
third_party/WebKit/LayoutTests/platform/win/fast/text/word-break-expected.png
third_party/WebKit/LayoutTests/platform/win/fast/text/word-break-expected.txt
