third_party/WebKit/LayoutTests/http/tests/devtools/network/network-imported-resource-content-expected.txt
third_party/WebKit/LayoutTests/http/tests/devtools/network/network-request-type-expected.txt
third_party/WebKit/LayoutTests/inspector-protocol/network/resource-type-expected.txt
third_party/WebKit/LayoutTests/inspector-protocol/network/resource-type.js
third_party/WebKit/Source/core/frame/PerformanceMonitor.h
third_party/WebKit/Source/core/inspector/InspectorNetworkAgent.cpp
third_party/WebKit/Source/core/inspector/InspectorNetworkAgent.h
third_party/WebKit/Source/core/inspector/InspectorPageAgent.cpp
third_party/WebKit/Source/core/inspector/InspectorPageAgent.h
third_party/WebKit/Source/core/inspector/InspectorTraceEvents.cpp
third_party/WebKit/Source/core/inspector/InspectorTraceEvents.h
third_party/WebKit/Source/core/loader/BaseFetchContext.cpp
third_party/WebKit/Source/core/loader/BaseFetchContext.h
third_party/WebKit/Source/core/loader/BaseFetchContextTest.cpp
third_party/WebKit/Source/core/loader/FrameFetchContext.cpp
third_party/WebKit/Source/core/loader/FrameFetchContext.h
third_party/WebKit/Source/core/loader/FrameFetchContextTest.cpp
third_party/WebKit/Source/core/loader/WorkerFetchContext.cpp
third_party/WebKit/Source/core/loader/WorkerFetchContext.h
third_party/WebKit/Source/core/probe/CoreProbes.pidl
third_party/WebKit/Source/platform/loader/fetch/FetchContext.cpp
third_party/WebKit/Source/platform/loader/fetch/FetchContext.h
third_party/WebKit/Source/platform/loader/fetch/ResourceFetcher.cpp
third_party/WebKit/Source/platform/loader/fetch/ResourceLoader.cpp
