chrome/browser/signin/dice_response_handler.cc
chrome/browser/signin/mutable_profile_oauth2_token_service_delegate_unittest.cc
chrome/browser/supervised_user/supervised_user_service.cc
chrome/browser/ui/views/profiles/profile_chooser_view.cc
chrome/browser/ui/webui/settings/people_handler.cc
chrome/browser/ui/webui/signin/dice_turn_sync_on_helper.cc
chrome/browser/ui/webui/signin/inline_login_handler_impl.cc
components/signin/core/browser/about_signin_internals.cc
components/signin/core/browser/about_signin_internals.h
components/signin/core/browser/account_reconcilor.cc
components/signin/core/browser/profile_oauth2_token_service.cc
components/signin/core/browser/profile_oauth2_token_service.h
components/signin/core/browser/signin_manager.cc
components/signin/core/browser/signin_metrics.cc
components/signin/core/browser/signin_metrics.h
google_apis/gaia/oauth2_token_service.cc
google_apis/gaia/oauth2_token_service.h
google_apis/gaia/oauth2_token_service_unittest.cc
services/identity/public/cpp/identity_manager.cc
tools/metrics/histograms/enums.xml
tools/metrics/histograms/histograms.xml
