chrome/browser/extensions/api/debugger/debugger_api.cc
chrome/browser/extensions/api/debugger/debugger_api.h
chrome/browser/extensions/api/debugger/debugger_api_constants.cc
chrome/browser/extensions/api/debugger/debugger_api_constants.h
chrome/test/data/extensions/api_test/debugger/background.js
chrome/test/data/extensions/api_test/debugger_extension/background.js
content/browser/devtools/browser_devtools_agent_host.cc
content/browser/devtools/browser_devtools_agent_host.h
content/browser/devtools/devtools_agent_host_impl.cc
content/browser/devtools/devtools_agent_host_impl.h
content/browser/devtools/devtools_session.cc
content/browser/devtools/devtools_session.h
content/browser/devtools/render_frame_devtools_agent_host.cc
content/browser/devtools/render_frame_devtools_agent_host.h
content/browser/devtools/service_worker_devtools_agent_host.cc
content/browser/devtools/service_worker_devtools_agent_host.h
content/browser/devtools/shared_worker_devtools_agent_host.cc
content/browser/devtools/shared_worker_devtools_agent_host.h
content/public/browser/devtools_agent_host.h
headless/public/util/testing/mock_devtools_agent_host.h
