chrome/browser/resources/settings/printing_page/cups_add_printer_dialog_util.html
third_party/polymer/v1_0/bower.json
third_party/polymer/v1_0/components-chromium/iron-dropdown/BUILD.gn
third_party/polymer/v1_0/components-chromium/iron-dropdown/bower.json
third_party/polymer/v1_0/components-chromium/iron-dropdown/compiled_resources2.gyp
third_party/polymer/v1_0/components-chromium/iron-dropdown/iron-dropdown-extracted.js
third_party/polymer/v1_0/components-chromium/iron-dropdown/iron-dropdown-scroll-manager-extracted.js
third_party/polymer/v1_0/components-chromium/iron-dropdown/iron-dropdown-scroll-manager.html
third_party/polymer/v1_0/components-chromium/iron-dropdown/iron-dropdown.html
third_party/polymer/v1_0/components-chromium/iron-overlay-behavior/BUILD.gn
third_party/polymer/v1_0/components-chromium/iron-overlay-behavior/bower.json
third_party/polymer/v1_0/components-chromium/iron-overlay-behavior/compiled_resources2.gyp
third_party/polymer/v1_0/components-chromium/iron-overlay-behavior/iron-focusables-helper-extracted.js
third_party/polymer/v1_0/components-chromium/iron-overlay-behavior/iron-overlay-backdrop.html
third_party/polymer/v1_0/components-chromium/iron-overlay-behavior/iron-overlay-behavior-extracted.js
third_party/polymer/v1_0/components-chromium/iron-overlay-behavior/iron-overlay-behavior.html
third_party/polymer/v1_0/components-chromium/iron-overlay-behavior/iron-overlay-manager-extracted.js
third_party/polymer/v1_0/components-chromium/iron-overlay-behavior/iron-scroll-manager-extracted.js
third_party/polymer/v1_0/components-chromium/iron-overlay-behavior/iron-scroll-manager.html
third_party/polymer/v1_0/components_summary.txt
third_party/polymer/v1_0/rsync_exclude.txt
ui/webui/resources/polymer_resources.grdp
