base/allocator/allocator_extension.h
base/allocator/allocator_extension_thunks.h
base/android/important_file_writer_android.h
base/android/java_handler_thread.h
base/android/jni_generator/golden_sample_for_tests_jni.h
base/android/jni_generator/sample_for_tests.h
base/android/library_loader/library_load_from_apk_status_codes.h
base/android/library_loader/library_loader_hooks.h
base/android/trace_event_binding.h
base/build_time.h
base/callback_forward.h
base/debug/debugger.h
base/debug/profiler.h
base/deferred_sequenced_task_runner.h
base/event_types.h
base/i18n/string_compare.h
base/i18n/timezone.h
base/mac/cocoa_protocols.h
base/mac/libdispatch_task_runner.h
base/memory/memory_pressure_listener.h
base/message_loop/message_pump_default.h
base/message_loop/message_pump_dispatcher.h
base/numerics/safe_conversions.h
base/numerics/safe_conversions_impl.h
base/numerics/safe_math.h
base/numerics/safe_math_impl.h
base/pending_task.h
base/process/internal_linux.h
base/process/process.h
base/scoped_native_library.h
base/sequenced_task_runner.h
base/test/null_task_runner.h
base/test/sequenced_task_runner_test_template.h
base/test/sequenced_worker_pool_owner.h
base/test/simple_test_clock.h
base/test/simple_test_tick_clock.h
base/test/task_runner_test_template.h
base/test/test_reg_util_win.h
base/time/clock.h
base/time/default_clock.h
base/time/default_tick_clock.h
base/time/tick_clock.h
base/timer/mock_timer.h
base/trace_event/trace_event.h
base/trace_event/trace_event_synthetic_delay.h
base/win/object_watcher.h
base/win/scoped_bstr.h
base/win/scoped_handle.h
base/win/startup_information.h
