chrome/browser/autocomplete/autocomplete.cc
chrome/browser/autocomplete/autocomplete.h
chrome/browser/autocomplete/autocomplete_browsertest.cc
chrome/browser/autocomplete/autocomplete_match.cc
chrome/browser/autocomplete/autocomplete_provider.cc
chrome/browser/autocomplete/autocomplete_provider.h
chrome/browser/autocomplete/autocomplete_provider_listener.h
chrome/browser/autocomplete/autocomplete_result_unittest.cc
chrome/browser/autocomplete/autocomplete_types.h
chrome/browser/autocomplete/autocomplete_unittest.cc
chrome/browser/autocomplete/builtin_provider.cc
chrome/browser/autocomplete/builtin_provider.h
chrome/browser/autocomplete/builtin_provider_unittest.cc
chrome/browser/autocomplete/extension_app_provider.cc
chrome/browser/autocomplete/extension_app_provider.h
chrome/browser/autocomplete/history_contents_provider.cc
chrome/browser/autocomplete/history_contents_provider.h
chrome/browser/autocomplete/history_contents_provider_unittest.cc
chrome/browser/autocomplete/history_provider.cc
chrome/browser/autocomplete/history_provider.h
chrome/browser/autocomplete/history_quick_provider.cc
chrome/browser/autocomplete/history_quick_provider.h
chrome/browser/autocomplete/history_quick_provider_unittest.cc
chrome/browser/autocomplete/history_url_provider.cc
chrome/browser/autocomplete/history_url_provider.h
chrome/browser/autocomplete/history_url_provider_unittest.cc
chrome/browser/autocomplete/keyword_provider.cc
chrome/browser/autocomplete/keyword_provider.h
chrome/browser/autocomplete/search_provider.cc
chrome/browser/autocomplete/search_provider.h
chrome/browser/autocomplete/search_provider_unittest.cc
chrome/browser/autocomplete/shortcuts_provider.cc
chrome/browser/autocomplete/shortcuts_provider.h
chrome/browser/autocomplete/shortcuts_provider_unittest.cc
chrome/browser/extensions/api/omnibox/omnibox_apitest.cc
chrome/browser/history/in_memory_url_index_unittest.cc
chrome/browser/history/url_index_private_data.cc
chrome/browser/metrics/metrics_log.cc
chrome/browser/ui/webui/omnibox/omnibox_ui_handler.cc
chrome/chrome_browser.gypi
