content/browser/frame_host/render_frame_host_delegate.h
content/browser/frame_host/render_frame_host_impl.cc
content/browser/frame_host/render_frame_host_impl.h
content/browser/web_contents/web_contents_impl.cc
content/browser/web_contents/web_contents_impl.h
content/browser/web_contents/web_contents_impl_browsertest.cc
content/common/frame_messages.h
content/renderer/render_frame_impl.cc
content/renderer/render_frame_impl.h
content/renderer/render_view_impl.cc
content/renderer/render_view_impl.h
content/shell/test_runner/web_view_test_client.cc
content/shell/test_runner/web_view_test_client.h
content/shell/test_runner/web_view_test_proxy.h
third_party/WebKit/Source/core/exported/WebViewTest.cpp
third_party/WebKit/Source/core/frame/DOMWindow.cpp
third_party/WebKit/Source/core/loader/EmptyClients.h
third_party/WebKit/Source/core/loader/FrameLoader.cpp
third_party/WebKit/Source/core/page/ChromeClient.h
third_party/WebKit/Source/core/page/ChromeClientImpl.cpp
third_party/WebKit/Source/core/page/ChromeClientImpl.h
third_party/WebKit/Source/core/page/CreateWindow.cpp
third_party/WebKit/public/web/WebViewClient.h
