content/browser/devtools/devtools_session.cc
content/browser/devtools/devtools_session.h
content/browser/devtools/protocol/devtools_domain_handler.cc
content/browser/devtools/protocol/devtools_domain_handler.h
content/browser/devtools/protocol/dom_handler.cc
content/browser/devtools/protocol/dom_handler.h
content/browser/devtools/protocol/emulation_handler.cc
content/browser/devtools/protocol/emulation_handler.h
content/browser/devtools/protocol/input_handler.cc
content/browser/devtools/protocol/input_handler.h
content/browser/devtools/protocol/inspector_handler.cc
content/browser/devtools/protocol/inspector_handler.h
content/browser/devtools/protocol/io_handler.cc
content/browser/devtools/protocol/io_handler.h
content/browser/devtools/protocol/network_handler.cc
content/browser/devtools/protocol/network_handler.h
content/browser/devtools/protocol/page_handler.cc
content/browser/devtools/protocol/page_handler.h
content/browser/devtools/protocol/security_handler.cc
content/browser/devtools/protocol/security_handler.h
content/browser/devtools/protocol/service_worker_handler.cc
content/browser/devtools/protocol/service_worker_handler.h
content/browser/devtools/protocol/storage_handler.cc
content/browser/devtools/protocol/storage_handler.h
content/browser/devtools/protocol/target_handler.cc
content/browser/devtools/protocol/target_handler.h
content/browser/devtools/render_frame_devtools_agent_host.cc
content/browser/devtools/service_worker_devtools_agent_host.cc
content/browser/devtools/shared_worker_devtools_agent_host.cc
content/browser/devtools/shared_worker_devtools_agent_host.h
