chrome/app/BUILD.gn
chrome/app/chrome_content_browser_overlay_manifest.cc
chrome/app/chromeos_strings.grdp
chrome/browser/BUILD.gn
chrome/browser/browser_resources.grd
chrome/browser/chromeos/BUILD.gn
chrome/browser/chromeos/crostini/crostini_upgrader.cc
chrome/browser/chromeos/crostini/crostini_upgrader.h
chrome/browser/chromeos/crostini/crostini_upgrader_ui_delegate.h
chrome/browser/chromeos/crostini/crostini_util.cc
chrome/browser/chromeos/crostini/crostini_util.h
chrome/browser/resources/chromeos/crostini_upgrader/BUILD.gn
chrome/browser/resources/chromeos/crostini_upgrader/OWNERS
chrome/browser/resources/chromeos/crostini_upgrader/app.html
chrome/browser/resources/chromeos/crostini_upgrader/app.js
chrome/browser/resources/chromeos/crostini_upgrader/browser_proxy.js
chrome/browser/resources/chromeos/crostini_upgrader/index.html
chrome/browser/ui/BUILD.gn
chrome/browser/ui/webui/chrome_web_ui_controller_factory.cc
chrome/browser/ui/webui/chromeos/crostini_upgrader/BUILD.gn
chrome/browser/ui/webui/chromeos/crostini_upgrader/OWNERS
chrome/browser/ui/webui/chromeos/crostini_upgrader/crostini_upgrader.mojom
chrome/browser/ui/webui/chromeos/crostini_upgrader/crostini_upgrader_dialog.cc
chrome/browser/ui/webui/chromeos/crostini_upgrader/crostini_upgrader_dialog.h
chrome/browser/ui/webui/chromeos/crostini_upgrader/crostini_upgrader_page_handler.cc
chrome/browser/ui/webui/chromeos/crostini_upgrader/crostini_upgrader_page_handler.h
chrome/browser/ui/webui/chromeos/crostini_upgrader/crostini_upgrader_ui.cc
chrome/browser/ui/webui/chromeos/crostini_upgrader/crostini_upgrader_ui.h
chrome/common/webui_url_constants.cc
chrome/common/webui_url_constants.h
