skia/config/SkUserConfig.h
third_party/blink/web_tests/platform/linux/fast/borders/border-inner-bleed-expected.png
third_party/blink/web_tests/platform/linux/paint/invalidation/svg/tabgroup-expected.png
third_party/blink/web_tests/platform/linux/svg/W3C-SVG-1.1/coords-units-02-b-expected.png
third_party/blink/web_tests/platform/linux/svg/W3C-SVG-1.1/metadata-example-01-b-expected.png
third_party/blink/web_tests/platform/linux/svg/as-background-image/svg-as-background-3-expected.png
third_party/blink/web_tests/platform/linux/svg/custom/linking-a-03-b-transform-expected.png
third_party/blink/web_tests/platform/linux/svg/custom/use-transform-expected.png
third_party/blink/web_tests/platform/linux/svg/hixie/perf/001-expected.png
third_party/blink/web_tests/platform/linux/svg/hixie/perf/002-expected.png
third_party/blink/web_tests/platform/linux/transforms/shadows-expected.png
third_party/blink/web_tests/platform/mac-mac10.10/transforms/shadows-expected.png
third_party/blink/web_tests/platform/mac-mac10.12/svg/as-background-image/svg-as-background-3-expected.png
third_party/blink/web_tests/platform/mac-mac10.12/svg/hixie/perf/001-expected.png
third_party/blink/web_tests/platform/mac-mac10.12/svg/hixie/perf/002-expected.png
third_party/blink/web_tests/platform/mac-retina/paint/invalidation/svg/tabgroup-expected.png
third_party/blink/web_tests/platform/mac-retina/svg/as-image/img-preserveAspectRatio-support-1-expected.png
third_party/blink/web_tests/platform/mac-retina/svg/zoom/page/zoom-img-preserveAspectRatio-support-1-expected.png
third_party/blink/web_tests/platform/mac/fast/borders/border-inner-bleed-expected.png
third_party/blink/web_tests/platform/mac/fast/forms/range/input-appearance-range-expected.png
third_party/blink/web_tests/platform/mac/fast/text/small-caps-aat-expected.png
third_party/blink/web_tests/platform/mac/paint/invalidation/svg/tabgroup-expected.png
third_party/blink/web_tests/platform/mac/svg/W3C-SVG-1.1/coords-units-02-b-expected.png
third_party/blink/web_tests/platform/mac/svg/W3C-SVG-1.1/metadata-example-01-b-expected.png
third_party/blink/web_tests/platform/mac/svg/as-background-image/background-image-preserveaspectRatio-support-expected.png
third_party/blink/web_tests/platform/mac/svg/as-background-image/svg-as-background-3-expected.png
third_party/blink/web_tests/platform/mac/svg/as-image/img-preserveAspectRatio-support-1-expected.png
third_party/blink/web_tests/platform/mac/svg/custom/linking-a-03-b-transform-expected.png
third_party/blink/web_tests/platform/mac/svg/custom/use-transform-expected.png
third_party/blink/web_tests/platform/mac/svg/hixie/perf/001-expected.png
third_party/blink/web_tests/platform/mac/svg/hixie/perf/002-expected.png
third_party/blink/web_tests/platform/mac/svg/zoom/page/zoom-img-preserveAspectRatio-support-1-expected.png
third_party/blink/web_tests/platform/mac/transforms/shadows-expected.png
third_party/blink/web_tests/platform/win/fast/borders/border-inner-bleed-expected.png
third_party/blink/web_tests/platform/win/paint/invalidation/svg/tabgroup-expected.png
third_party/blink/web_tests/platform/win/svg/W3C-SVG-1.1/coords-units-02-b-expected.png
third_party/blink/web_tests/platform/win/svg/W3C-SVG-1.1/metadata-example-01-b-expected.png
third_party/blink/web_tests/platform/win/svg/as-background-image/svg-as-background-3-expected.png
third_party/blink/web_tests/platform/win/svg/custom/linking-a-03-b-transform-expected.png
third_party/blink/web_tests/platform/win/svg/custom/use-transform-expected.png
third_party/blink/web_tests/platform/win/svg/hixie/perf/001-expected.png
third_party/blink/web_tests/platform/win/svg/hixie/perf/002-expected.png
third_party/blink/web_tests/platform/win/transforms/shadows-expected.png
third_party/blink/web_tests/svg/as-background-image/svg-as-background-with-relative-size-expected.png
third_party/blink/web_tests/svg/custom/gradient-rotated-bbox-expected.png
third_party/blink/web_tests/svg/zoom/page/zoom-svg-as-background-with-relative-size-expected.png
