third_party/sqlite/amalgamation/sqlite3.c
third_party/sqlite/patched/ext/fts3/fts3_snippet.c
third_party/sqlite/patched/ext/fts3/fts3_test.c
third_party/sqlite/patched/ext/fts3/fts3_tokenize_vtab.c
third_party/sqlite/patched/ext/fts3/fts3_tokenizer.c
third_party/sqlite/patched/ext/fts3/fts3_write.c
third_party/sqlite/patched/ext/fts5/fts5_tokenize.c
third_party/sqlite/patched/ext/rtree/geopoly.c
third_party/sqlite/patched/src/build.c
third_party/sqlite/patched/src/expr.c
third_party/sqlite/patched/src/main.c
third_party/sqlite/patched/src/test_fs.c
third_party/sqlite/patched/src/util.c
third_party/sqlite/patched/src/vdbeaux.c
third_party/sqlite/patched/src/vdbesort.c
third_party/sqlite/patched/src/vtab.c
third_party/sqlite/patches/0001-Virtual-table-supporting-recovery-of-corrupted-datab.patch
third_party/sqlite/patches/0002-Custom-shell.c-helpers-to-load-Chromium-s-ICU-data.patch
third_party/sqlite/patches/0003-Fix-compilation-with-SQLITE_OMIT_WINDOWFUNC.patch
third_party/sqlite/patches/0004-Fix-dbfuzz2.c-compilation-errors-on-Windows.patch
third_party/sqlite/patches/0005-Fix-Heap-buffer-overflow-in-vdbeRecordCompareInt.patch
third_party/sqlite/patches/0006-fix-heap-buffer-overflow-in-cellsizeptr.patch
third_party/sqlite/patches/0007-fix-integer-overflow-in-checkList.patch
third_party/sqlite/patches/0008-Fix-Heap-use-after-free-in-releasePageNotNull.patch
third_party/sqlite/patches/0009-Fix-dangling-pointer-dereference.patch
third_party/sqlite/patches/0010-Fix-faulty-assert-statement.patch
third_party/sqlite/patches/0011-Add-dbfuzz2-progress-handler-patch.patch
third_party/sqlite/patches/0012-Use-fixed-width-integer-type.patch
third_party/sqlite/patches/0013-Do-early-detection-for-corrupt-schema.patch
third_party/sqlite/patches/0014-Enforce-the-SQLITE_LIMIT_COLUMN-limit-on-virtual-tab.patch
third_party/sqlite/patches/0015-Use-64-bit-memory-allocator-in-extensions.patch
