sync/engine/sync_scheduler.h
sync/engine/sync_scheduler_impl.cc
sync/engine/sync_scheduler_impl.h
sync/engine/sync_scheduler_unittest.cc
sync/engine/sync_scheduler_whitebox_unittest.cc
sync/engine/sync_session_job.cc
sync/engine/sync_session_job.h
sync/engine/sync_session_job_unittest.cc
sync/engine/syncer.cc
sync/engine/syncer.h
sync/engine/syncer_unittest.cc
sync/internal_api/js_sync_manager_observer_unittest.cc
sync/internal_api/public/sessions/model_neutral_state.cc
sync/internal_api/public/sessions/model_neutral_state.h
sync/internal_api/public/sessions/sync_session_snapshot.cc
sync/internal_api/public/sessions/sync_session_snapshot.h
sync/internal_api/public/util/syncer_error.h
sync/sessions/session_state_unittest.cc
sync/sessions/sync_session.cc
sync/sessions/sync_session.h
sync/sessions/sync_session_unittest.cc
sync/sessions/test_util.cc
sync/sync.gyp
