cc/ipc/cc_param_traits_macros.h
cc/ipc/compositor_frame_metadata.mojom
cc/ipc/compositor_frame_metadata_struct_traits.cc
cc/ipc/compositor_frame_metadata_struct_traits.h
cc/ipc/struct_traits_unittest.cc
cc/output/compositor_frame_metadata.h
cc/trees/layer_tree_host.cc
cc/trees/layer_tree_host.h
cc/trees/layer_tree_host_impl.cc
cc/trees/layer_tree_host_unittest.cc
cc/trees/layer_tree_impl.cc
cc/trees/layer_tree_impl.h
content/browser/frame_host/render_frame_host_impl.cc
content/browser/renderer_host/render_widget_host_impl.cc
content/browser/renderer_host/render_widget_host_impl.h
content/browser/renderer_host/render_widget_host_unittest.cc
content/common/frame_messages.h
content/renderer/gpu/render_widget_compositor.cc
content/renderer/gpu/render_widget_compositor.h
content/renderer/render_frame_impl.cc
content/renderer/render_widget.cc
content/renderer/render_widget.h
content/test/test_render_view_host.h
