content/browser/bluetooth/bluetooth_device_chooser_controller.cc
content/browser/bluetooth/web_bluetooth_service_impl.cc
content/browser/bluetooth/web_bluetooth_service_impl.h
device/bluetooth/bluetooth_adapter.cc
device/bluetooth/bluetooth_adapter.h
device/bluetooth/public/mojom/test/fake_bluetooth.mojom
device/bluetooth/test/fake_central.cc
device/bluetooth/test/fake_central.h
third_party/blink/public/mojom/bluetooth/web_bluetooth.mojom
third_party/blink/renderer/modules/bluetooth/bluetooth.cc
third_party/blink/renderer/modules/bluetooth/bluetooth.h
third_party/blink/renderer/modules/bluetooth/bluetooth.idl
third_party/blink/web_tests/external/wpt/bluetooth/adapter/adapter-absent-getAvailability.https.window.js
third_party/blink/web_tests/external/wpt/bluetooth/adapter/adapter-added-getAvailability.https.window.js
third_party/blink/web_tests/external/wpt/bluetooth/adapter/adapter-powered-off-getAvailability.https.window.js
third_party/blink/web_tests/external/wpt/bluetooth/adapter/adapter-powered-on-getAvailability.https.window.js
third_party/blink/web_tests/external/wpt/bluetooth/adapter/adapter-powered-on-off-on-getAvailability.https.window.js
third_party/blink/web_tests/external/wpt/bluetooth/adapter/adapter-removed-getAvailability.https.window.js
third_party/blink/web_tests/external/wpt/bluetooth/adapter/cross-origin-iframe-getAvailability.sub.https.window.js
third_party/blink/web_tests/external/wpt/bluetooth/idl/idlharness.tentative.https.window-expected.txt
third_party/blink/web_tests/external/wpt/bluetooth/resources/health-thermometer-iframe.html
third_party/blink/web_tests/external/wpt/resources/chromium/web-bluetooth-test.js
third_party/blink/web_tests/platform/mac/virtual/stable/webexposed/global-interface-listing-platform-specific-expected.txt
third_party/blink/web_tests/platform/win/virtual/stable/webexposed/global-interface-listing-platform-specific-expected.txt
third_party/blink/web_tests/webexposed/global-interface-listing-platform-specific-expected.txt
