ash/BUILD.gn
ash/accelerators/accelerator_controller_delegate_aura.cc
ash/ash.gyp
ash/ash_strings.grd
ash/common/palette_delegate.h
ash/common/system/chromeos/palette/palette_tool.cc
ash/common/system/chromeos/palette/palette_tray.cc
ash/common/system/chromeos/palette/tools/magnifier_mode.cc
ash/common/system/chromeos/palette/tools/magnifier_mode.h
ash/common/test/test_palette_delegate.cc
ash/common/test/test_palette_delegate.h
ash/display/window_tree_host_manager.cc
ash/magnifier/partial_magnification_controller.cc
ash/magnifier/partial_magnification_controller.h
ash/magnifier/partial_magnification_controller_unittest.cc
ash/shell/shell_delegate_impl.cc
chrome/browser/ui/ash/palette_delegate_chromeos.cc
chrome/browser/ui/ash/palette_delegate_chromeos.h
ui/gfx/vector_icons/palette_mode_magnify.1x.icon
ui/gfx/vector_icons/palette_mode_magnify.icon
ui/gfx/vector_icons/palette_tray_icon_default.1x.icon
ui/gfx/vector_icons/palette_tray_icon_magnify.1x.icon
ui/gfx/vector_icons/palette_tray_icon_magnify.icon
ui/gfx/vector_icons_sources.gypi
