chrome/android/java/res/drawable/autofill_chip_inset.xml
chrome/android/java/res/layout/keyboard_accessory.xml
chrome/android/java/res/layout/keyboard_accessory_action.xml
chrome/android/java/res/layout/keyboard_accessory_chip.xml
chrome/android/java/res/layout/keyboard_accessory_modern.xml
chrome/android/java/res/layout/keyboard_accessory_suggestion.xml
chrome/android/java/res/values/dimens.xml
chrome/android/java/src/org/chromium/chrome/browser/autofill/keyboard_accessory/KeyboardAccessoryCoordinator.java
chrome/android/java/src/org/chromium/chrome/browser/autofill/keyboard_accessory/KeyboardAccessoryMediator.java
chrome/android/java/src/org/chromium/chrome/browser/autofill/keyboard_accessory/KeyboardAccessoryMetricsRecorder.java
chrome/android/java/src/org/chromium/chrome/browser/autofill/keyboard_accessory/KeyboardAccessoryModernView.java
chrome/android/java/src/org/chromium/chrome/browser/autofill/keyboard_accessory/KeyboardAccessoryModernViewBinder.java
chrome/android/java/src/org/chromium/chrome/browser/autofill/keyboard_accessory/KeyboardAccessoryProperties.java
chrome/android/java/src/org/chromium/chrome/browser/autofill/keyboard_accessory/KeyboardAccessoryView.java
chrome/android/java/src/org/chromium/chrome/browser/autofill/keyboard_accessory/KeyboardAccessoryViewBinder.java
chrome/android/javatests/src/org/chromium/chrome/browser/autofill/AutofillKeyboardAccessoryIntegrationTest.java
chrome/android/javatests/src/org/chromium/chrome/browser/autofill/keyboard_accessory/KeyboardAccessoryViewTest.java
chrome/android/javatests/src/org/chromium/chrome/browser/autofill/keyboard_accessory/ManualFillingIntegrationTest.java
chrome/android/javatests/src/org/chromium/chrome/browser/autofill/keyboard_accessory/ManualFillingUiCaptureTest.java
chrome/android/junit/src/org/chromium/chrome/browser/autofill/keyboard_accessory/KeyboardAccessoryControllerTest.java
chrome/android/junit/src/org/chromium/chrome/browser/autofill/keyboard_accessory/ManualFillingControllerTest.java
