components/discardable_memory/client/client_discardable_shared_memory_manager.cc
components/discardable_memory/service/discardable_shared_memory_manager.cc
components/printing/browser/print_composite_client.h
components/printing/renderer/DEPS
components/printing/renderer/print_render_frame_helper.cc
components/printing/renderer/print_render_frame_helper.h
components/printing/renderer/print_render_frame_helper_linux.cc
components/printing/service/pdf_compositor_service_unittest.cc
components/printing/service/public/cpp/pdf_compositor_client.cc
components/printing/service/public/cpp/pdf_compositor_client.h
components/printing/service/public/cpp/pdf_service_mojo_utils.cc
components/viz/client/client_shared_bitmap_manager.cc
content/browser/browser_child_process_host_impl.cc
content/browser/renderer_host/render_process_host_impl.cc
content/renderer/media/mojo_audio_input_ipc.cc
content/renderer/media/mojo_audio_output_ipc.cc
content/renderer/media/video_capture_impl.cc
content/renderer/media/video_capture_impl_unittest.cc
device/gamepad/gamepad_provider.cc
gpu/ipc/client/command_buffer_proxy_impl.cc
media/capture/video/shared_memory_handle_provider.cc
media/capture/video/shared_memory_handle_provider_unittest.cc
media/mojo/clients/mojo_jpeg_decode_accelerator.cc
media/mojo/clients/mojo_video_encode_accelerator.cc
media/mojo/interfaces/jpeg_decode_accelerator_typemap_traits.cc
media/mojo/interfaces/video_frame_struct_traits.cc
media/mojo/services/mojo_audio_input_stream.cc
media/mojo/services/mojo_audio_input_stream_unittest.cc
media/mojo/services/mojo_audio_output_stream.cc
media/mojo/services/mojo_audio_output_stream_unittest.cc
media/mojo/services/mojo_video_encode_accelerator_service.cc
mojo/edk/system/core.cc
mojo/public/c/system/platform_handle.h
mojo/public/cpp/system/platform_handle.cc
mojo/public/cpp/system/platform_handle.h
mojo/public/cpp/system/tests/BUILD.gn
ui/gfx/mojo/buffer_types_struct_traits.cc
