content/common/sandbox_policy_fuchsia.cc
webrunner/BUILD.gn
webrunner/app/component_controller_impl.cc
webrunner/app/component_controller_impl.h
webrunner/browser/DEPS
webrunner/browser/context_impl.cc
webrunner/browser/context_impl.h
webrunner/browser/context_impl_browsertest.cc
webrunner/browser/frame_impl.cc
webrunner/browser/frame_impl.h
webrunner/browser/test/data/title1.html
webrunner/browser/test/data/title2.html
webrunner/browser/webrunner_browser_context.cc
webrunner/browser/webrunner_browser_main_parts.cc
webrunner/browser/webrunner_browser_main_parts.h
webrunner/browser/webrunner_browser_test.cc
webrunner/browser/webrunner_browser_test.h
webrunner/browser/webrunner_content_browser_client.cc
webrunner/browser/webrunner_content_browser_client.h
webrunner/browser/webrunner_test_launcher.cc
webrunner/fidl/context.fidl
webrunner/fidl/frame.fidl
webrunner/fidl/frame_observer.fidl
webrunner/service/common.h
webrunner/service/webrunner_main_delegate.cc
webrunner/service/webrunner_main_delegate.h
