chrome/browser/resource_coordinator/local_site_characteristics_data_impl.cc
chrome/browser/resource_coordinator/local_site_characteristics_data_impl.h
chrome/browser/resource_coordinator/local_site_characteristics_data_reader.h
chrome/browser/resource_coordinator/local_site_characteristics_data_unittest_utils.cc
chrome/browser/resource_coordinator/local_site_characteristics_data_unittest_utils.h
chrome/browser/resource_coordinator/local_site_characteristics_data_writer.h
chrome/browser/resource_coordinator/local_site_characteristics_database_browsertest.cc
chrome/browser/resource_coordinator/local_site_characteristics_webcontents_observer.cc
chrome/browser/resource_coordinator/local_site_characteristics_webcontents_observer.h
chrome/browser/resource_coordinator/local_site_characteristics_webcontents_observer_unittest.cc
chrome/browser/resource_coordinator/tab_helper.h
chrome/browser/resource_coordinator/tab_lifecycle_unit.cc
chrome/browser/resource_coordinator/tab_lifecycle_unit_source_unittest.cc
chrome/browser/resource_coordinator/tab_lifecycle_unit_unittest.cc
chrome/browser/resource_coordinator/tab_manager_browsertest.cc
chrome/browser/resource_coordinator/tab_manager_unittest.cc
chrome/browser/resource_coordinator/test_lifecycle_unit.cc
chrome/browser/resource_coordinator/utils.cc
chrome/browser/resource_coordinator/utils.h
chrome/test/BUILD.gn
