chrome/browser/extensions/extension_debugger_api.cc
chrome/browser/ui/webui/chrome_web_ui_controller_factory.cc
chrome/browser/ui/webui/chrome_web_ui_controller_factory.h
chrome/common/chrome_content_client.cc
chrome/common/chrome_content_client.h
chrome/renderer/chrome_content_renderer_client.cc
content/browser/site_instance_impl_unittest.cc
content/browser/tab_contents/render_view_host_manager_unittest.cc
content/browser/tab_contents/tab_contents_unittest.cc
content/public/browser/web_ui_controller_factory.h
content/public/common/content_client.h
content/renderer/media/audio_renderer_impl_unittest.cc
content/renderer/render_process.h
content/renderer/render_process_impl.cc
content/renderer/render_process_impl.h
content/renderer/render_view_browsertest.cc
content/renderer/render_view_impl.cc
content/renderer/render_view_impl.h
content/shell/shell_content_client.cc
content/shell/shell_content_client.h
content/test/mock_render_process.cc
content/test/mock_render_process.h
content/test/mock_render_thread.cc
content/test/mock_render_thread.h
content/test/render_view_test.cc
content/test/test_content_client.cc
content/test/test_content_client.h
content/test/webrtc_audio_device_test.cc
