chrome/browser/printing/print_preview_message_handler.cc
chrome/browser/printing/print_preview_message_handler.h
chrome/browser/resources/print_preview/fit_to_page_settings.js
chrome/browser/resources/print_preview/header_footer_settings.html
chrome/browser/resources/print_preview/header_footer_settings.js
chrome/browser/resources/print_preview/more_options.html
chrome/browser/resources/print_preview/more_options.js
chrome/browser/resources/print_preview/preview_area.js
chrome/browser/resources/print_preview/print_preview.html
chrome/browser/resources/print_preview/print_preview.js
chrome/browser/ui/webui/print_preview/print_preview_data_source.cc
chrome/browser/ui/webui/print_preview/print_preview_ui.cc
chrome/browser/ui/webui/print_preview/print_preview_ui.h
chrome/common/print_messages.cc
chrome/common/print_messages.h
chrome/renderer/print_web_view_helper.cc
chrome/renderer/print_web_view_helper.h
chrome/test/data/webui/print_preview.js
printing/print_job_constants.cc
printing/print_job_constants.h
