third_party/WebKit/Source/core/dom/Element.h
third_party/WebKit/Source/core/editing/MarkupAccumulator.h
third_party/WebKit/Source/core/page/PageSerializer.cpp
third_party/WebKit/Source/core/page/PageSerializer.h
third_party/WebKit/Source/web/WebPageSerializer.cpp
third_party/WebKit/Source/web/WebPageSerializerImpl.cpp
third_party/WebKit/Source/web/WebPageSerializerImpl.h
third_party/WebKit/Source/web/tests/MHTMLTest.cpp
third_party/WebKit/Source/web/tests/PageSerializerTest.cpp
third_party/WebKit/Source/web/tests/WebFrameTest.cpp
third_party/WebKit/Source/web/tests/WebPageNewSerializerTest.cpp
third_party/WebKit/Source/web/tests/WebPageSerializerTest.cpp
third_party/WebKit/Source/web/tests/data/pageserialization/awesome.png
third_party/WebKit/Source/web/tests/data/pageserialization/beautifull.css
third_party/WebKit/Source/web/tests/data/pageserialization/embed_iframe.html
third_party/WebKit/Source/web/tests/data/pageserialization/object_iframe.html
third_party/WebKit/Source/web/tests/data/pageserialization/simple_iframe.html
third_party/WebKit/Source/web/tests/data/pageserialization/simple_page.html
third_party/WebKit/Source/web/tests/data/pageserialization/top_frame.html
third_party/WebKit/Source/web/tests/data/pageserializer/blank_frames.html
third_party/WebKit/Source/web/tests/data/pageserializer/blue_background.png
third_party/WebKit/Source/web/tests/data/pageserializer/css/image.png
third_party/WebKit/Source/web/tests/data/pageserializer/css_test_page.html
third_party/WebKit/Source/web/tests/data/pageserializer/datauri/page_with_data.html
third_party/WebKit/Source/web/tests/data/pageserializer/dtd/dtd.html
third_party/WebKit/Source/web/tests/data/pageserializer/elements/elements.html
third_party/WebKit/Source/web/tests/data/pageserializer/elements/image.png
third_party/WebKit/Source/web/tests/data/pageserializer/elements/style.css
third_party/WebKit/Source/web/tests/data/pageserializer/elements/text.txt
third_party/WebKit/Source/web/tests/data/pageserializer/frames/image.png
third_party/WebKit/Source/web/tests/data/pageserializer/frames/simple_frames.html
third_party/WebKit/Source/web/tests/data/pageserializer/frames/simple_frames_1.html
third_party/WebKit/Source/web/tests/data/pageserializer/frames/simple_frames_3.html
third_party/WebKit/Source/web/tests/data/pageserializer/frames/simple_frames_top.html
third_party/WebKit/Source/web/tests/data/pageserializer/frames/simple_iframe.html
third_party/WebKit/Source/web/tests/data/pageserializer/frames/top_frame.html
third_party/WebKit/Source/web/tests/data/pageserializer/green_background.png
third_party/WebKit/Source/web/tests/data/pageserializer/green_rectangle.svg
third_party/WebKit/Source/web/tests/data/pageserializer/iframe.html
third_party/WebKit/Source/web/tests/data/pageserializer/iframe2.html
third_party/WebKit/Source/web/tests/data/pageserializer/import_style_from_link.css
third_party/WebKit/Source/web/tests/data/pageserializer/import_styles.css
third_party/WebKit/Source/web/tests/data/pageserializer/input-image/button.png
third_party/WebKit/Source/web/tests/data/pageserializer/input-image/input-image.html
third_party/WebKit/Source/web/tests/data/pageserializer/link_styles.css
third_party/WebKit/Source/web/tests/data/pageserializer/namespace_element.html
third_party/WebKit/Source/web/tests/data/pageserializer/ol-dot.png
third_party/WebKit/Source/web/tests/data/pageserializer/orange_background.png
third_party/WebKit/Source/web/tests/data/pageserializer/page_with_data.html
third_party/WebKit/Source/web/tests/data/pageserializer/page_with_morphing_data.html
third_party/WebKit/Source/web/tests/data/pageserializer/page_with_svg_image.html
third_party/WebKit/Source/web/tests/data/pageserializer/purple_background.png
third_party/WebKit/Source/web/tests/data/pageserializer/red_background.png
third_party/WebKit/Source/web/tests/data/pageserializer/rewritelinks/image.png
third_party/WebKit/Source/web/tests/data/pageserializer/rewritelinks/rewritelinks_base.html
third_party/WebKit/Source/web/tests/data/pageserializer/rewritelinks/rewritelinks_simple.html
third_party/WebKit/Source/web/tests/data/pageserializer/simple.xhtml
third_party/WebKit/Source/web/tests/data/pageserializer/svg/page_with_svg_image.html
third_party/WebKit/Source/web/tests/data/pageserializer/top_frame.html
third_party/WebKit/Source/web/tests/data/pageserializer/ul-dot.png
third_party/WebKit/Source/web/tests/data/pageserializer/xmldecl/xmldecl.xml
third_party/WebKit/Source/web/tests/data/pageserializer/yellow_background.png
third_party/WebKit/Source/web/web.gypi
third_party/WebKit/public/web/WebPageSerializer.h
third_party/WebKit/public/web/WebPageSerializerClient.h
