webkit/data/layout_tests/platform/chromium-linux/LayoutTests/fast/backgrounds/repeat/negative-offset-repeat-transformed-expected.checksum
webkit/data/layout_tests/platform/chromium-linux/LayoutTests/fast/backgrounds/repeat/negative-offset-repeat-transformed-expected.png
webkit/data/layout_tests/platform/chromium-linux/LayoutTests/fast/backgrounds/size/contain-and-cover-expected.checksum
webkit/data/layout_tests/platform/chromium-linux/LayoutTests/fast/backgrounds/size/contain-and-cover-expected.png
webkit/data/layout_tests/platform/chromium-linux/LayoutTests/fast/backgrounds/svg-as-background-5-expected.checksum
webkit/data/layout_tests/platform/chromium-linux/LayoutTests/fast/backgrounds/svg-as-background-5-expected.png
webkit/data/layout_tests/platform/chromium-linux/LayoutTests/fast/borders/border-radius-constraints-expected.checksum
webkit/data/layout_tests/platform/chromium-linux/LayoutTests/fast/borders/border-radius-constraints-expected.png
webkit/data/layout_tests/platform/chromium-linux/LayoutTests/fast/borders/border-radius-huge-assert-expected.checksum
webkit/data/layout_tests/platform/chromium-linux/LayoutTests/fast/borders/border-radius-huge-assert-expected.png
webkit/data/layout_tests/platform/chromium-linux/LayoutTests/fast/borders/border-radius-split-inline-expected.checksum
webkit/data/layout_tests/platform/chromium-linux/LayoutTests/fast/borders/border-radius-split-inline-expected.png
webkit/data/layout_tests/platform/chromium-linux/LayoutTests/fast/borders/borderRadiusAllStylesAllCorners-expected.checksum
webkit/data/layout_tests/platform/chromium-linux/LayoutTests/fast/borders/borderRadiusAllStylesAllCorners-expected.png
webkit/data/layout_tests/platform/chromium-linux/LayoutTests/fast/borders/borderRadiusArcs01-expected.checksum
webkit/data/layout_tests/platform/chromium-linux/LayoutTests/fast/borders/borderRadiusArcs01-expected.png
webkit/data/layout_tests/platform/chromium-linux/LayoutTests/fast/borders/borderRadiusDashed01-expected.checksum
webkit/data/layout_tests/platform/chromium-linux/LayoutTests/fast/borders/borderRadiusDashed01-expected.png
webkit/data/layout_tests/platform/chromium-linux/LayoutTests/fast/borders/borderRadiusDashed02-expected.checksum
webkit/data/layout_tests/platform/chromium-linux/LayoutTests/fast/borders/borderRadiusDashed02-expected.png
webkit/data/layout_tests/platform/chromium-linux/LayoutTests/fast/borders/borderRadiusDashed03-expected.checksum
webkit/data/layout_tests/platform/chromium-linux/LayoutTests/fast/borders/borderRadiusDashed03-expected.png
webkit/data/layout_tests/platform/chromium-linux/LayoutTests/fast/borders/borderRadiusDotted01-expected.checksum
webkit/data/layout_tests/platform/chromium-linux/LayoutTests/fast/borders/borderRadiusDotted01-expected.png
webkit/data/layout_tests/platform/chromium-linux/LayoutTests/fast/borders/borderRadiusDotted02-expected.checksum
webkit/data/layout_tests/platform/chromium-linux/LayoutTests/fast/borders/borderRadiusDotted02-expected.png
webkit/data/layout_tests/platform/chromium-linux/LayoutTests/fast/borders/borderRadiusDotted03-expected.checksum
webkit/data/layout_tests/platform/chromium-linux/LayoutTests/fast/borders/borderRadiusDotted03-expected.png
webkit/data/layout_tests/platform/chromium-linux/LayoutTests/fast/borders/borderRadiusDouble01-expected.checksum
webkit/data/layout_tests/platform/chromium-linux/LayoutTests/fast/borders/borderRadiusDouble01-expected.png
webkit/data/layout_tests/platform/chromium-linux/LayoutTests/fast/borders/borderRadiusDouble02-expected.checksum
webkit/data/layout_tests/platform/chromium-linux/LayoutTests/fast/borders/borderRadiusDouble02-expected.png
webkit/data/layout_tests/platform/chromium-linux/LayoutTests/fast/borders/borderRadiusDouble03-expected.checksum
webkit/data/layout_tests/platform/chromium-linux/LayoutTests/fast/borders/borderRadiusDouble03-expected.png
webkit/data/layout_tests/platform/chromium-linux/LayoutTests/fast/borders/borderRadiusGroove01-expected.checksum
webkit/data/layout_tests/platform/chromium-linux/LayoutTests/fast/borders/borderRadiusGroove01-expected.png
webkit/data/layout_tests/platform/chromium-linux/LayoutTests/fast/borders/borderRadiusGroove02-expected.checksum
webkit/data/layout_tests/platform/chromium-linux/LayoutTests/fast/borders/borderRadiusGroove02-expected.png
webkit/data/layout_tests/platform/chromium-linux/LayoutTests/fast/borders/borderRadiusInset01-expected.checksum
webkit/data/layout_tests/platform/chromium-linux/LayoutTests/fast/borders/borderRadiusInset01-expected.png
webkit/data/layout_tests/platform/chromium-linux/LayoutTests/fast/borders/borderRadiusInvalidColor-expected.checksum
webkit/data/layout_tests/platform/chromium-linux/LayoutTests/fast/borders/borderRadiusInvalidColor-expected.png
webkit/data/layout_tests/platform/chromium-linux/LayoutTests/fast/borders/borderRadiusOutset01-expected.checksum
webkit/data/layout_tests/platform/chromium-linux/LayoutTests/fast/borders/borderRadiusOutset01-expected.png
webkit/data/layout_tests/platform/chromium-linux/LayoutTests/fast/borders/borderRadiusRidge01-expected.checksum
webkit/data/layout_tests/platform/chromium-linux/LayoutTests/fast/borders/borderRadiusRidge01-expected.png
webkit/data/layout_tests/platform/chromium-linux/LayoutTests/fast/borders/borderRadiusSolid01-expected.checksum
webkit/data/layout_tests/platform/chromium-linux/LayoutTests/fast/borders/borderRadiusSolid01-expected.png
webkit/data/layout_tests/platform/chromium-linux/LayoutTests/fast/borders/borderRadiusSolid02-expected.checksum
webkit/data/layout_tests/platform/chromium-linux/LayoutTests/fast/borders/borderRadiusSolid02-expected.png
webkit/data/layout_tests/platform/chromium-linux/LayoutTests/fast/borders/borderRadiusSolid03-expected.checksum
webkit/data/layout_tests/platform/chromium-linux/LayoutTests/fast/borders/borderRadiusSolid03-expected.png
webkit/data/layout_tests/platform/chromium-linux/LayoutTests/fast/borders/borderRadiusSolid04-expected.checksum
webkit/data/layout_tests/platform/chromium-linux/LayoutTests/fast/borders/borderRadiusSolid04-expected.png
webkit/data/layout_tests/platform/chromium-linux/LayoutTests/fast/borders/fieldsetBorderRadius-expected.checksum
webkit/data/layout_tests/platform/chromium-linux/LayoutTests/fast/borders/fieldsetBorderRadius-expected.png
webkit/data/layout_tests/platform/chromium-linux/LayoutTests/fast/box-shadow/basic-shadows-expected.checksum
webkit/data/layout_tests/platform/chromium-linux/LayoutTests/fast/box-shadow/basic-shadows-expected.png
webkit/data/layout_tests/platform/chromium-linux/LayoutTests/fast/canvas/arc360-expected.checksum
webkit/data/layout_tests/platform/chromium-linux/LayoutTests/fast/canvas/arc360-expected.png
webkit/data/layout_tests/platform/chromium-linux/LayoutTests/fast/canvas/image-pattern-rotate-expected.checksum
webkit/data/layout_tests/platform/chromium-linux/LayoutTests/fast/canvas/image-pattern-rotate-expected.png
webkit/data/layout_tests/platform/chromium-linux/LayoutTests/fast/css/resize-corner-tracking-transformed-expected.checksum
webkit/data/layout_tests/platform/chromium-linux/LayoutTests/fast/css/resize-corner-tracking-transformed-expected.png
webkit/data/layout_tests/platform/chromium-linux/LayoutTests/fast/css/text-input-with-webkit-border-radius-expected.checksum
webkit/data/layout_tests/platform/chromium-linux/LayoutTests/fast/css/text-input-with-webkit-border-radius-expected.png
webkit/data/layout_tests/platform/chromium-linux/LayoutTests/fast/forms/menulist-narrow-width-expected.checksum
webkit/data/layout_tests/platform/chromium-linux/LayoutTests/fast/forms/menulist-narrow-width-expected.png
webkit/data/layout_tests/platform/chromium-linux/LayoutTests/fast/overflow/border-radius-clipping-expected.checksum
webkit/data/layout_tests/platform/chromium-linux/LayoutTests/fast/overflow/border-radius-clipping-expected.png
webkit/data/layout_tests/platform/chromium-linux/LayoutTests/fast/repaint/border-radius-repaint-expected.checksum
webkit/data/layout_tests/platform/chromium-linux/LayoutTests/fast/repaint/border-radius-repaint-expected.png
webkit/data/layout_tests/platform/chromium-linux/LayoutTests/fast/repaint/reflection-repaint-test-expected.checksum
webkit/data/layout_tests/platform/chromium-linux/LayoutTests/fast/repaint/reflection-repaint-test-expected.png
webkit/data/layout_tests/platform/chromium-linux/LayoutTests/fast/repaint/shadow-multiple-horizontal-expected.checksum
webkit/data/layout_tests/platform/chromium-linux/LayoutTests/fast/repaint/shadow-multiple-horizontal-expected.png
webkit/data/layout_tests/platform/chromium-linux/LayoutTests/fast/repaint/shadow-multiple-strict-horizontal-expected.checksum
webkit/data/layout_tests/platform/chromium-linux/LayoutTests/fast/repaint/shadow-multiple-strict-horizontal-expected.png
webkit/data/layout_tests/platform/chromium-linux/LayoutTests/fast/repaint/shadow-multiple-strict-vertical-expected.checksum
webkit/data/layout_tests/platform/chromium-linux/LayoutTests/fast/repaint/shadow-multiple-strict-vertical-expected.png
webkit/data/layout_tests/platform/chromium-linux/LayoutTests/fast/repaint/shadow-multiple-vertical-expected.checksum
webkit/data/layout_tests/platform/chromium-linux/LayoutTests/fast/repaint/shadow-multiple-vertical-expected.png
webkit/data/layout_tests/platform/chromium-linux/LayoutTests/fast/repaint/transform-layout-repaint-expected.checksum
webkit/data/layout_tests/platform/chromium-linux/LayoutTests/fast/repaint/transform-layout-repaint-expected.png
webkit/data/layout_tests/platform/chromium-linux/LayoutTests/fast/transforms/shadows-expected.checksum
webkit/data/layout_tests/platform/chromium-linux/LayoutTests/fast/transforms/shadows-expected.png
webkit/data/layout_tests/platform/chromium-linux/LayoutTests/media/video-layer-crash-expected.checksum
webkit/data/layout_tests/platform/chromium-linux/LayoutTests/media/video-layer-crash-expected.png
webkit/data/layout_tests/platform/chromium-linux/LayoutTests/media/video-transformed-expected.checksum
webkit/data/layout_tests/platform/chromium-linux/LayoutTests/media/video-transformed-expected.png
webkit/data/layout_tests/platform/chromium-linux/LayoutTests/svg/W3C-SVG-1.1/coords-viewattr-01-b-expected.checksum
webkit/data/layout_tests/platform/chromium-linux/LayoutTests/svg/W3C-SVG-1.1/coords-viewattr-01-b-expected.png
webkit/data/layout_tests/platform/chromium-linux/LayoutTests/svg/W3C-SVG-1.1/painting-marker-01-f-expected.checksum
webkit/data/layout_tests/platform/chromium-linux/LayoutTests/svg/W3C-SVG-1.1/painting-marker-01-f-expected.png
webkit/data/layout_tests/platform/chromium-linux/LayoutTests/svg/W3C-SVG-1.1/painting-marker-02-f-expected.checksum
webkit/data/layout_tests/platform/chromium-linux/LayoutTests/svg/W3C-SVG-1.1/painting-marker-02-f-expected.png
webkit/data/layout_tests/platform/chromium-linux/LayoutTests/svg/W3C-SVG-1.1/painting-marker-03-f-expected.checksum
webkit/data/layout_tests/platform/chromium-linux/LayoutTests/svg/W3C-SVG-1.1/painting-marker-03-f-expected.png
webkit/data/layout_tests/platform/chromium-linux/LayoutTests/svg/custom/focus-ring-expected.checksum
webkit/data/layout_tests/platform/chromium-linux/LayoutTests/svg/custom/focus-ring-expected.png
webkit/data/layout_tests/platform/chromium-linux/LayoutTests/svg/custom/js-late-marker-and-object-creation-expected.checksum
webkit/data/layout_tests/platform/chromium-linux/LayoutTests/svg/custom/js-late-marker-and-object-creation-expected.png
webkit/data/layout_tests/platform/chromium-linux/LayoutTests/svg/custom/js-late-marker-creation-expected.checksum
webkit/data/layout_tests/platform/chromium-linux/LayoutTests/svg/custom/js-late-marker-creation-expected.png
webkit/data/layout_tests/platform/chromium-linux/LayoutTests/svg/custom/linking-a-03-b-all-expected.checksum
webkit/data/layout_tests/platform/chromium-linux/LayoutTests/svg/custom/linking-a-03-b-all-expected.png
webkit/data/layout_tests/platform/chromium-linux/LayoutTests/svg/custom/linking-a-03-b-viewBox-transform-expected.checksum
webkit/data/layout_tests/platform/chromium-linux/LayoutTests/svg/custom/linking-a-03-b-viewBox-transform-expected.png
webkit/data/layout_tests/platform/chromium-linux/LayoutTests/svg/custom/use-nested-transform-expected.checksum
webkit/data/layout_tests/platform/chromium-linux/LayoutTests/svg/custom/use-nested-transform-expected.png
webkit/data/layout_tests/platform/chromium-linux/LayoutTests/svg/custom/width-full-percentage-expected.checksum
webkit/data/layout_tests/platform/chromium-linux/LayoutTests/svg/custom/width-full-percentage-expected.png
webkit/data/layout_tests/platform/chromium-linux/LayoutTests/svg/hixie/error/017-expected.checksum
webkit/data/layout_tests/platform/chromium-linux/LayoutTests/svg/hixie/error/017-expected.png
webkit/data/layout_tests/platform/chromium-linux/LayoutTests/transforms/2d/hindi-rotated-expected.checksum
webkit/data/layout_tests/platform/chromium-linux/LayoutTests/transforms/2d/hindi-rotated-expected.png
webkit/data/layout_tests/platform/chromium-win/LayoutTests/editing/deleting/deletionUI-single-instance-expected.checksum
webkit/data/layout_tests/platform/chromium-win/LayoutTests/editing/deleting/deletionUI-single-instance-expected.png
webkit/data/layout_tests/platform/chromium-win/LayoutTests/fast/backgrounds/repeat/negative-offset-repeat-transformed-expected.checksum
webkit/data/layout_tests/platform/chromium-win/LayoutTests/fast/backgrounds/repeat/negative-offset-repeat-transformed-expected.png
webkit/data/layout_tests/platform/chromium-win/LayoutTests/fast/backgrounds/size/contain-and-cover-expected.checksum
webkit/data/layout_tests/platform/chromium-win/LayoutTests/fast/backgrounds/size/contain-and-cover-expected.png
webkit/data/layout_tests/platform/chromium-win/LayoutTests/fast/backgrounds/svg-as-background-5-expected.checksum
webkit/data/layout_tests/platform/chromium-win/LayoutTests/fast/backgrounds/svg-as-background-5-expected.png
webkit/data/layout_tests/platform/chromium-win/LayoutTests/fast/borders/border-radius-constraints-expected.checksum
webkit/data/layout_tests/platform/chromium-win/LayoutTests/fast/borders/border-radius-constraints-expected.png
webkit/data/layout_tests/platform/chromium-win/LayoutTests/fast/borders/border-radius-huge-assert-expected.checksum
webkit/data/layout_tests/platform/chromium-win/LayoutTests/fast/borders/border-radius-huge-assert-expected.png
webkit/data/layout_tests/platform/chromium-win/LayoutTests/fast/borders/border-radius-split-inline-expected.checksum
webkit/data/layout_tests/platform/chromium-win/LayoutTests/fast/borders/border-radius-split-inline-expected.png
webkit/data/layout_tests/platform/chromium-win/LayoutTests/fast/borders/borderRadiusAllStylesAllCorners-expected.checksum
webkit/data/layout_tests/platform/chromium-win/LayoutTests/fast/borders/borderRadiusAllStylesAllCorners-expected.png
webkit/data/layout_tests/platform/chromium-win/LayoutTests/fast/borders/borderRadiusArcs01-expected.checksum
webkit/data/layout_tests/platform/chromium-win/LayoutTests/fast/borders/borderRadiusArcs01-expected.png
webkit/data/layout_tests/platform/chromium-win/LayoutTests/fast/borders/borderRadiusDashed01-expected.checksum
webkit/data/layout_tests/platform/chromium-win/LayoutTests/fast/borders/borderRadiusDashed01-expected.png
webkit/data/layout_tests/platform/chromium-win/LayoutTests/fast/borders/borderRadiusDashed02-expected.checksum
webkit/data/layout_tests/platform/chromium-win/LayoutTests/fast/borders/borderRadiusDashed02-expected.png
webkit/data/layout_tests/platform/chromium-win/LayoutTests/fast/borders/borderRadiusDashed03-expected.checksum
webkit/data/layout_tests/platform/chromium-win/LayoutTests/fast/borders/borderRadiusDashed03-expected.png
webkit/data/layout_tests/platform/chromium-win/LayoutTests/fast/borders/borderRadiusDotted01-expected.checksum
webkit/data/layout_tests/platform/chromium-win/LayoutTests/fast/borders/borderRadiusDotted01-expected.png
webkit/data/layout_tests/platform/chromium-win/LayoutTests/fast/borders/borderRadiusDotted02-expected.checksum
webkit/data/layout_tests/platform/chromium-win/LayoutTests/fast/borders/borderRadiusDotted02-expected.png
webkit/data/layout_tests/platform/chromium-win/LayoutTests/fast/borders/borderRadiusDotted03-expected.checksum
webkit/data/layout_tests/platform/chromium-win/LayoutTests/fast/borders/borderRadiusDotted03-expected.png
webkit/data/layout_tests/platform/chromium-win/LayoutTests/fast/borders/borderRadiusDouble01-expected.checksum
webkit/data/layout_tests/platform/chromium-win/LayoutTests/fast/borders/borderRadiusDouble01-expected.png
webkit/data/layout_tests/platform/chromium-win/LayoutTests/fast/borders/borderRadiusDouble02-expected.checksum
webkit/data/layout_tests/platform/chromium-win/LayoutTests/fast/borders/borderRadiusDouble02-expected.png
webkit/data/layout_tests/platform/chromium-win/LayoutTests/fast/borders/borderRadiusDouble03-expected.checksum
webkit/data/layout_tests/platform/chromium-win/LayoutTests/fast/borders/borderRadiusDouble03-expected.png
webkit/data/layout_tests/platform/chromium-win/LayoutTests/fast/borders/borderRadiusGroove01-expected.checksum
webkit/data/layout_tests/platform/chromium-win/LayoutTests/fast/borders/borderRadiusGroove01-expected.png
webkit/data/layout_tests/platform/chromium-win/LayoutTests/fast/borders/borderRadiusGroove02-expected.checksum
webkit/data/layout_tests/platform/chromium-win/LayoutTests/fast/borders/borderRadiusGroove02-expected.png
webkit/data/layout_tests/platform/chromium-win/LayoutTests/fast/borders/borderRadiusInset01-expected.checksum
webkit/data/layout_tests/platform/chromium-win/LayoutTests/fast/borders/borderRadiusInset01-expected.png
webkit/data/layout_tests/platform/chromium-win/LayoutTests/fast/borders/borderRadiusInvalidColor-expected.checksum
webkit/data/layout_tests/platform/chromium-win/LayoutTests/fast/borders/borderRadiusInvalidColor-expected.png
webkit/data/layout_tests/platform/chromium-win/LayoutTests/fast/borders/borderRadiusOutset01-expected.checksum
webkit/data/layout_tests/platform/chromium-win/LayoutTests/fast/borders/borderRadiusOutset01-expected.png
webkit/data/layout_tests/platform/chromium-win/LayoutTests/fast/borders/borderRadiusRidge01-expected.checksum
webkit/data/layout_tests/platform/chromium-win/LayoutTests/fast/borders/borderRadiusRidge01-expected.png
webkit/data/layout_tests/platform/chromium-win/LayoutTests/fast/borders/borderRadiusSolid01-expected.checksum
webkit/data/layout_tests/platform/chromium-win/LayoutTests/fast/borders/borderRadiusSolid01-expected.png
webkit/data/layout_tests/platform/chromium-win/LayoutTests/fast/borders/borderRadiusSolid02-expected.checksum
webkit/data/layout_tests/platform/chromium-win/LayoutTests/fast/borders/borderRadiusSolid02-expected.png
webkit/data/layout_tests/platform/chromium-win/LayoutTests/fast/borders/borderRadiusSolid03-expected.checksum
webkit/data/layout_tests/platform/chromium-win/LayoutTests/fast/borders/borderRadiusSolid03-expected.png
webkit/data/layout_tests/platform/chromium-win/LayoutTests/fast/borders/borderRadiusSolid04-expected.checksum
webkit/data/layout_tests/platform/chromium-win/LayoutTests/fast/borders/borderRadiusSolid04-expected.png
webkit/data/layout_tests/platform/chromium-win/LayoutTests/fast/borders/fieldsetBorderRadius-expected.checksum
webkit/data/layout_tests/platform/chromium-win/LayoutTests/fast/borders/fieldsetBorderRadius-expected.png
webkit/data/layout_tests/platform/chromium-win/LayoutTests/fast/box-shadow/basic-shadows-expected.checksum
webkit/data/layout_tests/platform/chromium-win/LayoutTests/fast/box-shadow/basic-shadows-expected.png
webkit/data/layout_tests/platform/chromium-win/LayoutTests/fast/canvas/arc360-expected.checksum
webkit/data/layout_tests/platform/chromium-win/LayoutTests/fast/canvas/arc360-expected.png
webkit/data/layout_tests/platform/chromium-win/LayoutTests/fast/canvas/image-pattern-rotate-expected.checksum
webkit/data/layout_tests/platform/chromium-win/LayoutTests/fast/canvas/image-pattern-rotate-expected.png
webkit/data/layout_tests/platform/chromium-win/LayoutTests/fast/css/resize-corner-tracking-transformed-expected.checksum
webkit/data/layout_tests/platform/chromium-win/LayoutTests/fast/css/resize-corner-tracking-transformed-expected.png
webkit/data/layout_tests/platform/chromium-win/LayoutTests/fast/overflow/border-radius-clipping-expected.checksum
webkit/data/layout_tests/platform/chromium-win/LayoutTests/fast/overflow/border-radius-clipping-expected.png
webkit/data/layout_tests/platform/chromium-win/LayoutTests/fast/repaint/border-radius-repaint-expected.checksum
webkit/data/layout_tests/platform/chromium-win/LayoutTests/fast/repaint/border-radius-repaint-expected.png
webkit/data/layout_tests/platform/chromium-win/LayoutTests/fast/repaint/reflection-repaint-test-expected.checksum
webkit/data/layout_tests/platform/chromium-win/LayoutTests/fast/repaint/reflection-repaint-test-expected.png
webkit/data/layout_tests/platform/chromium-win/LayoutTests/fast/repaint/shadow-multiple-horizontal-expected.checksum
webkit/data/layout_tests/platform/chromium-win/LayoutTests/fast/repaint/shadow-multiple-horizontal-expected.png
webkit/data/layout_tests/platform/chromium-win/LayoutTests/fast/repaint/shadow-multiple-strict-horizontal-expected.checksum
webkit/data/layout_tests/platform/chromium-win/LayoutTests/fast/repaint/shadow-multiple-strict-horizontal-expected.png
webkit/data/layout_tests/platform/chromium-win/LayoutTests/fast/repaint/shadow-multiple-strict-vertical-expected.checksum
webkit/data/layout_tests/platform/chromium-win/LayoutTests/fast/repaint/shadow-multiple-strict-vertical-expected.png
webkit/data/layout_tests/platform/chromium-win/LayoutTests/fast/repaint/shadow-multiple-vertical-expected.checksum
webkit/data/layout_tests/platform/chromium-win/LayoutTests/fast/repaint/shadow-multiple-vertical-expected.png
webkit/data/layout_tests/platform/chromium-win/LayoutTests/fast/repaint/transform-layout-repaint-expected.checksum
webkit/data/layout_tests/platform/chromium-win/LayoutTests/fast/repaint/transform-layout-repaint-expected.png
webkit/data/layout_tests/platform/chromium-win/LayoutTests/fast/transforms/shadows-expected.checksum
webkit/data/layout_tests/platform/chromium-win/LayoutTests/fast/transforms/shadows-expected.png
webkit/data/layout_tests/platform/chromium-win/LayoutTests/fast/transforms/transform-on-inline-expected.checksum
webkit/data/layout_tests/platform/chromium-win/LayoutTests/fast/transforms/transform-on-inline-expected.png
webkit/data/layout_tests/platform/chromium-win/LayoutTests/fast/transforms/transform-table-row-expected.checksum
webkit/data/layout_tests/platform/chromium-win/LayoutTests/fast/transforms/transform-table-row-expected.png
webkit/data/layout_tests/platform/chromium-win/LayoutTests/fast/transforms/transformed-document-element-expected.checksum
webkit/data/layout_tests/platform/chromium-win/LayoutTests/fast/transforms/transformed-document-element-expected.png
webkit/data/layout_tests/platform/chromium-win/LayoutTests/media/video-layer-crash-expected.checksum
webkit/data/layout_tests/platform/chromium-win/LayoutTests/media/video-layer-crash-expected.png
webkit/data/layout_tests/platform/chromium-win/LayoutTests/media/video-transformed-expected.checksum
webkit/data/layout_tests/platform/chromium-win/LayoutTests/media/video-transformed-expected.png
webkit/data/layout_tests/platform/chromium-win/LayoutTests/svg/W3C-SVG-1.1/coords-viewattr-01-b-expected.checksum
webkit/data/layout_tests/platform/chromium-win/LayoutTests/svg/W3C-SVG-1.1/coords-viewattr-01-b-expected.png
webkit/data/layout_tests/platform/chromium-win/LayoutTests/svg/W3C-SVG-1.1/painting-marker-01-f-expected.checksum
webkit/data/layout_tests/platform/chromium-win/LayoutTests/svg/W3C-SVG-1.1/painting-marker-01-f-expected.png
webkit/data/layout_tests/platform/chromium-win/LayoutTests/svg/W3C-SVG-1.1/painting-marker-02-f-expected.checksum
webkit/data/layout_tests/platform/chromium-win/LayoutTests/svg/W3C-SVG-1.1/painting-marker-02-f-expected.png
webkit/data/layout_tests/platform/chromium-win/LayoutTests/svg/W3C-SVG-1.1/painting-marker-03-f-expected.checksum
webkit/data/layout_tests/platform/chromium-win/LayoutTests/svg/W3C-SVG-1.1/painting-marker-03-f-expected.png
webkit/data/layout_tests/platform/chromium-win/LayoutTests/svg/W3C-SVG-1.1/paths-data-02-t-expected.checksum
webkit/data/layout_tests/platform/chromium-win/LayoutTests/svg/W3C-SVG-1.1/paths-data-02-t-expected.png
webkit/data/layout_tests/platform/chromium-win/LayoutTests/svg/W3C-SVG-1.1/shapes-circle-02-t-expected.checksum
webkit/data/layout_tests/platform/chromium-win/LayoutTests/svg/W3C-SVG-1.1/shapes-circle-02-t-expected.png
webkit/data/layout_tests/platform/chromium-win/LayoutTests/svg/W3C-SVG-1.1/shapes-ellipse-02-t-expected.checksum
webkit/data/layout_tests/platform/chromium-win/LayoutTests/svg/W3C-SVG-1.1/shapes-ellipse-02-t-expected.png
webkit/data/layout_tests/platform/chromium-win/LayoutTests/svg/W3C-SVG-1.1/text-path-01-b-expected.checksum
webkit/data/layout_tests/platform/chromium-win/LayoutTests/svg/W3C-SVG-1.1/text-path-01-b-expected.png
webkit/data/layout_tests/platform/chromium-win/LayoutTests/svg/W3C-SVG-1.1/text-text-08-b-expected.checksum
webkit/data/layout_tests/platform/chromium-win/LayoutTests/svg/W3C-SVG-1.1/text-text-08-b-expected.png
webkit/data/layout_tests/platform/chromium-win/LayoutTests/svg/batik/text/textFeatures-expected.checksum
webkit/data/layout_tests/platform/chromium-win/LayoutTests/svg/batik/text/textFeatures-expected.png
webkit/data/layout_tests/platform/chromium-win/LayoutTests/svg/custom/focus-ring-expected.checksum
webkit/data/layout_tests/platform/chromium-win/LayoutTests/svg/custom/focus-ring-expected.png
webkit/data/layout_tests/platform/chromium-win/LayoutTests/svg/custom/foreign-object-skew-expected.checksum
webkit/data/layout_tests/platform/chromium-win/LayoutTests/svg/custom/foreign-object-skew-expected.png
webkit/data/layout_tests/platform/chromium-win/LayoutTests/svg/custom/js-late-gradient-and-object-creation-expected.checksum
webkit/data/layout_tests/platform/chromium-win/LayoutTests/svg/custom/js-late-gradient-and-object-creation-expected.png
webkit/data/layout_tests/platform/chromium-win/LayoutTests/svg/custom/js-late-marker-and-object-creation-expected.checksum
webkit/data/layout_tests/platform/chromium-win/LayoutTests/svg/custom/js-late-marker-and-object-creation-expected.png
webkit/data/layout_tests/platform/chromium-win/LayoutTests/svg/custom/js-late-marker-creation-expected.checksum
webkit/data/layout_tests/platform/chromium-win/LayoutTests/svg/custom/js-late-marker-creation-expected.png
webkit/data/layout_tests/platform/chromium-win/LayoutTests/svg/custom/linking-a-03-b-all-expected.checksum
webkit/data/layout_tests/platform/chromium-win/LayoutTests/svg/custom/linking-a-03-b-all-expected.png
webkit/data/layout_tests/platform/chromium-win/LayoutTests/svg/custom/linking-a-03-b-viewBox-transform-expected.checksum
webkit/data/layout_tests/platform/chromium-win/LayoutTests/svg/custom/linking-a-03-b-viewBox-transform-expected.png
webkit/data/layout_tests/platform/chromium-win/LayoutTests/svg/custom/use-nested-transform-expected.checksum
webkit/data/layout_tests/platform/chromium-win/LayoutTests/svg/custom/use-nested-transform-expected.png
webkit/data/layout_tests/platform/chromium-win/LayoutTests/svg/custom/use-on-disallowed-foreign-object-1-expected.checksum
webkit/data/layout_tests/platform/chromium-win/LayoutTests/svg/custom/use-on-disallowed-foreign-object-1-expected.png
webkit/data/layout_tests/platform/chromium-win/LayoutTests/svg/custom/use-on-disallowed-foreign-object-2-expected.checksum
webkit/data/layout_tests/platform/chromium-win/LayoutTests/svg/custom/use-on-disallowed-foreign-object-2-expected.png
webkit/data/layout_tests/platform/chromium-win/LayoutTests/svg/custom/use-on-disallowed-foreign-object-3-expected.checksum
webkit/data/layout_tests/platform/chromium-win/LayoutTests/svg/custom/use-on-disallowed-foreign-object-3-expected.png
webkit/data/layout_tests/platform/chromium-win/LayoutTests/svg/custom/use-on-disallowed-foreign-object-4-expected.checksum
webkit/data/layout_tests/platform/chromium-win/LayoutTests/svg/custom/use-on-disallowed-foreign-object-4-expected.png
webkit/data/layout_tests/platform/chromium-win/LayoutTests/svg/custom/use-on-disallowed-foreign-object-5-expected.checksum
webkit/data/layout_tests/platform/chromium-win/LayoutTests/svg/custom/use-on-disallowed-foreign-object-5-expected.png
webkit/data/layout_tests/platform/chromium-win/LayoutTests/svg/custom/use-on-disallowed-foreign-object-6-expected.checksum
webkit/data/layout_tests/platform/chromium-win/LayoutTests/svg/custom/use-on-disallowed-foreign-object-6-expected.png
webkit/data/layout_tests/platform/chromium-win/LayoutTests/svg/custom/use-on-non-svg-namespaced-element-expected.checksum
webkit/data/layout_tests/platform/chromium-win/LayoutTests/svg/custom/use-on-non-svg-namespaced-element-expected.png
webkit/data/layout_tests/platform/chromium-win/LayoutTests/svg/custom/width-full-percentage-expected.checksum
webkit/data/layout_tests/platform/chromium-win/LayoutTests/svg/custom/width-full-percentage-expected.png
webkit/data/layout_tests/platform/chromium-win/LayoutTests/svg/hixie/error/017-expected.checksum
webkit/data/layout_tests/platform/chromium-win/LayoutTests/svg/hixie/error/017-expected.png
webkit/data/layout_tests/platform/chromium-win/LayoutTests/svg/hixie/viewbox/preserveAspectRatio/001-expected.checksum
webkit/data/layout_tests/platform/chromium-win/LayoutTests/svg/hixie/viewbox/preserveAspectRatio/001-expected.png
webkit/data/layout_tests/platform/chromium-win/LayoutTests/svg/hixie/viewbox/preserveAspectRatio/002-expected.checksum
webkit/data/layout_tests/platform/chromium-win/LayoutTests/svg/hixie/viewbox/preserveAspectRatio/002-expected.png
webkit/data/layout_tests/platform/chromium-win/LayoutTests/svg/text/text-gradient-positioning-expected.checksum
webkit/data/layout_tests/platform/chromium-win/LayoutTests/svg/text/text-gradient-positioning-expected.png
webkit/data/layout_tests/platform/chromium-win/LayoutTests/svg/text/text-path-01-b-expected.checksum
webkit/data/layout_tests/platform/chromium-win/LayoutTests/svg/text/text-path-01-b-expected.png
webkit/data/layout_tests/platform/chromium-win/LayoutTests/svg/text/text-text-08-b-expected.checksum
webkit/data/layout_tests/platform/chromium-win/LayoutTests/svg/text/text-text-08-b-expected.png
webkit/data/layout_tests/platform/chromium-win/LayoutTests/svg/transforms/animated-path-inside-transformed-html-expected.checksum
webkit/data/layout_tests/platform/chromium-win/LayoutTests/svg/transforms/animated-path-inside-transformed-html-expected.png
webkit/data/layout_tests/platform/chromium-win/LayoutTests/svg/transforms/text-with-pattern-inside-transformed-html-expected.checksum
webkit/data/layout_tests/platform/chromium-win/LayoutTests/svg/transforms/text-with-pattern-inside-transformed-html-expected.png
webkit/data/layout_tests/platform/chromium-win/LayoutTests/svg/transforms/text-with-pattern-with-svg-transform-expected.checksum
webkit/data/layout_tests/platform/chromium-win/LayoutTests/svg/transforms/text-with-pattern-with-svg-transform-expected.png
webkit/data/layout_tests/platform/chromium-win/LayoutTests/transforms/2d/hindi-rotated-expected.checksum
webkit/data/layout_tests/platform/chromium-win/LayoutTests/transforms/2d/hindi-rotated-expected.png
webkit/data/layout_tests/platform/chromium-win/chrome/fast/forms/basic-selects-expected.checksum
webkit/data/layout_tests/platform/chromium-win/chrome/fast/forms/basic-selects-expected.png
webkit/tools/layout_tests/test_expectations.txt
