chrome/browser/extensions/extension_bindings_apitest.cc
chrome/test/data/extensions/api_test/bindings/externally_connectable_everywhere/manifest.json
chrome/test/data/extensions/api_test/bindings/override_exports.html
extensions/renderer/api_test_base.cc
extensions/renderer/event_unittest.cc
extensions/renderer/module_system.cc
extensions/renderer/module_system_unittest.cc
extensions/renderer/resources/app_runtime_custom_bindings.js
extensions/renderer/resources/app_window_custom_bindings.js
extensions/renderer/resources/binding.js
extensions/renderer/resources/browser_test_environment_specific_bindings.js
extensions/renderer/resources/context_menus_custom_bindings.js
extensions/renderer/resources/context_menus_handlers.js
extensions/renderer/resources/declarative_webrequest_custom_bindings.js
extensions/renderer/resources/entry_id_manager.js
extensions/renderer/resources/event.js
extensions/renderer/resources/extension_custom_bindings.js
extensions/renderer/resources/guest_view/extension_options/extension_options.js
extensions/renderer/resources/guest_view/extension_options/extension_options_constants.js
extensions/renderer/resources/guest_view/extension_options/extension_options_events.js
extensions/renderer/resources/guest_view/extension_view/extension_view.js
extensions/renderer/resources/guest_view/extension_view/extension_view_constants.js
extensions/renderer/resources/guest_view/extension_view/extension_view_events.js
extensions/renderer/resources/guest_view/extension_view/extension_view_internal.js
extensions/renderer/resources/guest_view/guest_view.js
extensions/renderer/resources/guest_view/guest_view_attributes.js
extensions/renderer/resources/guest_view/guest_view_container.js
extensions/renderer/resources/guest_view/guest_view_events.js
extensions/renderer/resources/guest_view/web_view/web_view.js
extensions/renderer/resources/guest_view/web_view/web_view_action_requests.js
extensions/renderer/resources/guest_view/web_view/web_view_constants.js
extensions/renderer/resources/guest_view/web_view/web_view_events.js
extensions/renderer/resources/guest_view/web_view/web_view_internal.js
extensions/renderer/resources/guest_view/web_view/web_view_request_custom_bindings.js
extensions/renderer/resources/i18n_custom_bindings.js
extensions/renderer/resources/image_util.js
extensions/renderer/resources/json_schema.js
extensions/renderer/resources/last_error.js
extensions/renderer/resources/messaging.js
extensions/renderer/resources/messaging_utils.js
extensions/renderer/resources/mime_handler_private_custom_bindings.js
extensions/renderer/resources/mojo_private_custom_bindings.js
extensions/renderer/resources/permissions_custom_bindings.js
extensions/renderer/resources/printer_provider_custom_bindings.js
extensions/renderer/resources/runtime_custom_bindings.js
extensions/renderer/resources/schema_utils.js
extensions/renderer/resources/send_request.js
extensions/renderer/resources/serial_custom_bindings.js
extensions/renderer/resources/set_icon.js
extensions/renderer/resources/storage_area.js
extensions/renderer/resources/test_custom_bindings.js
extensions/renderer/resources/uncaught_exception_handler.js
extensions/renderer/resources/utils.js
extensions/renderer/resources/web_request_custom_bindings.js
extensions/renderer/resources/web_request_internal_custom_bindings.js
extensions/renderer/utils_unittest.cc
