third_party/WebKit/LayoutTests/ChangeLog
third_party/WebKit/LayoutTests/platform/qt-5.0-wk2/compositing/columns/composited-in-paginated-expected.txt
third_party/WebKit/LayoutTests/platform/qt-5.0-wk2/compositing/geometry/bounds-ignores-hidden-composited-descendant-expected.txt
third_party/WebKit/LayoutTests/platform/qt-5.0-wk2/compositing/iframes/become-composited-nested-iframes-expected.txt
third_party/WebKit/LayoutTests/platform/qt-5.0-wk2/compositing/iframes/become-overlapped-iframe-expected.txt
third_party/WebKit/LayoutTests/platform/qt-5.0-wk2/compositing/iframes/composited-parent-iframe-expected.txt
third_party/WebKit/LayoutTests/platform/qt-5.0-wk2/compositing/iframes/connect-compositing-iframe-delayed-expected.txt
third_party/WebKit/LayoutTests/platform/qt-5.0-wk2/compositing/iframes/connect-compositing-iframe-expected.txt
third_party/WebKit/LayoutTests/platform/qt-5.0-wk2/compositing/iframes/connect-compositing-iframe2-expected.txt
third_party/WebKit/LayoutTests/platform/qt-5.0-wk2/compositing/iframes/connect-compositing-iframe3-expected.txt
third_party/WebKit/LayoutTests/platform/qt-5.0-wk2/compositing/iframes/enter-compositing-iframe-expected.txt
third_party/WebKit/LayoutTests/platform/qt-5.0-wk2/compositing/iframes/iframe-resize-expected.txt
third_party/WebKit/LayoutTests/platform/qt-5.0-wk2/compositing/iframes/invisible-nested-iframe-show-expected.txt
third_party/WebKit/LayoutTests/platform/qt-5.0-wk2/compositing/iframes/overlapped-iframe-expected.txt
third_party/WebKit/LayoutTests/platform/qt-5.0-wk2/compositing/iframes/overlapped-nested-iframes-expected.txt
third_party/WebKit/LayoutTests/platform/qt-5.0-wk2/compositing/iframes/resizer-expected.txt
third_party/WebKit/LayoutTests/platform/qt-5.0-wk2/compositing/iframes/scrolling-iframe-expected.txt
third_party/WebKit/LayoutTests/platform/qt-5.0-wk2/compositing/layer-creation/fixed-position-and-transform-expected.txt
third_party/WebKit/LayoutTests/platform/qt-5.0-wk2/compositing/layer-creation/fixed-position-under-transform-expected.txt
third_party/WebKit/LayoutTests/platform/qt-5.0-wk2/compositing/layer-creation/no-compositing-for-preserve-3d-expected.txt
third_party/WebKit/LayoutTests/platform/qt-5.0-wk2/compositing/overflow/content-gains-scrollbars-expected.txt
third_party/WebKit/LayoutTests/platform/qt-5.0-wk2/compositing/overflow/overflow-scrollbar-layers-expected.txt
third_party/WebKit/LayoutTests/platform/qt-5.0-wk2/compositing/rtl/rtl-absolute-overflow-expected.txt
third_party/WebKit/LayoutTests/platform/qt-5.0-wk2/compositing/rtl/rtl-fixed-overflow-expected.txt
third_party/WebKit/LayoutTests/platform/qt-5.0-wk2/compositing/rtl/rtl-fixed-overflow-scrolled-expected.txt
third_party/WebKit/LayoutTests/platform/qt-5.0-wk2/compositing/rtl/rtl-iframe-absolute-overflow-expected.txt
third_party/WebKit/LayoutTests/platform/qt-5.0-wk2/compositing/rtl/rtl-iframe-absolute-overflow-scrolled-expected.txt
third_party/WebKit/LayoutTests/platform/qt-5.0-wk2/compositing/rtl/rtl-iframe-fixed-overflow-expected.txt
third_party/WebKit/LayoutTests/platform/qt-5.0-wk2/compositing/rtl/rtl-iframe-fixed-overflow-scrolled-expected.txt
third_party/WebKit/LayoutTests/platform/qt-5.0-wk2/compositing/tiled-layers-hidpi-expected.txt
third_party/WebKit/LayoutTests/platform/qt-5.0-wk2/compositing/tiling/crash-reparent-tiled-layer-expected.txt
third_party/WebKit/LayoutTests/platform/qt-5.0-wk2/compositing/tiling/huge-layer-add-remove-child-expected.txt
third_party/WebKit/LayoutTests/platform/qt-5.0-wk2/compositing/tiling/huge-layer-with-layer-children-expected.txt
third_party/WebKit/LayoutTests/platform/qt-5.0-wk2/compositing/tiling/huge-layer-with-layer-children-resize-expected.txt
third_party/WebKit/LayoutTests/platform/qt/compositing/backing/no-backing-for-clip-expected.txt
third_party/WebKit/LayoutTests/platform/qt/compositing/backing/no-backing-for-clip-overlap-expected.txt
third_party/WebKit/LayoutTests/platform/qt/compositing/backing/no-backing-for-perspective-expected.txt
third_party/WebKit/LayoutTests/platform/qt/compositing/geometry/preserve-3d-switching-expected.txt
