third_party/libxslt/COPYING
third_party/libxslt/ChangeLog
third_party/libxslt/HACKING
third_party/libxslt/MAINTAINERS
third_party/libxslt/Makefile.in
third_party/libxslt/NEWS
third_party/libxslt/NOTES
third_party/libxslt/README.chromium
third_party/libxslt/README.cvs-commits
third_party/libxslt/aclocal.m4
third_party/libxslt/compile
third_party/libxslt/config.guess
third_party/libxslt/config.sub
third_party/libxslt/configure
third_party/libxslt/configure.in
third_party/libxslt/depcomp
third_party/libxslt/install-sh
third_party/libxslt/libexslt/Makefile.in
third_party/libxslt/libexslt/crypto.c
third_party/libxslt/libexslt/date.c
third_party/libxslt/libexslt/functions.c
third_party/libxslt/libexslt/strings.c
third_party/libxslt/libxslt.doap
third_party/libxslt/libxslt/Makefile.in
third_party/libxslt/libxslt/attributes.c
third_party/libxslt/libxslt/extensions.c
third_party/libxslt/libxslt/functions.c
third_party/libxslt/libxslt/imports.c
third_party/libxslt/libxslt/keys.c
third_party/libxslt/libxslt/libxslt.h
third_party/libxslt/libxslt/namespaces.c
third_party/libxslt/libxslt/numbers.c
third_party/libxslt/libxslt/pattern.c
third_party/libxslt/libxslt/preproc.c
third_party/libxslt/libxslt/transform.c
third_party/libxslt/libxslt/variables.c
third_party/libxslt/libxslt/win32config.h
third_party/libxslt/libxslt/xslt.c
third_party/libxslt/libxslt/xsltInternals.h
third_party/libxslt/libxslt/xsltconfig.h
third_party/libxslt/libxslt/xsltconfig.h.in
third_party/libxslt/libxslt/xsltutils.c
third_party/libxslt/libxslt/xsltutils.h
third_party/libxslt/linux/COPYING
third_party/libxslt/linux/Makefile
third_party/libxslt/linux/config.h
third_party/libxslt/linux/config.log
third_party/libxslt/linux/libexslt.pc
third_party/libxslt/linux/libexslt/Makefile
third_party/libxslt/linux/libexslt/exsltconfig.h
third_party/libxslt/linux/libxslt.pc
third_party/libxslt/linux/libxslt.spec
third_party/libxslt/linux/libxslt/Makefile
third_party/libxslt/linux/libxslt/xsltwin32config.h
third_party/libxslt/linux/stamp-h1
third_party/libxslt/ltmain.sh
third_party/libxslt/mac/config.h
third_party/libxslt/missing
third_party/libxslt/win32/Makefile.msvc
third_party/libxslt/win32/config.h
third_party/libxslt/win32/runtests.py
third_party/libxslt/xslt-config.in
third_party/libxslt/xsltproc/Makefile.am
third_party/libxslt/xsltproc/testThreads.c
third_party/libxslt/xsltproc/xsltproc.c
