chrome/app/generated_resources.grd
chrome/browser/automation/testing_automation_provider.cc
chrome/browser/background/background_contents_service.cc
chrome/browser/extensions/background_scripts_apitest.cc
chrome/browser/extensions/extension_event_router.cc
chrome/browser/extensions/extension_process_manager.cc
chrome/browser/extensions/extension_protocols.cc
chrome/browser/extensions/extension_service.cc
chrome/browser/extensions/extension_service_unittest.cc
chrome/browser/extensions/network_delay_listener.cc
chrome/chrome_tests.gypi
chrome/common/extensions/extension.cc
chrome/common/extensions/extension.h
chrome/common/extensions/extension_constants.cc
chrome/common/extensions/extension_constants.h
chrome/common/extensions/extension_file_util.cc
chrome/common/extensions/extension_file_util_unittest.cc
chrome/common/extensions/extension_manifests_unittest.cc
chrome/test/data/extensions/api_test/alert/manifest.json
chrome/test/data/extensions/api_test/alert/test.html
chrome/test/data/extensions/api_test/background_scripts/a.js
chrome/test/data/extensions/api_test/background_scripts/b.js
chrome/test/data/extensions/api_test/background_scripts/manifest.json
chrome/test/data/extensions/manifest_tests/background_scripts.json
