third_party/WebKit/LayoutTests/ChangeLog
third_party/WebKit/LayoutTests/http/tests/security/XFrameOptions/x-frame-options-deny-expected.txt
third_party/WebKit/LayoutTests/http/tests/security/XFrameOptions/x-frame-options-deny-meta-tag-expected.txt
third_party/WebKit/LayoutTests/http/tests/security/XFrameOptions/x-frame-options-deny-meta-tag-in-body-expected.txt
third_party/WebKit/LayoutTests/http/tests/security/XFrameOptions/x-frame-options-deny-meta-tag-in-body.html
third_party/WebKit/LayoutTests/http/tests/security/XFrameOptions/x-frame-options-deny-meta-tag-parent-same-origin-deny-expected.txt
third_party/WebKit/LayoutTests/http/tests/security/XFrameOptions/x-frame-options-deny-meta-tag-parent-same-origin-deny.html
third_party/WebKit/LayoutTests/http/tests/security/XFrameOptions/x-frame-options-deny-meta-tag.html
third_party/WebKit/LayoutTests/http/tests/security/XFrameOptions/x-frame-options-deny.html
third_party/WebKit/LayoutTests/http/tests/security/XFrameOptions/x-frame-options-multiple-headers-sameorigin-deny-expected.txt
third_party/WebKit/LayoutTests/http/tests/security/XFrameOptions/x-frame-options-multiple-headers-sameorigin-deny.html
third_party/WebKit/LayoutTests/http/tests/security/XFrameOptions/x-frame-options-parent-same-origin-deny-expected.txt
third_party/WebKit/LayoutTests/http/tests/security/XFrameOptions/x-frame-options-parent-same-origin-deny.html
third_party/WebKit/LayoutTests/platform/chromium/http/tests/security/XFrameOptions/x-frame-options-deny-expected.txt
third_party/WebKit/LayoutTests/platform/chromium/http/tests/security/XFrameOptions/x-frame-options-deny-meta-tag-expected.txt
third_party/WebKit/LayoutTests/platform/chromium/http/tests/security/XFrameOptions/x-frame-options-deny-meta-tag-in-body-expected.txt
third_party/WebKit/LayoutTests/platform/chromium/http/tests/security/XFrameOptions/x-frame-options-deny-meta-tag-parent-same-origin-deny-expected.txt
third_party/WebKit/LayoutTests/platform/chromium/http/tests/security/XFrameOptions/x-frame-options-multiple-headers-sameorigin-deny-expected.txt
third_party/WebKit/LayoutTests/platform/chromium/http/tests/security/XFrameOptions/x-frame-options-parent-same-origin-deny-expected.txt
third_party/WebKit/Source/WebCore/ChangeLog
third_party/WebKit/Source/WebCore/dom/Document.cpp
third_party/WebKit/Source/WebCore/loader/DocumentLoader.cpp
