content/renderer/media/stream/webmediaplayer_ms.cc
content/renderer/media/stream/webmediaplayer_ms.h
content/renderer/media_capture_from_element/html_video_element_capturer_source_unittest.cc
media/blink/multibuffer_data_source.cc
media/blink/multibuffer_data_source.h
media/blink/multibuffer_data_source_unittest.cc
media/blink/resource_multibuffer_data_provider.cc
media/blink/url_index.cc
media/blink/url_index.h
media/blink/webmediaplayer_impl.cc
media/blink/webmediaplayer_impl.h
third_party/WebKit/LayoutTests/external/wpt/service-workers/service-worker/fetch-audio-tainting.https.html
third_party/WebKit/LayoutTests/external/wpt/service-workers/service-worker/fetch-canvas-tainting-video-cache.https-expected.txt
third_party/WebKit/LayoutTests/external/wpt/service-workers/service-worker/fetch-canvas-tainting-video.https-expected.txt
third_party/blink/public/platform/web_media_player.h
third_party/blink/renderer/core/html/media/html_media_element.cc
third_party/blink/renderer/core/html/media/html_media_element.h
third_party/blink/renderer/modules/webaudio/base_audio_context.cc
third_party/blink/renderer/modules/webaudio/base_audio_context.h
third_party/blink/renderer/modules/webaudio/media_element_audio_source_node.cc
third_party/blink/renderer/platform/testing/empty_web_media_player.h
