third_party/WebKit/LayoutTests/ChangeLog
third_party/WebKit/LayoutTests/fast/mediastream/RTCPeerConnection-createOffer.html
third_party/WebKit/LayoutTests/fast/mediastream/RTCPeerConnection-localDescription-expected.txt
third_party/WebKit/LayoutTests/fast/mediastream/RTCPeerConnection-localDescription.html
third_party/WebKit/LayoutTests/fast/mediastream/RTCPeerConnection-remoteDescription-expected.txt
third_party/WebKit/LayoutTests/fast/mediastream/RTCPeerConnection-remoteDescription.html
third_party/WebKit/Source/Platform/ChangeLog
third_party/WebKit/Source/Platform/Platform.gypi
third_party/WebKit/Source/Platform/chromium/public/WebRTCPeerConnectionHandler.h
third_party/WebKit/Source/Platform/chromium/public/WebRTCVoidRequest.h
third_party/WebKit/Source/WebCore/CMakeLists.txt
third_party/WebKit/Source/WebCore/ChangeLog
third_party/WebKit/Source/WebCore/GNUmakefile.list.am
third_party/WebKit/Source/WebCore/Modules/mediastream/RTCErrorCallback.h
third_party/WebKit/Source/WebCore/Modules/mediastream/RTCErrorCallback.idl
third_party/WebKit/Source/WebCore/Modules/mediastream/RTCPeerConnection.cpp
third_party/WebKit/Source/WebCore/Modules/mediastream/RTCPeerConnection.h
third_party/WebKit/Source/WebCore/Modules/mediastream/RTCPeerConnection.idl
third_party/WebKit/Source/WebCore/Modules/mediastream/RTCSessionDescriptionCallback.h
third_party/WebKit/Source/WebCore/Modules/mediastream/RTCSessionDescriptionCallback.idl
third_party/WebKit/Source/WebCore/Modules/mediastream/RTCSessionDescriptionRequestImpl.cpp
third_party/WebKit/Source/WebCore/Modules/mediastream/RTCSessionDescriptionRequestImpl.h
third_party/WebKit/Source/WebCore/Modules/mediastream/RTCVoidRequestImpl.cpp
third_party/WebKit/Source/WebCore/Modules/mediastream/RTCVoidRequestImpl.h
third_party/WebKit/Source/WebCore/WebCore.gypi
third_party/WebKit/Source/WebCore/platform/chromium/support/WebRTCVoidRequest.cpp
third_party/WebKit/Source/WebCore/platform/mediastream/RTCPeerConnectionHandler.cpp
third_party/WebKit/Source/WebCore/platform/mediastream/RTCPeerConnectionHandler.h
third_party/WebKit/Source/WebCore/platform/mediastream/RTCVoidRequest.h
third_party/WebKit/Source/WebCore/platform/mediastream/chromium/RTCPeerConnectionHandlerChromium.cpp
third_party/WebKit/Source/WebCore/platform/mediastream/chromium/RTCPeerConnectionHandlerChromium.h
third_party/WebKit/Tools/ChangeLog
third_party/WebKit/Tools/DumpRenderTree/chromium/MockWebRTCPeerConnectionHandler.cpp
third_party/WebKit/Tools/DumpRenderTree/chromium/MockWebRTCPeerConnectionHandler.h
