third_party/WebKit/Source/core/editing/SimplifyMarkupCommand.cpp
third_party/WebKit/Source/core/rendering/RenderBlock.cpp
third_party/WebKit/Source/core/rendering/RenderBlockFlow.cpp
third_party/WebKit/Source/core/rendering/RenderBox.cpp
third_party/WebKit/Source/core/rendering/RenderFlexibleBox.cpp
third_party/WebKit/Source/core/rendering/RenderLayer.cpp
third_party/WebKit/Source/core/rendering/RenderLayerModelObject.cpp
third_party/WebKit/Source/core/rendering/RenderObject.cpp
third_party/WebKit/Source/core/rendering/RenderScrollbarPart.cpp
third_party/WebKit/Source/core/rendering/RenderTableRow.cpp
third_party/WebKit/Source/core/rendering/RenderText.cpp
third_party/WebKit/Source/core/rendering/RenderTextControlSingleLine.cpp
third_party/WebKit/Source/core/rendering/style/RenderStyle.cpp
third_party/WebKit/Source/core/rendering/style/RenderStyle.h
third_party/WebKit/Source/core/rendering/style/RenderStyleConstants.h
third_party/WebKit/Source/core/rendering/style/SVGRenderStyle.cpp
third_party/WebKit/Source/core/rendering/style/SVGRenderStyle.h
third_party/WebKit/Source/core/rendering/style/StyleDifference.h
third_party/WebKit/Source/core/rendering/svg/RenderSVGBlock.cpp
third_party/WebKit/Source/core/rendering/svg/RenderSVGGradientStop.cpp
third_party/WebKit/Source/core/rendering/svg/RenderSVGInline.cpp
third_party/WebKit/Source/core/rendering/svg/RenderSVGInlineText.cpp
third_party/WebKit/Source/core/rendering/svg/RenderSVGModelObject.cpp
third_party/WebKit/Source/core/rendering/svg/RenderSVGResourceContainer.cpp
third_party/WebKit/Source/core/rendering/svg/RenderSVGResourceFilterPrimitive.cpp
third_party/WebKit/Source/core/rendering/svg/RenderSVGRoot.cpp
third_party/WebKit/Source/core/rendering/svg/SVGInlineTextBox.cpp
third_party/WebKit/Source/core/rendering/svg/SVGResourcesCache.cpp
third_party/WebKit/Source/core/rendering/svg/SVGResourcesCache.h
