third_party/WebKit/Source/JavaScriptCore/ChangeLog
third_party/WebKit/Source/JavaScriptCore/JavaScriptCore.vcproj/JavaScriptCore/JavaScriptCore.def
third_party/WebKit/Source/JavaScriptCore/runtime/Error.cpp
third_party/WebKit/Source/JavaScriptCore/runtime/Error.h
third_party/WebKit/Source/WebCore/ChangeLog
third_party/WebKit/Source/WebCore/bindings/js/JSDataViewCustom.cpp
third_party/WebKit/Source/WebCore/bindings/js/JSDeprecatedPeerConnectionCustom.cpp
third_party/WebKit/Source/WebCore/bindings/js/JSDirectoryEntryCustom.cpp
third_party/WebKit/Source/WebCore/bindings/js/JSSharedWorkerCustom.cpp
third_party/WebKit/Source/WebCore/bindings/js/JSWebKitMutationObserverCustom.cpp
third_party/WebKit/Source/WebCore/bindings/js/JSWorkerCustom.cpp
third_party/WebKit/Source/WebCore/bindings/scripts/CodeGeneratorJS.pm
third_party/WebKit/Source/WebCore/bindings/scripts/test/JS/JSFloat64Array.cpp
third_party/WebKit/Source/WebCore/bindings/scripts/test/JS/JSTestActiveDOMObject.cpp
third_party/WebKit/Source/WebCore/bindings/scripts/test/JS/JSTestCustomNamedGetter.cpp
third_party/WebKit/Source/WebCore/bindings/scripts/test/JS/JSTestEventTarget.cpp
third_party/WebKit/Source/WebCore/bindings/scripts/test/JS/JSTestInterface.cpp
third_party/WebKit/Source/WebCore/bindings/scripts/test/JS/JSTestMediaQueryListListener.cpp
third_party/WebKit/Source/WebCore/bindings/scripts/test/JS/JSTestNamedConstructor.cpp
third_party/WebKit/Source/WebCore/bindings/scripts/test/JS/JSTestObj.cpp
third_party/WebKit/Source/WebCore/bindings/scripts/test/JS/JSTestSerializedScriptValueInterface.cpp
