services/device/generic_sensor/fake_platform_sensor_and_provider.cc
services/device/generic_sensor/fake_platform_sensor_and_provider.h
services/device/generic_sensor/platform_sensor.cc
services/device/generic_sensor/platform_sensor.h
services/device/generic_sensor/platform_sensor_accelerometer_mac.cc
services/device/generic_sensor/platform_sensor_accelerometer_mac.h
services/device/generic_sensor/platform_sensor_ambient_light_mac.cc
services/device/generic_sensor/platform_sensor_ambient_light_mac.h
services/device/generic_sensor/platform_sensor_android.cc
services/device/generic_sensor/platform_sensor_android.h
services/device/generic_sensor/platform_sensor_fusion.cc
services/device/generic_sensor/platform_sensor_fusion.h
services/device/generic_sensor/platform_sensor_fusion_unittest.cc
services/device/generic_sensor/platform_sensor_linux.cc
services/device/generic_sensor/platform_sensor_linux.h
services/device/generic_sensor/platform_sensor_provider_android.cc
services/device/generic_sensor/platform_sensor_provider_android.h
services/device/generic_sensor/platform_sensor_provider_base.cc
services/device/generic_sensor/platform_sensor_provider_base.h
services/device/generic_sensor/platform_sensor_provider_linux.cc
services/device/generic_sensor/platform_sensor_provider_linux.h
services/device/generic_sensor/platform_sensor_provider_mac.cc
services/device/generic_sensor/platform_sensor_provider_mac.h
services/device/generic_sensor/platform_sensor_provider_win.cc
services/device/generic_sensor/platform_sensor_provider_win.h
services/device/generic_sensor/platform_sensor_win.cc
services/device/generic_sensor/platform_sensor_win.h
