base/mac/cocoa_protocols.h
chrome/browser/chromeos/cros/cros_mock.cc
chrome/browser/extensions/extension_function_dispatcher.cc
chrome/browser/extensions/extension_tts_api.cc
chrome/browser/extensions/extension_tts_api.h
chrome/browser/extensions/extension_tts_api_chromeos.cc
chrome/browser/extensions/extension_tts_api_constants.cc
chrome/browser/extensions/extension_tts_api_constants.h
chrome/browser/extensions/extension_tts_api_controller.cc
chrome/browser/extensions/extension_tts_api_controller.h
chrome/browser/extensions/extension_tts_api_linux.cc
chrome/browser/extensions/extension_tts_api_mac.mm
chrome/browser/extensions/extension_tts_api_platform.cc
chrome/browser/extensions/extension_tts_api_platform.h
chrome/browser/extensions/extension_tts_api_util.cc
chrome/browser/extensions/extension_tts_api_util.h
chrome/browser/extensions/extension_tts_api_win.cc
chrome/browser/extensions/extension_tts_apitest.cc
chrome/browser/extensions/extension_tts_engine_api.cc
chrome/browser/extensions/extension_tts_engine_api.h
chrome/browser/extensions/extensions_quota_service_unittest.cc
chrome/chrome_browser.gypi
chrome/common/extensions/api/extension_api.json
chrome/common/extensions/docs/experimental.html
chrome/common/extensions/docs/experimental.tts.html
chrome/common/extensions/docs/experimental.ttsEngine.html
chrome/common/extensions/docs/static/experimental.tts.html
chrome/common/extensions/docs/static/experimental.ttsEngine.html
chrome/common/extensions/extension.cc
chrome/common/extensions/extension.h
chrome/common/extensions/extension_constants.cc
chrome/common/extensions/extension_constants.h
chrome/common/extensions/extension_manifests_unittest.cc
chrome/renderer/extensions/extension_process_bindings.cc
chrome/renderer/resources/extension_process_bindings.js
chrome/renderer/resources/renderer_extension_bindings.js
chrome/test/data/extensions/api_test/tts/chromeos/test.js
chrome/test/data/extensions/api_test/tts/enqueue/test.js
chrome/test/data/extensions/api_test/tts/interrupt/test.js
chrome/test/data/extensions/api_test/tts/provide/test.js
chrome/test/data/extensions/api_test/tts/queue_interrupt/test.js
chrome/test/data/extensions/api_test/tts/speak_error/test.js
chrome/test/data/extensions/api_test/tts/speak_once/test.js
chrome/test/data/extensions/api_test/tts/word_callbacks/manifest.json
chrome/test/data/extensions/api_test/tts/word_callbacks/test.html
chrome/test/data/extensions/api_test/tts/word_callbacks/test.js
chrome/test/data/extensions/api_test/tts_engine/engine_error/manifest.json
chrome/test/data/extensions/api_test/tts_engine/engine_error/test.html
chrome/test/data/extensions/api_test/tts_engine/engine_error/test.js
chrome/test/data/extensions/api_test/tts_engine/engine_word_callbacks/manifest.json
chrome/test/data/extensions/api_test/tts_engine/engine_word_callbacks/test.html
chrome/test/data/extensions/api_test/tts_engine/engine_word_callbacks/test.js
chrome/test/data/extensions/api_test/tts_engine/register_engine/manifest.json
chrome/test/data/extensions/api_test/tts_engine/register_engine/test.html
chrome/test/data/extensions/api_test/tts_engine/register_engine/test.js
chrome/test/data/extensions/manifest_tests/tts_engine_invalid_1.json
chrome/test/data/extensions/manifest_tests/tts_engine_invalid_2.json
chrome/test/data/extensions/manifest_tests/tts_engine_invalid_3.json
chrome/test/data/extensions/manifest_tests/tts_engine_invalid_4.json
chrome/test/data/extensions/manifest_tests/tts_engine_invalid_5.json
chrome/test/data/extensions/manifest_tests/tts_engine_invalid_6.json
chrome/test/data/extensions/manifest_tests/tts_engine_invalid_7.json
chrome/test/data/extensions/manifest_tests/tts_engine_invalid_8.json
chrome/test/data/extensions/manifest_tests/tts_engine_invalid_9.json
chrome/test/data/extensions/manifest_tests/tts_engine_valid.json
