chrome/common/chrome_content_client.cc
content/browser/gpu/browser_gpu_channel_host_factory.cc
content/browser/gpu/browser_gpu_channel_host_factory.h
content/browser/gpu/gpu_process_host.cc
content/browser/gpu/gpu_process_host.h
content/browser/renderer_host/gpu_message_filter.cc
content/browser/renderer_host/gpu_message_filter.h
content/common/gpu/client/command_buffer_proxy_impl.cc
content/common/gpu/client/gpu_channel_host.cc
content/common/gpu/client/gpu_channel_host.h
content/common/gpu/client/webgraphicscontext3d_command_buffer_impl.cc
content/common/gpu/gpu_channel.cc
content/common/gpu/gpu_channel.h
content/common/gpu/gpu_command_buffer_stub.cc
content/common/gpu/gpu_messages.h
content/common/gpu/media/dxva_video_decode_accelerator.cc
content/common/gpu/media/dxva_video_decode_accelerator.h
content/common/gpu/media/gpu_video_decode_accelerator.cc
content/common/gpu/media/gpu_video_decode_accelerator.h
content/common/gpu/media/video_decode_accelerator_unittest.cc
content/common/np_channel_base.h
content/common/sandbox_policy.cc
content/plugin/plugin_channel.cc
content/plugin/plugin_channel.h
content/plugin/webplugin_proxy.cc
content/renderer/render_thread_impl.cc
content/renderer/webplugin_delegate_proxy.cc
