third_party/libxml/README.chromium
third_party/libxml/chromium/chromium-issue-620679.patch
third_party/libxml/chromium/chromium-issue-683629.patch
third_party/libxml/chromium/libxml2-2.9.4-security-CVE-2017-7376-nanohttp-out-of-bounds-write.patch
third_party/libxml/chromium/libxml2-2.9.4-xmlDumpElementContent-null-deref.patch
third_party/libxml/chromium/libxml_utils.cc
third_party/libxml/chromium/roll.py
third_party/libxml/src/HTMLparser.c
third_party/libxml/src/Makefile.am
third_party/libxml/src/Makefile.in
third_party/libxml/src/buf.c
third_party/libxml/src/elfgcchack.h
third_party/libxml/src/gentest.py
third_party/libxml/src/include/libxml/parser.h
third_party/libxml/src/include/libxml/xmlIO.h
third_party/libxml/src/include/libxml/xmlerror.h
third_party/libxml/src/libxml2.spec
third_party/libxml/src/macos/src/XMLTestPrefix.h
third_party/libxml/src/macos/src/XMLTestPrefix2.h
third_party/libxml/src/macos/src/libxml2_GUSIConfig.cp
third_party/libxml/src/macos/src/macos_main.c
third_party/libxml/src/parser.c
third_party/libxml/src/parserInternals.c
third_party/libxml/src/pattern.c
third_party/libxml/src/runtest.c
third_party/libxml/src/testapi.c
third_party/libxml/src/tree.c
third_party/libxml/src/uri.c
third_party/libxml/src/valid.c
third_party/libxml/src/win32/VC10/README.vc10
third_party/libxml/src/win32/VC10/RuleSet1.ruleset
third_party/libxml/src/xmlIO.c
third_party/libxml/src/xmlmemory.c
third_party/libxml/src/xmlsave.c
third_party/libxml/src/xpath.c
third_party/libxml/win32/include/libxml/xmlversion.h
