third_party/WebKit/Source/core/core.gypi
third_party/WebKit/Source/core/streams/ReadableByteStream.cpp
third_party/WebKit/Source/core/streams/ReadableByteStream.h
third_party/WebKit/Source/core/streams/ReadableByteStream.idl
third_party/WebKit/Source/core/streams/ReadableByteStreamReader.h
third_party/WebKit/Source/core/streams/ReadableByteStreamReader.idl
third_party/WebKit/Source/core/streams/ReadableStream.cpp
third_party/WebKit/Source/core/streams/ReadableStream.h
third_party/WebKit/Source/core/streams/ReadableStreamImpl.h
third_party/WebKit/Source/core/streams/ReadableStreamReader.cpp
third_party/WebKit/Source/core/streams/ReadableStreamReader.h
third_party/WebKit/Source/core/streams/ReadableStreamReader.idl
third_party/WebKit/Source/core/streams/ReadableStreamReaderTest.cpp
third_party/WebKit/Source/core/streams/ReadableStreamTest.cpp
third_party/WebKit/Source/core/streams/UnderlyingSource.h
third_party/WebKit/Source/modules/fetch/BodyStreamBuffer.cpp
third_party/WebKit/Source/modules/fetch/BodyStreamBuffer.h
third_party/WebKit/Source/modules/fetch/BodyStreamBufferTest.cpp
third_party/WebKit/Source/modules/fetch/FetchRequestData.cpp
third_party/WebKit/Source/modules/fetch/Response.cpp
third_party/WebKit/Source/platform/RuntimeEnabledFeatures.in
