chrome/browser/net/proxy_browsertest.cc
components/data_reduction_proxy/core/browser/data_reduction_proxy_config.cc
components/data_reduction_proxy/core/browser/data_reduction_proxy_config.h
components/data_reduction_proxy/core/browser/data_reduction_proxy_config_test_utils.cc
components/data_reduction_proxy/core/browser/data_reduction_proxy_config_test_utils.h
components/data_reduction_proxy/core/browser/data_reduction_proxy_interceptor_unittest.cc
headless/lib/headless_devtools_client_browsertest.cc
net/http/http_auth_filter.cc
net/http/http_auth_filter.h
net/http/http_network_transaction_unittest.cc
net/proxy_resolution/parse_proxy_bypass_rules_fuzzer.cc
net/proxy_resolution/proxy_bypass_rules.cc
net/proxy_resolution/proxy_bypass_rules.h
net/proxy_resolution/proxy_bypass_rules_unittest.cc
net/proxy_resolution/proxy_config.cc
net/proxy_resolution/proxy_config.h
net/proxy_resolution/proxy_config_service_linux.cc
net/proxy_resolution/proxy_config_service_linux.h
net/proxy_resolution/proxy_config_service_linux_unittest.cc
net/proxy_resolution/proxy_resolution_service.cc
net/proxy_resolution/proxy_resolution_service.h
net/proxy_resolution/proxy_resolution_service_unittest.cc
net/url_request/url_fetcher_impl_unittest.cc
net/url_request/url_request_unittest.cc
net/websockets/websocket_end_to_end_test.cc
services/network/public/cpp/proxy_config_mojom_traits_unittest.cc
services/network/tls_client_socket_unittest.cc
