chrome/browser/chromeos/cros/cros_mock.cc
chrome/browser/chromeos/cros/cros_mock.h
chrome/browser/chromeos/cros/input_method_library.cc
chrome/browser/chromeos/cros/input_method_library.h
chrome/browser/chromeos/cros/mock_input_method_library.h
chrome/browser/chromeos/input_method/ibus_controller.cc
chrome/browser/chromeos/input_method/ibus_controller.h
chrome/browser/chromeos/input_method/input_method_util.cc
chrome/browser/chromeos/input_method/input_method_util.h
chrome/browser/chromeos/login/screen_locker.cc
chrome/browser/chromeos/preferences.cc
chrome/browser/chromeos/status/input_method_menu.cc
chrome/browser/chromeos/status/input_method_menu.h
chrome/browser/chromeos/status/input_method_menu_button.cc
chrome/browser/chromeos/status/input_method_menu_unittest.cc
chrome/browser/ui/webui/chromeos/keyboard_overlay_ui.cc
chrome/browser/ui/webui/options/chromeos/cros_language_options_handler.cc
chrome/browser/ui/webui/options/chromeos/cros_language_options_handler.h
chrome/browser/ui/webui/options/language_options_handler_unittest.cc
chrome/chrome_browser.gypi
