chrome/browser/automation/automation_provider_observers.cc
chrome/browser/automation/automation_provider_observers.h
chrome/browser/extensions/browser_event_router.cc
chrome/browser/extensions/browser_event_router.h
chrome/browser/ui/ash/launcher/browser_launcher_item_controller.cc
chrome/browser/ui/ash/launcher/browser_launcher_item_controller.h
chrome/browser/ui/ash/launcher/chrome_launcher_controller.h
chrome/browser/ui/browser.cc
chrome/browser/ui/browser.h
chrome/browser/ui/browser_command_controller.cc
chrome/browser/ui/browser_command_controller.h
chrome/browser/ui/cocoa/tabs/tab_strip_model_observer_bridge.h
chrome/browser/ui/cocoa/tabs/tab_strip_model_observer_bridge.mm
chrome/browser/ui/gtk/browser_window_gtk.cc
chrome/browser/ui/gtk/browser_window_gtk.h
chrome/browser/ui/gtk/tab_contents_container_gtk.cc
chrome/browser/ui/gtk/tab_contents_container_gtk.h
chrome/browser/ui/gtk/tabs/tab_strip_gtk.cc
chrome/browser/ui/gtk/tabs/tab_strip_gtk.h
chrome/browser/ui/tabs/tab_strip_model.cc
chrome/browser/ui/tabs/tab_strip_model_observer.cc
chrome/browser/ui/tabs/tab_strip_model_observer.h
chrome/browser/ui/tabs/tab_strip_model_unittest.cc
chrome/browser/ui/unload_controller.cc
chrome/browser/ui/unload_controller.h
chrome/browser/ui/views/frame/browser_view.cc
chrome/browser/ui/views/frame/browser_view.h
chrome/browser/ui/views/tabs/browser_tab_strip_controller.cc
chrome/browser/ui/views/tabs/browser_tab_strip_controller.h
