third_party/WebKit/Source/WebCore/ChangeLog
third_party/WebKit/Source/WebCore/bindings/scripts/CodeGeneratorV8.pm
third_party/WebKit/Source/WebCore/bindings/scripts/test/V8/V8Float64Array.cpp
third_party/WebKit/Source/WebCore/bindings/scripts/test/V8/V8TestActiveDOMObject.cpp
third_party/WebKit/Source/WebCore/bindings/scripts/test/V8/V8TestCustomNamedGetter.cpp
third_party/WebKit/Source/WebCore/bindings/scripts/test/V8/V8TestEventConstructor.cpp
third_party/WebKit/Source/WebCore/bindings/scripts/test/V8/V8TestEventTarget.cpp
third_party/WebKit/Source/WebCore/bindings/scripts/test/V8/V8TestInterface.cpp
third_party/WebKit/Source/WebCore/bindings/scripts/test/V8/V8TestMediaQueryListListener.cpp
third_party/WebKit/Source/WebCore/bindings/scripts/test/V8/V8TestNamedConstructor.cpp
third_party/WebKit/Source/WebCore/bindings/scripts/test/V8/V8TestObj.cpp
third_party/WebKit/Source/WebCore/bindings/scripts/test/V8/V8TestSerializedScriptValueInterface.cpp
third_party/WebKit/Source/WebCore/bindings/v8/ScriptController.cpp
third_party/WebKit/Source/WebCore/bindings/v8/V8Proxy.cpp
third_party/WebKit/Source/WebCore/bindings/v8/V8Proxy.h
third_party/WebKit/Source/WebCore/bindings/v8/custom/V8AudioContextCustom.cpp
third_party/WebKit/Source/WebCore/bindings/v8/custom/V8DataViewCustom.cpp
third_party/WebKit/Source/WebCore/bindings/v8/custom/V8DirectoryEntryCustom.cpp
third_party/WebKit/Source/WebCore/bindings/v8/custom/V8IntentConstructor.cpp
third_party/WebKit/Source/WebCore/bindings/v8/custom/V8SVGLengthCustom.cpp
third_party/WebKit/Source/WebCore/bindings/v8/custom/V8WebGLRenderingContextCustom.cpp
third_party/WebKit/Source/WebCore/bindings/v8/custom/V8WebKitMutationObserverCustom.cpp
third_party/WebKit/Source/WebCore/bindings/v8/custom/V8WebSocketCustom.cpp
third_party/WebKit/Source/WebCore/bindings/v8/custom/V8XMLHttpRequestCustom.cpp
