third_party/blink/web_tests/http/tests/xmlviewer/ns-node-prev-sibling-expected.png
third_party/blink/web_tests/http/tests/xmlviewer/ns-node-prev-sibling.html
third_party/blink/web_tests/http/tests/xmlviewer/resources/number-key-ns.xsl
third_party/libxml/README.chromium
third_party/libxml/chromium/roll.py
third_party/libxml/linux/config.h
third_party/libxml/linux/include/libxml/xmlversion.h
third_party/libxml/linux/xml2-config
third_party/libxml/mac/config.h
third_party/libxml/mac/include/libxml/xmlversion.h
third_party/libxml/src/HTMLparser.c
third_party/libxml/src/HTMLtree.c
third_party/libxml/src/Makefile.am
third_party/libxml/src/NEWS
third_party/libxml/src/SAX2.c
third_party/libxml/src/configure.ac
third_party/libxml/src/encoding.c
third_party/libxml/src/error.c
third_party/libxml/src/gentest.py
third_party/libxml/src/include/libxml/globals.h
third_party/libxml/src/include/libxml/tree.h
third_party/libxml/src/include/libxml/xmlexports.h
third_party/libxml/src/include/wsockcompat.h
third_party/libxml/src/libxml2.spec
third_party/libxml/src/parser.c
third_party/libxml/src/parserInternals.c
third_party/libxml/src/runsuite.c
third_party/libxml/src/runtest.c
third_party/libxml/src/testC14N.c
third_party/libxml/src/testRelax.c
third_party/libxml/src/testSchemas.c
third_party/libxml/src/testThreads.c
third_party/libxml/src/testThreadsWin32.c
third_party/libxml/src/testURI.c
third_party/libxml/src/testapi.c
third_party/libxml/src/testrecurse.c
third_party/libxml/src/uri.c
third_party/libxml/src/win32/Makefile.bcb
third_party/libxml/src/win32/Makefile.mingw
third_party/libxml/src/win32/Makefile.msvc
third_party/libxml/src/xmlreader.c
third_party/libxml/src/xmlsave.c
third_party/libxml/src/xpath.c
third_party/libxml/win32/include/libxml/xmlversion.h
third_party/libxslt/README.chromium
third_party/libxslt/chromium/roll.py
third_party/libxslt/linux/config.h
third_party/libxslt/linux/libexslt/exsltconfig.h
third_party/libxslt/linux/libxslt/xsltwin32config.h
third_party/libxslt/mac/config.h
third_party/libxslt/src/config.h.in
third_party/libxslt/src/configure.ac
third_party/libxslt/src/libexslt/Makefile.am
third_party/libxslt/src/libexslt/exsltexports.h
third_party/libxslt/src/libexslt/functions.c
third_party/libxslt/src/libxslt.spec
third_party/libxslt/src/libxslt/Makefile.am
third_party/libxslt/src/libxslt/numbers.c
third_party/libxslt/src/libxslt/pattern.c
third_party/libxslt/src/libxslt/security.c
third_party/libxslt/src/libxslt/templates.c
third_party/libxslt/src/libxslt/transform.c
third_party/libxslt/src/libxslt/variables.c
third_party/libxslt/src/libxslt/variables.h
third_party/libxslt/src/libxslt/xsltconfig.h
third_party/libxslt/src/libxslt/xsltexports.h
third_party/libxslt/src/win32/Makefile.mingw
third_party/libxslt/src/win32/Makefile.msvc
third_party/libxslt/src/win32/libxslt/libxslt.def
third_party/libxslt/src/win32/libxslt/libxslt.dsw
third_party/libxslt/src/win32/libxslt/libxslt_so.dsp
third_party/libxslt/src/win32/libxslt/xsltproc.dsp
