content/browser/renderer_host/render_widget_host_view_mac.h
content/browser/renderer_host/render_widget_host_view_mac.mm
content/browser/renderer_host/render_widget_host_view_mac_unittest.mm
third_party/WebKit/Source/core/editing/FrameSelection.cpp
third_party/WebKit/Source/core/editing/FrameSelection.h
third_party/WebKit/Source/core/frame/LocalDOMWindow.cpp
third_party/WebKit/Source/core/html/forms/HTMLInputElement.cpp
third_party/WebKit/Source/core/html/forms/HTMLInputElement.h
third_party/WebKit/Source/core/html/forms/InputType.cpp
third_party/WebKit/Source/core/html/forms/InputType.h
third_party/WebKit/Source/core/html/forms/PasswordInputType.cpp
third_party/WebKit/Source/core/html/forms/PasswordInputType.h
third_party/WebKit/Source/platform/BUILD.gn
third_party/WebKit/Source/platform/SecureTextInput.cpp
third_party/WebKit/Source/platform/SecureTextInput.h
ui/base/BUILD.gn
ui/base/cocoa/secure_password_input.h
ui/base/cocoa/secure_password_input.mm
ui/views/controls/textfield/textfield.cc
ui/views/controls/textfield/textfield.h
ui/views/controls/textfield/textfield_unittest.cc
