third_party/WebKit/LayoutTests/platform/linux/fast/text/emphasis-complex-expected.png
third_party/WebKit/LayoutTests/platform/linux/fast/text/emphasis-complex-expected.txt
third_party/WebKit/LayoutTests/platform/linux/fast/text/international/khmer-selection-expected.png
third_party/WebKit/LayoutTests/platform/linux/fast/text/international/khmer-selection-expected.txt
third_party/WebKit/LayoutTests/platform/linux/fast/text/large-text-composed-char-expected.txt
third_party/harfbuzz-ng/BUILD.gn
third_party/harfbuzz-ng/NEWS
third_party/harfbuzz-ng/README.chromium
third_party/harfbuzz-ng/src/hb-coretext.cc
third_party/harfbuzz-ng/src/hb-fallback-shape.cc
third_party/harfbuzz-ng/src/hb-font-private.hh
third_party/harfbuzz-ng/src/hb-font.cc
third_party/harfbuzz-ng/src/hb-font.h
third_party/harfbuzz-ng/src/hb-ft.cc
third_party/harfbuzz-ng/src/hb-glib.cc
third_party/harfbuzz-ng/src/hb-glib.h
third_party/harfbuzz-ng/src/hb-graphite2.cc
third_party/harfbuzz-ng/src/hb-open-type-private.hh
third_party/harfbuzz-ng/src/hb-ot-font.cc
third_party/harfbuzz-ng/src/hb-ot-layout-common-private.hh
third_party/harfbuzz-ng/src/hb-ot-layout-gdef-table.hh
third_party/harfbuzz-ng/src/hb-ot-layout-gpos-table.hh
third_party/harfbuzz-ng/src/hb-ot-layout-gsub-table.hh
third_party/harfbuzz-ng/src/hb-ot-layout-gsubgpos-private.hh
third_party/harfbuzz-ng/src/hb-ot-layout.cc
third_party/harfbuzz-ng/src/hb-ot-layout.h
third_party/harfbuzz-ng/src/hb-ot-map-private.hh
third_party/harfbuzz-ng/src/hb-ot-map.cc
third_party/harfbuzz-ng/src/hb-ot-math.cc
third_party/harfbuzz-ng/src/hb-ot-shape-complex-arabic.cc
third_party/harfbuzz-ng/src/hb-ot-shape-complex-default.cc
third_party/harfbuzz-ng/src/hb-ot-shape-complex-hangul.cc
third_party/harfbuzz-ng/src/hb-ot-shape-complex-hebrew.cc
third_party/harfbuzz-ng/src/hb-ot-shape-complex-indic.cc
third_party/harfbuzz-ng/src/hb-ot-shape-complex-myanmar-machine.hh
third_party/harfbuzz-ng/src/hb-ot-shape-complex-myanmar.cc
third_party/harfbuzz-ng/src/hb-ot-shape-complex-private.hh
third_party/harfbuzz-ng/src/hb-ot-shape-complex-thai.cc
third_party/harfbuzz-ng/src/hb-ot-shape-complex-tibetan.cc
third_party/harfbuzz-ng/src/hb-ot-shape-complex-use.cc
third_party/harfbuzz-ng/src/hb-ot-shape-private.hh
third_party/harfbuzz-ng/src/hb-ot-shape.cc
third_party/harfbuzz-ng/src/hb-private.hh
third_party/harfbuzz-ng/src/hb-shape-plan-private.hh
third_party/harfbuzz-ng/src/hb-shape-plan.cc
third_party/harfbuzz-ng/src/hb-shape-plan.h
third_party/harfbuzz-ng/src/hb-shape.cc
third_party/harfbuzz-ng/src/hb-unicode.cc
third_party/harfbuzz-ng/src/hb-version.h
