chrome/browser/DEPS
chrome/browser/ui/blocked_content/blocked_window_params.h
chrome/browser/ui/blocked_content/popup_blocker.h
chrome/common/chrome_render_frame.mojom
content/browser/DEPS
content/browser/devtools/devtools_frontend_host_impl.h
content/browser/frame_host/render_frame_host_impl.h
content/common/frame.mojom
content/common/input/input_handler.mojom
content/common/navigation_client.mojom
content/public/browser/content_browser_client.h
content/public/common/common_param_traits_macros.h
content/public/renderer/window_features_converter.h
content/renderer/navigation_state.cc
content/renderer/render_frame_impl.h
third_party/blink/public/BUILD.gn
third_party/blink/public/mojom/BUILD.gn
third_party/blink/public/mojom/commit_result/OWNERS
third_party/blink/public/mojom/remote_objects/OWNERS
third_party/blink/public/mojom/selection_menu/OWNERS
third_party/blink/public/mojom/window_features/OWNERS
third_party/blink/public/web/commit_result.mojom
third_party/blink/public/web/devtools_frontend.mojom
third_party/blink/public/web/remote_objects.mojom
third_party/blink/public/web/selection_menu_behavior.mojom
third_party/blink/public/web/web_local_frame.h
third_party/blink/public/web/window_features.mojom
third_party/blink/renderer/controller/dev_tools_frontend_impl.h
third_party/blink/renderer/core/loader/frame_loader.cc
