components/url_formatter/elide_url_unittest.cc
components/url_formatter/url_formatter_unittest.cc
components/url_matcher/url_matcher_unittest.cc
third_party/WebKit/LayoutTests/external/wpt/url/url-setters-expected.txt
third_party/WebKit/LayoutTests/fast/domurl/url-hash.html
third_party/WebKit/LayoutTests/fast/url/anchor-expected.txt
third_party/WebKit/LayoutTests/fast/url/file-http-base-expected.txt
third_party/WebKit/LayoutTests/fast/url/script-tests/anchor.js
third_party/WebKit/LayoutTests/fast/url/script-tests/file-http-base.js
third_party/WebKit/LayoutTests/fast/url/script-tests/file.js
third_party/WebKit/LayoutTests/fast/url/script-tests/segments.js
third_party/WebKit/LayoutTests/fast/url/script-tests/standard-url.js
third_party/WebKit/LayoutTests/fast/url/segments-expected.txt
third_party/WebKit/LayoutTests/http/tests/uri/resolve-encoding-relative-expected.txt
third_party/WebKit/LayoutTests/platform/linux/external/wpt/url/a-element-expected.txt
third_party/WebKit/LayoutTests/platform/linux/external/wpt/url/a-element-xhtml-expected.txt
third_party/WebKit/LayoutTests/platform/linux/external/wpt/url/url-constructor-expected.txt
third_party/WebKit/LayoutTests/platform/linux/external/wpt/url/url-setters-expected.txt
third_party/WebKit/LayoutTests/platform/linux/fast/url/file-expected.txt
third_party/WebKit/LayoutTests/platform/linux/fast/url/file-http-base-expected.txt
third_party/WebKit/LayoutTests/platform/linux/fast/url/segments-expected.txt
third_party/WebKit/LayoutTests/platform/linux/fast/url/standard-url-expected.txt
third_party/WebKit/LayoutTests/platform/mac/external/wpt/url/a-element-expected.txt
third_party/WebKit/LayoutTests/platform/mac/external/wpt/url/a-element-xhtml-expected.txt
third_party/WebKit/LayoutTests/platform/mac/external/wpt/url/url-constructor-expected.txt
third_party/WebKit/LayoutTests/platform/mac/external/wpt/url/url-setters-expected.txt
third_party/WebKit/LayoutTests/platform/mac/fast/url/file-expected.txt
third_party/WebKit/LayoutTests/platform/mac/fast/url/standard-url-expected.txt
third_party/WebKit/LayoutTests/platform/win/external/wpt/url/a-element-expected.txt
third_party/WebKit/LayoutTests/platform/win/external/wpt/url/a-element-xhtml-expected.txt
third_party/WebKit/LayoutTests/platform/win/external/wpt/url/url-constructor-expected.txt
third_party/WebKit/LayoutTests/platform/win/fast/url/file-expected.txt
third_party/WebKit/LayoutTests/platform/win/fast/url/file-http-base-expected.txt
third_party/WebKit/LayoutTests/platform/win/fast/url/segments-expected.txt
third_party/WebKit/LayoutTests/platform/win/fast/url/standard-url-expected.txt
third_party/WebKit/Source/platform/weborigin/KURLTest.cpp
url/url_canon_etc.cc
url/url_canon_unittest.cc
