third_party/blink/renderer/core/paint/block_painter.cc
third_party/blink/renderer/core/paint/compositing/compositing_layer_property_updater.cc
third_party/blink/renderer/core/paint/find_paint_offset_and_visual_rect_needing_update.h
third_party/blink/renderer/core/paint/fragment_data.h
third_party/blink/renderer/core/paint/object_paint_properties.h
third_party/blink/renderer/core/paint/paint_property_tree_builder.cc
third_party/blink/renderer/core/paint/paint_property_tree_builder_test.cc
third_party/blink/renderer/core/paint/view_painter_test.cc
third_party/blink/renderer/platform/BUILD.gn
third_party/blink/renderer/platform/graphics/compositing/chunk_to_layer_mapper.cc
third_party/blink/renderer/platform/graphics/compositing/chunk_to_layer_mapper_test.cc
third_party/blink/renderer/platform/graphics/compositing/composited_layer_raster_invalidator.cc
third_party/blink/renderer/platform/graphics/compositing/composited_layer_raster_invalidator.h
third_party/blink/renderer/platform/graphics/compositing/composited_layer_raster_invalidator_test.cc
third_party/blink/renderer/platform/graphics/compositing/paint_artifact_compositor.cc
third_party/blink/renderer/platform/graphics/compositing/paint_artifact_compositor_test.cc
third_party/blink/renderer/platform/graphics/compositing/paint_chunks_to_cc_layer.cc
third_party/blink/renderer/platform/graphics/compositing/paint_chunks_to_cc_layer_test.cc
third_party/blink/renderer/platform/graphics/compositing/property_tree_manager.cc
third_party/blink/renderer/platform/graphics/graphics_layer_test.cc
third_party/blink/renderer/platform/graphics/paint/clip_paint_property_node.cc
third_party/blink/renderer/platform/graphics/paint/clip_paint_property_node.h
third_party/blink/renderer/platform/graphics/paint/effect_paint_property_node.cc
third_party/blink/renderer/platform/graphics/paint/effect_paint_property_node.h
third_party/blink/renderer/platform/graphics/paint/geometry_mapper.cc
third_party/blink/renderer/platform/graphics/paint/geometry_mapper_test.cc
third_party/blink/renderer/platform/graphics/paint/paint_chunk.h
third_party/blink/renderer/platform/graphics/paint/paint_chunker_test.cc
third_party/blink/renderer/platform/graphics/paint/paint_controller.cc
third_party/blink/renderer/platform/graphics/paint/paint_controller_test.cc
third_party/blink/renderer/platform/graphics/paint/paint_property_node.h
third_party/blink/renderer/platform/graphics/paint/paint_property_node_test.cc
third_party/blink/renderer/platform/graphics/paint/property_tree_state.cc
third_party/blink/renderer/platform/graphics/paint/property_tree_state_test.cc
third_party/blink/renderer/platform/graphics/paint/ref_counted_property_tree_state.cc
third_party/blink/renderer/platform/graphics/paint/ref_counted_property_tree_state.h
third_party/blink/renderer/platform/graphics/paint/scroll_hit_test_display_item.cc
third_party/blink/renderer/platform/graphics/paint/scroll_hit_test_display_item.h
third_party/blink/renderer/platform/graphics/paint/scroll_paint_property_node.cc
third_party/blink/renderer/platform/graphics/paint/scroll_paint_property_node.h
third_party/blink/renderer/platform/graphics/paint/transform_paint_property_node.cc
third_party/blink/renderer/platform/graphics/paint/transform_paint_property_node.h
third_party/blink/renderer/platform/testing/paint_property_test_helpers.h
third_party/blink/renderer/platform/testing/test_paint_artifact.cc
third_party/blink/renderer/platform/testing/test_paint_artifact.h
