third_party/WebKit/LayoutTests/typedcssom/resources/testhelper.js
third_party/WebKit/LayoutTests/typedcssom/stylevalue-normalization/normalize-ident.html
third_party/WebKit/LayoutTests/typedcssom/stylevalue-normalization/normalize-numeric.html
third_party/WebKit/LayoutTests/typedcssom/stylevalue-normalization/normalize-tokens.html
third_party/WebKit/LayoutTests/typedcssom/stylevalue-normalization/transformvalue-normalization.html
third_party/WebKit/LayoutTests/typedcssom/stylevalue-objects/parse-relative-url.html
third_party/WebKit/LayoutTests/typedcssom/stylevalue-serialization/cssKeywordValue.html
third_party/WebKit/LayoutTests/typedcssom/stylevalue-serialization/cssPositionValue.html
third_party/WebKit/LayoutTests/typedcssom/stylevalue-serialization/cssUnitValue.html
third_party/WebKit/LayoutTests/typedcssom/stylevalue-subclasses/cssUrlImageValue.html
third_party/WebKit/LayoutTests/typedcssom/the-stylepropertymap/computed/computed.html
third_party/WebKit/LayoutTests/typedcssom/the-stylepropertymap/computed/get.html
third_party/WebKit/LayoutTests/typedcssom/the-stylepropertymap/computed/getAll.html
third_party/WebKit/LayoutTests/typedcssom/the-stylepropertymap/computed/getProperties.html
third_party/WebKit/LayoutTests/typedcssom/the-stylepropertymap/computed/has.html
third_party/WebKit/LayoutTests/typedcssom/the-stylepropertymap/computed/iterable.html
third_party/WebKit/LayoutTests/typedcssom/the-stylepropertymap/inline/append.html
third_party/WebKit/LayoutTests/typedcssom/the-stylepropertymap/inline/delete.html
third_party/WebKit/LayoutTests/typedcssom/the-stylepropertymap/inline/get.html
third_party/WebKit/LayoutTests/typedcssom/the-stylepropertymap/inline/getAll.html
third_party/WebKit/LayoutTests/typedcssom/the-stylepropertymap/inline/getProperties.html
third_party/WebKit/LayoutTests/typedcssom/the-stylepropertymap/inline/has.html
third_party/WebKit/LayoutTests/typedcssom/the-stylepropertymap/inline/iterable.html
third_party/WebKit/LayoutTests/typedcssom/the-stylepropertymap/inline/set.html
third_party/WebKit/LayoutTests/typedcssom/the-stylepropertymap/inline/update.html
