chrome/browser/autofill/autofill_cc_infobar_win.cc
chrome/browser/ui/views/infobars/after_translate_infobar.cc
chrome/browser/ui/views/infobars/before_translate_infobar.cc
chrome/browser/ui/views/infobars/before_translate_infobar.h
chrome/browser/ui/views/infobars/confirm_infobar.cc
chrome/browser/ui/views/infobars/confirm_infobar.h
chrome/browser/ui/views/infobars/extension_infobar.cc
chrome/browser/ui/views/infobars/extension_infobar.h
chrome/browser/ui/views/infobars/infobar_background.cc
chrome/browser/ui/views/infobars/infobar_background.h
chrome/browser/ui/views/infobars/infobar_container.cc
chrome/browser/ui/views/infobars/infobar_view.cc
chrome/browser/ui/views/infobars/infobar_view.h
chrome/browser/ui/views/infobars/infobars.cc
chrome/browser/ui/views/infobars/link_infobar.cc
chrome/browser/ui/views/infobars/link_infobar.h
chrome/browser/ui/views/infobars/translate_infobar_base.cc
chrome/browser/ui/views/infobars/translate_infobar_base.h
chrome/browser/ui/views/infobars/translate_message_infobar.cc
chrome/chrome_browser.gypi
