lu_zero@gentoo.org
anssi.hannula@iki.fi
lu_zero@gentoo.org
lu_zero@gentoo.org
michael@niedermayer.cc
duncan.salerno@gmail.com
lu_zero@gentoo.org
lu_zero@gentoo.org
diego@biurrun.de
lu_zero@gentoo.org
rsbultje@gmail.com
diego@biurrun.de
nfxjfg@googlemail.com
martin@martin.st
diego@biurrun.de
anssi.hannula@iki.fi
diego@biurrun.de
rodger.combs@gmail.com
martin@martin.st
rodger.combs@gmail.com
michaelni@gmx.at
rodger.combs@gmail.com
michaelni@gmx.at
michaelni@gmx.at
peter@holik.at
peter@holik.at
vittorio.giovara@gmail.com
michael@niedermayer.cc
michael@niedermayer.cc
michael@niedermayer.cc
lu_zero@gentoo.org
lu_zero@gentoo.org
diego@biurrun.de
michael@niedermayer.cc
duncan.salerno@gmail.com
diego@biurrun.de
