MAINTAINERS
drivers/net/dsa/mv88e6xxx/chip.c
drivers/net/dsa/sja1105/sja1105_main.c 655 656 657 658 659 660 661 662 663 664 687 688 698 699 700 701
drivers/net/ethernet/aquantia/atlantic/hw_atl/hw_atl_utils.c 338 340 341 342 344 356 357
drivers/net/ethernet/aquantia/atlantic/hw_atl/hw_atl_utils_fw2x.c 387
drivers/net/ethernet/hisilicon/hns/hns_ethtool.c
drivers/net/ethernet/marvell/mvpp2/mvpp2_main.c 1307 1308
drivers/net/ethernet/mediatek/mtk_eth_soc.c 1797
drivers/net/ethernet/ti/cpsw_ethtool.c 646
drivers/net/ipvlan/ipvlan_main.c
drivers/net/phy/phylink.c 1090 1100 1129 1615
drivers/net/phy/sfp.c 295 296 297 299
drivers/s390/net/qeth_core_main.c 1277 1282 1286 1314 1319 5600
drivers/s390/net/qeth_l2_main.c 1683
drivers/s390/net/qeth_l3_main.c 1896 1897 1912 1991 1998
include/linux/dsa/sja1105.h 23 24 25 26 27 28 29 30 31 32 33 34
include/net/ip6_fib.h
include/net/tls.h
net/core/dev.c
net/core/ethtool.c
net/core/fib_rules.c 760 761 762
net/core/pktgen.c
net/dsa/tag_sja1105.c 31 32 34 35 36 38 87
net/ipv4/route.c
net/ipv4/udp.c
net/ipv6/raw.c
net/packet/af_packet.c
net/rds/ib.c 90
net/rds/ib_rdma.c 431 433 435 436
net/rds/ib_recv.c
net/sctp/sm_make_chunk.c 2315 2419 2420 2421 2422 2423 2424 2425 2426 2595
net/sctp/sm_sideeffect.c
net/tls/tls_device.c 556 571 572 573 574 975
tools/testing/selftests/net/forwarding/router_broadcast.sh 174
