fs/lockd/svc.c 273 274
fs/lockd/svclock.c 873 874 875 876 877 878 879 880 881
fs/nfs/callback.c 79 106 107 108 124 127 224 231
fs/nfsd/nfs3xdr.c 337 352 546 575 600 601
fs/nfsd/nfs4proc.c 1262
fs/nfsd/nfs4state.c 1915 1916 1917 1918 1919 1920 1921 1922 1923 1924 1925 1928 1930 1931 1932 1933 1934 1935 1936
fs/nfsd/nfs4xdr.c 2834 2835 2836
fs/nfsd/nfsxdr.c 275 367 407
fs/nfsd/vfs.c
include/linux/sunrpc/rpc_rdma.h
include/linux/sunrpc/svc.h
include/linux/sunrpc/svc_rdma.h 190 191 192 193
include/uapi/linux/nfsd/cld.h 40 46 47 48 49 51
net/sunrpc/Kconfig
net/sunrpc/svc.c
net/sunrpc/xprtrdma/Makefile 7
net/sunrpc/xprtrdma/svc_rdma.c 61 62 63
net/sunrpc/xprtrdma/svc_rdma_backchannel.c 15 30 36 56
net/sunrpc/xprtrdma/svc_rdma_marshal.c 169 170 171 172 173 174 175 176 177 178 179 180 181 182 183 184 185 186 187 188 189 190 191 192 193 194 195 196 197 198 199 200 201 202 203 204 205 206 207 208 209 210 211 212 213 214 215 216 217 218 219 220 221 222 223 224 225 226 227 228 229 230 231 232 233 234 235 236 237 238
net/sunrpc/xprtrdma/svc_rdma_recvfrom.c 616 617 619 624 626 628 630 633 634 637 703 704
net/sunrpc/xprtrdma/svc_rdma_rw.c
net/sunrpc/xprtrdma/svc_rdma_sendto.c 243 244 245 246 247 248 249 250 251 252 253 254 255 256 257 258 259 260 261 262 263 264 265 266 267 268 269 270 271 272 273 274 275 276 277 278 279 280 281 282 283 284 285 286 287 288 289 290 291 292 293 294 295 296 297 298 299 300 301 302 303 304 305 306 307 308 309 310
net/sunrpc/xprtrdma/svc_rdma_transport.c 275 276 277 278 279 280 281 282 283 284 285 286 287 288 289 290 291 292 293 294 295 296 297 298 299 300 301 302 303 304 305 306 307 308 309 310 311 312 313 314 315 316 317 318 319 320 321 322 323 324 325 326 327 328 329 330 331 332 333 334 335 336 337 338 339 340 341 342 343 344 345 346 347 348 349 350 351 352 353 547 555 1007 1008 1240
