MAINTAINERS
drivers/net/dsa/mv88e6xxx/chip.c
drivers/net/dsa/sja1105/sja1105_main.c
drivers/net/ethernet/aquantia/atlantic/hw_atl/hw_atl_utils.c
drivers/net/ethernet/aquantia/atlantic/hw_atl/hw_atl_utils_fw2x.c
drivers/net/ethernet/hisilicon/hns/hns_ethtool.c
drivers/net/ethernet/marvell/mvpp2/mvpp2_main.c
drivers/net/ethernet/mediatek/mtk_eth_soc.c
drivers/net/ethernet/ti/cpsw_ethtool.c
drivers/net/ipvlan/ipvlan_main.c
drivers/net/phy/phylink.c
drivers/net/phy/sfp.c
drivers/s390/net/qeth_core_main.c
drivers/s390/net/qeth_l2_main.c
drivers/s390/net/qeth_l3_main.c
include/linux/dsa/sja1105.h
include/net/ip6_fib.h
include/net/tls.h
net/core/dev.c
net/core/ethtool.c
net/core/fib_rules.c
net/core/pktgen.c
net/dsa/tag_sja1105.c
net/ipv4/route.c
net/ipv4/udp.c
net/ipv6/raw.c
net/packet/af_packet.c
net/rds/ib.c
net/rds/ib_rdma.c
net/rds/ib_recv.c
net/sctp/sm_make_chunk.c
net/sctp/sm_sideeffect.c
net/tls/tls_device.c
tools/testing/selftests/net/forwarding/router_broadcast.sh
