arch/arm/crypto/aes_glue.c
arch/arm/crypto/sha1_glue.c
arch/arm/crypto/sha1_neon_glue.c
arch/arm/crypto/sha512_neon_glue.c
arch/arm64/crypto/aes-ce-ccm-glue.c
arch/arm64/crypto/aes-glue.c
arch/powerpc/crypto/sha1.c
arch/s390/crypto/aes_s390.c
arch/s390/crypto/des_s390.c
arch/s390/crypto/ghash_s390.c
arch/s390/crypto/sha1_s390.c
arch/s390/crypto/sha256_s390.c
arch/s390/crypto/sha512_s390.c
arch/sparc/crypto/aes_glue.c
arch/sparc/crypto/camellia_glue.c
arch/sparc/crypto/crc32c_glue.c
arch/sparc/crypto/des_glue.c
arch/sparc/crypto/md5_glue.c
arch/sparc/crypto/sha1_glue.c
arch/sparc/crypto/sha256_glue.c
arch/sparc/crypto/sha512_glue.c
arch/x86/crypto/aes_glue.c
arch/x86/crypto/aesni-intel_glue.c
arch/x86/crypto/blowfish_glue.c
arch/x86/crypto/camellia_aesni_avx2_glue.c
arch/x86/crypto/camellia_aesni_avx_glue.c
arch/x86/crypto/camellia_glue.c
arch/x86/crypto/cast5_avx_glue.c
arch/x86/crypto/cast6_avx_glue.c
arch/x86/crypto/crc32-pclmul_glue.c
arch/x86/crypto/crc32c-intel_glue.c
arch/x86/crypto/crct10dif-pclmul_glue.c
arch/x86/crypto/des3_ede_glue.c
arch/x86/crypto/ghash-clmulni-intel_glue.c
arch/x86/crypto/salsa20_glue.c
arch/x86/crypto/serpent_avx2_glue.c
arch/x86/crypto/serpent_avx_glue.c
arch/x86/crypto/serpent_sse2_glue.c
arch/x86/crypto/sha1_ssse3_glue.c
arch/x86/crypto/sha256_ssse3_glue.c
arch/x86/crypto/sha512_ssse3_glue.c
arch/x86/crypto/twofish_avx_glue.c
arch/x86/crypto/twofish_glue.c
arch/x86/crypto/twofish_glue_3way.c
crypto/842.c
crypto/aes_generic.c
crypto/ansi_cprng.c
crypto/anubis.c
crypto/api.c
crypto/arc4.c
crypto/blowfish_generic.c
crypto/camellia_generic.c
crypto/cast5_generic.c
crypto/cast6_generic.c
crypto/ccm.c
crypto/crc32.c
crypto/crc32c_generic.c
crypto/crct10dif_generic.c
crypto/crypto_null.c
crypto/ctr.c
crypto/deflate.c
crypto/des_generic.c
crypto/fcrypt.c
crypto/gcm.c
crypto/ghash-generic.c
crypto/khazad.c
crypto/krng.c
crypto/lz4.c
crypto/lz4hc.c
crypto/lzo.c
crypto/md4.c
crypto/md5.c
crypto/michael_mic.c
crypto/rmd128.c
crypto/rmd160.c
crypto/rmd256.c
crypto/rmd320.c
crypto/salsa20_generic.c
crypto/seed.c
crypto/serpent_generic.c
crypto/sha1_generic.c
crypto/sha256_generic.c
crypto/sha512_generic.c
crypto/tea.c
crypto/tgr192.c
crypto/twofish_generic.c
crypto/wp512.c
crypto/zlib.c
drivers/crypto/padlock-aes.c
drivers/crypto/padlock-sha.c
drivers/crypto/qat/qat_common/adf_ctl_drv.c
drivers/crypto/ux500/cryp/cryp_core.c
drivers/crypto/ux500/hash/hash_core.c
drivers/s390/crypto/ap_bus.c
include/linux/crypto.h
