arch/alpha/kernel/perf_event.c
arch/arm/kernel/perf_event_v6.c
arch/arm/kernel/perf_event_v7.c
arch/arm/kernel/perf_event_xscale.c
arch/arm/kernel/ptrace.c
arch/arm/kernel/swp_emulate.c
arch/arm/mm/fault.c
arch/mips/kernel/perf_event.c
arch/mips/kernel/traps.c
arch/mips/kernel/unaligned.c
arch/mips/math-emu/cp1emu.c
arch/mips/mm/fault.c
arch/powerpc/include/asm/emulated_ops.h
arch/powerpc/kernel/perf_event.c
arch/powerpc/kernel/perf_event_fsl_emb.c
arch/powerpc/kernel/ptrace.c
arch/powerpc/mm/fault.c
arch/s390/mm/fault.c
arch/sh/kernel/ptrace_32.c
arch/sh/kernel/traps_32.c
arch/sh/kernel/traps_64.c
arch/sh/math-emu/math.c
arch/sh/mm/fault_32.c
arch/sh/mm/tlbflush_64.c
arch/sparc/kernel/perf_event.c
arch/sparc/kernel/unaligned_32.c
arch/sparc/kernel/unaligned_64.c
arch/sparc/kernel/visemul.c
arch/sparc/math-emu/math_32.c
arch/sparc/math-emu/math_64.c
arch/sparc/mm/fault_32.c
arch/sparc/mm/fault_64.c
arch/x86/kernel/cpu/perf_event.c
arch/x86/kernel/cpu/perf_event_intel.c
arch/x86/kernel/cpu/perf_event_intel_ds.c
arch/x86/kernel/cpu/perf_event_p4.c
arch/x86/kernel/kgdb.c
arch/x86/kernel/ptrace.c
arch/x86/mm/fault.c
include/linux/perf_event.h
kernel/events/core.c
kernel/events/internal.h
kernel/events/ring_buffer.c
kernel/sched.c
kernel/watchdog.c
samples/hw_breakpoint/data_breakpoint.c
