fs/lockd/svc.c
fs/lockd/svclock.c
fs/nfs/callback.c
fs/nfsd/nfs3xdr.c
fs/nfsd/nfs4proc.c
fs/nfsd/nfs4state.c
fs/nfsd/nfs4xdr.c
fs/nfsd/nfsxdr.c
fs/nfsd/vfs.c
include/linux/sunrpc/rpc_rdma.h
include/linux/sunrpc/svc.h
include/linux/sunrpc/svc_rdma.h
include/uapi/linux/nfsd/cld.h
net/sunrpc/Kconfig
net/sunrpc/svc.c
net/sunrpc/xprtrdma/Makefile
net/sunrpc/xprtrdma/svc_rdma.c
net/sunrpc/xprtrdma/svc_rdma_backchannel.c
net/sunrpc/xprtrdma/svc_rdma_marshal.c
net/sunrpc/xprtrdma/svc_rdma_recvfrom.c
net/sunrpc/xprtrdma/svc_rdma_rw.c
net/sunrpc/xprtrdma/svc_rdma_sendto.c
net/sunrpc/xprtrdma/svc_rdma_transport.c
