crypto/algif_hash.c
crypto/algif_skcipher.c
drivers/isdn/mISDN/socket.c
drivers/net/ppp/pppoe.c
include/linux/net.h
net/appletalk/ddp.c
net/atm/common.c
net/ax25/af_ax25.c
net/bluetooth/af_bluetooth.c
net/bluetooth/hci_sock.c
net/bluetooth/rfcomm/sock.c
net/bluetooth/sco.c
net/caif/caif_socket.c
net/compat.c
net/core/iovec.c
net/ipx/af_ipx.c
net/irda/af_irda.c
net/iucv/af_iucv.c
net/key/af_key.c
net/l2tp/l2tp_ppp.c
net/llc/af_llc.c
net/netlink/af_netlink.c
net/netrom/af_netrom.c
net/nfc/llcp_sock.c
net/nfc/rawsock.c
net/packet/af_packet.c
net/rds/recv.c
net/rose/af_rose.c
net/rxrpc/ar-recvmsg.c
net/socket.c
net/tipc/socket.c
net/unix/af_unix.c
net/vmw_vsock/af_vsock.c
net/vmw_vsock/vmci_transport.c
net/x25/af_x25.c
