MAINTAINERS
drivers/net/dsa/mv88e6xxx/chip.c
drivers/net/dsa/sja1105/sja1105_main.c 677 678 679 680 681 682 683 684 685 686 687 688 689 690 691 701
drivers/net/ethernet/aquantia/atlantic/hw_atl/hw_atl_utils.c 339 340 341 342 344 356 357
drivers/net/ethernet/aquantia/atlantic/hw_atl/hw_atl_utils_fw2x.c 387 407 408
drivers/net/ethernet/hisilicon/hns/hns_ethtool.c
drivers/net/ethernet/marvell/mvpp2/mvpp2_main.c 1307 1308
drivers/net/ethernet/mediatek/mtk_eth_soc.c 1781 1798
drivers/net/ethernet/ti/cpsw_ethtool.c 646
drivers/net/ipvlan/ipvlan_main.c
drivers/net/phy/phylink.c 1076 1087 1092 1102 1131 1581 1609 1610 1620
drivers/net/phy/sfp.c 284 296 297 298 299 301 302 303 304 305 306 307 308 309 310 311 312 313 314 315
drivers/s390/net/qeth_core_main.c 1277 1280 1283 1286 1287 1288 1290 1300 1307 1320 1325 5607 5608 5609 5610 5611
drivers/s390/net/qeth_l2_main.c 1683
drivers/s390/net/qeth_l3_main.c 1891 1897 1898 1899 1900 1901 1902 1903 1904 1919 1952 1998 1999 2001 2002 2003 2004 2005 2012 2013 2014 2015 2016 2017 2018
include/linux/dsa/sja1105.h
include/net/ip6_fib.h
include/net/tls.h 212 213 214 215
net/core/dev.c
net/core/ethtool.c
net/core/fib_rules.c 760 761 762
net/core/pktgen.c
net/dsa/tag_sja1105.c 31 33 83
net/ipv4/route.c
net/ipv4/udp.c
net/ipv6/raw.c
net/packet/af_packet.c
net/rds/ib.c 90
net/rds/ib_rdma.c 431 433 434 436 437 438
net/rds/ib_recv.c 171 1061 1062
net/sctp/sm_make_chunk.c 2586 2587 2588
net/sctp/sm_sideeffect.c 886 887 888 889 890
net/tls/tls_device.c 553 554 555 556 557 558 559 560 561 562 563 564 565 583 584 585 586 987 988 989 990
tools/testing/selftests/net/forwarding/router_broadcast.sh 148 155 160 177
