nhiroki@chromium.org
nhiroki@chromium.org
jochen@chromium.org
jochen@chromium.org
nhiroki@chromium.org
jochen@chromium.org
nhiroki@chromium.org
jochen@chromium.org
jochen@chromium.org
jochen@chromium.org
jochen@chromium.org
jochen@chromium.org
jochen@chromium.org
jochen@chromium.org
jochen@chromium.org
jochen@chromium.org
jochen@chromium.org
jochen@chromium.org
jochen@chromium.org
jochen@chromium.org
nhiroki@chromium.org
nhiroki@chromium.org
nhiroki@chromium.org
jochen@chromium.org
nhiroki@chromium.org
jochen@chromium.org
nhiroki@chromium.org
nhiroki@chromium.org
jochen@chromium.org
jochen@chromium.org
nhiroki@chromium.org
nhiroki@chromium.org
nhiroki@chromium.org
nhiroki@chromium.org
jochen@chromium.org
jochen@chromium.org
nhiroki@chromium.org
jochen@chromium.org
nhiroki@chromium.org
nhiroki@chromium.org
estark@chromium.org
tbansal@chromium.org
horo@chromium.org
vkuzkokov@chromium.org
dgozman@chromium.org
nhiroki@chromium.org
horo@chromium.org
horo@chromium.org
horo@chromium.org
horo@chromium.org
horo@chromium.org
nhiroki@chromium.org
nhiroki@chromium.org
nhiroki@chromium.org
nhiroki@chromium.org
horo@chromium.org
horo@chromium.org
nhiroki@chromium.org
nhiroki@chromium.org
nhiroki@chromium.org
nhiroki@chromium.org
nhiroki@chromium.org
nhiroki@chromium.org
nhiroki@chromium.org
nhiroki@chromium.org
nhiroki@chromium.org
nhiroki@chromium.org
horo@chromium.org
horo@chromium.org
horo@chromium.org
horo@chromium.org
nhiroki@chromium.org
nhiroki@chromium.org
nhiroki@chromium.org
nhiroki@chromium.org
jochen@chromium.org
nhiroki@chromium.org
darin@chromium.org
darin@chromium.org
nhiroki@chromium.org
nhiroki@chromium.org
nhiroki@chromium.org
nhiroki@chromium.org
nhiroki@chromium.org
nhiroki@chromium.org
nhiroki@chromium.org
nhiroki@chromium.org
nhiroki@chromium.org
nhiroki@chromium.org
nhiroki@chromium.org
nhiroki@chromium.org
nhiroki@chromium.org
nhiroki@chromium.org
nhiroki@chromium.org
nhiroki@chromium.org
horo@chromium.org
horo@chromium.org
darin@chromium.org
darin@chromium.org
darin@chromium.org
nhiroki@chromium.org
nhiroki@chromium.org
nhiroki@chromium.org
darin@chromium.org
horo@chromium.org
nhiroki@chromium.org
nhiroki@chromium.org
nhiroki@chromium.org
horo@chromium.org
horo@chromium.org
horo@chromium.org
darin@chromium.org
darin@chromium.org
darin@chromium.org
horo@chromium.org
horo@chromium.org
nhiroki@chromium.org
darin@chromium.org
darin@chromium.org
darin@chromium.org
darin@chromium.org
darin@chromium.org
darin@chromium.org
darin@chromium.org
darin@chromium.org
darin@chromium.org
horo@chromium.org
darin@chromium.org
darin@chromium.org
horo@chromium.org
darin@chromium.org
horo@chromium.org
darin@chromium.org
darin@chromium.org
darin@chromium.org
darin@chromium.org
darin@chromium.org
darin@chromium.org
darin@chromium.org
nhiroki@chromium.org
nhiroki@chromium.org
nhiroki@chromium.org
darin@chromium.org
darin@chromium.org
darin@chromium.org
darin@chromium.org
nhiroki@chromium.org
darin@chromium.org
darin@chromium.org
nhiroki@chromium.org
nhiroki@chromium.org
nhiroki@chromium.org
darin@chromium.org
darin@chromium.org
darin@chromium.org
darin@chromium.org
darin@chromium.org
darin@chromium.org
darin@chromium.org
darin@chromium.org
darin@chromium.org
darin@chromium.org
darin@chromium.org
darin@chromium.org
darin@chromium.org
darin@chromium.org
darin@chromium.org
darin@chromium.org
darin@chromium.org
darin@chromium.org
darin@chromium.org
darin@chromium.org
nhiroki@chromium.org
darin@chromium.org
nhiroki@chromium.org
nhiroki@chromium.org
darin@chromium.org
darin@chromium.org
darin@chromium.org
nhiroki@chromium.org
darin@chromium.org
darin@chromium.org
nhiroki@chromium.org
nhiroki@chromium.org
nhiroki@chromium.org
nhiroki@chromium.org
darin@chromium.org
nhiroki@chromium.org
nhiroki@chromium.org
darin@chromium.org
nhiroki@chromium.org
nhiroki@chromium.org
darin@chromium.org
horo@chromium.org
nhiroki@chromium.org
nhiroki@chromium.org
nhiroki@chromium.org
nhiroki@chromium.org
nhiroki@chromium.org
horo@chromium.org
nhiroki@chromium.org
darin@chromium.org
darin@chromium.org
darin@chromium.org
darin@chromium.org
darin@chromium.org
darin@chromium.org
nhiroki@chromium.org
nhiroki@chromium.org
nhiroki@chromium.org
nhiroki@chromium.org
nhiroki@chromium.org
nhiroki@chromium.org
nhiroki@chromium.org
nhiroki@chromium.org
nhiroki@chromium.org
nhiroki@chromium.org
nhiroki@chromium.org
nhiroki@chromium.org
darin@chromium.org
darin@chromium.org
darin@chromium.org
nhiroki@chromium.org
nhiroki@chromium.org
nhiroki@chromium.org
nhiroki@chromium.org
nhiroki@chromium.org
nhiroki@chromium.org
jochen@chromium.org
jochen@chromium.org
nhiroki@chromium.org
