benjamin@webkit.org
commit-queue@webkit.org
commit-queue@webkit.org
bdakin@apple.com
mitz@apple.com
jchaffraix@webkit.org
jchaffraix@webkit.org
jchaffraix@webkit.org
jchaffraix@webkit.org
jchaffraix@webkit.org
jchaffraix@webkit.org
jchaffraix@webkit.org
jchaffraix@webkit.org
jchaffraix@webkit.org
jchaffraix@webkit.org
hyatt@apple.com
hyatt@apple.com
hyatt@apple.com
hyatt@apple.com
hyatt@apple.com
hyatt@apple.com
hyatt@apple.com
hyatt@apple.com
hyatt@apple.com
hyatt@apple.com
mitz@apple.com
eric@webkit.org
hyatt@apple.com
hyatt@apple.com
mihnea@adobe.com
inferno@chromium.org
inferno@chromium.org
knorton@google.com
knorton@google.com
hyatt@apple.com
inferno@chromium.org
jer.noble@apple.com
hyatt@apple.com
hyatt@apple.com
mitz@apple.com
hyatt@apple.com
tony@chromium.org
inferno@chromium.org
robert@webkit.org
hyatt@apple.com
hyatt@apple.com
hyatt@apple.com
hyatt@apple.com
hyatt@apple.com
mitz@apple.com
hyatt@apple.com
levin@chromium.org
inferno@chromium.org
darin@apple.com
hyatt@apple.com
robert@webkit.org
hyatt@apple.com
tony@chromium.org
hyatt@apple.com
hyatt@apple.com
hyatt@apple.com
hyatt@apple.com
leviw@chromium.org
leviw@chromium.org
mitz@apple.com
mitz@apple.com
eric@webkit.org
eric@webkit.org
eric@webkit.org
mitz@apple.com
robert@webkit.org
mitz@apple.com
rniwa@webkit.org
hyatt@apple.com
hyatt@apple.com
mihnea@adobe.com
mihnea@adobe.com
mihnea@adobe.com
mihnea@adobe.com
inferno@chromium.org
mihnea@adobe.com
hyatt@apple.com
hyatt@apple.com
hyatt@apple.com
hyatt@apple.com
hyatt@apple.com
hyatt@apple.com
mihnea@adobe.com
mihnea@adobe.com
hyatt@apple.com
mitz@apple.com
mitz@apple.com
commit-queue@webkit.org
hyatt@apple.com
staikos@webkit.org
mitz@apple.com
mitz@apple.com
mitz@apple.com
mitz@apple.com
mitz@apple.com
jchaffraix@webkit.org
eric@webkit.org
tony@chromium.org
achicu@adobe.com
levin@chromium.org
commit-queue@webkit.org
mihnea@adobe.com
inferno@chromium.org
simon.fraser@apple.com
jchaffraix@webkit.org
hyatt@apple.com
tony@chromium.org
jchaffraix@webkit.org
hyatt@apple.com
jchaffraix@webkit.org
abarth@webkit.org
ojan@chromium.org
tony@chromium.org
ojan@chromium.org
tony@chromium.org
tony@chromium.org
tony@chromium.org
tony@chromium.org
tony@chromium.org
tony@chromium.org
ojan@chromium.org
ojan@chromium.org
jchaffraix@webkit.org
zimmermann@webkit.org
hyatt@apple.com
hyatt@apple.com
hyatt@apple.com
hyatt@apple.com
hyatt@apple.com
mihnea@adobe.com
hyatt@apple.com
hyatt@apple.com
hyatt@apple.com
hyatt@apple.com
hyatt@apple.com
jchaffraix@webkit.org
mitz@apple.com
jamesr@google.com
jamesr@google.com
hyatt@apple.com
simon.fraser@apple.com
vangelis@chromium.org
hyatt@apple.com
hyatt@apple.com
mihnea@adobe.com
eric@webkit.org
mihnea@adobe.com
mitz@apple.com
simon.fraser@apple.com
simon.fraser@apple.com
hyatt@apple.com
hyatt@apple.com
hyatt@apple.com
rniwa@webkit.org
hyatt@apple.com
inferno@chromium.org
weinig@apple.com
zimmermann@webkit.org
commit-queue@webkit.org
hyatt@apple.com
hyatt@apple.com
mihnea@adobe.com
commit-queue@webkit.org
commit-queue@webkit.org
commit-queue@webkit.org
yael.aharon@nokia.com
