sigbjornf@opera.com
sigbjornf@opera.com
sigbjornf@opera.com
ericu@chromium.org
zerny@chromium.org
kinuko@chromium.org
ericu@chromium.org
ericu@chromium.org
zerny@chromium.org
zerny@chromium.org
sigbjornf@opera.com
sigbjornf@opera.com
sigbjornf@opera.com
sigbjornf@opera.com
sigbjornf@opera.com
zerny@chromium.org
zerny@chromium.org
zerny@chromium.org
zerny@chromium.org
zerny@chromium.org
zerny@chromium.org
zerny@chromium.org
commit-queue@webkit.org
commit-queue@webkit.org
hanxi@chromium.org
hanxi@chromium.org
hanxi@chromium.org
hanxi@chromium.org
tzik@chromium.org
hanxi@chromium.org
hanxi@chromium.org
hanxi@chromium.org
hanxi@chromium.org
tzik@chromium.org
dcheng@chromium.org
dcheng@chromium.org
tzik@chromium.org
dcheng@chromium.org
abarth@chromium.org
sigbjornf@opera.com
zerny@chromium.org
zerny@chromium.org
zerny@chromium.org
zerny@chromium.org
zerny@chromium.org
zerny@chromium.org
zerny@chromium.org
zerny@chromium.org
zerny@chromium.org
zerny@chromium.org
zerny@chromium.org
