danyao@google.com
danyao@google.com
danyao@google.com
danyao@google.com
danyao@google.com
danyao@google.com
danyao@google.com
danyao@google.com
danyao@google.com
danyao@google.com
danyao@google.com
eugenebut@google.com
eugenebut@chromium.org
eugenebut@google.com
eugenebut@chromium.org
eugenebut@chromium.org
eugenebut@google.com
eugenebut@google.com
eugenebut@google.com
eugenebut@google.com
eugenebut@google.com
eugenebut@chromium.org
eugenebut@chromium.org
eugenebut@chromium.org
eugenebut@chromium.org
eugenebut@google.com
eugenebut@google.com
eugenebut@google.com
eugenebut@chromium.org
eugenebut@google.com
eugenebut@google.com
kkhorimoto@chromium.org
kkhorimoto@chromium.org
eugenebut@google.com
eugenebut@google.com
stkhapugin@chromium.org
eugenebut@chromium.org
