marcin@mwiacek.com
fhorschig@chromium.org
newt@chromium.org
newt@chromium.org
newt@chromium.org
vabr@chromium.org
newt@chromium.org
newt@chromium.org
newt@chromium.org
newt@chromium.org
newt@chromium.org
newt@chromium.org
newt@chromium.org
newt@chromium.org
newt@chromium.org
newt@chromium.org
melandory@chromium.org
newt@chromium.org
vabr@chromium.org
vabr@chromium.org
vabr@chromium.org
vabr@chromium.org
vabr@chromium.org
vabr@chromium.org
vabr@chromium.org
vabr@chromium.org
vabr@chromium.org
vabr@chromium.org
vabr@chromium.org
vabr@chromium.org
newt@chromium.org
newt@chromium.org
fhorschig@chromium.org
vabr@chromium.org
vabr@chromium.org
vabr@chromium.org
vabr@chromium.org
vabr@chromium.org
vabr@chromium.org
