jennb@chromium.org
jennb@chromium.org
michaeln@google.com
michaeln@chromium.org
michaeln@chromium.org
pwnall@chromium.org
pwnall@chromium.org
michaeln@google.com
michaeln@google.com
michaeln@google.com
staphany@chromium.org
staphany@chromium.org
staphany@chromium.org
staphany@chromium.org
staphany@chromium.org
staphany@chromium.org
staphany@chromium.org
staphany@chromium.org
staphany@chromium.org
staphany@chromium.org
staphany@chromium.org
staphany@chromium.org
staphany@chromium.org
staphany@chromium.org
staphany@chromium.org
staphany@chromium.org
staphany@chromium.org
staphany@chromium.org
staphany@chromium.org
staphany@chromium.org
staphany@chromium.org
staphany@chromium.org
staphany@chromium.org
staphany@chromium.org
staphany@chromium.org
staphany@chromium.org
staphany@chromium.org
staphany@chromium.org
staphany@chromium.org
staphany@chromium.org
staphany@chromium.org
staphany@chromium.org
staphany@chromium.org
staphany@chromium.org
staphany@chromium.org
michaeln@chromium.org
michaeln@chromium.org
staphany@chromium.org
michaeln@chromium.org
michaeln@chromium.org
michaeln@chromium.org
michaeln@chromium.org
michaeln@chromium.org
michaeln@chromium.org
michaeln@chromium.org
michaeln@chromium.org
michaeln@chromium.org
michaeln@chromium.org
michaeln@google.com
michaeln@google.com
pilgrim@chromium.org
michaeln@chromium.org
staphany@chromium.org
michaeln@chromium.org
michaeln@chromium.org
michaeln@chromium.org
michaeln@chromium.org
michaeln@chromium.org
michaeln@chromium.org
staphany@chromium.org
michaeln@chromium.org
michaeln@google.com
pwnall@chromium.org
pwnall@chromium.org
pwnall@chromium.org
staphany@chromium.org
staphany@chromium.org
staphany@chromium.org
avi@chromium.org
staphany@chromium.org
michaeln@chromium.org
staphany@chromium.org
staphany@chromium.org
staphany@chromium.org
staphany@chromium.org
staphany@chromium.org
michaeln@chromium.org
michaeln@chromium.org
dcheng@chromium.org
michaeln@chromium.org
staphany@chromium.org
michaeln@chromium.org
staphany@chromium.org
staphany@chromium.org
michaeln@google.com
michaeln@chromium.org
michaeln@chromium.org
staphany@chromium.org
michaeln@google.com
staphany@chromium.org
jhawkins@chromium.org
pilgrim@chromium.org
staphany@chromium.org
michaeln@chromium.org
dcheng@chromium.org
mek@chromium.org
jsbell@chromium.org
jsbell@chromium.org
avi@chromium.org
michaeln@chromium.org
michaeln@chromium.org
michaeln@chromium.org
michaeln@chromium.org
michaeln@google.com
pilgrim@chromium.org
pilgrim@chromium.org
michaeln@google.com
michaeln@google.com
michaeln@google.com
michaeln@google.com
dcheng@chromium.org
jennb@chromium.org
michaeln@google.com
staphany@chromium.org
jennb@chromium.org
jennb@chromium.org
mek@chromium.org
jennb@chromium.org
jennb@chromium.org
rsleevi@chromium.org
staphany@chromium.org
staphany@chromium.org
staphany@chromium.org
staphany@chromium.org
staphany@chromium.org
staphany@chromium.org
staphany@chromium.org
staphany@chromium.org
staphany@chromium.org
staphany@chromium.org
staphany@chromium.org
staphany@chromium.org
