maxmorin@chromium.org
maxmorin@chromium.org
maxmorin@chromium.org
maxmorin@chromium.org
maxmorin@chromium.org
maxmorin@chromium.org
maxmorin@chromium.org
maxmorin@chromium.org
maxmorin@chromium.org
maxmorin@chromium.org
maxmorin@chromium.org
maxmorin@chromium.org
maxmorin@chromium.org
maxmorin@chromium.org
maxmorin@chromium.org
maxmorin@chromium.org
maxmorin@chromium.org
maxmorin@chromium.org
maxmorin@chromium.org
maxmorin@chromium.org
maxmorin@chromium.org
maxmorin@chromium.org
maxmorin@chromium.org
maxmorin@chromium.org
maxmorin@chromium.org
maxmorin@chromium.org
maxmorin@chromium.org
maxmorin@chromium.org
maxmorin@chromium.org
maxmorin@chromium.org
maxmorin@chromium.org
maxmorin@chromium.org
maxmorin@chromium.org
maxmorin@chromium.org
maxmorin@chromium.org
maxmorin@chromium.org
maxmorin@chromium.org
henrika@chromium.org
maxmorin@chromium.org
olka@chromium.org
olka@chromium.org
olka@chromium.org
olka@chromium.org
olka@chromium.org
olka@chromium.org
olka@chromium.org
olka@chromium.org
olka@chromium.org
primiano@chromium.org
xians@chromium.org
tommi@chromium.org
olka@chromium.org
olka@chromium.org
olka@chromium.org
olka@chromium.org
