steveblock@chromium.org
steveblock@chromium.org
steveblock@chromium.org
steveblock@chromium.org
bradnelson@google.com
bradnelson@google.com
joi@chromium.org
bradnelson@google.com
bradnelson@google.com
joi@chromium.org
joi@chromium.org
scottmg@google.com
bradnelson@google.com
joi@chromium.org
joi@chromium.org
thakis@chromium.org
joi@chromium.org
joi@chromium.org
joi@chromium.org
joi@chromium.org
joi@chromium.org
joi@chromium.org
joi@chromium.org
joi@chromium.org
joi@chromium.org
joi@chromium.org
joi@chromium.org
joi@chromium.org
joi@chromium.org
joi@chromium.org
joi@chromium.org
joi@chromium.org
bradnelson@google.com
joi@chromium.org
joi@chromium.org
joi@chromium.org
joi@chromium.org
bradnelson@google.com
joi@chromium.org
joi@chromium.org
joi@chromium.org
joi@chromium.org
joi@chromium.org
joi@chromium.org
joi@chromium.org
joi@chromium.org
garykac@chromium.org
tommi@chromium.org
tommi@chromium.org
tommi@chromium.org
tommi@chromium.org
tommi@chromium.org
tommi@chromium.org
tommi@chromium.org
robertshield@chromium.org
robertshield@chromium.org
mad@google.com
robertshield@chromium.org
robertshield@chromium.org
robertshield@chromium.org
robertshield@chromium.org
robertshield@chromium.org
robertshield@chromium.org
robertshield@chromium.org
robertshield@chromium.org
robertshield@chromium.org
robertshield@chromium.org
robertshield@chromium.org
robertshield@chromium.org
robertshield@chromium.org
robertshield@chromium.org
robertshield@chromium.org
robertshield@chromium.org
robertshield@chromium.org
robertshield@chromium.org
robertshield@chromium.org
robertshield@chromium.org
robertshield@chromium.org
robertshield@chromium.org
robertshield@chromium.org
robertshield@chromium.org
robertshield@chromium.org
robertshield@chromium.org
robertshield@chromium.org
robertshield@chromium.org
robertshield@chromium.org
robertshield@chromium.org
robertshield@chromium.org
robertshield@chromium.org
robertshield@chromium.org
robertshield@chromium.org
robertshield@chromium.org
robertshield@chromium.org
robertshield@chromium.org
robertshield@chromium.org
robertshield@chromium.org
robertshield@chromium.org
robertshield@chromium.org
robertshield@chromium.org
robertshield@chromium.org
robertshield@chromium.org
robertshield@chromium.org
robertshield@chromium.org
robertshield@chromium.org
robertshield@chromium.org
robertshield@chromium.org
robertshield@chromium.org
robertshield@chromium.org
robertshield@chromium.org
robertshield@chromium.org
robertshield@chromium.org
robertshield@chromium.org
robertshield@chromium.org
robertshield@chromium.org
robertshield@chromium.org
robertshield@chromium.org
robertshield@chromium.org
robertshield@chromium.org
robertshield@chromium.org
robertshield@chromium.org
robertshield@chromium.org
robertshield@chromium.org
robertshield@chromium.org
robertshield@chromium.org
robertshield@chromium.org
robertshield@chromium.org
robertshield@chromium.org
robertshield@chromium.org
robertshield@chromium.org
robertshield@chromium.org
robertshield@chromium.org
robertshield@chromium.org
robertshield@chromium.org
robertshield@chromium.org
robertshield@chromium.org
robertshield@chromium.org
robertshield@chromium.org
robertshield@chromium.org
robertshield@chromium.org
robertshield@chromium.org
robertshield@chromium.org
robertshield@chromium.org
robertshield@chromium.org
robertshield@chromium.org
robertshield@chromium.org
robertshield@chromium.org
robertshield@chromium.org
robertshield@chromium.org
robertshield@chromium.org
robertshield@chromium.org
robertshield@chromium.org
robertshield@chromium.org
robertshield@chromium.org
robertshield@chromium.org
robertshield@chromium.org
robertshield@chromium.org
robertshield@chromium.org
robertshield@chromium.org
robertshield@chromium.org
robertshield@chromium.org
robertshield@chromium.org
mad@google.com
mad@google.com
mad@google.com
tommi@chromium.org
mad@google.com
mad@google.com
mad@google.com
mad@google.com
mad@google.com
mad@google.com
mad@google.com
robertshield@chromium.org
mad@google.com
mad@google.com
mad@google.com
mad@google.com
mad@google.com
mad@google.com
mad@google.com
mad@google.com
mad@google.com
mad@google.com
mad@google.com
mad@google.com
mad@google.com
mad@google.com
mad@google.com
mad@google.com
mad@google.com
mad@google.com
mad@google.com
mad@google.com
mad@google.com
mad@google.com
mad@google.com
mad@google.com
mad@google.com
mad@google.com
mad@google.com
mad@google.com
mad@google.com
mad@google.com
mad@google.com
mad@google.com
mad@google.com
mad@google.com
mad@google.com
mad@google.com
mad@google.com
mad@google.com
mad@google.com
mad@google.com
slightlyoff@chromium.org
slightlyoff@chromium.org
slightlyoff@chromium.org
slightlyoff@chromium.org
slightlyoff@chromium.org
slightlyoff@chromium.org
slightlyoff@chromium.org
slightlyoff@chromium.org
slightlyoff@chromium.org
slightlyoff@chromium.org
slightlyoff@chromium.org
slightlyoff@chromium.org
slightlyoff@chromium.org
slightlyoff@chromium.org
slightlyoff@chromium.org
