sadrul@chromium.org
sadrul@chromium.org
kalman@chromium.org
kalman@chromium.org
kalman@chromium.org
rsleevi@chromium.org
rsleevi@chromium.org
lazyboy@chromium.org
rdevlin.cronin@chromium.org
rdevlin.cronin@chromium.org
rdevlin.cronin@chromium.org
rdevlin.cronin@chromium.org
rdevlin.cronin@chromium.org
rdevlin.cronin@chromium.org
rdevlin.cronin@chromium.org
rdevlin.cronin@chromium.org
rdevlin.cronin@chromium.org
rdevlin.cronin@chromium.org
rdevlin.cronin@chromium.org
rdevlin.cronin@chromium.org
rdevlin.cronin@chromium.org
rdevlin.cronin@chromium.org
rdevlin.cronin@chromium.org
rdevlin.cronin@chromium.org
rdevlin.cronin@chromium.org
rdevlin.cronin@chromium.org
rdevlin.cronin@chromium.org
rdevlin.cronin@chromium.org
rdevlin.cronin@chromium.org
rdevlin.cronin@chromium.org
rdevlin.cronin@chromium.org
rdevlin.cronin@chromium.org
rdevlin.cronin@chromium.org
rdevlin.cronin@chromium.org
rdevlin.cronin@chromium.org
rdevlin.cronin@chromium.org
rdevlin.cronin@chromium.org
rdevlin.cronin@chromium.org
rdevlin.cronin@chromium.org
rdevlin.cronin@chromium.org
rdevlin.cronin@chromium.org
rdevlin.cronin@chromium.org
rdevlin.cronin@chromium.org
rdevlin.cronin@chromium.org
rdevlin.cronin@chromium.org
rsleevi@chromium.org
rdevlin.cronin@chromium.org
rdevlin.cronin@chromium.org
rdevlin.cronin@chromium.org
rdevlin.cronin@chromium.org
rdevlin.cronin@chromium.org
rdevlin.cronin@chromium.org
rdevlin.cronin@chromium.org
rdevlin.cronin@chromium.org
rdevlin.cronin@chromium.org
rdevlin.cronin@chromium.org
rdevlin.cronin@chromium.org
nrpeter@google.com
rdevlin.cronin@chromium.org
rdevlin.cronin@chromium.org
nrpeter@google.com
nrpeter@google.com
nrpeter@google.com
nrpeter@google.com
nrpeter@google.com
rdevlin.cronin@chromium.org
rdevlin.cronin@chromium.org
rdevlin.cronin@chromium.org
rdevlin.cronin@chromium.org
rdevlin.cronin@chromium.org
rdevlin.cronin@chromium.org
nrpeter@google.com
nrpeter@google.com
nrpeter@google.com
nrpeter@google.com
rdevlin.cronin@chromium.org
rdevlin.cronin@chromium.org
rdevlin.cronin@chromium.org
rdevlin.cronin@chromium.org
rdevlin.cronin@chromium.org
rdevlin.cronin@chromium.org
rdevlin.cronin@chromium.org
rdevlin.cronin@chromium.org
rdevlin.cronin@chromium.org
rdevlin.cronin@chromium.org
rdevlin.cronin@chromium.org
rdevlin.cronin@chromium.org
qfel@google.com
rdevlin.cronin@chromium.org
rdevlin.cronin@chromium.org
rdevlin.cronin@chromium.org
rdevlin.cronin@chromium.org
rdevlin.cronin@chromium.org
rdevlin.cronin@chromium.org
rdevlin.cronin@chromium.org
qfel@google.com
rdevlin.cronin@chromium.org
rdevlin.cronin@chromium.org
ganenkokb@yandex-team.ru
ganenkokb@yandex-team.ru
rdevlin.cronin@chromium.org
rdevlin.cronin@chromium.org
rdevlin.cronin@chromium.org
rdevlin.cronin@chromium.org
rdevlin.cronin@chromium.org
rdevlin.cronin@chromium.org
rdevlin.cronin@chromium.org
rdevlin.cronin@chromium.org
rdevlin.cronin@chromium.org
rdevlin.cronin@chromium.org
rdevlin.cronin@chromium.org
rdevlin.cronin@chromium.org
rdevlin.cronin@chromium.org
rdevlin.cronin@chromium.org
rdevlin.cronin@chromium.org
rdevlin.cronin@chromium.org
rdevlin.cronin@chromium.org
