calamity@chromium.org
jam@chromium.org
jam@chromium.org
creis@chromium.org
avi@chromium.org
avi@chromium.org
jam@chromium.org
jam@chromium.org
creis@chromium.org
gbillock@chromium.org
jam@chromium.org
erg@chromium.org
gbillock@chromium.org
creis@chromium.org
creis@chromium.org
nasko@chromium.org
creis@chromium.org
creis@chromium.org
creis@chromium.org
creis@chromium.org
creis@chromium.org
creis@chromium.org
creis@chromium.org
alexmos@chromium.org
alexmos@chromium.org
alexmos@chromium.org
creis@chromium.org
creis@chromium.org
creis@chromium.org
clamy@chromium.org
creis@chromium.org
creis@chromium.org
creis@chromium.org
creis@chromium.org
creis@chromium.org
creis@chromium.org
creis@chromium.org
nick@chromium.org
nick@chromium.org
nick@chromium.org
nick@chromium.org
lukasza@chromium.org
lukasza@chromium.org
nick@chromium.org
creis@chromium.org
creis@chromium.org
creis@chromium.org
arthursonzogni@chromium.org
alexmos@chromium.org
lukasza@chromium.org
lukasza@chromium.org
lukasza@chromium.org
lukasza@chromium.org
rniwa@webkit.org
creis@chromium.org
