falken@chromium.org
falken@chromium.org
falken@chromium.org
falken@chromium.org
falken@chromium.org
blink-reformat@chromium.org
ikilpatrick@chromium.org
blink-reformat@chromium.org
blink-reformat@chromium.org
falken@chromium.org
bsep@chromium.org
bsep@chromium.org
bsep@chromium.org
blink-reformat@chromium.org
blink-reformat@chromium.org
falken@chromium.org
falken@chromium.org
falken@chromium.org
falken@chromium.org
falken@chromium.org
rune@opera.com
blink-reformat@chromium.org
falken@chromium.org
rune@opera.com
blink-reformat@chromium.org
rune@opera.com
wangxianzhu@chromium.org
wangxianzhu@chromium.org
wangxianzhu@chromium.org
wangxianzhu@chromium.org
wangxianzhu@chromium.org
falken@chromium.org
falken@chromium.org
falken@chromium.org
falken@chromium.org
falken@chromium.org
falken@chromium.org
falken@chromium.org
