boliu@chromium.org
kalman@chromium.org
boliu@chromium.org
kalman@chromium.org
boliu@chromium.org
jdduke@chromium.org
jdduke@chromium.org
joth@chromium.org
joth@chromium.org
joth@chromium.org
joth@chromium.org
boliu@chromium.org
sunnyps@chromium.org
simonhong@chromium.org
sunnyps@chromium.org
boliu@chromium.org
boliu@chromium.org
boliu@chromium.org
sunnyps@chromium.org
sunnyps@chromium.org
sunnyps@chromium.org
boliu@chromium.org
shouqun@chromium.org
shouqun@chromium.org
boliu@chromium.org
boliu@chromium.org
boliu@chromium.org
sunnyps@chromium.org
mkosiba@chromium.org
mkosiba@chromium.org
mkosiba@chromium.org
mkosiba@chromium.org
mkosiba@chromium.org
mkosiba@chromium.org
mkosiba@chromium.org
mkosiba@chromium.org
mkosiba@chromium.org
mkosiba@chromium.org
mkosiba@chromium.org
mkosiba@chromium.org
mkosiba@chromium.org
boliu@chromium.org
boliu@chromium.org
boliu@chromium.org
boliu@chromium.org
miletus@chromium.org
miletus@chromium.org
miletus@chromium.org
miletus@chromium.org
miletus@chromium.org
miletus@chromium.org
miletus@chromium.org
miletus@chromium.org
shouqun@chromium.org
