initial.commit
initial.commit
initial.commit
initial.commit
pkasting@chromium.org
initial.commit
initial.commit
pkasting@chromium.org
initial.commit
initial.commit
ben@chromium.org
ben@chromium.org
ben@chromium.org
ben@chromium.org
ben@chromium.org
ben@chromium.org
ben@chromium.org
ben@chromium.org
ben@chromium.org
ben@chromium.org
ben@chromium.org
ben@chromium.org
ben@chromium.org
ben@chromium.org
ben@chromium.org
ben@chromium.org
ben@chromium.org
ben@chromium.org
ben@chromium.org
ben@chromium.org
ben@chromium.org
ben@chromium.org
ben@chromium.org
ben@chromium.org
ben@chromium.org
ben@chromium.org
ben@chromium.org
ben@chromium.org
ben@chromium.org
ben@chromium.org
ben@chromium.org
ben@chromium.org
ben@chromium.org
ben@chromium.org
initial.commit
initial.commit
initial.commit
initial.commit
initial.commit
initial.commit
initial.commit
initial.commit
initial.commit
initial.commit
initial.commit
initial.commit
initial.commit
initial.commit
initial.commit
initial.commit
jcampan@chromium.org
jcampan@chromium.org
jcampan@chromium.org
tony@chromium.org
tony@chromium.org
mhm@chromium.org
mhm@chromium.org
munjal@chromium.org
initial.commit
initial.commit
initial.commit
initial.commit
initial.commit
pkasting@chromium.org
pkasting@chromium.org
pkasting@chromium.org
sky@google.com
sky@google.com
sky@google.com
sky@google.com
sky@google.com
sky@google.com
sky@google.com
sky@google.com
sky@google.com
sky@google.com
sky@google.com
sky@google.com
sky@google.com
sky@google.com
sky@google.com
sky@google.com
sky@google.com
sky@google.com
tim@chromium.org
tim@chromium.org
tim@chromium.org
tim@chromium.org
tim@chromium.org
tim@chromium.org
