andypaicu@chromium.org
hiroshige@chromium.org
blink-reformat@chromium.org
blink-reformat@chromium.org
blink-reformat@chromium.org
andypaicu@chromium.org
andypaicu@chromium.org
andypaicu@chromium.org
andypaicu@chromium.org
andypaicu@chromium.org
andypaicu@chromium.org
andypaicu@chromium.org
andypaicu@chromium.org
andypaicu@chromium.org
andypaicu@chromium.org
andypaicu@chromium.org
andypaicu@chromium.org
andypaicu@chromium.org
andypaicu@chromium.org
andypaicu@chromium.org
andypaicu@chromium.org
andypaicu@chromium.org
andypaicu@chromium.org
andypaicu@chromium.org
andypaicu@chromium.org
andypaicu@chromium.org
andypaicu@chromium.org
andypaicu@chromium.org
mkwst@chromium.org
blink-reformat@chromium.org
andypaicu@chromium.org
blink-reformat@chromium.org
blink-reformat@chromium.org
blink-reformat@chromium.org
hiroshige@chromium.org
tzik@chromium.org
blink-reformat@chromium.org
blink-reformat@chromium.org
blink-reformat@chromium.org
rdevlin.cronin@chromium.org
andypaicu@chromium.org
andypaicu@chromium.org
blink-reformat@chromium.org
blink-reformat@chromium.org
blink-reformat@chromium.org
blink-reformat@chromium.org
tyoshino@chromium.org
tyoshino@chromium.org
japhet@chromium.org
japhet@chromium.org
blink-reformat@chromium.org
blink-reformat@chromium.org
blink-reformat@chromium.org
blink-reformat@chromium.org
blink-reformat@chromium.org
blink-reformat@chromium.org
treib@chromium.org
blink-reformat@chromium.org
blink-reformat@chromium.org
estark@chromium.org
estark@chromium.org
andypaicu@chromium.org
blink-reformat@chromium.org
blink-reformat@chromium.org
blink-reformat@chromium.org
lunalu@chromium.org
andypaicu@chromium.org
blink-reformat@chromium.org
andypaicu@chromium.org
andypaicu@chromium.org
andypaicu@chromium.org
blink-reformat@chromium.org
tyoshino@chromium.org
mlamouri@chromium.org
mlamouri@chromium.org
japhet@chromium.org
andypaicu@chromium.org
andypaicu@chromium.org
hiroshige@chromium.org
blink-reformat@chromium.org
blink-reformat@chromium.org
blink-reformat@chromium.org
andypaicu@chromium.org
andypaicu@chromium.org
andypaicu@chromium.org
andypaicu@chromium.org
andypaicu@chromium.org
andypaicu@chromium.org
andypaicu@chromium.org
andypaicu@chromium.org
andypaicu@chromium.org
andypaicu@chromium.org
andypaicu@chromium.org
andypaicu@chromium.org
andypaicu@chromium.org
andypaicu@chromium.org
andypaicu@chromium.org
andypaicu@chromium.org
andypaicu@chromium.org
andypaicu@chromium.org
andypaicu@chromium.org
andypaicu@chromium.org
andypaicu@chromium.org
andypaicu@chromium.org
andypaicu@chromium.org
mkwst@chromium.org
blink-reformat@chromium.org
andypaicu@chromium.org
blink-reformat@chromium.org
blink-reformat@chromium.org
blink-reformat@chromium.org
hiroshige@chromium.org
tzik@chromium.org
blink-reformat@chromium.org
blink-reformat@chromium.org
blink-reformat@chromium.org
rdevlin.cronin@chromium.org
andypaicu@chromium.org
andypaicu@chromium.org
blink-reformat@chromium.org
blink-reformat@chromium.org
blink-reformat@chromium.org
blink-reformat@chromium.org
tyoshino@chromium.org
tyoshino@chromium.org
japhet@chromium.org
japhet@chromium.org
blink-reformat@chromium.org
blink-reformat@chromium.org
blink-reformat@chromium.org
blink-reformat@chromium.org
blink-reformat@chromium.org
blink-reformat@chromium.org
treib@chromium.org
blink-reformat@chromium.org
blink-reformat@chromium.org
estark@chromium.org
estark@chromium.org
andypaicu@chromium.org
blink-reformat@chromium.org
blink-reformat@chromium.org
blink-reformat@chromium.org
lunalu@chromium.org
andypaicu@chromium.org
blink-reformat@chromium.org
andypaicu@chromium.org
andypaicu@chromium.org
andypaicu@chromium.org
blink-reformat@chromium.org
tyoshino@chromium.org
mlamouri@chromium.org
mlamouri@chromium.org
japhet@chromium.org
andypaicu@chromium.org
