sky@chromium.org
tfarina@chromium.org
ben@chromium.org
varunjain@chromium.org
michaelpg@chromium.org
michaelpg@chromium.org
tom.cassiotis@gmail.com
ben@chromium.org
tfarina@chromium.org
sky@chromium.org
tfarina@chromium.org
tfarina@chromium.org
davemoore@chromium.org
tfarina@chromium.org
tfarina@chromium.org
erg@chromium.org
tfarina@chromium.org
erg@chromium.org
erg@chromium.org
erg@chromium.org
sky@chromium.org
tfarina@chromium.org
dcheng@chromium.org
tfarina@chromium.org
erg@chromium.org
erg@chromium.org
sky@chromium.org
sky@chromium.org
sky@chromium.org
