vandebo@chromium.org
vandebo@chromium.org
vandebo@chromium.org
vandebo@chromium.org
vandebo@chromium.org
vandebo@chromium.org
kmadhusu@chromium.org
kmadhusu@chromium.org
kmadhusu@chromium.org
kmadhusu@chromium.org
vandebo@chromium.org
vandebo@chromium.org
vandebo@chromium.org
vandebo@chromium.org
vandebo@chromium.org
vandebo@chromium.org
vandebo@chromium.org
kmadhusu@chromium.org
kmadhusu@chromium.org
vandebo@chromium.org
vandebo@chromium.org
vandebo@chromium.org
kmadhusu@chromium.org
kmadhusu@chromium.org
kmadhusu@chromium.org
kmadhusu@chromium.org
kmadhusu@chromium.org
vandebo@chromium.org
vandebo@chromium.org
kmadhusu@chromium.org
kmadhusu@chromium.org
kmadhusu@chromium.org
vandebo@chromium.org
thestig@chromium.org
thestig@chromium.org
thestig@chromium.org
abodenha@chromium.org
abodenha@chromium.org
abodenha@chromium.org
abodenha@chromium.org
abodenha@chromium.org
abodenha@chromium.org
abodenha@chromium.org
abodenha@chromium.org
abodenha@chromium.org
abodenha@chromium.org
tsepez@chromium.org
thestig@chromium.org
vandebo@chromium.org
kmadhusu@chromium.org
vandebo@chromium.org
thestig@chromium.org
thestig@chromium.org
thestig@chromium.org
thestig@chromium.org
thestig@chromium.org
thestig@chromium.org
thestig@chromium.org
thestig@chromium.org
thestig@chromium.org
thestig@chromium.org
thestig@chromium.org
thestig@chromium.org
thestig@chromium.org
thestig@chromium.org
thestig@chromium.org
thestig@chromium.org
thestig@chromium.org
vandebo@chromium.org
vandebo@chromium.org
vandebo@chromium.org
kmadhusu@chromium.org
kmadhusu@chromium.org
thestig@chromium.org
thestig@chromium.org
thestig@chromium.org
thestig@chromium.org
thestig@chromium.org
thestig@chromium.org
thestig@chromium.org
thestig@chromium.org
thestig@chromium.org
thestig@chromium.org
thestig@chromium.org
thestig@chromium.org
dpapad@chromium.org
tfarina@chromium.org
tfarina@chromium.org
kmadhusu@chromium.org
kmadhusu@chromium.org
thestig@chromium.org
thestig@chromium.org
thestig@chromium.org
thestig@chromium.org
aayushkumar@chromium.org
kmadhusu@chromium.org
kmadhusu@chromium.org
kmadhusu@chromium.org
kmadhusu@chromium.org
kmadhusu@chromium.org
kmadhusu@chromium.org
kmadhusu@chromium.org
kmadhusu@chromium.org
simon.hong81@gmail.com
simon.hong81@gmail.com
vandebo@chromium.org
simon.hong81@gmail.com
simon.hong81@gmail.com
thestig@chromium.org
thestig@chromium.org
thestig@chromium.org
thestig@chromium.org
thestig@chromium.org
thestig@chromium.org
thestig@chromium.org
estade@chromium.org
estade@chromium.org
stuartmorgan@chromium.org
brettw@chromium.org
rafaelw@chromium.org
agl@chromium.org
mpcomplete@chromium.org
mpcomplete@chromium.org
hbono@chromium.org
hbono@chromium.org
thestig@chromium.org
hbono@chromium.org
hbono@chromium.org
hbono@chromium.org
hbono@chromium.org
thestig@chromium.org
joi@chromium.org
joi@chromium.org
joi@chromium.org
joi@chromium.org
thestig@chromium.org
kmadhusu@chromium.org
vabr@chromium.org
kmadhusu@chromium.org
kmadhusu@chromium.org
kmadhusu@chromium.org
vabr@chromium.org
kmadhusu@chromium.org
kmadhusu@chromium.org
kmadhusu@chromium.org
kmadhusu@chromium.org
kmadhusu@chromium.org
kmadhusu@chromium.org
kmadhusu@chromium.org
kmadhusu@chromium.org
kmadhusu@chromium.org
kmadhusu@chromium.org
kmadhusu@chromium.org
kmadhusu@chromium.org
kmadhusu@chromium.org
kmadhusu@chromium.org
joi@chromium.org
joi@chromium.org
joi@chromium.org
joi@chromium.org
joi@chromium.org
joi@chromium.org
joi@chromium.org
joi@chromium.org
joi@chromium.org
joi@chromium.org
vandebo@chromium.org
vandebo@chromium.org
thestig@chromium.org
thestig@chromium.org
thestig@chromium.org
thestig@chromium.org
thestig@chromium.org
thestig@chromium.org
thestig@chromium.org
darin@chromium.org
kmadhusu@chromium.org
kmadhusu@chromium.org
