dlibby@microsoft.com
tdresser@chromium.org
tdresser@chromium.org
sahel@chromium.org
tdresser@chromium.org
findit-for-me@appspot.gserviceaccount
tdresser@chromium.org
ejoe@google.com
tdresser@chromium.org
findit-for-me@appspot.gserviceaccount
findit-for-me@appspot.gserviceaccount
findit-for-me@appspot.gserviceaccount
findit-for-me@appspot.gserviceaccount
findit-for-me@appspot.gserviceaccount
findit-for-me@appspot.gserviceaccount
findit-for-me@appspot.gserviceaccount
findit-for-me@appspot.gserviceaccount
findit-for-me@appspot.gserviceaccount
sahel@chromium.org
sahel@chromium.org
findit-for-me@appspot.gserviceaccount
sahel@chromium.org
sahel@chromium.org
sahel@chromium.org
sahel@chromium.org
sahel@chromium.org
sahel@chromium.org
findit-for-me@appspot.gserviceaccount
findit-for-me@appspot.gserviceaccount
sahel@chromium.org
dlibby@microsoft.com
sahel@chromium.org
findit-for-me@appspot.gserviceaccount
sahel@chromium.org
dlibby@microsoft.com
tdresser@chromium.org
tdresser@chromium.org
tdresser@chromium.org
tdresser@chromium.org
tdresser@chromium.org
dlibby@microsoft.com
dlibby@microsoft.com
tdresser@chromium.org
dlibby@microsoft.com
dlibby@microsoft.com
tdresser@chromium.org
dlibby@microsoft.com
dlibby@microsoft.com
dlibby@microsoft.com
dlibby@microsoft.com
tdresser@chromium.org
tdresser@chromium.org
sahel@chromium.org
sahel@chromium.org
sahel@chromium.org
sahel@chromium.org
sahel@chromium.org
sahel@chromium.org
sahel@chromium.org
sahel@chromium.org
sahel@chromium.org
sahel@chromium.org
sahel@chromium.org
sahel@chromium.org
sahel@chromium.org
sahel@chromium.org
sahel@chromium.org
sahel@chromium.org
sahel@chromium.org
sahel@chromium.org
sahel@chromium.org
sahel@chromium.org
sahel@chromium.org
sahel@chromium.org
sahel@chromium.org
sahel@chromium.org
sahel@chromium.org
sahel@chromium.org
sahel@chromium.org
sahel@chromium.org
sahel@chromium.org
sahel@chromium.org
sahel@chromium.org
sahel@chromium.org
sahel@chromium.org
sahel@chromium.org
sahel@chromium.org
sahel@chromium.org
sahel@chromium.org
sahel@chromium.org
sahel@chromium.org
sahel@chromium.org
sahel@chromium.org
sahel@chromium.org
sahel@chromium.org
sahel@chromium.org
sahel@chromium.org
sahel@chromium.org
sahel@chromium.org
sahel@chromium.org
nzolghadr@chromium.org
sahel@chromium.org
sahel@chromium.org
findit-for-me@appspot.gserviceaccount
dlibby@microsoft.com
dlibby@microsoft.com
dlibby@microsoft.com
dlibby@microsoft.com
dlibby@microsoft.com
findit-for-me@appspot.gserviceaccount
dlibby@microsoft.com
dlibby@microsoft.com
dlibby@microsoft.com
dlibby@microsoft.com
dlibby@microsoft.com
dlibby@microsoft.com
findit-for-me@appspot.gserviceaccount
dlibby@microsoft.com
findit-for-me@appspot.gserviceaccount
dlibby@microsoft.com
dlibby@microsoft.com
dlibby@microsoft.com
dlibby@microsoft.com
dlibby@microsoft.com
dlibby@microsoft.com
dlibby@microsoft.com
dlibby@microsoft.com
dlibby@microsoft.com
dlibby@microsoft.com
dlibby@microsoft.com
dlibby@microsoft.com
findit-for-me@appspot.gserviceaccount
dlibby@microsoft.com
dlibby@microsoft.com
dlibby@microsoft.com
dlibby@microsoft.com
dlibby@microsoft.com
dlibby@microsoft.com
dlibby@microsoft.com
dlibby@microsoft.com
dlibby@microsoft.com
dlibby@microsoft.com
dlibby@microsoft.com
dlibby@microsoft.com
tdresser@chromium.org
sunyunjia@chromium.org
findit-for-me@appspot.gserviceaccount
arakeri@microsoft.com
arakeri@microsoft.com
arakeri@microsoft.com
arakeri@microsoft.com
arakeri@microsoft.com
dlibby@microsoft.com
dlibby@microsoft.com
dlibby@microsoft.com
arakeri@microsoft.com
dlibby@microsoft.com
dlibby@microsoft.com
dlibby@microsoft.com
dlibby@microsoft.com
arakeri@microsoft.com
arakeri@microsoft.com
arakeri@microsoft.com
dlibby@microsoft.com
dlibby@microsoft.com
chongz@chromium.org
chongz@chromium.org
chongz@chromium.org
sahel@chromium.org
sahel@chromium.org
chongz@chromium.org
grt@chromium.org
