dmazzoni@chromium.org
dmazzoni@chromium.org
dmazzoni@chromium.org
hclam@chromium.org
hclam@chromium.org
miu@chromium.org
hclam@chromium.org
hclam@chromium.org
hclam@chromium.org
miu@chromium.org
miu@chromium.org
imcheng@chromium.org
imcheng@chromium.org
miu@chromium.org
miu@chromium.org
hubbe@chromium.org
esprehn@chromium.org
cduvall@chromium.org
cduvall@chromium.org
cduvall@chromium.org
hirono@chromium.org
hirono@chromium.org
hirono@chromium.org
dcarney@chromium.org
aa@chromium.org
aa@chromium.org
dcheng@chromium.org
hirono@chromium.org
hirono@chromium.org
hirono@chromium.org
hirono@chromium.org
hirono@chromium.org
esprehn@chromium.org
esprehn@chromium.org
dcarney@chromium.org
hirono@chromium.org
yoshiki@chromium.org
satorux@google.com
cduvall@chromium.org
kalman@chromium.org
yukishiino@chromium.org
dewittj@chromium.org
kalman@chromium.org
kalman@chromium.org
kalman@chromium.org
kalman@chromium.org
kalman@chromium.org
kalman@chromium.org
hirono@chromium.org
hirono@chromium.org
hirono@chromium.org
mtomasz@chromium.org
mtomasz@chromium.org
mtomasz@chromium.org
mtomasz@chromium.org
mtomasz@chromium.org
mtomasz@chromium.org
mtomasz@chromium.org
mtomasz@chromium.org
mtomasz@chromium.org
mtomasz@chromium.org
mtomasz@chromium.org
mtomasz@chromium.org
mtomasz@chromium.org
mtomasz@chromium.org
mtomasz@chromium.org
mtomasz@chromium.org
mtomasz@chromium.org
mtomasz@chromium.org
mtomasz@chromium.org
mtomasz@chromium.org
mtomasz@chromium.org
