rockot@chromium.org
kalman@chromium.org
rockot@chromium.org
kalman@chromium.org
dtseng@google.com
aboxhall@chromium.org
dtseng@google.com
dtseng@chromium.org
dtseng@chromium.org
cduvall@chromium.org
hubbe@chromium.org
haibinlu@chromium.org
hclam@chromium.org
haibinlu@chromium.org
pneubeck@chromium.org
robliao@chromium.org
cduvall@chromium.org
cduvall@chromium.org
cduvall@chromium.org
sergeyu@chromium.org
grv@chromium.org
benjhayden@chromium.org
pneubeck@chromium.org
pneubeck@chromium.org
pneubeck@chromium.org
pneubeck@chromium.org
rkc@chromium.org
cduvall@chromium.org
zelidrag@chromium.org
cduvall@chromium.org
sammc@chromium.org
cduvall@chromium.org
satorux@chromium.org
fgorski@chromium.org
costan@gmail.com
haven@chromium.org
cduvall@chromium.org
zelidrag@chromium.org
zelidrag@chromium.org
cduvall@chromium.org
cduvall@chromium.org
dewittj@chromium.org
cduvall@chromium.org
cduvall@chromium.org
cduvall@chromium.org
pneubeck@chromium.org
pneubeck@chromium.org
pneubeck@chromium.org
pneubeck@chromium.org
pneubeck@chromium.org
pneubeck@chromium.org
pneubeck@chromium.org
pneubeck@chromium.org
pneubeck@chromium.org
pneubeck@chromium.org
pneubeck@chromium.org
cduvall@chromium.org
cduvall@chromium.org
cduvall@chromium.org
cduvall@chromium.org
yang.gu@intel.com
cduvall@chromium.org
cduvall@chromium.org
lfg@chromium.org
jiayl@chromium.org
rockot@chromium.org
