falken@chromium.org
falken@chromium.org
falken@chromium.org
falken@chromium.org
falken@chromium.org
peter@chromium.org
falken@chromium.org
nhiroki@chromium.org
nhiroki@chromium.org
nhiroki@chromium.org
nhiroki@chromium.org
nhiroki@chromium.org
eseckler@chromium.org
eseckler@chromium.org
leon.han@intel.com
falken@chromium.org
falken@chromium.org
falken@chromium.org
nhiroki@chromium.org
nhiroki@chromium.org
nhiroki@chromium.org
nhiroki@chromium.org
leon.han@intel.com
nhiroki@chromium.org
nhiroki@chromium.org
nhiroki@chromium.org
nhiroki@chromium.org
falken@chromium.org
falken@chromium.org
falken@chromium.org
falken@chromium.org
mlamouri@chromium.org
falken@chromium.org
falken@chromium.org
falken@chromium.org
falken@chromium.org
falken@chromium.org
mlamouri@chromium.org
falken@chromium.org
rockot@chromium.org
