alexst@chromium.org
alexst@chromium.org
alexst@chromium.org
alexst@chromium.org
backer@chromium.org
backer@chromium.org
backer@chromium.org
backer@chromium.org
backer@chromium.org
jbates@chromium.org
jbates@chromium.org
jbates@chromium.org
backer@chromium.org
backer@chromium.org
backer@chromium.org
backer@chromium.org
piman@chromium.org
backer@chromium.org
backer@chromium.org
backer@chromium.org
piman@chromium.org
backer@chromium.org
mukai@chromium.org
backer@chromium.org
mukai@chromium.org
reveman@chromium.org
reveman@chromium.org
reveman@chromium.org
reveman@chromium.org
reveman@chromium.org
reveman@chromium.org
reveman@chromium.org
backer@chromium.org
backer@chromium.org
reveman@chromium.org
piman@chromium.org
piman@chromium.org
piman@chromium.org
rsleevi@chromium.org
rsleevi@chromium.org
rsleevi@chromium.org
backer@chromium.org
piman@chromium.org
piman@chromium.org
piman@chromium.org
piman@chromium.org
reveman@chromium.org
piman@chromium.org
backer@chromium.org
backer@chromium.org
backer@chromium.org
sky@chromium.org
piman@chromium.org
piman@chromium.org
piman@chromium.org
piman@chromium.org
piman@chromium.org
piman@chromium.org
piman@chromium.org
piman@chromium.org
piman@chromium.org
piman@chromium.org
piman@chromium.org
piman@chromium.org
piman@chromium.org
piman@chromium.org
piman@chromium.org
piman@chromium.org
piman@chromium.org
piman@chromium.org
mukai@chromium.org
piman@chromium.org
sievers@chromium.org
sievers@chromium.org
sievers@chromium.org
sievers@chromium.org
sievers@chromium.org
sievers@chromium.org
sievers@chromium.org
sievers@chromium.org
sievers@chromium.org
backer@chromium.org
backer@chromium.org
backer@chromium.org
backer@chromium.org
mmocny@chromium.org
mmocny@chromium.org
mmocny@chromium.org
mmocny@chromium.org
mmocny@chromium.org
mmocny@chromium.org
mmocny@chromium.org
mmocny@chromium.org
mmocny@chromium.org
mmocny@chromium.org
mmocny@chromium.org
mmocny@chromium.org
backer@chromium.org
jam@chromium.org
mmocny@chromium.org
mmocny@chromium.org
mmocny@chromium.org
mmocny@chromium.org
mmocny@chromium.org
mmocny@chromium.org
mmocny@chromium.org
mmocny@chromium.org
dtrainor@chromium.org
sievers@chromium.org
leandrogracia@chromium.org
sievers@chromium.org
dtrainor@chromium.org
dtrainor@chromium.org
sievers@chromium.org
backer@chromium.org
tfarina@chromium.org
mmocny@chromium.org
mmocny@chromium.org
mmocny@chromium.org
mmocny@chromium.org
mmocny@chromium.org
jam@chromium.org
mmocny@chromium.org
mmocny@chromium.org
mmocny@chromium.org
mmocny@chromium.org
mmocny@chromium.org
mmocny@chromium.org
mmocny@chromium.org
jam@chromium.org
mmocny@chromium.org
backer@chromium.org
backer@chromium.org
backer@chromium.org
backer@chromium.org
backer@chromium.org
mmocny@chromium.org
mmocny@chromium.org
mmocny@chromium.org
backer@chromium.org
backer@chromium.org
mmocny@chromium.org
mmocny@chromium.org
backer@chromium.org
backer@chromium.org
mmocny@chromium.org
mmocny@chromium.org
mmocny@chromium.org
mmocny@chromium.org
mmocny@chromium.org
mmocny@chromium.org
mmocny@chromium.org
apatrick@chromium.org
pkotwicz@chromium.org
backer@chromium.org
mmocny@chromium.org
mmocny@chromium.org
mmocny@chromium.org
piman@chromium.org
piman@chromium.org
mmocny@chromium.org
mmocny@chromium.org
backer@chromium.org
backer@chromium.org
backer@chromium.org
backer@chromium.org
backer@chromium.org
mmocny@chromium.org
pkotwicz@chromium.org
mmocny@chromium.org
backer@chromium.org
backer@chromium.org
backer@chromium.org
backer@chromium.org
mmocny@chromium.org
mmocny@chromium.org
mmocny@chromium.org
backer@chromium.org
mmocny@chromium.org
mmocny@chromium.org
pkotwicz@chromium.org
pkotwicz@chromium.org
backer@chromium.org
backer@chromium.org
mmocny@chromium.org
backer@chromium.org
backer@chromium.org
backer@chromium.org
backer@chromium.org
backer@chromium.org
backer@chromium.org
backer@chromium.org
backer@chromium.org
backer@chromium.org
piman@chromium.org
mmocny@chromium.org
mmocny@chromium.org
mmocny@chromium.org
piman@chromium.org
piman@chromium.org
mmocny@chromium.org
backer@chromium.org
backer@chromium.org
backer@chromium.org
backer@chromium.org
mmocny@chromium.org
pkotwicz@chromium.org
mmocny@chromium.org
mmocny@chromium.org
backer@chromium.org
ben@chromium.org
ben@chromium.org
backer@chromium.org
backer@chromium.org
mmocny@chromium.org
mmocny@chromium.org
pkotwicz@chromium.org
pkotwicz@chromium.org
pkotwicz@chromium.org
backer@chromium.org
backer@chromium.org
backer@chromium.org
backer@chromium.org
backer@chromium.org
backer@chromium.org
backer@chromium.org
backer@chromium.org
backer@chromium.org
backer@chromium.org
backer@chromium.org
mukai@chromium.org
apatrick@chromium.org
piman@chromium.org
piman@chromium.org
mmocny@chromium.org
mmocny@chromium.org
piman@chromium.org
piman@chromium.org
mmocny@chromium.org
mmocny@chromium.org
mmocny@chromium.org
mmocny@chromium.org
mmocny@chromium.org
mmocny@chromium.org
mmocny@chromium.org
mmocny@chromium.org
mmocny@chromium.org
mmocny@chromium.org
mmocny@chromium.org
mmocny@chromium.org
mmocny@chromium.org
mmocny@chromium.org
mmocny@chromium.org
mazda@chromium.org
mmocny@chromium.org
mmocny@chromium.org
mmocny@chromium.org
mmocny@chromium.org
mmocny@chromium.org
mmocny@chromium.org
mmocny@chromium.org
mmocny@chromium.org
mmocny@chromium.org
mmocny@chromium.org
mmocny@chromium.org
mmocny@chromium.org
mmocny@chromium.org
mmocny@chromium.org
mazda@chromium.org
backer@chromium.org
mmocny@chromium.org
mmocny@chromium.org
mmocny@chromium.org
mmocny@chromium.org
backer@chromium.org
backer@chromium.org
backer@chromium.org
backer@chromium.org
backer@chromium.org
backer@chromium.org
backer@chromium.org
backer@chromium.org
backer@chromium.org
backer@chromium.org
piman@chromium.org
backer@chromium.org
backer@chromium.org
ben@chromium.org
pkotwicz@chromium.org
pkotwicz@chromium.org
backer@chromium.org
ben@chromium.org
backer@chromium.org
backer@chromium.org
backer@chromium.org
backer@chromium.org
backer@chromium.org
backer@chromium.org
mmocny@chromium.org
mmocny@chromium.org
mmocny@chromium.org
mmocny@chromium.org
mmocny@chromium.org
mmocny@chromium.org
mmocny@chromium.org
mmocny@chromium.org
mmocny@chromium.org
backer@chromium.org
backer@chromium.org
backer@chromium.org
piman@chromium.org
mmocny@chromium.org
mmocny@chromium.org
mmocny@chromium.org
mmocny@chromium.org
mmocny@chromium.org
mazda@chromium.org
mmocny@chromium.org
mmocny@chromium.org
mmocny@chromium.org
mmocny@chromium.org
backer@chromium.org
backer@chromium.org
alexst@chromium.org
alexst@chromium.org
alexst@chromium.org
alexst@chromium.org
backer@chromium.org
thakis@chromium.org
backer@chromium.org
wjmaclean@google.com
backer@chromium.org
avi@chromium.org
backer@chromium.org
backer@chromium.org
piman@chromium.org
piman@chromium.org
mmocny@chromium.org
mmocny@chromium.org
mmocny@chromium.org
backer@chromium.org
piman@chromium.org
piman@chromium.org
piman@chromium.org
piman@chromium.org
mmocny@chromium.org
mmocny@chromium.org
mmocny@chromium.org
mmocny@chromium.org
mmocny@chromium.org
backer@chromium.org
backer@chromium.org
sail@chromium.org
mmocny@chromium.org
mmocny@chromium.org
mmocny@chromium.org
mmocny@chromium.org
mmocny@chromium.org
mmocny@chromium.org
mmocny@chromium.org
mmocny@chromium.org
mmocny@chromium.org
mmocny@chromium.org
mmocny@chromium.org
backer@chromium.org
backer@chromium.org
backer@chromium.org
backer@chromium.org
mmocny@chromium.org
mmocny@chromium.org
backer@chromium.org
mmocny@chromium.org
mmocny@chromium.org
backer@chromium.org
sievers@chromium.org
backer@chromium.org
backer@chromium.org
backer@chromium.org
backer@chromium.org
backer@chromium.org
piman@chromium.org
piman@chromium.org
piman@chromium.org
piman@chromium.org
piman@chromium.org
mmocny@chromium.org
mmocny@chromium.org
backer@chromium.org
backer@chromium.org
backer@chromium.org
piman@chromium.org
piman@chromium.org
piman@chromium.org
piman@chromium.org
piman@chromium.org
piman@chromium.org
piman@chromium.org
piman@chromium.org
piman@chromium.org
piman@chromium.org
piman@chromium.org
piman@chromium.org
piman@chromium.org
piman@chromium.org
piman@chromium.org
piman@chromium.org
piman@chromium.org
piman@chromium.org
piman@chromium.org
piman@chromium.org
piman@chromium.org
piman@chromium.org
piman@chromium.org
piman@chromium.org
piman@chromium.org
piman@chromium.org
piman@chromium.org
piman@chromium.org
piman@chromium.org
piman@chromium.org
piman@chromium.org
backer@chromium.org
backer@chromium.org
backer@chromium.org
piman@chromium.org
piman@chromium.org
piman@chromium.org
piman@chromium.org
piman@chromium.org
piman@chromium.org
piman@chromium.org
piman@chromium.org
piman@chromium.org
piman@chromium.org
piman@chromium.org
mmocny@chromium.org
mmocny@chromium.org
mmocny@chromium.org
mmocny@chromium.org
mmocny@chromium.org
mmocny@chromium.org
mmocny@chromium.org
mmocny@chromium.org
mmocny@chromium.org
mmocny@chromium.org
mmocny@chromium.org
mmocny@chromium.org
mmocny@chromium.org
mmocny@chromium.org
mmocny@chromium.org
mmocny@chromium.org
mmocny@chromium.org
mmocny@chromium.org
mmocny@chromium.org
mmocny@chromium.org
piman@chromium.org
piman@chromium.org
piman@chromium.org
backer@chromium.org
piman@chromium.org
piman@chromium.org
piman@chromium.org
piman@chromium.org
piman@chromium.org
piman@chromium.org
piman@chromium.org
piman@chromium.org
piman@chromium.org
piman@chromium.org
piman@chromium.org
mmocny@chromium.org
piman@chromium.org
piman@chromium.org
piman@chromium.org
piman@chromium.org
piman@chromium.org
mmocny@chromium.org
mmocny@chromium.org
mmocny@chromium.org
dtrainor@chromium.org
mmocny@chromium.org
mmocny@chromium.org
mmocny@chromium.org
mmocny@chromium.org
mmocny@chromium.org
mmocny@chromium.org
mmocny@chromium.org
mmocny@chromium.org
piman@chromium.org
piman@chromium.org
backer@chromium.org
piman@chromium.org
backer@chromium.org
mmocny@chromium.org
mmocny@chromium.org
mmocny@chromium.org
mmocny@chromium.org
mmocny@chromium.org
mmocny@chromium.org
backer@chromium.org
backer@chromium.org
backer@chromium.org
backer@chromium.org
jam@chromium.org
backer@chromium.org
backer@chromium.org
backer@chromium.org
backer@chromium.org
backer@chromium.org
jam@chromium.org
backer@chromium.org
backer@chromium.org
backer@chromium.org
backer@chromium.org
backer@chromium.org
backer@chromium.org
backer@chromium.org
backer@chromium.org
backer@chromium.org
backer@chromium.org
backer@chromium.org
backer@chromium.org
backer@chromium.org
backer@chromium.org
mmocny@chromium.org
mmocny@chromium.org
mmocny@chromium.org
dtrainor@chromium.org
mmocny@chromium.org
backer@chromium.org
mmocny@chromium.org
mmocny@chromium.org
mmocny@chromium.org
mmocny@chromium.org
mmocny@chromium.org
mmocny@chromium.org
mmocny@chromium.org
mmocny@chromium.org
mmocny@chromium.org
mmocny@chromium.org
mmocny@chromium.org
mmocny@chromium.org
mmocny@chromium.org
mmocny@chromium.org
dtrainor@chromium.org
mmocny@chromium.org
mmocny@chromium.org
mmocny@chromium.org
mmocny@chromium.org
mmocny@chromium.org
mmocny@chromium.org
backer@chromium.org
backer@chromium.org
backer@chromium.org
backer@chromium.org
backer@chromium.org
backer@chromium.org
backer@chromium.org
backer@chromium.org
backer@chromium.org
backer@chromium.org
backer@chromium.org
backer@chromium.org
backer@chromium.org
backer@chromium.org
backer@chromium.org
backer@chromium.org
backer@chromium.org
mmocny@chromium.org
mmocny@chromium.org
mmocny@chromium.org
mmocny@chromium.org
mmocny@chromium.org
mmocny@chromium.org
piman@chromium.org
piman@chromium.org
mmocny@chromium.org
piman@chromium.org
piman@chromium.org
mmocny@chromium.org
mmocny@chromium.org
piman@chromium.org
piman@chromium.org
piman@chromium.org
piman@chromium.org
piman@chromium.org
piman@chromium.org
jam@chromium.org
piman@chromium.org
piman@chromium.org
piman@chromium.org
piman@chromium.org
piman@chromium.org
piman@chromium.org
piman@chromium.org
piman@chromium.org
piman@chromium.org
piman@chromium.org
mmocny@chromium.org
piman@chromium.org
piman@chromium.org
piman@chromium.org
piman@chromium.org
piman@chromium.org
piman@chromium.org
piman@chromium.org
piman@chromium.org
piman@chromium.org
piman@chromium.org
piman@chromium.org
piman@chromium.org
piman@chromium.org
piman@chromium.org
piman@chromium.org
piman@chromium.org
piman@chromium.org
piman@chromium.org
piman@chromium.org
piman@chromium.org
jam@chromium.org
piman@chromium.org
piman@chromium.org
piman@chromium.org
piman@chromium.org
piman@chromium.org
piman@chromium.org
piman@chromium.org
mmocny@chromium.org
mmocny@chromium.org
piman@chromium.org
mmocny@chromium.org
piman@chromium.org
piman@chromium.org
piman@chromium.org
piman@chromium.org
piman@chromium.org
piman@chromium.org
piman@chromium.org
piman@chromium.org
piman@chromium.org
piman@chromium.org
piman@chromium.org
piman@chromium.org
piman@chromium.org
backer@chromium.org
backer@chromium.org
backer@chromium.org
backer@chromium.org
mmocny@chromium.org
mmocny@chromium.org
mmocny@chromium.org
piman@chromium.org
piman@chromium.org
piman@chromium.org
piman@chromium.org
piman@chromium.org
piman@chromium.org
piman@chromium.org
piman@chromium.org
piman@chromium.org
mmocny@chromium.org
piman@chromium.org
mmocny@chromium.org
backer@chromium.org
mmocny@chromium.org
piman@chromium.org
piman@chromium.org
piman@chromium.org
piman@chromium.org
backer@chromium.org
piman@chromium.org
piman@chromium.org
mmocny@chromium.org
mmocny@chromium.org
mmocny@chromium.org
piman@chromium.org
sievers@chromium.org
backer@chromium.org
backer@chromium.org
backer@chromium.org
sievers@chromium.org
sievers@chromium.org
apatrick@chromium.org
apatrick@chromium.org
apatrick@chromium.org
apatrick@chromium.org
apatrick@chromium.org
reveman@chromium.org
mukai@chromium.org
oshima@chromium.org
piman@chromium.org
piman@chromium.org
piman@chromium.org
piman@chromium.org
piman@chromium.org
piman@chromium.org
piman@chromium.org
piman@chromium.org
piman@chromium.org
piman@chromium.org
piman@chromium.org
piman@chromium.org
piman@chromium.org
