kbr@chromium.org
kbr@chromium.org
kbr@chromium.org
kbr@chromium.org
kbr@chromium.org
ynovikov@chromium.org
ynovikov@chromium.org
kbr@chromium.org
ynovikov@chromium.org
ynovikov@chromium.org
martiniss@chromium.org
martiniss@chromium.org
martiniss@chromium.org
martiniss@chromium.org
jmadill@chromium.org
ynovikov@chromium.org
ynovikov@chromium.org
ynovikov@chromium.org
ynovikov@chromium.org
kbr@chromium.org
kbr@chromium.org
kbr@chromium.org
ynovikov@chromium.org
geofflang@chromium.org
geofflang@chromium.org
ynovikov@chromium.org
