maruel@chromium.org
jochen@chromium.org
joi@chromium.org
avi@chromium.org
avi@chromium.org
avi@chromium.org
avi@chromium.org
avi@chromium.org
avi@chromium.org
avi@chromium.org
avi@chromium.org
avi@chromium.org
avi@chromium.org
avi@chromium.org
avi@chromium.org
avi@chromium.org
avi@chromium.org
avi@chromium.org
avi@chromium.org
avi@chromium.org
avi@chromium.org
avi@chromium.org
avi@chromium.org
jochen@chromium.org
avi@chromium.org
tomhudson@google.com
tomhudson@google.com
tomhudson@google.com
tomhudson@google.com
enne@chromium.org
enne@chromium.org
enne@chromium.org
enne@chromium.org
enne@chromium.org
enne@chromium.org
enne@chromium.org
enne@chromium.org
mark@chromium.org
mark@chromium.org
mark@chromium.org
mark@chromium.org
mark@chromium.org
jochen@chromium.org
rockot@chromium.org
jochen@chromium.org
skyostil@chromium.org
kinuko@chromium.org
skyostil@chromium.org
jam@chromium.org
jam@chromium.org
avi@chromium.org
dbeam@chromium.org
joi@chromium.org
joi@chromium.org
jchaffraix@chromium.org
jchaffraix@chromium.org
jchaffraix@chromium.org
jchaffraix@chromium.org
jchaffraix@chromium.org
jchaffraix@chromium.org
jchaffraix@chromium.org
jchaffraix@chromium.org
jchaffraix@chromium.org
jchaffraix@chromium.org
jchaffraix@chromium.org
jchaffraix@chromium.org
jchaffraix@chromium.org
jchaffraix@chromium.org
jchaffraix@chromium.org
jchaffraix@chromium.org
dbeam@chromium.org
dbeam@chromium.org
dbeam@chromium.org
joi@chromium.org
thestig@chromium.org
lliabraa@chromium.org
mlamouri@chromium.org
mlamouri@chromium.org
mlamouri@chromium.org
mlamouri@chromium.org
mlamouri@chromium.org
mlamouri@chromium.org
mlamouri@chromium.org
mlamouri@chromium.org
mlamouri@chromium.org
mlamouri@chromium.org
mlamouri@chromium.org
mlamouri@chromium.org
mlamouri@chromium.org
mlamouri@chromium.org
mostynb@opera.com
brettw@chromium.org
gregoryd@google.com
dcheng@chromium.org
rvargas@chromium.org
rvargas@chromium.org
dcheng@chromium.org
initial.commit
pkasting@chromium.org
dcheng@chromium.org
rsesek@chromium.org
rvargas@chromium.org
brettw@chromium.org
brettw@chromium.org
brettw@chromium.org
avi@chromium.org
brettw@chromium.org
alexeypa@chromium.org
alexeypa@chromium.org
vitalybuka@chromium.org
vitalybuka@chromium.org
rouslan@chromium.org
rvargas@chromium.org
dcheng@chromium.org
rvargas@chromium.org
hidehiko@chromium.org
hidehiko@chromium.org
olka@chromium.org
dcheng@chromium.org
rockot@chromium.org
rockot@chromium.org
dcheng@chromium.org
sleffler@chromium.org
cmasone@chromium.org
eero.hakkinen@intel.com
dcheng@chromium.org
dcheng@chromium.org
mcasas@chromium.org
mcasas@chromium.org
avi@chromium.org
jam@chromium.org
jam@chromium.org
dcheng@chromium.org
darin@chromium.org
yzshen@chromium.org
yzshen@chromium.org
yzshen@chromium.org
yzshen@chromium.org
yzshen@chromium.org
yzshen@chromium.org
yzshen@chromium.org
darin@chromium.org
blundell@chromium.org
dcheng@chromium.org
rockot@chromium.org
rockot@chromium.org
darin@chromium.org
dcheng@chromium.org
yzshen@chromium.org
yzshen@chromium.org
viettrungluu@chromium.org
viettrungluu@chromium.org
viettrungluu@chromium.org
dcheng@chromium.org
darin@chromium.org
darin@chromium.org
darin@chromium.org
darin@chromium.org
dcheng@chromium.org
erg@chromium.org
yzshen@chromium.org
yzshen@chromium.org
yzshen@chromium.org
yzshen@chromium.org
yzshen@chromium.org
jamesr@chromium.org
dcheng@chromium.org
darin@chromium.org
darin@chromium.org
darin@chromium.org
darin@chromium.org
dcheng@chromium.org
erg@chromium.org
dcheng@chromium.org
yzshen@chromium.org
yzshen@chromium.org
rockot@chromium.org
rockot@chromium.org
rockot@chromium.org
skyostil@chromium.org
sergeyu@chromium.org
dcheng@chromium.org
alexeypa@chromium.org
dcheng@chromium.org
pilgrim@chromium.org
pilgrim@chromium.org
pilgrim@chromium.org
dcheng@chromium.org
pilgrim@chromium.org
dcheng@chromium.org
dcheng@chromium.org
sievers@chromium.org
sievers@chromium.org
