skrul@chromium.org
skrul@chromium.org
skrul@chromium.org
skrul@chromium.org
skrul@chromium.org
skrul@chromium.org
skrul@chromium.org
skrul@chromium.org
skrul@chromium.org
skrul@chromium.org
skrul@chromium.org
skrul@chromium.org
skrul@chromium.org
skrul@chromium.org
skrul@chromium.org
skrul@chromium.org
zork@chromium.org
skrul@chromium.org
skrul@chromium.org
tim@chromium.org
tim@chromium.org
skrul@chromium.org
tim@chromium.org
tim@chromium.org
skrul@chromium.org
skrul@chromium.org
tim@chromium.org
tim@chromium.org
albertb@chromium.org
albertb@chromium.org
tim@chromium.org
johnnyg@chromium.org
tim@chromium.org
albertb@chromium.org
albertb@chromium.org
tim@chromium.org
albertb@chromium.org
skrul@chromium.org
zork@chromium.org
skrul@chromium.org
skrul@chromium.org
skrul@chromium.org
skrul@chromium.org
skrul@chromium.org
skrul@chromium.org
skrul@chromium.org
erg@google.com
skrul@chromium.org
skrul@chromium.org
skrul@chromium.org
skrul@chromium.org
skrul@chromium.org
skrul@chromium.org
skrul@chromium.org
johnnyg@chromium.org
johnnyg@chromium.org
johnnyg@chromium.org
johnnyg@chromium.org
akalin@chromium.org
nick@chromium.org
tim@chromium.org
tim@chromium.org
tim@chromium.org
tim@chromium.org
tim@chromium.org
tim@chromium.org
tim@chromium.org
tim@chromium.org
tim@chromium.org
tim@chromium.org
tim@chromium.org
tim@chromium.org
tim@chromium.org
tim@chromium.org
tim@chromium.org
tim@chromium.org
chron@chromium.org
tim@chromium.org
tim@chromium.org
tim@chromium.org
tim@chromium.org
tim@chromium.org
raz@chromium.org
raz@chromium.org
raz@chromium.org
johnnyg@chromium.org
tim@chromium.org
tim@chromium.org
zork@chromium.org
skrul@chromium.org
dantasse@chromium.org
skrul@chromium.org
skrul@chromium.org
albertb@chromium.org
tim@chromium.org
tim@chromium.org
tim@chromium.org
johnnyg@chromium.org
tim@chromium.org
tim@chromium.org
tim@chromium.org
johnnyg@chromium.org
johnnyg@chromium.org
tim@chromium.org
tim@chromium.org
tim@chromium.org
tim@chromium.org
tim@chromium.org
johnnyg@chromium.org
johnnyg@chromium.org
tim@chromium.org
albertb@chromium.org
albertb@chromium.org
albertb@chromium.org
albertb@chromium.org
albertb@chromium.org
albertb@chromium.org
albertb@chromium.org
albertb@chromium.org
johnnyg@chromium.org
johnnyg@chromium.org
johnnyg@chromium.org
tim@chromium.org
johnnyg@chromium.org
albertb@chromium.org
albertb@chromium.org
mnissler@chromium.org
zork@chromium.org
zork@chromium.org
tim@chromium.org
tim@chromium.org
tim@chromium.org
tim@chromium.org
tim@chromium.org
tim@chromium.org
tim@chromium.org
tim@chromium.org
zork@chromium.org
johnnyg@chromium.org
johnnyg@chromium.org
johnnyg@chromium.org
johnnyg@chromium.org
johnnyg@chromium.org
johnnyg@chromium.org
johnnyg@chromium.org
johnnyg@chromium.org
skrul@chromium.org
skrul@chromium.org
skrul@chromium.org
skrul@chromium.org
skrul@chromium.org
johnnyg@chromium.org
johnnyg@chromium.org
johnnyg@chromium.org
johnnyg@chromium.org
johnnyg@chromium.org
johnnyg@chromium.org
johnnyg@chromium.org
johnnyg@chromium.org
johnnyg@chromium.org
johnnyg@chromium.org
johnnyg@chromium.org
johnnyg@chromium.org
johnnyg@chromium.org
johnnyg@chromium.org
johnnyg@chromium.org
johnnyg@chromium.org
johnnyg@chromium.org
johnnyg@chromium.org
johnnyg@chromium.org
johnnyg@chromium.org
johnnyg@chromium.org
johnnyg@chromium.org
johnnyg@chromium.org
johnnyg@chromium.org
johnnyg@chromium.org
johnnyg@chromium.org
johnnyg@chromium.org
tim@chromium.org
tim@chromium.org
lipalani@chromium.org
lipalani@chromium.org
tim@chromium.org
tim@chromium.org
tim@chromium.org
tim@chromium.org
tim@chromium.org
tim@chromium.org
tim@chromium.org
tim@chromium.org
tim@chromium.org
tim@chromium.org
tim@chromium.org
tim@chromium.org
skrul@chromium.org
albertb@chromium.org
albertb@chromium.org
albertb@chromium.org
johnnyg@chromium.org
johnnyg@chromium.org
johnnyg@chromium.org
albertb@chromium.org
albertb@chromium.org
albertb@chromium.org
albertb@chromium.org
tim@chromium.org
tim@chromium.org
albertb@chromium.org
albertb@chromium.org
