eae@chromium.org
eae@chromium.org
eae@chromium.org
eae@chromium.org
eae@chromium.org
dsinclair@chromium.org
dsinclair@chromium.org
eae@chromium.org
eae@chromium.org
eae@chromium.org
eae@chromium.org
eae@chromium.org
dsinclair@chromium.org
dsinclair@chromium.org
eae@chromium.org
eae@chromium.org
eae@chromium.org
eae@chromium.org
wangxianzhu@chromium.org
jchaffraix@chromium.org
dsinclair@chromium.org
dsinclair@chromium.org
dsinclair@chromium.org
dsinclair@chromium.org
eae@chromium.org
eae@chromium.org
eae@chromium.org
eae@chromium.org
eae@chromium.org
eae@chromium.org
dsinclair@chromium.org
dsinclair@chromium.org
dsinclair@chromium.org
dsinclair@chromium.org
dsinclair@chromium.org
dsinclair@chromium.org
jchaffraix@chromium.org
dsinclair@chromium.org
jchaffraix@chromium.org
jchaffraix@chromium.org
dsinclair@chromium.org
jchaffraix@chromium.org
jsbell@chromium.org
jsbell@chromium.org
jsbell@chromium.org
jsbell@chromium.org
jsbell@chromium.org
jsbell@chromium.org
jsbell@chromium.org
jsbell@chromium.org
jsbell@chromium.org
jsbell@chromium.org
jsbell@chromium.org
jsbell@chromium.org
jsbell@chromium.org
jsbell@chromium.org
jsbell@chromium.org
jsbell@chromium.org
joelo@chromium.org
joelo@chromium.org
joelo@chromium.org
joelo@chromium.org
joelo@chromium.org
jsbell@chromium.org
jsbell@chromium.org
joelo@chromium.org
joelo@chromium.org
joelo@chromium.org
joelo@chromium.org
joelo@chromium.org
wangxianzhu@chromium.org
dsinclair@chromium.org
dsinclair@chromium.org
dsinclair@chromium.org
dsinclair@chromium.org
wangxianzhu@chromium.org
wangxianzhu@chromium.org
dsinclair@chromium.org
dsinclair@chromium.org
dsinclair@chromium.org
dsinclair@chromium.org
wangxianzhu@chromium.org
wangxianzhu@chromium.org
dsinclair@chromium.org
wangxianzhu@chromium.org
pdr@chromium.org
jchaffraix@chromium.org
dsinclair@chromium.org
dsinclair@chromium.org
dsinclair@chromium.org
dsinclair@chromium.org
wangxianzhu@chromium.org
pdr@chromium.org
pdr@chromium.org
pdr@chromium.org
pdr@chromium.org
pdr@chromium.org
dsinclair@chromium.org
dsinclair@chromium.org
dsinclair@chromium.org
dsinclair@chromium.org
dsinclair@chromium.org
dsinclair@chromium.org
jchaffraix@chromium.org
dsinclair@chromium.org
jchaffraix@chromium.org
jchaffraix@chromium.org
dsinclair@chromium.org
jchaffraix@chromium.org
eae@chromium.org
dsinclair@chromium.org
dsinclair@chromium.org
eae@chromium.org
eae@chromium.org
eae@chromium.org
eae@chromium.org
eae@chromium.org
dsinclair@chromium.org
dsinclair@chromium.org
eae@chromium.org
eae@chromium.org
eae@chromium.org
eae@chromium.org
wangxianzhu@chromium.org
jchaffraix@chromium.org
dsinclair@chromium.org
dsinclair@chromium.org
dsinclair@chromium.org
dsinclair@chromium.org
eae@chromium.org
eae@chromium.org
eae@chromium.org
eae@chromium.org
eae@chromium.org
eae@chromium.org
dsinclair@chromium.org
dsinclair@chromium.org
dsinclair@chromium.org
dsinclair@chromium.org
dsinclair@chromium.org
dsinclair@chromium.org
jchaffraix@chromium.org
dsinclair@chromium.org
jchaffraix@chromium.org
jchaffraix@chromium.org
dsinclair@chromium.org
jchaffraix@chromium.org
wangxianzhu@chromium.org
dsinclair@chromium.org
dsinclair@chromium.org
dstockwell@chromium.org
wangxianzhu@chromium.org
wangxianzhu@chromium.org
wangxianzhu@chromium.org
wangxianzhu@chromium.org
dsinclair@chromium.org
dsinclair@chromium.org
dstockwell@chromium.org
wangxianzhu@chromium.org
wangxianzhu@chromium.org
wangxianzhu@chromium.org
wangxianzhu@chromium.org
jchaffraix@chromium.org
dsinclair@chromium.org
dsinclair@chromium.org
dsinclair@chromium.org
dsinclair@chromium.org
wangxianzhu@chromium.org
wangxianzhu@chromium.org
wangxianzhu@chromium.org
wangxianzhu@chromium.org
wangxianzhu@chromium.org
wangxianzhu@chromium.org
dsinclair@chromium.org
dsinclair@chromium.org
dsinclair@chromium.org
dsinclair@chromium.org
dsinclair@chromium.org
dsinclair@chromium.org
jchaffraix@chromium.org
dsinclair@chromium.org
jchaffraix@chromium.org
jchaffraix@chromium.org
dsinclair@chromium.org
jchaffraix@chromium.org
