lushnikov@chromium.org
lushnikov@chromium.org
lushnikov@chromium.org
lushnikov@chromium.org
lushnikov@chromium.org
lushnikov@chromium.org
lushnikov@chromium.org
lushnikov@chromium.org
lushnikov@chromium.org
lushnikov@chromium.org
lushnikov@chromium.org
dgozman@chromium.org
dgozman@chromium.org
dgozman@chromium.org
dgozman@chromium.org
lushnikov@chromium.org
lushnikov@chromium.org
blink-reformat@chromium.org
lushnikov@chromium.org
lushnikov@chromium.org
blink-reformat@chromium.org
blink-reformat@chromium.org
lushnikov@chromium.org
blink-reformat@chromium.org
lushnikov@chromium.org
lushnikov@chromium.org
lushnikov@chromium.org
lushnikov@chromium.org
blink-reformat@chromium.org
blink-reformat@chromium.org
blink-reformat@chromium.org
blink-reformat@chromium.org
blink-reformat@chromium.org
lushnikov@chromium.org
lushnikov@chromium.org
lushnikov@chromium.org
lushnikov@chromium.org
blink-reformat@chromium.org
lushnikov@chromium.org
blink-reformat@chromium.org
lushnikov@chromium.org
lushnikov@chromium.org
lushnikov@chromium.org
horo@chromium.org
kinuko@chromium.org
horo@chromium.org
kinuko@chromium.org
lushnikov@chromium.org
lushnikov@chromium.org
horo@chromium.org
horo@chromium.org
lushnikov@chromium.org
lushnikov@chromium.org
lushnikov@chromium.org
lushnikov@chromium.org
lushnikov@chromium.org
lushnikov@chromium.org
lushnikov@chromium.org
