raymes@chromium.org
raymes@chromium.org
raymes@chromium.org
raymes@chromium.org
raymes@chromium.org
raymes@chromium.org
raymes@chromium.org
raymes@chromium.org
tsepez@chromium.org
initial.commit
tsepez@chromium.org
tsepez@chromium.org
jamescook@chromium.org
jamescook@chromium.org
jamescook@chromium.org
jamescook@chromium.org
jamescook@chromium.org
jamescook@chromium.org
jamescook@chromium.org
jamescook@chromium.org
jamescook@chromium.org
jamescook@chromium.org
jamescook@chromium.org
jamescook@chromium.org
sungmann.cho@navercorp.com
