lukasza@chromium.org
cem.kocagil@gmail.com
fdoray@chromium.org
fmeawad@chromium.org
fmeawad@chromium.org
lukasza@chromium.org
lukasza@chromium.org
lukasza@chromium.org
nasko@chromium.org
nasko@chromium.org
nasko@chromium.org
lukasza@chromium.org
alexmos@chromium.org
alexmos@chromium.org
alexmos@chromium.org
alexmos@chromium.org
alexmos@chromium.org
alexmos@chromium.org
lukasza@chromium.org
lukasza@chromium.org
lukasza@chromium.org
lukasza@chromium.org
lukasza@chromium.org
lukasza@chromium.org
nasko@chromium.org
nasko@chromium.org
nasko@chromium.org
dcheng@chromium.org
dcheng@chromium.org
dcheng@chromium.org
dcheng@chromium.org
nasko@chromium.org
ananta@chromium.org
nasko@chromium.org
nasko@chromium.org
nasko@chromium.org
ananta@chromium.org
nasko@chromium.org
nasko@chromium.org
nasko@chromium.org
nasko@chromium.org
nasko@chromium.org
nasko@chromium.org
nasko@chromium.org
nasko@chromium.org
nick@chromium.org
nasko@chromium.org
nasko@chromium.org
nasko@chromium.org
nasko@chromium.org
nasko@chromium.org
nasko@chromium.org
estade@chromium.org
ajwong@chromium.org
creis@chromium.org
estade@chromium.org
dcheng@chromium.org
dcheng@chromium.org
creis@chromium.org
dcheng@chromium.org
creis@chromium.org
creis@chromium.org
creis@chromium.org
calamity@chromium.org
creis@chromium.org
creis@chromium.org
creis@chromium.org
creis@chromium.org
estade@chromium.org
creis@chromium.org
creis@chromium.org
creis@chromium.org
creis@chromium.org
creis@chromium.org
dcheng@chromium.org
creis@chromium.org
creis@chromium.org
creis@chromium.org
creis@chromium.org
creis@chromium.org
fdoray@chromium.org
nasko@chromium.org
jam@chromium.org
creis@chromium.org
creis@chromium.org
creis@chromium.org
nick@chromium.org
creis@chromium.org
dcheng@chromium.org
dcheng@chromium.org
dcheng@chromium.org
dcheng@chromium.org
creis@chromium.org
creis@chromium.org
creis@chromium.org
creis@chromium.org
creis@chromium.org
