blink-reformat@chromium.org
haraken@chromium.org
mlippautz@chromium.org
mlippautz@chromium.org
mlippautz@chromium.org
mlippautz@chromium.org
mlippautz@chromium.org
mlippautz@chromium.org
mlippautz@chromium.org
mlippautz@chromium.org
mlippautz@chromium.org
mlippautz@chromium.org
mlippautz@chromium.org
mlippautz@chromium.org
mlippautz@chromium.org
mlippautz@chromium.org
mlippautz@chromium.org
mlippautz@chromium.org
mlippautz@chromium.org
haraken@chromium.org
blink-reformat@chromium.org
blink-reformat@chromium.org
hs1217.lee@samsung.com
hs1217.lee@samsung.com
mlippautz@chromium.org
mlippautz@chromium.org
mlippautz@chromium.org
mlippautz@chromium.org
blink-reformat@chromium.org
blink-reformat@chromium.org
tkent@chromium.org
blink-reformat@chromium.org
haraken@chromium.org
haraken@chromium.org
blink-reformat@chromium.org
palmer@chromium.org
palmer@chromium.org
palmer@chromium.org
mlippautz@chromium.org
mlippautz@chromium.org
mlippautz@chromium.org
mlippautz@chromium.org
mlippautz@chromium.org
mlippautz@chromium.org
mlippautz@chromium.org
mlippautz@chromium.org
mlippautz@chromium.org
mlippautz@chromium.org
mlippautz@chromium.org
mlippautz@chromium.org
mlippautz@chromium.org
mlippautz@chromium.org
mlippautz@chromium.org
mlippautz@chromium.org
blink-reformat@chromium.org
blink-reformat@chromium.org
blink-reformat@chromium.org
blink-reformat@chromium.org
sigbjornf@opera.com
keishi@chromium.org
keishi@chromium.org
keishi@chromium.org
keishi@chromium.org
blink-reformat@chromium.org
mlippautz@chromium.org
mlippautz@chromium.org
mlippautz@chromium.org
mlippautz@chromium.org
mlippautz@chromium.org
alph@chromium.org
alph@chromium.org
