fsamuel@chromium.org
fsamuel@chromium.org
fsamuel@chromium.org
fsamuel@chromium.org
fsamuel@chromium.org
hanxi@chromium.org
ericzeng@chromium.org
apacible@chromium.org
lazyboy@chromium.org
fsamuel@chromium.org
hanxi@chromium.org
fsamuel@chromium.org
fsamuel@chromium.org
fsamuel@chromium.org
fsamuel@chromium.org
fsamuel@chromium.org
fsamuel@chromium.org
fsamuel@chromium.org
fsamuel@chromium.org
fsamuel@chromium.org
fsamuel@chromium.org
fsamuel@chromium.org
fsamuel@chromium.org
fsamuel@chromium.org
fsamuel@chromium.org
fsamuel@chromium.org
fsamuel@chromium.org
fsamuel@chromium.org
fsamuel@chromium.org
fsamuel@chromium.org
fsamuel@chromium.org
fsamuel@chromium.org
fsamuel@chromium.org
fsamuel@chromium.org
fsamuel@chromium.org
fsamuel@chromium.org
fsamuel@chromium.org
fsamuel@chromium.org
fsamuel@chromium.org
fsamuel@chromium.org
fsamuel@chromium.org
fsamuel@chromium.org
hanxi@chromium.org
ericzeng@chromium.org
apacible@chromium.org
lazyboy@chromium.org
fsamuel@chromium.org
hanxi@chromium.org
fsamuel@chromium.org
hanxi@chromium.org
fsamuel@chromium.org
fsamuel@chromium.org
fsamuel@chromium.org
fsamuel@chromium.org
fsamuel@chromium.org
fsamuel@chromium.org
fsamuel@chromium.org
fsamuel@chromium.org
fsamuel@chromium.org
fsamuel@chromium.org
fsamuel@chromium.org
fsamuel@chromium.org
