dhollowa@chromium.org
dhollowa@chromium.org
dhollowa@chromium.org
ben@chromium.org
dhollowa@chromium.org
ben@chromium.org
ananta@chromium.org
jam@chromium.org
dhollowa@chromium.org
ben@chromium.org
ananta@chromium.org
jam@chromium.org
dhollowa@chromium.org
ben@chromium.org
ananta@chromium.org
jam@chromium.org
dhollowa@chromium.org
isherman@chromium.org
isherman@chromium.org
ananta@chromium.org
jam@chromium.org
isherman@chromium.org
isherman@chromium.org
ananta@chromium.org
jam@chromium.org
isherman@chromium.org
isherman@chromium.org
ananta@chromium.org
jam@chromium.org
isherman@chromium.org
isherman@chromium.org
ananta@chromium.org
jam@chromium.org
isherman@chromium.org
isherman@chromium.org
ananta@chromium.org
jam@chromium.org
isherman@chromium.org
isherman@chromium.org
ananta@chromium.org
jam@chromium.org
jam@chromium.org
jam@chromium.org
jam@chromium.org
jam@chromium.org
jam@chromium.org
isherman@chromium.org
jam@chromium.org
jam@chromium.org
jam@chromium.org
jam@chromium.org
jam@chromium.org
