msarda@chromium.org
droger@chromium.org
msarda@chromium.org
dcheng@chromium.org
rmcelrath@chromium.org
jcivelli@google.com
jcivelli@google.com
msarda@chromium.org
droger@chromium.org
dcheng@chromium.org
rogerta@chromium.org
gogerald@chromium.org
fgorski@chromium.org
fgorski@chromium.org
msarda@chromium.org
droger@chromium.org
droger@chromium.org
droger@chromium.org
blundell@chromium.org
msarda@chromium.org
msarda@chromium.org
droger@chromium.org
droger@chromium.org
droger@chromium.org
valeriyas@google.com
valeriyas@google.com
droger@chromium.org
valeriyas@google.com
fgorski@chromium.org
droger@chromium.org
bcwhite@chromium.org
bcwhite@chromium.org
bcwhite@chromium.org
gogerald@chromium.org
gogerald@chromium.org
gogerald@chromium.org
gogerald@chromium.org
gogerald@chromium.org
droger@chromium.org
droger@chromium.org
droger@chromium.org
droger@chromium.org
msarda@chromium.org
msarda@chromium.org
msarda@chromium.org
tangltom@chromium.org
msarda@chromium.org
droger@chromium.org
msarda@chromium.org
msarda@chromium.org
msarda@chromium.org
msarda@chromium.org
msarda@chromium.org
msarda@chromium.org
msarda@chromium.org
msarda@chromium.org
msarda@chromium.org
msarda@chromium.org
msarda@chromium.org
msarda@chromium.org
msarda@chromium.org
msarda@chromium.org
msarda@chromium.org
msarda@chromium.org
msarda@chromium.org
valeriyas@google.com
valeriyas@google.com
msarda@chromium.org
droger@chromium.org
droger@chromium.org
rogerta@chromium.org
msarda@chromium.org
droger@chromium.org
msarda@chromium.org
fgorski@chromium.org
rogerta@chromium.org
msarda@chromium.org
msarda@chromium.org
droger@chromium.org
rogerta@chromium.org
gogerald@chromium.org
gogerald@chromium.org
gogerald@chromium.org
gogerald@chromium.org
gogerald@chromium.org
gogerald@chromium.org
fgorski@chromium.org
davidroche@chromium.org
gogerald@chromium.org
gogerald@chromium.org
msarda@chromium.org
gogerald@chromium.org
msarda@chromium.org
