kaznacheev@chromium.org
dgozman@chromium.org
dgozman@chromium.org
dgozman@chromium.org
pfeldman@chromium.org
pfeldman@chromium.org
mitchellwrosen@chromium.org
mitchellwrosen@chromium.org
cpu@chromium.org
dgozman@chromium.org
kozyatinskiy@chromium.org
dgozman@chromium.org
dgozman@chromium.org
dgozman@chromium.org
dgozman@chromium.org
dgozman@chromium.org
dgozman@chromium.org
dgozman@chromium.org
pfeldman@chromium.org
pfeldman@chromium.org
pfeldman@chromium.org
kaznacheev@chromium.org
pfeldman@chromium.org
dgozman@chromium.org
dgozman@chromium.org
dgozman@chromium.org
kaznacheev@chromium.org
dgozman@chromium.org
dgozman@chromium.org
dgozman@chromium.org
dgozman@chromium.org
dgozman@chromium.org
dgozman@chromium.org
dgozman@chromium.org
dgozman@chromium.org
dgozman@chromium.org
