dpapad@chromium.org
dpapad@chromium.org
dpapad@chromium.org
dpapad@chromium.org
calamity@chromium.org
calamity@chromium.org
calamity@chromium.org
dpapad@chromium.org
dpapad@chromium.org
dpapad@chromium.org
dpapad@chromium.org
dpapad@chromium.org
dbeam@chromium.org
dpapad@chromium.org
dpapad@chromium.org
dpapad@chromium.org
dpapad@chromium.org
dpapad@chromium.org
dpapad@chromium.org
imcheng@chromium.org
dpapad@chromium.org
dbeam@chromium.org
dbeam@chromium.org
dbeam@chromium.org
dpapad@chromium.org
dbeam@chromium.org
michaelpg@chromium.org
dpapad@chromium.org
dpapad@chromium.org
michaelpg@chromium.org
michaelpg@chromium.org
michaelpg@chromium.org
dpapad@chromium.org
dpapad@chromium.org
dbeam@chromium.org
dbeam@chromium.org
dbeam@chromium.org
dbeam@chromium.org
dbeam@chromium.org
dpapad@chromium.org
dpapad@chromium.org
dschuyler@chromium.org
dschuyler@chromium.org
dbeam@chromium.org
dpapad@chromium.org
dpapad@chromium.org
dpapad@chromium.org
dpapad@chromium.org
dbeam@chromium.org
dbeam@chromium.org
dpapad@chromium.org
dbeam@chromium.org
dbeam@chromium.org
tsergeant@chromium.org
dschuyler@chromium.org
dbeam@chromium.org
dbeam@chromium.org
dbeam@chromium.org
dbeam@chromium.org
dbeam@chromium.org
dbeam@chromium.org
dbeam@chromium.org
dbeam@chromium.org
dschuyler@chromium.org
tsergeant@chromium.org
dschuyler@chromium.org
dpapad@chromium.org
dpapad@chromium.org
dschuyler@chromium.org
dpapad@chromium.org
dpapad@chromium.org
dpapad@chromium.org
dpapad@chromium.org
dpapad@chromium.org
dbeam@chromium.org
dbeam@chromium.org
dpapad@chromium.org
dpapad@chromium.org
dpapad@chromium.org
dpapad@chromium.org
dpapad@chromium.org
dpapad@chromium.org
dpapad@chromium.org
dpapad@chromium.org
dpapad@chromium.org
dpapad@chromium.org
dpapad@chromium.org
dpapad@chromium.org
dpapad@chromium.org
dpapad@chromium.org
dpapad@chromium.org
dpapad@chromium.org
dschuyler@chromium.org
dbeam@chromium.org
dschuyler@chromium.org
dpapad@chromium.org
dbeam@chromium.org
dbeam@chromium.org
dbeam@chromium.org
dbeam@chromium.org
dbeam@chromium.org
dbeam@chromium.org
dbeam@chromium.org
dbeam@chromium.org
dbeam@chromium.org
dbeam@chromium.org
dpapad@chromium.org
dbeam@chromium.org
dpapad@chromium.org
dbeam@chromium.org
dpapad@chromium.org
dbeam@chromium.org
dbeam@chromium.org
dbeam@chromium.org
dbeam@chromium.org
dbeam@chromium.org
dbeam@chromium.org
dbeam@chromium.org
dbeam@chromium.org
dbeam@chromium.org
dbeam@chromium.org
dpapad@chromium.org
dpapad@chromium.org
dpapad@chromium.org
dpapad@chromium.org
dpapad@chromium.org
dpapad@chromium.org
dpapad@chromium.org
dpapad@chromium.org
dpapad@chromium.org
dpapad@chromium.org
dpapad@chromium.org
dbeam@chromium.org
dpapad@chromium.org
dpapad@chromium.org
dpapad@chromium.org
dpapad@chromium.org
dpapad@chromium.org
dpapad@chromium.org
dpapad@chromium.org
oka@chromium.org
oka@chromium.org
dpapad@chromium.org
oka@chromium.org
dpapad@chromium.org
dpapad@chromium.org
oka@chromium.org
dpapad@chromium.org
dpapad@chromium.org
dpapad@chromium.org
dpapad@chromium.org
jlklein@chromium.org
dbeam@chromium.org
dpapad@chromium.org
jlklein@chromium.org
jlklein@chromium.org
dpapad@chromium.org
michaelpg@chromium.org
dbeam@chromium.org
dbeam@chromium.org
dbeam@chromium.org
dpapad@chromium.org
dpapad@chromium.org
dpapad@chromium.org
dpapad@chromium.org
dpapad@chromium.org
dpapad@chromium.org
dpapad@chromium.org
dpapad@chromium.org
dpapad@chromium.org
dpapad@chromium.org
oka@chromium.org
oka@chromium.org
dpapad@chromium.org
dpapad@chromium.org
michaelpg@chromium.org
michaelpg@chromium.org
oka@chromium.org
dpapad@chromium.org
dpapad@chromium.org
dpapad@chromium.org
dpapad@chromium.org
dpapad@chromium.org
michaelpg@chromium.org
dpapad@chromium.org
dpapad@chromium.org
michaelpg@chromium.org
dpapad@chromium.org
dpapad@chromium.org
dpapad@chromium.org
dpapad@chromium.org
dpapad@chromium.org
dpapad@chromium.org
dpapad@chromium.org
dpapad@chromium.org
dpapad@chromium.org
dpapad@chromium.org
dpapad@chromium.org
dpapad@chromium.org
dpapad@chromium.org
dpapad@chromium.org
