kuan@chromium.org
kuan@chromium.org
ben@chromium.org
ben@chromium.org
ben@chromium.org
ben@chromium.org
sky@chromium.org
sky@chromium.org
estade@chromium.org
estade@chromium.org
estade@chromium.org
estade@chromium.org
estade@chromium.org
estade@chromium.org
sky@chromium.org
estade@chromium.org
estade@chromium.org
estade@chromium.org
initial.commit
sky@chromium.org
sky@chromium.org
sky@chromium.org
sky@chromium.org
jcampan@chromium.org
jcampan@chromium.org
kuan@chromium.org
ben@chromium.org
jcampan@chromium.org
jcampan@chromium.org
jcampan@chromium.org
ben@chromium.org
jcampan@chromium.org
