jamesr@chromium.org
jamesr@chromium.org
jamesr@chromium.org
jamesr@chromium.org
jamesr@chromium.org
jamesr@chromium.org
aberent@chromium.org
aberent@chromium.org
aberent@chromium.org
kristianm@chromium.org
kristianm@chromium.org
kristianm@chromium.org
bulach@chromium.org
bulach@chromium.org
bulach@chromium.org
petrcermak@chromium.org
petrcermak@chromium.org
petrcermak@chromium.org
aberent@chromium.org
aberent@chromium.org
aberent@chromium.org
aberent@chromium.org
aberent@chromium.org
sievers@chromium.org
agl@chromium.org
agl@chromium.org
agl@chromium.org
erikwright@chromium.org
brettw@chromium.org
brettw@chromium.org
brettw@chromium.org
davemoore@chromium.org
davemoore@chromium.org
davemoore@chromium.org
msarda@chromium.org
msarda@chromium.org
msarda@chromium.org
oshima@google.com
oshima@google.com
oshima@google.com
hajimehoshi@chromium.org
estade@chromium.org
mark@chromium.org
mark@chromium.org
mark@chromium.org
rsesek@chromium.org
rsesek@chromium.org
rsesek@chromium.org
bulach@chromium.org
thakis@chromium.org
bulach@chromium.org
brettw@chromium.org
brettw@chromium.org
brettw@chromium.org
brettw@chromium.org
jschuh@chromium.org
jschuh@chromium.org
jschuh@chromium.org
jschuh@chromium.org
jschuh@chromium.org
jschuh@chromium.org
jschuh@chromium.org
jschuh@chromium.org
jschuh@chromium.org
jschuh@chromium.org
jschuh@chromium.org
jschuh@chromium.org
jschuh@chromium.org
jschuh@chromium.org
jschuh@chromium.org
jschuh@chromium.org
jschuh@chromium.org
jschuh@chromium.org
jschuh@chromium.org
jhawkins@chromium.org
jhawkins@chromium.org
jhawkins@chromium.org
rsesek@chromium.org
rsesek@chromium.org
rsesek@chromium.org
rsesek@chromium.org
rsesek@chromium.org
rsesek@chromium.org
thakis@chromium.org
dbeam@chromium.org
dbeam@chromium.org
dbeam@chromium.org
francoisk777@gmail.com
francoisk777@gmail.com
francoisk777@gmail.com
francoisk777@gmail.com
francoisk777@gmail.com
francoisk777@gmail.com
akalin@chromium.org
akalin@chromium.org
akalin@chromium.org
akalin@chromium.org
akalin@chromium.org
akalin@chromium.org
akalin@chromium.org
rogerta@chromium.org
rogerta@chromium.org
rogerta@chromium.org
akalin@chromium.org
akalin@chromium.org
akalin@chromium.org
akalin@chromium.org
akalin@chromium.org
akalin@chromium.org
akalin@chromium.org
akalin@chromium.org
akalin@chromium.org
akalin@chromium.org
akalin@chromium.org
akalin@chromium.org
ellyjones@chromium.org
ssid@chromium.org
ssid@chromium.org
darin@google.com
brettw@chromium.org
brettw@chromium.org
jschuh@chromium.org
jschuh@chromium.org
