brettw@chromium.org
sky@google.com
evan@chromium.org
initial.commit
pkasting@chromium.org
initial.commit
initial.commit
initial.commit
tfarina@chromium.org
initial.commit
erg@chromium.org
erg@chromium.org
erg@chromium.org
erg@chromium.org
erg@chromium.org
erg@chromium.org
erg@chromium.org
erg@chromium.org
erg@chromium.org
erg@chromium.org
initial.commit
initial.commit
erg@chromium.org
erg@chromium.org
erg@chromium.org
erg@chromium.org
mpearson@chromium.org
mpearson@chromium.org
mpearson@chromium.org
mpearson@chromium.org
mpearson@chromium.org
mpearson@chromium.org
mpearson@chromium.org
mpearson@chromium.org
mpearson@chromium.org
mpearson@chromium.org
mpearson@chromium.org
mpearson@chromium.org
mpearson@chromium.org
mpearson@chromium.org
mpearson@chromium.org
mpearson@chromium.org
mpearson@chromium.org
mpearson@chromium.org
mpearson@chromium.org
mpearson@chromium.org
mpearson@chromium.org
mpearson@chromium.org
mpearson@chromium.org
erg@chromium.org
mrossetti@chromium.org
mrossetti@chromium.org
erg@chromium.org
erg@chromium.org
mpearson@chromium.org
mpearson@chromium.org
mpearson@chromium.org
mpearson@chromium.org
msw@chromium.org
msw@chromium.org
msw@chromium.org
msw@chromium.org
msw@chromium.org
msw@chromium.org
msw@chromium.org
msw@chromium.org
msw@chromium.org
msw@chromium.org
msw@chromium.org
msw@chromium.org
erg@chromium.org
erg@chromium.org
erg@chromium.org
erg@chromium.org
pkasting@chromium.org
avi@chromium.org
avi@chromium.org
pkasting@chromium.org
pkasting@chromium.org
pkasting@chromium.org
pkasting@chromium.org
pkasting@chromium.org
pkasting@chromium.org
pkasting@chromium.org
sky@google.com
sky@google.com
sky@google.com
sky@google.com
sky@google.com
sky@google.com
sky@google.com
sky@google.com
sky@google.com
sky@google.com
sky@google.com
sky@google.com
sky@google.com
sky@google.com
initial.commit
levin@chromium.org
initial.commit
initial.commit
mpearson@chromium.org
initial.commit
initial.commit
initial.commit
initial.commit
initial.commit
initial.commit
initial.commit
initial.commit
initial.commit
initial.commit
initial.commit
initial.commit
initial.commit
initial.commit
pkasting@chromium.org
initial.commit
initial.commit
initial.commit
initial.commit
initial.commit
initial.commit
initial.commit
pkasting@chromium.org
initial.commit
initial.commit
initial.commit
jamesr@chromium.org
jamesr@chromium.org
erg@chromium.org
initial.commit
initial.commit
initial.commit
initial.commit
erg@chromium.org
initial.commit
initial.commit
pkasting@chromium.org
pkasting@chromium.org
initial.commit
pkasting@chromium.org
pkasting@chromium.org
initial.commit
initial.commit
initial.commit
initial.commit
initial.commit
initial.commit
initial.commit
initial.commit
initial.commit
tfarina@chromium.org
initial.commit
pkasting@chromium.org
initial.commit
initial.commit
mpcomplete@chromium.org
mpcomplete@chromium.org
erg@chromium.org
initial.commit
initial.commit
initial.commit
initial.commit
initial.commit
initial.commit
initial.commit
initial.commit
mpearson@chromium.org
mpearson@chromium.org
mpearson@chromium.org
initial.commit
initial.commit
initial.commit
pkasting@chromium.org
pkasting@chromium.org
initial.commit
erg@chromium.org
initial.commit
mpearson@chromium.org
mpearson@chromium.org
mpearson@chromium.org
mpearson@chromium.org
mpearson@chromium.org
mpearson@chromium.org
msw@chromium.org
msw@chromium.org
msw@chromium.org
msw@chromium.org
msw@chromium.org
msw@chromium.org
msw@chromium.org
sky@chromium.org
sky@chromium.org
sky@chromium.org
tfarina@chromium.org
tfarina@chromium.org
tfarina@chromium.org
tfarina@chromium.org
tfarina@chromium.org
initial.commit
initial.commit
hclam@chromium.org
hclam@chromium.org
hclam@chromium.org
hclam@chromium.org
pkasting@chromium.org
avi@chromium.org
pkasting@chromium.org
sky@google.com
sky@google.com
sky@google.com
sky@google.com
initial.commit
initial.commit
initial.commit
initial.commit
initial.commit
initial.commit
initial.commit
initial.commit
initial.commit
mpearson@chromium.org
initial.commit
initial.commit
tfarina@chromium.org
initial.commit
initial.commit
initial.commit
initial.commit
pkasting@chromium.org
initial.commit
pkasting@chromium.org
initial.commit
initial.commit
initial.commit
pkasting@chromium.org
pkasting@chromium.org
pkasting@chromium.org
msw@chromium.org
msw@chromium.org
msw@chromium.org
finnur@chromium.org
finnur@chromium.org
finnur@chromium.org
finnur@chromium.org
dominich@chromium.org
erg@google.com
mrossetti@chromium.org
mrossetti@chromium.org
mrossetti@chromium.org
initial.commit
initial.commit
initial.commit
mrossetti@chromium.org
mrossetti@chromium.org
mrossetti@chromium.org
mrossetti@chromium.org
mrossetti@chromium.org
mrossetti@chromium.org
mrossetti@chromium.org
mrossetti@chromium.org
scherkus@chromium.org
scherkus@chromium.org
scherkus@chromium.org
isherman@chromium.org
pkasting@chromium.org
pkasting@chromium.org
initial.commit
msw@chromium.org
isherman@chromium.org
isherman@chromium.org
initial.commit
initial.commit
isherman@chromium.org
initial.commit
initial.commit
initial.commit
initial.commit
initial.commit
initial.commit
mpcomplete@chromium.org
initial.commit
erg@google.com
initial.commit
erg@google.com
erg@google.com
sky@chromium.org
sky@chromium.org
sky@chromium.org
sky@chromium.org
georgey@chromium.org
georgey@chromium.org
georgey@chromium.org
georgey@chromium.org
georgey@chromium.org
georgey@chromium.org
georgey@chromium.org
georgey@chromium.org
georgey@chromium.org
georgey@chromium.org
georgey@chromium.org
georgey@chromium.org
scherkus@chromium.org
scherkus@chromium.org
scherkus@chromium.org
scherkus@chromium.org
scherkus@chromium.org
scherkus@chromium.org
scherkus@chromium.org
scherkus@chromium.org
