yosin@chromium.org
yosin@chromium.org
yosin@chromium.org
yosin@chromium.org
blink-reformat@chromium.org
yosin@chromium.org
blink-reformat@chromium.org
yosin@chromium.org
yosin@chromium.org
yosin@chromium.org
yosin@chromium.org
yosin@chromium.org
yosin@chromium.org
yosin@chromium.org
blink-reformat@chromium.org
blink-reformat@chromium.org
yosin@chromium.org
yosin@chromium.org
blink-reformat@chromium.org
yosin@chromium.org
yosin@chromium.org
yosin@chromium.org
yosin@chromium.org
amaralp@chromium.org
amaralp@chromium.org
yosin@chromium.org
yosin@chromium.org
yosin@chromium.org
blink-reformat@chromium.org
blink-reformat@chromium.org
blink-reformat@chromium.org
yosin@chromium.org
blink-reformat@chromium.org
dcheng@chromium.org
blink-reformat@chromium.org
yosin@chromium.org
yosin@chromium.org
yosin@chromium.org
yosin@chromium.org
yosin@chromium.org
blink-reformat@chromium.org
blink-reformat@chromium.org
yosin@chromium.org
yosin@chromium.org
yosin@chromium.org
yosin@chromium.org
yosin@chromium.org
yosin@chromium.org
yosin@chromium.org
yosin@chromium.org
tkent@chromium.org
yosin@chromium.org
blink-reformat@chromium.org
blink-reformat@chromium.org
blink-reformat@chromium.org
yosin@chromium.org
yosin@chromium.org
yosin@chromium.org
yosin@chromium.org
yosin@chromium.org
yosin@chromium.org
yosin@chromium.org
