dbeam@chromium.org
rdevlin.cronin@chromium.org
johntlee@chromium.org
johntlee@chromium.org
johntlee@chromium.org
johntlee@chromium.org
rbpotter@chromium.org
rbpotter@chromium.org
johntlee@chromium.org
johntlee@chromium.org
dpapad@chromium.org
dpapad@chromium.org
dpapad@chromium.org
dpapad@chromium.org
dpapad@chromium.org
dpapad@chromium.org
rbpotter@chromium.org
dullweber@chromium.org
dullweber@chromium.org
dbeam@chromium.org
dbeam@chromium.org
dbeam@chromium.org
dschuyler@chromium.org
aee@chromium.org
dbeam@chromium.org
dullweber@chromium.org
scottchen@chromium.org
aee@chromium.org
obrufau@igalia.com
obrufau@igalia.com
aee@chromium.org
dschuyler@chromium.org
dbeam@chromium.org
dbeam@chromium.org
aee@chromium.org
dschuyler@chromium.org
scottchen@chromium.org
dschuyler@chromium.org
tommycli@chromium.org
aee@chromium.org
rbpotter@chromium.org
rbpotter@chromium.org
johntlee@chromium.org
johntlee@chromium.org
dpapad@chromium.org
dpapad@chromium.org
