dimich@chromium.org
romax@chromium.org
fgorski@chromium.org
romax@chromium.org
romax@chromium.org
fgorski@chromium.org
petewil@chromium.org
chili@chromium.org
chili@chromium.org
chili@chromium.org
chili@chromium.org
petewil@chromium.org
petewil@chromium.org
chili@chromium.org
chili@chromium.org
romax@chromium.org
chili@chromium.org
chili@chromium.org
collinbaker@google.com
collinbaker@google.com
collinbaker@google.com
jbroman@chromium.org
collinbaker@google.com
collinbaker@google.com
jbroman@chromium.org
collinbaker@google.com
cm.sanchi@samsung.com
jbroman@chromium.org
collinbaker@google.com
collinbaker@google.com
collinbaker@google.com
collinbaker@google.com
petewil@chromium.org
carlosk@chromium.org
carlosk@chromium.org
chili@chromium.org
chili@chromium.org
chili@chromium.org
chili@chromium.org
romax@chromium.org
fgorski@chromium.org
fgorski@chromium.org
fgorski@chromium.org
jianli@chromium.org
jianli@chromium.org
jianli@chromium.org
chili@chromium.org
chili@chromium.org
chili@chromium.org
chili@chromium.org
chili@chromium.org
chili@chromium.org
chili@chromium.org
chili@chromium.org
dimich@chromium.org
chili@chromium.org
chili@chromium.org
chili@chromium.org
chili@chromium.org
chili@chromium.org
chili@chromium.org
chili@chromium.org
chili@chromium.org
chili@chromium.org
