Yukawa@chromium.org
Yukawa@chromium.org
Yukawa@chromium.org
Yukawa@chromium.org
Yukawa@chromium.org
Yukawa@chromium.org
Yukawa@chromium.org
Yukawa@chromium.org
Yukawa@chromium.org
Yukawa@chromium.org
Yukawa@chromium.org
Yukawa@chromium.org
Yukawa@chromium.org
Yukawa@chromium.org
Yukawa@chromium.org
Yukawa@chromium.org
kevers@chromium.org
kevers@chromium.org
kevers@chromium.org
kevers@chromium.org
kevers@chromium.org
kevers@chromium.org
Yukawa@chromium.org
Yukawa@chromium.org
Yukawa@chromium.org
nona@chromium.org
yusukes@chromium.org
yusukes@chromium.org
yusukes@chromium.org
yusukes@chromium.org
yusukes@chromium.org
yusukes@chromium.org
yusukes@chromium.org
nona@chromium.org
nona@chromium.org
nona@chromium.org
nona@chromium.org
nona@chromium.org
nona@chromium.org
nona@chromium.org
nona@chromium.org
nona@chromium.org
nona@chromium.org
nona@chromium.org
nona@chromium.org
nona@chromium.org
nona@chromium.org
ben@chromium.org
ben@chromium.org
nona@chromium.org
nona@chromium.org
nona@chromium.org
nona@chromium.org
nona@chromium.org
ben@chromium.org
nona@chromium.org
nona@chromium.org
nona@chromium.org
nona@chromium.org
nona@chromium.org
nona@chromium.org
nona@chromium.org
nona@chromium.org
nona@chromium.org
nona@chromium.org
nona@chromium.org
nona@chromium.org
nona@chromium.org
nona@chromium.org
nona@chromium.org
nona@chromium.org
nona@chromium.org
nona@chromium.org
nona@chromium.org
nona@chromium.org
nona@chromium.org
nona@chromium.org
nona@chromium.org
nona@chromium.org
nona@chromium.org
nona@chromium.org
Yukawa@chromium.org
Yukawa@chromium.org
Yukawa@chromium.org
Yukawa@chromium.org
Yukawa@chromium.org
Yukawa@chromium.org
Yukawa@chromium.org
Yukawa@chromium.org
Yukawa@chromium.org
Yukawa@chromium.org
Yukawa@chromium.org
Yukawa@chromium.org
Yukawa@chromium.org
Yukawa@chromium.org
Yukawa@chromium.org
Yukawa@chromium.org
Yukawa@chromium.org
Yukawa@chromium.org
Yukawa@chromium.org
Yukawa@chromium.org
yoichio@chromium.org
Yukawa@chromium.org
Yukawa@chromium.org
Yukawa@chromium.org
yukishiino@chromium.org
yukishiino@chromium.org
yukishiino@chromium.org
yukishiino@chromium.org
yukishiino@chromium.org
yukishiino@chromium.org
yukishiino@chromium.org
