newt@chromium.org
newt@chromium.org
newt@chromium.org
newt@chromium.org
newt@chromium.org
newt@chromium.org
newt@chromium.org
newt@chromium.org
newt@chromium.org
newt@chromium.org
newt@chromium.org
bauerb@chromium.org
newt@chromium.org
newt@chromium.org
newt@chromium.org
newt@chromium.org
newt@chromium.org
tedchoc@chromium.org
newt@chromium.org
newt@chromium.org
khushalsagar@chromium.org
khushalsagar@chromium.org
khushalsagar@chromium.org
khushalsagar@chromium.org
newt@chromium.org
newt@chromium.org
newt@chromium.org
newt@chromium.org
newt@chromium.org
newt@chromium.org
newt@chromium.org
newt@chromium.org
newt@chromium.org
newt@chromium.org
newt@chromium.org
newt@chromium.org
newt@chromium.org
newt@chromium.org
newt@chromium.org
newt@chromium.org
newt@chromium.org
newt@chromium.org
newt@chromium.org
newt@chromium.org
newt@chromium.org
newt@chromium.org
newt@chromium.org
newt@chromium.org
newt@chromium.org
newt@chromium.org
newt@chromium.org
newt@chromium.org
newt@chromium.org
newt@chromium.org
newt@chromium.org
newt@chromium.org
newt@chromium.org
newt@chromium.org
newt@chromium.org
mdjones@chromium.org
newt@chromium.org
newt@chromium.org
newt@chromium.org
newt@chromium.org
newt@chromium.org
newt@chromium.org
newt@chromium.org
newt@chromium.org
newt@chromium.org
newt@chromium.org
newt@chromium.org
newt@chromium.org
newt@chromium.org
newt@chromium.org
newt@chromium.org
newt@chromium.org
newt@chromium.org
newt@chromium.org
newt@chromium.org
newt@chromium.org
newt@chromium.org
newt@chromium.org
newt@chromium.org
newt@chromium.org
newt@chromium.org
newt@chromium.org
newt@chromium.org
newt@chromium.org
newt@chromium.org
newt@chromium.org
newt@chromium.org
newt@chromium.org
newt@chromium.org
khushalsagar@chromium.org
khushalsagar@chromium.org
newt@chromium.org
newt@chromium.org
newt@chromium.org
newt@chromium.org
newt@chromium.org
newt@chromium.org
newt@chromium.org
newt@chromium.org
newt@chromium.org
newt@chromium.org
newt@chromium.org
newt@chromium.org
newt@chromium.org
newt@chromium.org
newt@chromium.org
newt@chromium.org
newt@chromium.org
newt@chromium.org
newt@chromium.org
newt@chromium.org
newt@chromium.org
newt@chromium.org
newt@chromium.org
newt@chromium.org
newt@chromium.org
newt@chromium.org
newt@chromium.org
newt@chromium.org
newt@chromium.org
newt@chromium.org
newt@chromium.org
newt@chromium.org
newt@chromium.org
newt@chromium.org
newt@chromium.org
newt@chromium.org
newt@chromium.org
newt@chromium.org
newt@chromium.org
newt@chromium.org
newt@chromium.org
newt@chromium.org
newt@chromium.org
newt@chromium.org
newt@chromium.org
newt@chromium.org
newt@chromium.org
bauerb@chromium.org
newt@chromium.org
newt@chromium.org
newt@chromium.org
newt@chromium.org
bauerb@chromium.org
newt@chromium.org
bauerb@chromium.org
newt@chromium.org
mdjones@chromium.org
mdjones@chromium.org
mdjones@chromium.org
mdjones@chromium.org
mdjones@chromium.org
mdjones@chromium.org
mdjones@chromium.org
mdjones@chromium.org
mdjones@chromium.org
mdjones@chromium.org
mdjones@chromium.org
newt@chromium.org
mdjones@chromium.org
mdjones@chromium.org
mdjones@chromium.org
newt@chromium.org
newt@chromium.org
mdjones@chromium.org
mdjones@chromium.org
mdjones@chromium.org
mdjones@chromium.org
mdjones@chromium.org
mdjones@chromium.org
mdjones@chromium.org
mdjones@chromium.org
mdjones@chromium.org
mdjones@chromium.org
mdjones@chromium.org
mdjones@chromium.org
mdjones@chromium.org
mdjones@chromium.org
mdjones@chromium.org
mdjones@chromium.org
mdjones@chromium.org
mdjones@chromium.org
mdjones@chromium.org
mdjones@chromium.org
mdjones@chromium.org
newt@chromium.org
newt@chromium.org
newt@chromium.org
newt@chromium.org
newt@chromium.org
newt@chromium.org
wnwen@chromium.org
newt@chromium.org
newt@chromium.org
newt@chromium.org
newt@chromium.org
tedchoc@chromium.org
tedchoc@chromium.org
tedchoc@chromium.org
tedchoc@chromium.org
tedchoc@chromium.org
tedchoc@chromium.org
newt@chromium.org
newt@chromium.org
newt@chromium.org
newt@chromium.org
newt@chromium.org
newt@chromium.org
newt@chromium.org
newt@chromium.org
bauerb@chromium.org
newt@chromium.org
newt@chromium.org
bauerb@chromium.org
yusufo@chromium.org
piotrs@chromium.org
agrieve@chromium.org
