cwallez@chromium.org
zmo@chromium.org
zmo@chromium.org
zmo@chromium.org
zmo@chromium.org
zmo@chromium.org
cwallez@chromium.org
zmo@chromium.org
cwallez@chromium.org
zmo@chromium.org
zmo@chromium.org
zmo@chromium.org
zmo@chromium.org
cwallez@chromium.org
zmo@chromium.org
zmo@chromium.org
zmo@chromium.org
zmo@chromium.org
zmo@chromium.org
qiankun.miao@intel.com
dongseong.hwang@intel.com
zmo@chromium.org
zmo@chromium.org
zmo@chromium.org
zmo@chromium.org
dongseong.hwang@intel.com
qiankun.miao@intel.com
qiankun.miao@intel.com
zmo@chromium.org
zmo@chromium.org
dongseong.hwang@intel.com
qiankun.miao@intel.com
qiankun.miao@intel.com
zmo@chromium.org
zmo@chromium.org
zmo@chromium.org
zmo@chromium.org
zmo@chromium.org
zmo@chromium.org
zmo@chromium.org
zmo@chromium.org
zmo@chromium.org
zmo@chromium.org
zmo@chromium.org
zmo@chromium.org
zmo@chromium.org
zmo@chromium.org
zmo@chromium.org
zmo@chromium.org
bajones@chromium.org
zmo@chromium.org
zmo@chromium.org
jbauman@chromium.org
jbauman@chromium.org
jbauman@chromium.org
jbauman@chromium.org
jbauman@chromium.org
jbauman@chromium.org
jbauman@chromium.org
jbauman@chromium.org
jbauman@chromium.org
jbauman@chromium.org
jbauman@chromium.org
jbauman@chromium.org
jbauman@chromium.org
jbauman@chromium.org
jbauman@chromium.org
enne@chromium.org
