xdai@chromium.org
ranj@chromium.org
alemate@chromium.org
alemate@chromium.org
alemate@chromium.org
alemate@chromium.org
alemate@chromium.org
xdai@chromium.org
xdai@chromium.org
xdai@chromium.org
xdai@chromium.org
tnagel@chromium.org
bshe@chromium.org
satorux@chromium.org
dcheng@chromium.org
xdai@chromium.org
xdai@chromium.org
alemate@chromium.org
satorux@chromium.org
alemate@chromium.org
alemate@chromium.org
alemate@chromium.org
xdai@chromium.org
xdai@chromium.org
xdai@chromium.org
msw@chromium.org
msw@chromium.org
ranj@chromium.org
xdai@chromium.org
msw@chromium.org
ranj@chromium.org
