andersca@apple.com
andersca@apple.com
timothy@apple.com
bweinstein@apple.com
bweinstein@apple.com
bweinstein@apple.com
mitz@apple.com
beidson@apple.com
beidson@apple.com
beidson@apple.com
beidson@apple.com
beidson@apple.com
beidson@apple.com
beidson@apple.com
beidson@apple.com
beidson@apple.com
beidson@apple.com
beidson@apple.com
beidson@apple.com
mjs@apple.com
bweinstein@apple.com
jhoneycutt@apple.com
darin@apple.com
darin@apple.com
weinig@apple.com
weinig@apple.com
weinig@apple.com
weinig@apple.com
weinig@apple.com
weinig@apple.com
weinig@apple.com
weinig@apple.com
weinig@apple.com
weinig@apple.com
weinig@apple.com
weinig@apple.com
weinig@apple.com
weinig@apple.com
weinig@apple.com
weinig@apple.com
weinig@apple.com
weinig@apple.com
weinig@apple.com
weinig@apple.com
weinig@apple.com
weinig@apple.com
weinig@apple.com
weinig@apple.com
weinig@apple.com
weinig@apple.com
weinig@apple.com
weinig@apple.com
weinig@apple.com
weinig@apple.com
weinig@apple.com
weinig@apple.com
weinig@apple.com
sullivan@apple.com
weinig@apple.com
weinig@apple.com
weinig@apple.com
mthole@apple.com
weinig@apple.com
weinig@apple.com
weinig@apple.com
weinig@apple.com
weinig@apple.com
weinig@apple.com
weinig@apple.com
weinig@apple.com
weinig@apple.com
weinig@apple.com
weinig@apple.com
weinig@apple.com
weinig@apple.com
weinig@apple.com
weinig@apple.com
weinig@apple.com
weinig@apple.com
weinig@apple.com
weinig@apple.com
weinig@apple.com
sullivan@apple.com
weinig@apple.com
weinig@apple.com
weinig@apple.com
weinig@apple.com
weinig@apple.com
mitz@apple.com
aroben@apple.com
sullivan@apple.com
jberlin@webkit.org
jberlin@webkit.org
jberlin@webkit.org
jberlin@webkit.org
andersca@apple.com
