dgozman@chromium.org
dgozman@chromium.org
dgozman@chromium.org
caseq@chromium.org
dgozman@chromium.org
dgozman@chromium.org
caseq@chromium.org
dgozman@chromium.org
dgozman@chromium.org
dgozman@chromium.org
dgozman@chromium.org
caseq@chromium.org
dgozman@chromium.org
caseq@chromium.org
caseq@chromium.org
caseq@chromium.org
caseq@chromium.org
caseq@chromium.org
caseq@chromium.org
caseq@chromium.org
caseq@chromium.org
caseq@chromium.org
caseq@chromium.org
dgozman@chromium.org
caseq@chromium.org
dgozman@chromium.org
dgozman@chromium.org
caseq@chromium.org
caseq@chromium.org
caseq@chromium.org
caseq@chromium.org
dgozman@chromium.org
caseq@chromium.org
vkuzkokov@chromium.org
caseq@chromium.org
dpranke@chromium.org
dpranke@chromium.org
dpranke@chromium.org
dpranke@chromium.org
phulce@chromium.org
phulce@chromium.org
phulce@chromium.org
phulce@chromium.org
phulce@chromium.org
caseq@chromium.org
phulce@chromium.org
phulce@chromium.org
pfeldman@chromium.org
pfeldman@chromium.org
pfeldman@chromium.org
caseq@chromium.org
caseq@chromium.org
caseq@chromium.org
caseq@chromium.org
pfeldman@chromium.org
caseq@chromium.org
caseq@chromium.org
pfeldman@chromium.org
caseq@chromium.org
caseq@chromium.org
caseq@chromium.org
caseq@chromium.org
caseq@chromium.org
thomasanderson@chromium.org
thomasanderson@chromium.org
thomasanderson@chromium.org
caseq@chromium.org
caseq@chromium.org
caseq@chromium.org
dgozman@chromium.org
dgozman@chromium.org
horo@chromium.org
caseq@chromium.org
caseq@chromium.org
caseq@chromium.org
caseq@chromium.org
horo@chromium.org
horo@chromium.org
caseq@chromium.org
caseq@chromium.org
pfeldman@chromium.org
caseq@chromium.org
caseq@chromium.org
horo@chromium.org
horo@chromium.org
harkness@chromium.org
caseq@chromium.org
caseq@chromium.org
horo@chromium.org
horo@chromium.org
horo@chromium.org
caseq@chromium.org
pfeldman@chromium.org
pfeldman@chromium.org
caseq@chromium.org
caseq@chromium.org
caseq@chromium.org
chenwilliam@chromium.org
pfeldman@chromium.org
caseq@chromium.org
caseq@chromium.org
caseq@chromium.org
caseq@chromium.org
caseq@chromium.org
caseq@chromium.org
caseq@chromium.org
caseq@chromium.org
eostroukhov@chromium.org
kristipark@chromium.org
kristipark@chromium.org
kristipark@chromium.org
kristipark@chromium.org
kristipark@chromium.org
kristipark@chromium.org
kristipark@chromium.org
kristipark@chromium.org
caseq@chromium.org
caseq@chromium.org
caseq@chromium.org
dgozman@chromium.org
caseq@chromium.org
dgozman@chromium.org
dgozman@chromium.org
dgozman@chromium.org
horo@chromium.org
horo@chromium.org
horo@chromium.org
dgozman@chromium.org
dgozman@chromium.org
dgozman@chromium.org
caseq@chromium.org
dgozman@chromium.org
dgozman@chromium.org
dgozman@chromium.org
dgozman@chromium.org
dgozman@chromium.org
dgozman@chromium.org
dgozman@chromium.org
dgozman@chromium.org
kinuko@chromium.org
dgozman@chromium.org
