bcwhite@chromium.org
bcwhite@chromium.org
bcwhite@chromium.org
bcwhite@chromium.org
bcwhite@chromium.org
bcwhite@chromium.org
bcwhite@chromium.org
bcwhite@chromium.org
asvitkine@chromium.org
bcwhite@chromium.org
bcwhite@chromium.org
bcwhite@chromium.org
bcwhite@chromium.org
bcwhite@chromium.org
bcwhite@chromium.org
bcwhite@chromium.org
bcwhite@chromium.org
bcwhite@chromium.org
bcwhite@chromium.org
bcwhite@chromium.org
bcwhite@chromium.org
bcwhite@chromium.org
bcwhite@chromium.org
bcwhite@chromium.org
bcwhite@chromium.org
bcwhite@chromium.org
bcwhite@chromium.org
bcwhite@chromium.org
bcwhite@chromium.org
bcwhite@chromium.org
bcwhite@chromium.org
bcwhite@chromium.org
bcwhite@chromium.org
bcwhite@chromium.org
bcwhite@chromium.org
bcwhite@chromium.org
bcwhite@chromium.org
bcwhite@chromium.org
bcwhite@chromium.org
bcwhite@chromium.org
piman@chromium.org
bcwhite@chromium.org
piman@chromium.org
bcwhite@chromium.org
bcwhite@chromium.org
bcwhite@chromium.org
bcwhite@chromium.org
bcwhite@chromium.org
bcwhite@chromium.org
bcwhite@chromium.org
bcwhite@chromium.org
bcwhite@chromium.org
bcwhite@chromium.org
bcwhite@chromium.org
bcwhite@chromium.org
bcwhite@chromium.org
bcwhite@chromium.org
bcwhite@chromium.org
bcwhite@chromium.org
bcwhite@chromium.org
bcwhite@chromium.org
bcwhite@chromium.org
bcwhite@chromium.org
bcwhite@chromium.org
bcwhite@chromium.org
bcwhite@chromium.org
bcwhite@chromium.org
bcwhite@chromium.org
bcwhite@chromium.org
bcwhite@chromium.org
bcwhite@chromium.org
bcwhite@chromium.org
bcwhite@chromium.org
bcwhite@chromium.org
bcwhite@chromium.org
bcwhite@chromium.org
bcwhite@chromium.org
bcwhite@chromium.org
bcwhite@chromium.org
bcwhite@chromium.org
bcwhite@chromium.org
bcwhite@chromium.org
bcwhite@chromium.org
scottmg@chromium.org
scottmg@chromium.org
scottmg@chromium.org
scottmg@chromium.org
scottmg@chromium.org
scottmg@chromium.org
scottmg@chromium.org
scottmg@chromium.org
bcwhite@chromium.org
bcwhite@chromium.org
bcwhite@chromium.org
bcwhite@chromium.org
bcwhite@chromium.org
bcwhite@chromium.org
bcwhite@chromium.org
bcwhite@chromium.org
bcwhite@chromium.org
bcwhite@chromium.org
bcwhite@chromium.org
bcwhite@chromium.org
bcwhite@chromium.org
dcheng@chromium.org
bcwhite@chromium.org
bcwhite@chromium.org
bcwhite@chromium.org
bcwhite@chromium.org
bcwhite@chromium.org
bcwhite@chromium.org
bcwhite@chromium.org
bcwhite@chromium.org
bcwhite@chromium.org
bcwhite@chromium.org
bcwhite@chromium.org
bcwhite@chromium.org
bcwhite@chromium.org
bcwhite@chromium.org
bcwhite@chromium.org
bcwhite@chromium.org
bcwhite@chromium.org
bcwhite@chromium.org
bcwhite@chromium.org
bcwhite@chromium.org
bcwhite@chromium.org
bcwhite@chromium.org
bcwhite@chromium.org
bcwhite@chromium.org
bcwhite@chromium.org
bcwhite@chromium.org
bcwhite@chromium.org
scottmg@chromium.org
scottmg@chromium.org
scottmg@chromium.org
bcwhite@chromium.org
bcwhite@chromium.org
bcwhite@chromium.org
bcwhite@chromium.org
bcwhite@chromium.org
bcwhite@chromium.org
kaiwang@chromium.org
kaiwang@chromium.org
kaiwang@chromium.org
bcwhite@chromium.org
bcwhite@chromium.org
bcwhite@chromium.org
bcwhite@chromium.org
bcwhite@chromium.org
bcwhite@chromium.org
