gab@chromium.org
gab@chromium.org
dcheng@chromium.org
alexeypa@chromium.org
darin@google.com
brettw@chromium.org
gab@chromium.org
gab@chromium.org
blundell@chromium.org
gab@chromium.org
gab@chromium.org
gab@chromium.org
gab@chromium.org
gab@chromium.org
gab@chromium.org
fdoray@chromium.org
fdoray@chromium.org
fdoray@chromium.org
fdoray@chromium.org
fdoray@chromium.org
fdoray@chromium.org
fdoray@chromium.org
gab@chromium.org
gab@chromium.org
gab@chromium.org
gab@chromium.org
gab@chromium.org
gab@chromium.org
gab@chromium.org
gab@chromium.org
gab@chromium.org
gab@chromium.org
gab@chromium.org
gab@chromium.org
gab@chromium.org
gab@chromium.org
gab@chromium.org
gab@chromium.org
gab@chromium.org
gab@chromium.org
