jackhou@chromium.org
jackhou@chromium.org
jackhou@chromium.org
jackhou@chromium.org
jackhou@chromium.org
jackhou@chromium.org
jackhou@chromium.org
jackhou@chromium.org
jackhou@chromium.org
jackhou@chromium.org
jackhou@chromium.org
jackhou@chromium.org
jackhou@chromium.org
jackhou@chromium.org
jackhou@chromium.org
jackhou@chromium.org
jackhou@chromium.org
jackhou@chromium.org
jackhou@chromium.org
jackhou@chromium.org
jackhou@chromium.org
jackhou@chromium.org
jackhou@chromium.org
jackhou@chromium.org
jackhou@chromium.org
jackhou@chromium.org
jackhou@chromium.org
jackhou@chromium.org
jackhou@chromium.org
jackhou@chromium.org
jackhou@chromium.org
jackhou@chromium.org
jackhou@chromium.org
jackhou@chromium.org
jackhou@chromium.org
jackhou@chromium.org
jackhou@chromium.org
jackhou@chromium.org
jackhou@chromium.org
jackhou@chromium.org
jackhou@chromium.org
jackhou@chromium.org
jackhou@chromium.org
jackhou@chromium.org
jackhou@chromium.org
jackhou@chromium.org
jackhou@chromium.org
jackhou@chromium.org
jackhou@chromium.org
jackhou@chromium.org
jackhou@chromium.org
jackhou@chromium.org
jackhou@chromium.org
jackhou@chromium.org
jackhou@chromium.org
jackhou@chromium.org
jackhou@chromium.org
jackhou@chromium.org
jackhou@chromium.org
benwells@chromium.org
jackhou@chromium.org
jackhou@chromium.org
jackhou@chromium.org
jackhou@chromium.org
jackhou@chromium.org
jackhou@chromium.org
jackhou@chromium.org
jackhou@chromium.org
jackhou@chromium.org
jackhou@chromium.org
benwells@chromium.org
jackhou@chromium.org
jackhou@chromium.org
jackhou@chromium.org
jackhou@chromium.org
jackhou@chromium.org
jackhou@chromium.org
jackhou@chromium.org
jackhou@chromium.org
estade@chromium.org
estade@chromium.org
skerner@chromium.org
skerner@chromium.org
skerner@google.com
skerner@google.com
skerner@chromium.org
aa@chromium.org
kochi@chromium.org
kochi@chromium.org
kochi@chromium.org
kochi@chromium.org
kochi@chromium.org
aa@chromium.org
jackhou@chromium.org
jackhou@chromium.org
jackhou@chromium.org
jackhou@chromium.org
jackhou@chromium.org
jackhou@chromium.org
jackhou@chromium.org
jackhou@chromium.org
jackhou@chromium.org
jackhou@chromium.org
jackhou@chromium.org
fgorski@chromium.org
jackhou@chromium.org
