alanlxl@chromium.org
alanlxl@chromium.org
sky@chromium.org
chrisgunadi@google.com
chrisgunadi@google.com
chrisgunadi@google.com
chrisgunadi@google.com
chrisgunadi@google.com
chrisgunadi@google.com
chrisgunadi@google.com
chrisgunadi@google.com
chrisgunadi@google.com
chrisgunadi@google.com
chrisgunadi@google.com
chrisgunadi@google.com
nverne@chromium.org
timloh@chromium.org
nverne@chromium.org
nverne@chromium.org
nverne@chromium.org
nverne@chromium.org
nverne@chromium.org
nverne@chromium.org
nverne@chromium.org
timloh@chromium.org
timloh@chromium.org
timloh@chromium.org
sidereal@google.com
sidereal@google.com
sidereal@google.com
timloh@chromium.org
timloh@chromium.org
timloh@chromium.org
timloh@chromium.org
timloh@chromium.org
timloh@chromium.org
timloh@chromium.org
timloh@chromium.org
timloh@chromium.org
sidereal@google.com
sidereal@google.com
sidereal@google.com
timloh@chromium.org
timloh@chromium.org
timloh@chromium.org
timloh@chromium.org
timloh@chromium.org
timloh@chromium.org
wzang@chromium.org
hollingum@google.com
hollingum@google.com
hollingum@google.com
hollingum@google.com
hollingum@google.com
dpapad@chromium.org
alanlxl@chromium.org
stevenjb@chromium.org
findit-for-me@appspot.gserviceaccount
stevenjb@chromium.org
stevenjb@chromium.org
timloh@chromium.org
timloh@chromium.org
timzheng@google.com
nverne@chromium.org
nverne@chromium.org
timzheng@google.com
timloh@chromium.org
rjwright@chromium.org
rjwright@chromium.org
timloh@chromium.org
nverne@chromium.org
nverne@chromium.org
timloh@chromium.org
timloh@chromium.org
yulunwu@chromium.org
yulunwu@chromium.org
yulunwu@chromium.org
yulunwu@chromium.org
joelhockey@chromium.org
juwa@google.com
juwa@google.com
juwa@google.com
joelhockey@chromium.org
thestig@chromium.org
thestig@chromium.org
thestig@chromium.org
thestig@chromium.org
thestig@chromium.org
thestig@chromium.org
patricialor@chromium.org
hashimoto@chromium.org
gilmanmh@google.com
hashimoto@chromium.org
csharrison@chromium.org
satorux@chromium.org
thestig@chromium.org
thestig@chromium.org
thestig@chromium.org
thestig@chromium.org
