msw@chromium.org
msw@chromium.org
ben@chromium.org
xiyuan@chromium.org
xiyuan@chromium.org
xiyuan@chromium.org
xiyuan@chromium.org
xiyuan@chromium.org
tfarina@chromium.org
tfarina@chromium.org
tfarina@chromium.org
tfarina@chromium.org
tfarina@chromium.org
tfarina@chromium.org
tfarina@chromium.org
tfarina@chromium.org
tfarina@chromium.org
tfarina@chromium.org
tfarina@chromium.org
tfarina@chromium.org
ben@chromium.org
ben@chromium.org
mhm@chromium.org
tfarina@chromium.org
initial.commit
initial.commit
initial.commit
ben@chromium.org
