vivek.vg@samsung.com
thakis@chromium.org
vsevik@chromium.org
vsevik@chromium.org
vsevik@chromium.org
vsevik@chromium.org
vsevik@chromium.org
vsevik@chromium.org
vsevik@chromium.org
vsevik@chromium.org
vsevik@chromium.org
vsevik@chromium.org
pfeldman@chromium.org
vsevik@chromium.org
vsevik@chromium.org
pfeldman@chromium.org
pfeldman@chromium.org
ch.dumez@samsung.com
ch.dumez@samsung.com
pfeldman@chromium.org
vsevik@chromium.org
eustas@chromium.org
eustas@chromium.org
vsevik@chromium.org
vsevik@chromium.org
vsevik@chromium.org
vsevik@chromium.org
vsevik@chromium.org
vsevik@chromium.org
vsevik@chromium.org
vsevik@chromium.org
vsevik@chromium.org
vsevik@chromium.org
vsevik@chromium.org
vsevik@chromium.org
ch.dumez@samsung.com
ch.dumez@samsung.com
apavlov@chromium.org
vsevik@chromium.org
vsevik@chromium.org
vsevik@chromium.org
vsevik@chromium.org
vsevik@chromium.org
vsevik@chromium.org
vsevik@chromium.org
vsevik@chromium.org
vsevik@chromium.org
vsevik@chromium.org
ch.dumez@samsung.com
ch.dumez@samsung.com
vsevik@chromium.org
abarth@chromium.org
abarth@chromium.org
abarth@chromium.org
