hayato@chromium.org
hayato@chromium.org
bokan@chromium.org
hayato@chromium.org
hayato@chromium.org
hayato@chromium.org
kangil.han@samsung.com
hayato@chromium.org
hayato@chromium.org
hayato@chromium.org
hayato@chromium.org
hayato@chromium.org
hayato@chromium.org
hayato@chromium.org
hayato@chromium.org
hayato@chromium.org
hayato@chromium.org
hayato@chromium.org
hayato@chromium.org
hayato@chromium.org
hayato@chromium.org
hayato@chromium.org
hayato@chromium.org
hayato@chromium.org
hayato@chromium.org
hayato@chromium.org
hayato@chromium.org
hayato@chromium.org
hayato@chromium.org
hayato@chromium.org
hayato@chromium.org
hayato@chromium.org
hayato@chromium.org
hayato@chromium.org
hayato@chromium.org
hayato@chromium.org
hayato@chromium.org
hayato@chromium.org
hayato@chromium.org
hayato@chromium.org
hayato@chromium.org
hayato@chromium.org
hayato@chromium.org
bokan@chromium.org
hayato@chromium.org
hayato@chromium.org
hayato@chromium.org
hayato@chromium.org
dino@apple.com
hayato@chromium.org
dino@apple.com
dino@apple.com
hayato@chromium.org
hayato@chromium.org
hayato@chromium.org
hayato@chromium.org
hayato@chromium.org
hayato@chromium.org
ch.dumez@sisa.samsung
timothy@apple.com
hayato@chromium.org
commit-queue@webkit.org
commit-queue@webkit.org
commit-queue@webkit.org
commit-queue@webkit.org
commit-queue@webkit.org
tasak@google.com
tasak@google.com
tasak@google.com
tasak@google.com
