sanjeevr@chromium.org
vitalybuka@chromium.org
hclam@chromium.org
sanjeevr@chromium.org
wez@chromium.org
wez@chromium.org
wez@chromium.org
jhawkins@chromium.org
wez@chromium.org
hclam@chromium.org
hclam@chromium.org
wez@chromium.org
wez@chromium.org
wez@chromium.org
wez@chromium.org
sanjeevr@chromium.org
sanjeevr@chromium.org
sanjeevr@chromium.org
sanjeevr@chromium.org
rvargas@chromium.org
hclam@chromium.org
hclam@chromium.org
hclam@chromium.org
rvargas@chromium.org
hclam@chromium.org
vitalybuka@chromium.org
avi@chromium.org
vitalybuka@chromium.org
vitalybuka@chromium.org
wez@chromium.org
hclam@chromium.org
hclam@chromium.org
wez@chromium.org
hclam@chromium.org
vitalybuka@chromium.org
sammc@chromium.org
wez@chromium.org
wez@chromium.org
wez@chromium.org
sammc@chromium.org
wez@chromium.org
sammc@chromium.org
wez@chromium.org
sammc@chromium.org
sammc@chromium.org
wez@chromium.org
fdoray@chromium.org
wez@chromium.org
hclam@chromium.org
hclam@chromium.org
sammc@chromium.org
wez@chromium.org
wez@chromium.org
wez@chromium.org
wez@chromium.org
wez@chromium.org
wez@chromium.org
hclam@chromium.org
hclam@chromium.org
wez@chromium.org
vitalybuka@chromium.org
fdoray@chromium.org
vabr@chromium.org
vabr@chromium.org
vabr@chromium.org
sanjeevr@chromium.org
zea@chromium.org
vabr@chromium.org
wez@chromium.org
wez@chromium.org
wez@chromium.org
wez@chromium.org
sanjeevr@chromium.org
sanjeevr@chromium.org
wez@chromium.org
vabr@chromium.org
dmaclach@chromium.org
vabr@chromium.org
vabr@chromium.org
vitalybuka@chromium.org
vitalybuka@chromium.org
vitalybuka@chromium.org
vitalybuka@chromium.org
vitalybuka@chromium.org
vitalybuka@chromium.org
vitalybuka@chromium.org
wez@chromium.org
