dcheng@chromium.org
toyoshim@chromium.org
toyoshim@chromium.org
toyoshim@chromium.org
toyoshim@chromium.org
darin@chromium.org
darin@chromium.org
darin@chromium.org
darin@chromium.org
dcheng@chromium.org
darin@chromium.org
dcheng@chromium.org
toyoshim@chromium.org
jam@chromium.org
darin@chromium.org
jam@chromium.org
toyoshim@chromium.org
toyoshim@chromium.org
toyoshim@chromium.org
toyoshim@chromium.org
toyoshim@chromium.org
toyoshim@chromium.org
toyoshim@chromium.org
joi@chromium.org
toyoshim@chromium.org
toyoshim@chromium.org
toyoshim@chromium.org
toyoshim@chromium.org
toyoshim@chromium.org
toyoshim@chromium.org
toyoshim@chromium.org
toyoshim@chromium.org
toyoshim@chromium.org
toyoshim@chromium.org
toyoshim@chromium.org
