creis@chromium.org
nasko@chromium.org
rdevlin.cronin@chromium.org
rdevlin.cronin@chromium.org
rdevlin.cronin@chromium.org
rdevlin.cronin@chromium.org
rdevlin.cronin@chromium.org
rdevlin.cronin@chromium.org
rdevlin.cronin@chromium.org
creis@chromium.org
battre@chromium.org
battre@chromium.org
battre@chromium.org
rob@robwu.nl
rob@robwu.nl
rob@robwu.nl
rob@robwu.nl
rob@robwu.nl
rob@robwu.nl
rob@robwu.nl
rob@robwu.nl
vabr@chromium.org
creis@chromium.org
vabr@chromium.org
vabr@chromium.org
vabr@chromium.org
vabr@chromium.org
vabr@chromium.org
vabr@chromium.org
vabr@chromium.org
vabr@chromium.org
vabr@chromium.org
vabr@chromium.org
vabr@chromium.org
vabr@chromium.org
battre@chromium.org
battre@chromium.org
battre@chromium.org
rob@robwu.nl
battre@chromium.org
yoz@chromium.org
creis@chromium.org
creis@chromium.org
nasko@chromium.org
nasko@chromium.org
nasko@chromium.org
nasko@chromium.org
jam@chromium.org
creis@chromium.org
nasko@chromium.org
nasko@chromium.org
nasko@chromium.org
creis@chromium.org
davidben@chromium.org
nasko@chromium.org
davidben@chromium.org
nasko@chromium.org
brettw@google.com
brettw@google.com
jam@chromium.org
initial.commit
pkasting@chromium.org
thakis@chromium.org
brettw@google.com
jam@chromium.org
thakis@chromium.org
brettw@google.com
thestig@chromium.org
jam@chromium.org
jam@chromium.org
initial.commit
jam@chromium.org
dcheng@chromium.org
dcheng@chromium.org
dcheng@chromium.org
dcheng@chromium.org
dcheng@chromium.org
creis@chromium.org
creis@chromium.org
brettw@google.com
pfeldman@chromium.org
avi@chromium.org
ananta@chromium.org
estark@chromium.org
sky@chromium.org
brettw@google.com
jam@chromium.org
jam@chromium.org
jam@chromium.org
jam@chromium.org
jam@chromium.org
jam@chromium.org
aelias@chromium.org
aelias@chromium.org
aelias@chromium.org
creis@chromium.org
creis@chromium.org
nasko@chromium.org
nasko@chromium.org
nasko@chromium.org
creis@chromium.org
creis@chromium.org
lukasza@chromium.org
creis@chromium.org
creis@chromium.org
creis@chromium.org
nick@chromium.org
nick@chromium.org
nasko@chromium.org
