karenqian@google.com
thakis@chromium.org
karenqian@google.com
martiniss@chromium.org
sergeyu@chromium.org
karenqian@google.com
martiniss@chromium.org
sergeyu@chromium.org
karenqian@google.com
martiniss@chromium.org
wez@chromium.org
martiniss@chromium.org
sergeyu@chromium.org
karenqian@google.com
martiniss@chromium.org
karenqian@google.com
karenqian@google.com
krasin@google.com
krasin@google.com
karenqian@google.com
martiniss@chromium.org
wez@chromium.org
karenqian@google.com
martiniss@chromium.org
fdegans@chromium.org
karenqian@google.com
martiniss@chromium.org
thakis@chromium.org
martiniss@chromium.org
