ekaramad@chromium.org
ekaramad@chromium.org
ekaramad@chromium.org
fsamuel@chromium.org
fsamuel@chromium.org
fsamuel@chromium.org
jam@chromium.org
fsamuel@chromium.org
paulmeyer@chromium.org
fsamuel@chromium.org
ekaramad@chromium.org
ekaramad@chromium.org
ekaramad@chromium.org
ekaramad@chromium.org
ekaramad@chromium.org
ekaramad@chromium.org
ekaramad@chromium.org
ekaramad@chromium.org
ekaramad@chromium.org
ekaramad@chromium.org
ekaramad@chromium.org
ekaramad@chromium.org
ekaramad@chromium.org
ekaramad@chromium.org
ekaramad@chromium.org
ekaramad@chromium.org
ekaramad@chromium.org
ekaramad@chromium.org
ekaramad@chromium.org
ekaramad@chromium.org
ekaramad@chromium.org
fsamuel@chromium.org
paulmeyer@chromium.org
fsamuel@chromium.org
fsamuel@chromium.org
fsamuel@chromium.org
fsamuel@chromium.org
fsamuel@chromium.org
fsamuel@chromium.org
fsamuel@chromium.org
fsamuel@chromium.org
fsamuel@chromium.org
fsamuel@chromium.org
paulmeyer@chromium.org
paulmeyer@chromium.org
paulmeyer@chromium.org
vmpstr@chromium.org
paulmeyer@chromium.org
paulmeyer@chromium.org
paulmeyer@chromium.org
afakhry@chromium.org
afakhry@chromium.org
paulmeyer@chromium.org
paulmeyer@chromium.org
paulmeyer@chromium.org
paulmeyer@chromium.org
fsamuel@chromium.org
fsamuel@chromium.org
fsamuel@chromium.org
fsamuel@chromium.org
fsamuel@chromium.org
fsamuel@chromium.org
fsamuel@chromium.org
fsamuel@chromium.org
fsamuel@chromium.org
fsamuel@chromium.org
fsamuel@chromium.org
fsamuel@chromium.org
sammc@chromium.org
sammc@chromium.org
sammc@chromium.org
sammc@chromium.org
sammc@chromium.org
ekaramad@chromium.org
ekaramad@chromium.org
eseckler@chromium.org
eseckler@chromium.org
sammc@chromium.org
sammc@chromium.org
sammc@chromium.org
ekaramad@chromium.org
ekaramad@chromium.org
sammc@chromium.org
sammc@chromium.org
sammc@chromium.org
fsamuel@chromium.org
fsamuel@chromium.org
fsamuel@chromium.org
sammc@chromium.org
ekaramad@chromium.org
ekaramad@chromium.org
ekaramad@chromium.org
fsamuel@chromium.org
ekaramad@chromium.org
vmpstr@chromium.org
fsamuel@chromium.org
vmpstr@chromium.org
vmpstr@chromium.org
fsamuel@chromium.org
fsamuel@chromium.org
fsamuel@chromium.org
ekaramad@chromium.org
ekaramad@chromium.org
ekaramad@chromium.org
ekaramad@chromium.org
ekaramad@chromium.org
ekaramad@chromium.org
pilgrim@chromium.org
pilgrim@chromium.org
pilgrim@chromium.org
ekaramad@chromium.org
ekaramad@chromium.org
fsamuel@chromium.org
fsamuel@chromium.org
fsamuel@chromium.org
fsamuel@chromium.org
fsamuel@chromium.org
pilgrim@chromium.org
pilgrim@chromium.org
fsamuel@chromium.org
fsamuel@chromium.org
fsamuel@chromium.org
fsamuel@chromium.org
fsamuel@chromium.org
fsamuel@chromium.org
fsamuel@chromium.org
fsamuel@chromium.org
mcnee@chromium.org
fsamuel@chromium.org
fsamuel@chromium.org
fsamuel@chromium.org
vmpstr@chromium.org
fsamuel@chromium.org
vmpstr@chromium.org
fsamuel@chromium.org
fsamuel@chromium.org
fsamuel@chromium.org
fsamuel@chromium.org
fsamuel@chromium.org
fsamuel@chromium.org
fsamuel@chromium.org
fsamuel@chromium.org
fsamuel@chromium.org
jam@chromium.org
jam@chromium.org
jam@chromium.org
jam@chromium.org
jam@chromium.org
jam@chromium.org
ekaramad@chromium.org
ekaramad@chromium.org
jam@chromium.org
eseckler@chromium.org
eseckler@chromium.org
jam@chromium.org
jam@chromium.org
jam@chromium.org
jam@chromium.org
ekaramad@chromium.org
ekaramad@chromium.org
jam@chromium.org
jam@chromium.org
jam@chromium.org
jam@chromium.org
jam@chromium.org
ekaramad@chromium.org
jam@chromium.org
jam@chromium.org
jam@chromium.org
jam@chromium.org
jam@chromium.org
jam@chromium.org
jam@chromium.org
jam@chromium.org
jam@chromium.org
jam@chromium.org
jam@chromium.org
jam@chromium.org
jam@chromium.org
jam@chromium.org
jam@chromium.org
jam@chromium.org
jam@chromium.org
jam@chromium.org
jam@chromium.org
jam@chromium.org
jam@chromium.org
jam@chromium.org
jam@chromium.org
jam@chromium.org
jam@chromium.org
jam@chromium.org
jam@chromium.org
jam@chromium.org
jam@chromium.org
ekaramad@chromium.org
ekaramad@chromium.org
ekaramad@chromium.org
jam@chromium.org
jam@chromium.org
fsamuel@chromium.org
fsamuel@chromium.org
fsamuel@chromium.org
fsamuel@chromium.org
ekaramad@chromium.org
fsamuel@chromium.org
sammc@chromium.org
ekaramad@chromium.org
fsamuel@chromium.org
vmpstr@chromium.org
fsamuel@chromium.org
ekaramad@chromium.org
fsamuel@chromium.org
vmpstr@chromium.org
ekaramad@chromium.org
ekaramad@chromium.org
ekaramad@chromium.org
ekaramad@chromium.org
ekaramad@chromium.org
ekaramad@chromium.org
fsamuel@chromium.org
fsamuel@chromium.org
fsamuel@chromium.org
paulmeyer@chromium.org
jam@chromium.org
fsamuel@chromium.org
fsamuel@chromium.org
ekaramad@chromium.org
fsamuel@chromium.org
fsamuel@chromium.org
fsamuel@chromium.org
