pkotwicz@chromium.org
pkotwicz@chromium.org
pkotwicz@chromium.org
pkotwicz@chromium.org
pkotwicz@chromium.org
hanxi@chromium.org
hanxi@chromium.org
hanxi@chromium.org
pkotwicz@chromium.org
pkotwicz@chromium.org
pkotwicz@chromium.org
pkotwicz@chromium.org
pkotwicz@chromium.org
pkotwicz@chromium.org
pkotwicz@chromium.org
pkotwicz@chromium.org
ckitagawa@chromium.org
ckitagawa@chromium.org
hanxi@google.com
pkotwicz@chromium.org
pkotwicz@chromium.org
estevenson@chromium.org
pkotwicz@chromium.org
pkotwicz@chromium.org
pkotwicz@chromium.org
estevenson@chromium.org
pkotwicz@chromium.org
estevenson@chromium.org
pkotwicz@chromium.org
pkotwicz@chromium.org
pkotwicz@chromium.org
pkotwicz@chromium.org
pkotwicz@chromium.org
pkotwicz@chromium.org
pkotwicz@chromium.org
pkotwicz@chromium.org
pkotwicz@chromium.org
pkotwicz@chromium.org
pkotwicz@chromium.org
pkotwicz@chromium.org
pkotwicz@chromium.org
pkotwicz@chromium.org
pkotwicz@chromium.org
pkotwicz@chromium.org
pkotwicz@chromium.org
pkotwicz@chromium.org
pkotwicz@chromium.org
pkotwicz@chromium.org
pkotwicz@chromium.org
pkotwicz@chromium.org
pkotwicz@chromium.org
pkotwicz@chromium.org
pkotwicz@chromium.org
pkotwicz@chromium.org
pkotwicz@chromium.org
pkotwicz@chromium.org
xuethan@chromium.org
xuethan@chromium.org
xuethan@chromium.org
xuethan@chromium.org
xuethan@chromium.org
pkotwicz@chromium.org
pkotwicz@chromium.org
pkotwicz@chromium.org
pkotwicz@chromium.org
pkotwicz@chromium.org
hanxi@google.com
piotrs@chromium.org
pkotwicz@chromium.org
pkotwicz@chromium.org
pkotwicz@chromium.org
pkotwicz@chromium.org
hanxi@google.com
hanxi@google.com
pkotwicz@chromium.org
pkotwicz@chromium.org
hanxi@google.com
hanxi@google.com
hanxi@google.com
hanxi@google.com
hanxi@google.com
xuethan@chromium.org
pkotwicz@chromium.org
pkotwicz@chromium.org
pkotwicz@chromium.org
pkotwicz@chromium.org
xuethan@chromium.org
pkotwicz@chromium.org
pkotwicz@chromium.org
pkotwicz@chromium.org
