adamk@chromium.org
adamk@chromium.org
tommyw@google.com
abarth@webkit.org
thakis@chromium.org
tommyw@chromium.org
tommyw@chromium.org
tommyw@chromium.org
tommyw@chromium.org
abarth@chromium.org
abarth@chromium.org
abarth@chromium.org
thakis@chromium.org
thakis@chromium.org
thakis@chromium.org
abarth@chromium.org
abarth@chromium.org
abarth@chromium.org
abarth@chromium.org
abarth@chromium.org
abarth@chromium.org
abarth@chromium.org
abarth@chromium.org
abarth@chromium.org
abarth@chromium.org
abarth@chromium.org
abarth@chromium.org
abarth@chromium.org
abarth@chromium.org
abarth@chromium.org
abarth@chromium.org
abarth@chromium.org
abarth@chromium.org
abarth@chromium.org
abarth@chromium.org
abarth@chromium.org
abarth@chromium.org
abarth@chromium.org
abarth@chromium.org
abarth@chromium.org
abarth@chromium.org
abarth@chromium.org
abarth@chromium.org
abarth@chromium.org
abarth@chromium.org
abarth@chromium.org
abarth@chromium.org
abarth@chromium.org
abarth@chromium.org
abarth@chromium.org
abarth@chromium.org
