cduvall@chromium.org
kalman@chromium.org
kalman@chromium.org
cduvall@chromium.org
cduvall@chromium.org
cduvall@chromium.org
cduvall@chromium.org
kalman@chromium.org
kalman@chromium.org
cduvall@chromium.org
cduvall@chromium.org
cduvall@chromium.org
jamescook@chromium.org
cduvall@chromium.org
koz@chromium.org
battre@chromium.org
sammc@chromium.org
skerner@chromium.org
benwells@chromium.org
kalman@chromium.org
cduvall@chromium.org
battre@chromium.org
paulmeyer@chromium.org
kalman@chromium.org
rdevlin.cronin@chromium.org
cduvall@chromium.org
kalman@chromium.org
kalman@chromium.org
cduvall@chromium.org
cduvall@chromium.org
cduvall@chromium.org
cduvall@chromium.org
kalman@chromium.org
kalman@chromium.org
cduvall@chromium.org
cduvall@chromium.org
cduvall@chromium.org
jamescook@chromium.org
cduvall@chromium.org
koz@chromium.org
battre@chromium.org
sammc@chromium.org
skerner@chromium.org
benwells@chromium.org
kalman@chromium.org
cduvall@chromium.org
battre@chromium.org
paulmeyer@chromium.org
kalman@chromium.org
rdevlin.cronin@chromium.org
