qinmin@chromium.org
mcdavid@amazon.com
mcdavid@amazon.com
dfalcantara@chromium.org
dfalcantara@chromium.org
dfalcantara@chromium.org
dfalcantara@chromium.org
dfalcantara@chromium.org
dfalcantara@chromium.org
dfalcantara@chromium.org
dfalcantara@chromium.org
changwan@chromium.org
dfalcantara@chromium.org
dfalcantara@chromium.org
changwan@chromium.org
dfalcantara@chromium.org
dfalcantara@chromium.org
dfalcantara@chromium.org
dfalcantara@chromium.org
dfalcantara@chromium.org
dfalcantara@chromium.org
dfalcantara@chromium.org
dfalcantara@chromium.org
dfalcantara@chromium.org
dfalcantara@chromium.org
dfalcantara@chromium.org
dfalcantara@chromium.org
dfalcantara@chromium.org
dfalcantara@chromium.org
qinmin@chromium.org
qinmin@chromium.org
dfalcantara@chromium.org
dfalcantara@chromium.org
dfalcantara@chromium.org
mcdavid@amazon.com
mcdavid@amazon.com
qinmin@chromium.org
dfalcantara@chromium.org
dfalcantara@chromium.org
dfalcantara@chromium.org
dfalcantara@chromium.org
mcdavid@amazon.com
mcdavid@amazon.com
dfalcantara@chromium.org
qinmin@chromium.org
dfalcantara@chromium.org
qinmin@chromium.org
qinmin@chromium.org
dfalcantara@chromium.org
dfalcantara@chromium.org
dfalcantara@chromium.org
dfalcantara@chromium.org
jinsukkim@chromium.org
jinsukkim@chromium.org
jinsukkim@chromium.org
jinsukkim@chromium.org
qinmin@chromium.org
qinmin@chromium.org
qinmin@chromium.org
qinmin@chromium.org
qinmin@chromium.org
jinsukkim@chromium.org
yusufo@chromium.org
qinmin@chromium.org
qinmin@chromium.org
qinmin@chromium.org
qinmin@chromium.org
qinmin@chromium.org
qinmin@chromium.org
jinsukkim@chromium.org
jinsukkim@chromium.org
jinsukkim@chromium.org
jinsukkim@chromium.org
jinsukkim@chromium.org
jinsukkim@chromium.org
jinsukkim@chromium.org
jinsukkim@chromium.org
jinsukkim@chromium.org
jinsukkim@chromium.org
jinsukkim@chromium.org
jinsukkim@chromium.org
qinmin@chromium.org
qinmin@chromium.org
qinmin@chromium.org
changwan@chromium.org
jinsukkim@chromium.org
qinmin@chromium.org
qinmin@chromium.org
qinmin@chromium.org
qinmin@chromium.org
qinmin@chromium.org
qinmin@chromium.org
qinmin@chromium.org
qinmin@chromium.org
qinmin@chromium.org
qinmin@chromium.org
qinmin@chromium.org
qinmin@chromium.org
qinmin@chromium.org
qinmin@chromium.org
qinmin@chromium.org
qinmin@chromium.org
qinmin@chromium.org
qinmin@chromium.org
qinmin@chromium.org
qinmin@chromium.org
qinmin@chromium.org
qinmin@chromium.org
qinmin@chromium.org
qinmin@chromium.org
qinmin@chromium.org
qinmin@chromium.org
qinmin@chromium.org
qinmin@chromium.org
qinmin@chromium.org
mariakhomenko@chromium.org
mariakhomenko@chromium.org
qinmin@chromium.org
qinmin@chromium.org
qinmin@chromium.org
qinmin@chromium.org
qinmin@chromium.org
qinmin@chromium.org
qinmin@chromium.org
qinmin@chromium.org
jinsukkim@chromium.org
jinsukkim@chromium.org
jinsukkim@chromium.org
jinsukkim@chromium.org
jinsukkim@chromium.org
jinsukkim@chromium.org
jinsukkim@chromium.org
jinsukkim@chromium.org
jinsukkim@chromium.org
jinsukkim@chromium.org
jinsukkim@chromium.org
jinsukkim@chromium.org
jinsukkim@chromium.org
jinsukkim@chromium.org
jinsukkim@chromium.org
jinsukkim@chromium.org
jinsukkim@chromium.org
jinsukkim@chromium.org
jinsukkim@chromium.org
jinsukkim@chromium.org
jinsukkim@chromium.org
jinsukkim@chromium.org
jinsukkim@chromium.org
jinsukkim@chromium.org
jinsukkim@chromium.org
jinsukkim@chromium.org
jinsukkim@chromium.org
jinsukkim@chromium.org
jinsukkim@chromium.org
torne@chromium.org
torne@chromium.org
torne@chromium.org
jinsukkim@chromium.org
jinsukkim@chromium.org
jinsukkim@chromium.org
jinsukkim@chromium.org
jinsukkim@chromium.org
jinsukkim@chromium.org
torne@chromium.org
torne@chromium.org
jinsukkim@chromium.org
jinsukkim@chromium.org
jinsukkim@chromium.org
jinsukkim@chromium.org
jinsukkim@chromium.org
jinsukkim@chromium.org
jinsukkim@chromium.org
jinsukkim@chromium.org
jinsukkim@chromium.org
jinsukkim@chromium.org
jinsukkim@chromium.org
jinsukkim@chromium.org
jinsukkim@chromium.org
jam@chromium.org
jam@chromium.org
jinsukkim@chromium.org
jinsukkim@chromium.org
jinsukkim@chromium.org
jinsukkim@chromium.org
jinsukkim@chromium.org
jinsukkim@chromium.org
jinsukkim@chromium.org
jinsukkim@chromium.org
jinsukkim@chromium.org
jinsukkim@chromium.org
jam@chromium.org
jinsukkim@chromium.org
jinsukkim@chromium.org
jinsukkim@chromium.org
jam@chromium.org
jam@chromium.org
jinsukkim@chromium.org
jinsukkim@chromium.org
jam@chromium.org
jinsukkim@chromium.org
jinsukkim@chromium.org
jinsukkim@chromium.org
jinsukkim@chromium.org
jinsukkim@chromium.org
jinsukkim@chromium.org
jinsukkim@chromium.org
jinsukkim@chromium.org
jinsukkim@chromium.org
jam@chromium.org
jinsukkim@chromium.org
jinsukkim@chromium.org
jinsukkim@chromium.org
jam@chromium.org
jam@chromium.org
jinsukkim@chromium.org
jinsukkim@chromium.org
jinsukkim@chromium.org
jinsukkim@chromium.org
jam@chromium.org
jinsukkim@chromium.org
jinsukkim@chromium.org
jinsukkim@chromium.org
jinsukkim@chromium.org
jinsukkim@chromium.org
jinsukkim@chromium.org
jinsukkim@chromium.org
jinsukkim@chromium.org
jinsukkim@chromium.org
jinsukkim@chromium.org
jinsukkim@chromium.org
jinsukkim@chromium.org
jinsukkim@chromium.org
jinsukkim@chromium.org
jinsukkim@chromium.org
jinsukkim@chromium.org
jinsukkim@chromium.org
jinsukkim@chromium.org
jinsukkim@chromium.org
jinsukkim@chromium.org
jam@chromium.org
jam@chromium.org
jam@chromium.org
jam@chromium.org
jam@chromium.org
jam@chromium.org
jam@chromium.org
jam@chromium.org
jam@chromium.org
jam@chromium.org
jam@chromium.org
jam@chromium.org
jam@chromium.org
jinsukkim@chromium.org
jinsukkim@chromium.org
jinsukkim@chromium.org
jam@chromium.org
jam@chromium.org
jam@chromium.org
jam@chromium.org
jinsukkim@chromium.org
jinsukkim@chromium.org
jam@chromium.org
jinsukkim@chromium.org
qinmin@chromium.org
qinmin@chromium.org
jam@chromium.org
jam@chromium.org
jam@chromium.org
jam@chromium.org
