ortuno@chromium.org
beaufort.francois@gmail.com
odejesush@chromium.org
odejesush@chromium.org
odejesush@chromium.org
odejesush@chromium.org
odejesush@chromium.org
odejesush@chromium.org
odejesush@chromium.org
odejesush@chromium.org
odejesush@chromium.org
odejesush@chromium.org
odejesush@chromium.org
odejesush@chromium.org
odejesush@chromium.org
odejesush@chromium.org
odejesush@chromium.org
odejesush@chromium.org
ortuno@chromium.org
ortuno@chromium.org
dougt@chromium.org
ortuno@chromium.org
ortuno@chromium.org
odejesush@chromium.org
ortuno@chromium.org
ortuno@chromium.org
ortuno@chromium.org
ortuno@chromium.org
ortuno@chromium.org
ortuno@chromium.org
ortuno@chromium.org
ortuno@chromium.org
ortuno@chromium.org
nyquist@chromium.org
ortuno@chromium.org
ortuno@chromium.org
ortuno@chromium.org
odejesush@chromium.org
ortuno@chromium.org
ortuno@chromium.org
ortuno@chromium.org
ortuno@chromium.org
dougt@chromium.org
ortuno@chromium.org
ortuno@chromium.org
ortuno@chromium.org
ortuno@chromium.org
ortuno@chromium.org
odejesush@chromium.org
juncai@chromium.org
ortuno@chromium.org
ortuno@chromium.org
ortuno@chromium.org
ortuno@chromium.org
odejesush@chromium.org
odejesush@chromium.org
odejesush@chromium.org
ortuno@chromium.org
dougt@chromium.org
dougt@chromium.org
dougt@chromium.org
dougt@chromium.org
dougt@chromium.org
dougt@chromium.org
dougt@chromium.org
dougt@chromium.org
dougt@chromium.org
dougt@chromium.org
odejesush@chromium.org
odejesush@chromium.org
odejesush@chromium.org
cco3@chromium.org
