sky@chromium.org
sky@chromium.org
sky@chromium.org
sky@chromium.org
sky@chromium.org
sky@chromium.org
sky@chromium.org
sky@chromium.org
sky@chromium.org
jdufault@chromium.org
oshima@chromium.org
sky@chromium.org
zork@chromium.org
zork@chromium.org
zork@chromium.org
zork@chromium.org
ben@chromium.org
zork@chromium.org
zork@chromium.org
zork@chromium.org
zork@chromium.org
zork@chromium.org
zork@chromium.org
zork@chromium.org
zork@chromium.org
zork@chromium.org
zork@chromium.org
zork@chromium.org
tfarina@chromium.org
zork@chromium.org
zork@chromium.org
zork@chromium.org
zork@chromium.org
zork@chromium.org
zork@chromium.org
zork@chromium.org
zork@chromium.org
zork@chromium.org
zork@chromium.org
zork@chromium.org
zork@chromium.org
zork@chromium.org
zork@chromium.org
zork@chromium.org
zork@chromium.org
zork@chromium.org
zork@chromium.org
zork@chromium.org
zork@chromium.org
zork@chromium.org
zork@chromium.org
zork@chromium.org
ben@chromium.org
zork@chromium.org
zork@chromium.org
zork@chromium.org
zork@chromium.org
zork@chromium.org
zork@chromium.org
zork@chromium.org
zork@chromium.org
zork@chromium.org
zork@chromium.org
zork@chromium.org
zork@chromium.org
zork@chromium.org
zork@chromium.org
zork@chromium.org
zork@chromium.org
zork@chromium.org
zork@chromium.org
zork@chromium.org
zork@chromium.org
zork@chromium.org
jamescook@chromium.org
jamescook@chromium.org
zork@chromium.org
zork@chromium.org
zork@chromium.org
zork@chromium.org
zork@chromium.org
ben@chromium.org
zork@chromium.org
zork@chromium.org
zork@chromium.org
zork@chromium.org
zork@chromium.org
zork@chromium.org
zork@chromium.org
zork@chromium.org
zork@chromium.org
zork@chromium.org
zork@chromium.org
jamescook@chromium.org
jamescook@chromium.org
zork@chromium.org
zork@chromium.org
zork@chromium.org
zork@chromium.org
zork@chromium.org
zork@chromium.org
jamescook@chromium.org
zork@chromium.org
ben@chromium.org
zork@chromium.org
zork@chromium.org
zork@chromium.org
zork@chromium.org
zork@chromium.org
zork@chromium.org
zork@chromium.org
zork@chromium.org
zork@chromium.org
zork@chromium.org
ben@chromium.org
ben@chromium.org
ben@chromium.org
zork@chromium.org
ben@chromium.org
zork@chromium.org
ben@chromium.org
zork@chromium.org
zork@chromium.org
zork@chromium.org
zork@chromium.org
zork@chromium.org
zork@chromium.org
zork@chromium.org
zork@chromium.org
jamescook@chromium.org
jamescook@chromium.org
jamescook@chromium.org
zork@chromium.org
zork@chromium.org
zork@chromium.org
zork@chromium.org
zork@chromium.org
zork@chromium.org
zork@chromium.org
zork@chromium.org
zork@chromium.org
zork@chromium.org
zork@chromium.org
ben@chromium.org
oshima@chromium.org
oshima@chromium.org
zork@chromium.org
ben@chromium.org
zork@chromium.org
zork@chromium.org
zork@chromium.org
zork@chromium.org
zork@chromium.org
zork@chromium.org
zork@chromium.org
zork@chromium.org
zork@chromium.org
zork@chromium.org
zork@chromium.org
zork@chromium.org
zork@chromium.org
zork@chromium.org
zork@chromium.org
zork@chromium.org
zork@chromium.org
zork@chromium.org
zork@chromium.org
jdufault@chromium.org
jdufault@chromium.org
jdufault@chromium.org
jdufault@chromium.org
jdufault@chromium.org
jdufault@chromium.org
jdufault@chromium.org
jdufault@chromium.org
jdufault@chromium.org
jdufault@chromium.org
jdufault@chromium.org
jdufault@chromium.org
jdufault@chromium.org
jdufault@chromium.org
jdufault@chromium.org
jdufault@chromium.org
jdufault@chromium.org
