penghuang@chromium.org
penghuang@chromium.org
penghuang@chromium.org
rockot@chromium.org
rockot@chromium.org
thestig@chromium.org
thestig@chromium.org
rockot@chromium.org
thestig@chromium.org
thestig@chromium.org
thestig@chromium.org
thestig@chromium.org
thestig@chromium.org
rockot@chromium.org
thestig@chromium.org
rockot@chromium.org
rockot@chromium.org
thestig@chromium.org
thestig@chromium.org
thestig@chromium.org
vandebo@chromium.org
rockot@chromium.org
rockot@chromium.org
rockot@chromium.org
rockot@chromium.org
rockot@chromium.org
rockot@chromium.org
rockot@chromium.org
rockot@chromium.org
rockot@chromium.org
rockot@chromium.org
rockot@chromium.org
rockot@chromium.org
rockot@chromium.org
rockot@chromium.org
rockot@chromium.org
rockot@chromium.org
rockot@chromium.org
rockot@chromium.org
rockot@chromium.org
rockot@chromium.org
rockot@chromium.org
rockot@chromium.org
rockot@chromium.org
rockot@chromium.org
rockot@chromium.org
rockot@chromium.org
hclam@chromium.org
mcasas@chromium.org
mcasas@chromium.org
rockot@chromium.org
rockot@chromium.org
rockot@chromium.org
rockot@chromium.org
rockot@chromium.org
rockot@chromium.org
rockot@chromium.org
rockot@chromium.org
rockot@chromium.org
rockot@chromium.org
rockot@chromium.org
rockot@chromium.org
rockot@chromium.org
rockot@chromium.org
zqiu@chromium.org
rockot@chromium.org
rockot@chromium.org
rockot@chromium.org
rockot@chromium.org
rockot@chromium.org
zqiu@chromium.org
zqiu@chromium.org
rockot@chromium.org
rockot@chromium.org
rockot@chromium.org
rockot@chromium.org
rockot@chromium.org
mcasas@chromium.org
mcasas@chromium.org
mcasas@chromium.org
rockot@chromium.org
rockot@chromium.org
rockot@chromium.org
rockot@chromium.org
rockot@chromium.org
rockot@chromium.org
rockot@chromium.org
rockot@chromium.org
rockot@chromium.org
rockot@chromium.org
rockot@chromium.org
rockot@chromium.org
rockot@chromium.org
mcasas@chromium.org
mcasas@chromium.org
rockot@chromium.org
rockot@chromium.org
rockot@chromium.org
rockot@chromium.org
rockot@chromium.org
rockot@chromium.org
rockot@chromium.org
rockot@chromium.org
rockot@chromium.org
rockot@chromium.org
rockot@chromium.org
rockot@chromium.org
rockot@chromium.org
rockot@chromium.org
rockot@chromium.org
rockot@chromium.org
rockot@chromium.org
rockot@chromium.org
rockot@chromium.org
rockot@chromium.org
rockot@chromium.org
rockot@chromium.org
rockot@chromium.org
rockot@chromium.org
rockot@chromium.org
rockot@chromium.org
rockot@chromium.org
rockot@chromium.org
rockot@chromium.org
rockot@chromium.org
dcheng@chromium.org
rockot@chromium.org
rockot@chromium.org
rockot@chromium.org
