perkj@chromium.org
perkj@chromium.org
phoglund@chromium.org
phoglund@chromium.org
perkj@chromium.org
phoglund@chromium.org
phoglund@chromium.org
phoglund@chromium.org
phoglund@chromium.org
phoglund@chromium.org
phoglund@chromium.org
mcasas@chromium.org
phoglund@chromium.org
phoglund@chromium.org
qiangchen@chromium.org
qiangchen@chromium.org
phoglund@chromium.org
phoglund@chromium.org
phoglund@chromium.org
phoglund@chromium.org
phoglund@chromium.org
ossu@chromium.org
ossu@chromium.org
ossu@chromium.org
ossu@chromium.org
phoglund@chromium.org
tommyw@chromium.org
phoglund@chromium.org
tommyw@chromium.org
tommyw@chromium.org
tommyw@chromium.org
phoglund@chromium.org
tommyw@chromium.org
tommyw@chromium.org
tommyw@chromium.org
phoglund@chromium.org
phoglund@chromium.org
phoglund@chromium.org
tommyw@chromium.org
phoglund@chromium.org
phoglund@chromium.org
tommyw@chromium.org
phoglund@chromium.org
phoglund@chromium.org
phoglund@chromium.org
phoglund@chromium.org
mcasas@chromium.org
phoglund@chromium.org
phoglund@chromium.org
perkj@chromium.org
phoglund@chromium.org
perkj@chromium.org
phoglund@chromium.org
phoglund@chromium.org
phoglund@chromium.org
xians@chromium.org
phoglund@chromium.org
phoglund@chromium.org
phoglund@chromium.org
xians@chromium.org
phoglund@chromium.org
phoglund@chromium.org
phoglund@chromium.org
phoglund@chromium.org
perkj@chromium.org
phoglund@chromium.org
phoglund@chromium.org
perkj@chromium.org
perkj@chromium.org
perkj@chromium.org
perkj@chromium.org
phoglund@chromium.org
perkj@chromium.org
perkj@chromium.org
perkj@chromium.org
phoglund@chromium.org
phoglund@chromium.org
phoglund@chromium.org
perkj@chromium.org
phoglund@chromium.org
perkj@chromium.org
perkj@chromium.org
perkj@chromium.org
perkj@chromium.org
perkj@chromium.org
phoglund@chromium.org
phoglund@chromium.org
perkj@chromium.org
perkj@chromium.org
perkj@chromium.org
perkj@chromium.org
perkj@chromium.org
perkj@chromium.org
perkj@chromium.org
perkj@chromium.org
guidou@chromium.org
guidou@chromium.org
guidou@chromium.org
guidou@chromium.org
phoglund@chromium.org
phoglund@chromium.org
ehmaldonado@google.com
phoglund@chromium.org
ehmaldonado@google.com
ehmaldonado@google.com
ehmaldonado@google.com
phoglund@chromium.org
phoglund@chromium.org
phoglund@chromium.org
phoglund@chromium.org
ehmaldonado@google.com
ehmaldonado@google.com
ehmaldonado@google.com
ehmaldonado@google.com
phoglund@chromium.org
phoglund@chromium.org
phoglund@chromium.org
ehmaldonado@google.com
ehmaldonado@google.com
ehmaldonado@google.com
ehmaldonado@google.com
ehmaldonado@google.com
ehmaldonado@google.com
ehmaldonado@google.com
ehmaldonado@google.com
ehmaldonado@google.com
phoglund@chromium.org
phoglund@chromium.org
phoglund@chromium.org
phoglund@chromium.org
phoglund@chromium.org
grunell@chromium.org
grunell@chromium.org
grunell@chromium.org
grunell@chromium.org
grunell@chromium.org
grunell@chromium.org
grunell@chromium.org
grunell@chromium.org
phoglund@chromium.org
phoglund@chromium.org
phoglund@chromium.org
phoglund@chromium.org
phoglund@chromium.org
phoglund@chromium.org
phoglund@chromium.org
phoglund@chromium.org
phoglund@chromium.org
phoglund@chromium.org
phoglund@chromium.org
phoglund@chromium.org
phoglund@chromium.org
perkj@chromium.org
phoglund@chromium.org
phoglund@chromium.org
phoglund@chromium.org
phoglund@chromium.org
phoglund@chromium.org
phoglund@chromium.org
phoglund@chromium.org
phoglund@chromium.org
phoglund@chromium.org
phoglund@chromium.org
phoglund@chromium.org
phoglund@chromium.org
phoglund@chromium.org
phoglund@chromium.org
phoglund@chromium.org
phoglund@chromium.org
phoglund@chromium.org
phoglund@chromium.org
phoglund@chromium.org
phoglund@chromium.org
phoglund@chromium.org
phoglund@chromium.org
phoglund@chromium.org
ronghuawu@chromium.org
xians@chromium.org
xians@chromium.org
perkj@chromium.org
ehmaldonado@google.com
phoglund@chromium.org
phoglund@chromium.org
phoglund@chromium.org
perkj@chromium.org
phoglund@chromium.org
ehmaldonado@google.com
elham@chromium.org
elham@chromium.org
phoglund@chromium.org
phoglund@chromium.org
phoglund@chromium.org
ronghuawu@chromium.org
phoglund@chromium.org
jiayl@chromium.org
jiayl@chromium.org
jiayl@chromium.org
jiayl@chromium.org
jiayl@chromium.org
phoglund@chromium.org
phoglund@chromium.org
phoglund@chromium.org
phoglund@chromium.org
phoglund@chromium.org
phoglund@chromium.org
perkj@chromium.org
perkj@chromium.org
deadbeef@chromium.org
guoweis@chromium.org
perkj@chromium.org
phoglund@chromium.org
phoglund@chromium.org
phoglund@chromium.org
chfremer@chromium.org
perkj@chromium.org
perkj@chromium.org
phoglund@chromium.org
phoglund@chromium.org
perkj@chromium.org
perkj@chromium.org
perkj@chromium.org
perkj@chromium.org
phoglund@chromium.org
phoglund@chromium.org
