kaznacheev@chromium.org
kaznacheev@chromium.org
kaznacheev@chromium.org
kaznacheev@chromium.org
kaznacheev@chromium.org
kaznacheev@chromium.org
pkasting@chromium.org
kaznacheev@chromium.org
benwells@chromium.org
benwells@chromium.org
pfeldman@chromium.org
pfeldman@chromium.org
pfeldman@chromium.org
pfeldman@chromium.org
rdevlin.cronin@chromium.org
rdevlin.cronin@chromium.org
rdevlin.cronin@chromium.org
rdevlin.cronin@chromium.org
rdevlin.cronin@chromium.org
rdevlin.cronin@chromium.org
rdevlin.cronin@chromium.org
rdevlin.cronin@chromium.org
rdevlin.cronin@chromium.org
rdevlin.cronin@chromium.org
rdevlin.cronin@chromium.org
rdevlin.cronin@chromium.org
rdevlin.cronin@chromium.org
rdevlin.cronin@chromium.org
rdevlin.cronin@chromium.org
rdevlin.cronin@chromium.org
rdevlin.cronin@chromium.org
rdevlin.cronin@chromium.org
rdevlin.cronin@chromium.org
rdevlin.cronin@chromium.org
rdevlin.cronin@chromium.org
rdevlin.cronin@chromium.org
rdevlin.cronin@chromium.org
rsleevi@chromium.org
rsleevi@chromium.org
