jcampan@chromium.org
jcampan@chromium.org
jcampan@chromium.org
jcampan@chromium.org
brettw@chromium.org
brettw@chromium.org
creis@google.com
creis@google.com
jam@chromium.org
jam@chromium.org
jam@chromium.org
jcampan@chromium.org
jcampan@chromium.org
jcampan@chromium.org
creis@google.com
creis@chromium.org
creis@chromium.org
creis@chromium.org
creis@chromium.org
creis@chromium.org
creis@chromium.org
creis@chromium.org
creis@chromium.org
creis@chromium.org
creis@chromium.org
creis@chromium.org
creis@chromium.org
creis@chromium.org
creis@chromium.org
creis@chromium.org
creis@chromium.org
creis@chromium.org
creis@chromium.org
creis@chromium.org
creis@chromium.org
creis@chromium.org
creis@chromium.org
creis@chromium.org
creis@chromium.org
creis@chromium.org
creis@chromium.org
creis@chromium.org
creis@chromium.org
creis@chromium.org
creis@chromium.org
jcampan@chromium.org
jcampan@chromium.org
sky@chromium.org
sky@chromium.org
jcampan@chromium.org
jcampan@chromium.org
jcampan@chromium.org
evan@chromium.org
jcampan@chromium.org
jcampan@chromium.org
mark@chromium.org
jochen@chromium.org
jochen@chromium.org
jcampan@chromium.org
jcampan@chromium.org
sky@chromium.org
sky@chromium.org
sky@chromium.org
jcampan@chromium.org
jam@chromium.org
jam@chromium.org
jam@chromium.org
jam@chromium.org
sky@chromium.org
jcampan@chromium.org
brettw@chromium.org
brettw@chromium.org
brettw@chromium.org
jcampan@chromium.org
jcampan@chromium.org
jochen@chromium.org
jochen@chromium.org
jcampan@chromium.org
brettw@chromium.org
brettw@chromium.org
jcampan@chromium.org
jcampan@chromium.org
brettw@chromium.org
jcampan@chromium.org
jcampan@chromium.org
jcampan@chromium.org
brettw@chromium.org
brettw@chromium.org
brettw@chromium.org
jcampan@chromium.org
jcampan@chromium.org
brettw@chromium.org
brettw@chromium.org
jcampan@chromium.org
brettw@chromium.org
brettw@chromium.org
brettw@chromium.org
jcampan@chromium.org
