mihaip@chromium.org
mihaip@chromium.org
mihaip@chromium.org
miket@chromium.org
estade@chromium.org
tony@chromium.org
miket@chromium.org
rafaelw@chromium.org
estade@chromium.org
rafaelw@chromium.org
rafaelw@chromium.org
aa@chromium.org
mpcomplete@chromium.org
mpcomplete@chromium.org
finnur@chromium.org
estade@chromium.org
finnur@chromium.org
tfarina@chromium.org
estade@chromium.org
estade@chromium.org
miket@chromium.org
estade@chromium.org
estade@chromium.org
estade@chromium.org
estade@chromium.org
msw@chromium.org
estade@chromium.org
mihaip@chromium.org
mihaip@chromium.org
tfarina@chromium.org
estade@chromium.org
estade@chromium.org
estade@chromium.org
tfarina@chromium.org
estade@chromium.org
estade@chromium.org
estade@chromium.org
estade@chromium.org
sail@chromium.org
sail@chromium.org
tfarina@chromium.org
estade@chromium.org
estade@chromium.org
estade@chromium.org
estade@chromium.org
jianli@chromium.org
estade@chromium.org
estade@chromium.org
msw@chromium.org
estade@chromium.org
estade@chromium.org
estade@chromium.org
estade@chromium.org
estade@chromium.org
estade@chromium.org
finnur@chromium.org
finnur@chromium.org
