boliu@chromium.org
boliu@chromium.org
boliu@chromium.org
boliu@chromium.org
boliu@chromium.org
boliu@chromium.org
dcheng@chromium.org
dcheng@chromium.org
dcheng@chromium.org
mkosiba@chromium.org
boliu@chromium.org
mkosiba@chromium.org
mkosiba@chromium.org
hush@chromium.org
hush@chromium.org
boliu@chromium.org
boliu@chromium.org
boliu@chromium.org
hush@chromium.org
hush@chromium.org
mkosiba@chromium.org
mkosiba@chromium.org
mkosiba@chromium.org
hush@chromium.org
hush@chromium.org
dcheng@chromium.org
dcheng@chromium.org
dcheng@chromium.org
hush@chromium.org
hush@chromium.org
boliu@chromium.org
boliu@chromium.org
hush@chromium.org
hush@chromium.org
aelias@chromium.org
aelias@chromium.org
hush@chromium.org
hush@chromium.org
aelias@chromium.org
aelias@chromium.org
hush@chromium.org
hush@chromium.org
mkosiba@chromium.org
mkosiba@chromium.org
mkosiba@chromium.org
boliu@chromium.org
boliu@chromium.org
boliu@chromium.org
boliu@chromium.org
boliu@chromium.org
boliu@chromium.org
boliu@chromium.org
boliu@chromium.org
boliu@chromium.org
aelias@chromium.org
hush@chromium.org
hush@chromium.org
aelias@chromium.org
aelias@chromium.org
hush@chromium.org
hush@chromium.org
hush@chromium.org
hush@chromium.org
hush@chromium.org
hush@chromium.org
aelias@chromium.org
aelias@chromium.org
hush@chromium.org
hush@chromium.org
