sebmarchand@chromium.org
sebmarchand@chromium.org
sebmarchand@chromium.org
sebmarchand@chromium.org
sebmarchand@chromium.org
sebmarchand@chromium.org
sebmarchand@chromium.org
sebmarchand@chromium.org
sebmarchand@chromium.org
sebmarchand@chromium.org
sebmarchand@chromium.org
sebmarchand@chromium.org
sebmarchand@chromium.org
sebmarchand@chromium.org
sebmarchand@chromium.org
sebmarchand@chromium.org
sebmarchand@chromium.org
sebmarchand@chromium.org
sebmarchand@chromium.org
sebmarchand@chromium.org
sebmarchand@chromium.org
sebmarchand@chromium.org
sebmarchand@chromium.org
sebmarchand@chromium.org
sebmarchand@chromium.org
sebmarchand@chromium.org
sebmarchand@chromium.org
sebmarchand@chromium.org
chrisha@chromium.org
chrisha@chromium.org
chrisha@chromium.org
chrisha@chromium.org
chrisha@chromium.org
chrisha@chromium.org
fdoray@chromium.org
chrisha@chromium.org
sebmarchand@chromium.org
chrisha@chromium.org
fdoray@chromium.org
fdoray@chromium.org
fdoray@chromium.org
fdoray@chromium.org
sebmarchand@chromium.org
fdoray@chromium.org
fdoray@chromium.org
fdoray@chromium.org
sebmarchand@chromium.org
erikchen@chromium.org
sebmarchand@chromium.org
sebmarchand@chromium.org
fdoray@chromium.org
fdoray@chromium.org
fdoray@chromium.org
fdoray@chromium.org
fdoray@chromium.org
fdoray@chromium.org
fdoray@chromium.org
sebmarchand@chromium.org
fdoray@chromium.org
fdoray@chromium.org
fdoray@chromium.org
fdoray@chromium.org
fdoray@chromium.org
fdoray@chromium.org
fdoray@chromium.org
fdoray@chromium.org
fdoray@chromium.org
fdoray@chromium.org
fdoray@chromium.org
fdoray@chromium.org
fdoray@chromium.org
fdoray@chromium.org
fdoray@chromium.org
chrisha@chromium.org
fdoray@chromium.org
fdoray@chromium.org
fdoray@chromium.org
fdoray@chromium.org
fdoray@chromium.org
fdoray@chromium.org
fdoray@chromium.org
chrisha@chromium.org
fdoray@chromium.org
fdoray@chromium.org
fdoray@chromium.org
fdoray@chromium.org
sebmarchand@chromium.org
fdoray@chromium.org
fdoray@chromium.org
fdoray@chromium.org
varunmohan@google.com
fdoray@chromium.org
sebmarchand@chromium.org
sebmarchand@chromium.org
fdoray@chromium.org
sebmarchand@chromium.org
sebmarchand@chromium.org
fdoray@chromium.org
erikchen@chromium.org
fdoray@chromium.org
chrisha@chromium.org
fdoray@chromium.org
fdoray@chromium.org
fdoray@chromium.org
chrisha@chromium.org
fdoray@chromium.org
chrisha@chromium.org
chrisha@chromium.org
fdoray@chromium.org
fdoray@chromium.org
fmeawad@chromium.org
fmeawad@chromium.org
georgesak@chromium.org
georgesak@chromium.org
sebmarchand@chromium.org
fdoray@chromium.org
fdoray@chromium.org
sebmarchand@chromium.org
