commit-queue@webkit.org
commit-queue@webkit.org
commit-queue@webkit.org
commit-queue@webkit.org
commit-queue@webkit.org
commit-queue@webkit.org
commit-queue@webkit.org
commit-queue@webkit.org
commit-queue@webkit.org
commit-queue@webkit.org
commit-queue@webkit.org
commit-queue@webkit.org
commit-queue@webkit.org
commit-queue@webkit.org
commit-queue@webkit.org
commit-queue@webkit.org
commit-queue@webkit.org
commit-queue@webkit.org
commit-queue@webkit.org
commit-queue@webkit.org
commit-queue@webkit.org
commit-queue@webkit.org
commit-queue@webkit.org
commit-queue@webkit.org
commit-queue@webkit.org
commit-queue@webkit.org
commit-queue@webkit.org
commit-queue@webkit.org
commit-queue@webkit.org
commit-queue@webkit.org
commit-queue@webkit.org
commit-queue@webkit.org
commit-queue@webkit.org
commit-queue@webkit.org
commit-queue@webkit.org
commit-queue@webkit.org
commit-queue@webkit.org
commit-queue@webkit.org
commit-queue@webkit.org
commit-queue@webkit.org
commit-queue@webkit.org
commit-queue@webkit.org
commit-queue@webkit.org
commit-queue@webkit.org
commit-queue@webkit.org
commit-queue@webkit.org
commit-queue@webkit.org
commit-queue@webkit.org
commit-queue@webkit.org
commit-queue@webkit.org
commit-queue@webkit.org
rniwa@webkit.org
rniwa@webkit.org
commit-queue@webkit.org
commit-queue@webkit.org
commit-queue@webkit.org
commit-queue@webkit.org
commit-queue@webkit.org
eric@webkit.org
eric@webkit.org
eae@chromium.org
commit-queue@webkit.org
weinig@apple.com
abarth@webkit.org
weinig@apple.com
abarth@webkit.org
weinig@apple.com
abarth@webkit.org
weinig@apple.com
weinig@apple.com
weinig@apple.com
weinig@apple.com
darin@apple.com
abarth@webkit.org
hausmann@webkit.org
eric@webkit.org
eric@webkit.org
eric@webkit.org
eric@webkit.org
eric@webkit.org
eric@webkit.org
eric@webkit.org
eric@webkit.org
eric@webkit.org
eric@webkit.org
eric@webkit.org
eric@webkit.org
hausmann@webkit.org
hausmann@webkit.org
darin@apple.com
commit-queue@webkit.org
commit-queue@webkit.org
commit-queue@webkit.org
commit-queue@webkit.org
commit-queue@webkit.org
commit-queue@webkit.org
