jam@chromium.org
tsepez@chromium.org
jam@chromium.org
estade@chromium.org
estade@chromium.org
aa@chromium.org
estade@chromium.org
estade@chromium.org
estade@chromium.org
estade@chromium.org
estade@chromium.org
estade@chromium.org
avi@chromium.org
estade@chromium.org
jam@chromium.org
tsepez@chromium.org
tsepez@chromium.org
tsepez@chromium.org
cbentzel@chromium.org
tsepez@chromium.org
tsepez@chromium.org
estade@chromium.org
mihaip@chromium.org
estade@chromium.org
avi@chromium.org
msw@chromium.org
jochen@chromium.org
jochen@chromium.org
jochen@chromium.org
jochen@chromium.org
mihaip@chromium.org
mihaip@chromium.org
mihaip@chromium.org
jochen@chromium.org
jochen@chromium.org
jochen@chromium.org
tfarina@chromium.org
tfarina@chromium.org
creis@chromium.org
creis@chromium.org
tfarina@chromium.org
joi@chromium.org
ananta@chromium.org
jochen@chromium.org
creis@chromium.org
jochen@chromium.org
creis@chromium.org
tfarina@chromium.org
avi@chromium.org
jam@chromium.org
jam@chromium.org
jam@chromium.org
jam@chromium.org
creis@chromium.org
jochen@chromium.org
jochen@chromium.org
jam@chromium.org
jam@chromium.org
jam@chromium.org
jam@chromium.org
creis@chromium.org
creis@chromium.org
creis@chromium.org
jcivelli@chromium.org
jam@chromium.org
jam@chromium.org
jam@chromium.org
jam@chromium.org
jam@chromium.org
jam@chromium.org
jam@chromium.org
jam@chromium.org
tfarina@chromium.org
estade@chromium.org
estade@chromium.org
estade@chromium.org
estade@chromium.org
estade@chromium.org
jam@chromium.org
brettw@chromium.org
brettw@chromium.org
avi@chromium.org
sky@chromium.org
mpcomplete@chromium.org
mpcomplete@chromium.org
mpcomplete@chromium.org
mpcomplete@chromium.org
mpcomplete@chromium.org
mpcomplete@chromium.org
mpcomplete@chromium.org
mpcomplete@chromium.org
mpcomplete@chromium.org
mpcomplete@chromium.org
mpcomplete@chromium.org
jam@chromium.org
darin@chromium.org
mpcomplete@chromium.org
creis@chromium.org
jam@chromium.org
cbentzel@chromium.org
jam@chromium.org
jam@chromium.org
jam@chromium.org
backer@chromium.org
brettw@chromium.org
avi@chromium.org
piman@chromium.org
joi@chromium.org
joi@chromium.org
joi@chromium.org
joi@chromium.org
brettw@chromium.org
brettw@chromium.org
phajdan.jr@chromium.org
