rtoy@chromium.org
blink-reformat@chromium.org
blink-reformat@chromium.org
blink-reformat@chromium.org
rtoy@chromium.org
blink-reformat@chromium.org
blink-reformat@chromium.org
blink-reformat@chromium.org
crogers@google.com
blink-reformat@chromium.org
crogers@google.com
crogers@google.com
rtoy@chromium.org
rtoy@chromium.org
rtoy@chromium.org
rtoy@chromium.org
rtoy@chromium.org
hiroshige@chromium.org
rtoy@chromium.org
rtoy@chromium.org
rtoy@chromium.org
rtoy@chromium.org
rtoy@chromium.org
rtoy@chromium.org
rtoy@chromium.org
rtoy@chromium.org
blink-reformat@chromium.org
blink-reformat@chromium.org
blink-reformat@chromium.org
blink-reformat@chromium.org
blink-reformat@chromium.org
blink-reformat@chromium.org
blink-reformat@chromium.org
blink-reformat@chromium.org
blink-reformat@chromium.org
crogers@google.com
crogers@google.com
blink-reformat@chromium.org
blink-reformat@chromium.org
crogers@google.com
crogers@google.com
tkent@chromium.org
tkent@chromium.org
blink-reformat@chromium.org
pwnall@chromium.org
rtoy@chromium.org
rtoy@chromium.org
blink-reformat@chromium.org
thakis@chromium.org
thakis@chromium.org
rtoy@chromium.org
rtoy@chromium.org
rtoy@chromium.org
rtoy@chromium.org
crogers@google.com
crogers@google.com
rtoy@chromium.org
blink-reformat@chromium.org
blink-reformat@chromium.org
blink-reformat@chromium.org
blink-reformat@chromium.org
blink-reformat@chromium.org
blink-reformat@chromium.org
blink-reformat@chromium.org
blink-reformat@chromium.org
blink-reformat@chromium.org
