blink-reformat@chromium.org
blink-reformat@chromium.org
junov@chromium.org
fserb@chromium.org
yutak@chromium.org
fserb@chromium.org
qiankun.miao@intel.com
vmpstr@chromium.org
junov@chromium.org
fserb@chromium.org
blink-reformat@chromium.org
blink-reformat@chromium.org
khushalsagar@chromium.org
xidachen@chromium.org
xidachen@chromium.org
junov@chromium.org
fserb@chromium.org
junov@chromium.org
junov@chromium.org
junov@chromium.org
blink-reformat@chromium.org
khushalsagar@chromium.org
junov@chromium.org
xidachen@chromium.org
xidachen@chromium.org
junov@chromium.org
