cbentzel@chromium.org
rsleevi@chromium.org
wtc@chromium.org
cbentzel@chromium.org
rsleevi@chromium.org
wtc@chromium.org
jar@chromium.org
jar@chromium.org
jar@chromium.org
rch@chromium.org
cbentzel@chromium.org
jar@chromium.org
akalin@chromium.org
akalin@chromium.org
akalin@chromium.org
akalin@chromium.org
akalin@chromium.org
akalin@chromium.org
akalin@chromium.org
ttuttle@chromium.org
ttuttle@chromium.org
ttuttle@chromium.org
ttuttle@chromium.org
ttuttle@chromium.org
ttuttle@chromium.org
ttuttle@chromium.org
ttuttle@chromium.org
ttuttle@chromium.org
ttuttle@chromium.org
ttuttle@chromium.org
ttuttle@chromium.org
ttuttle@chromium.org
ttuttle@chromium.org
ttuttle@chromium.org
ttuttle@chromium.org
ttuttle@chromium.org
ttuttle@chromium.org
akalin@chromium.org
akalin@chromium.org
jgraettinger@chromium.org
akalin@chromium.org
ttuttle@chromium.org
ttuttle@chromium.org
ttuttle@chromium.org
