dpapad@chromium.org
aayushkumar@chromium.org
estade@chromium.org
estade@chromium.org
estade@chromium.org
estade@chromium.org
aayushkumar@chromium.org
dpapad@chromium.org
dpapad@chromium.org
dpapad@chromium.org
dpapad@chromium.org
dpapad@chromium.org
dpapad@chromium.org
dpapad@chromium.org
dpapad@chromium.org
aayushkumar@chromium.org
thestig@chromium.org
dpapad@chromium.org
kmadhusu@chromium.org
dpapad@chromium.org
kmadhusu@chromium.org
kmadhusu@chromium.org
vandebo@chromium.org
vandebo@chromium.org
vandebo@chromium.org
vandebo@chromium.org
vandebo@chromium.org
vandebo@chromium.org
vandebo@chromium.org
vandebo@chromium.org
gene@chromium.org
vandebo@chromium.org
gene@chromium.org
vandebo@chromium.org
vandebo@chromium.org
vandebo@chromium.org
vandebo@chromium.org
vandebo@chromium.org
vandebo@chromium.org
vandebo@chromium.org
vandebo@chromium.org
kmadhusu@chromium.org
kmadhusu@chromium.org
kmadhusu@chromium.org
thestig@chromium.org
kmadhusu@chromium.org
kmadhusu@chromium.org
kmadhusu@chromium.org
kmadhusu@chromium.org
