jam@chromium.org
ananta@chromium.org
stevenjb@google.com
jam@chromium.org
jam@chromium.org
stevenjb@google.com
stevenjb@google.com
stevenjb@google.com
stevenjb@google.com
stevenjb@google.com
stevenjb@google.com
jam@chromium.org
joaodasilva@chromium.org
jam@chromium.org
stevenjb@google.com
stevenjb@google.com
stevenjb@google.com
jam@chromium.org
tsepez@chromium.org
stevenjb@google.com
stevenjb@google.com
stevenjb@google.com
stevenjb@google.com
ananta@chromium.org
stevenjb@google.com
stevenjb@google.com
stevenjb@google.com
ananta@chromium.org
stevenjb@google.com
tsepez@chromium.org
tsepez@chromium.org
tsepez@chromium.org
stevenjb@google.com
ananta@chromium.org
stevenjb@google.com
stevenjb@google.com
tsepez@chromium.org
tsepez@chromium.org
jam@chromium.org
ananta@chromium.org
stevenjb@google.com
ananta@chromium.org
stevenjb@google.com
jam@chromium.org
jam@chromium.org
stevenjb@google.com
stevenjb@google.com
stevenjb@google.com
stevenjb@google.com
stevenjb@google.com
stevenjb@google.com
stevenjb@google.com
stevenjb@google.com
stevenjb@google.com
stevenjb@google.com
stevenjb@google.com
stevenjb@google.com
stevenjb@google.com
stevenjb@google.com
stevenjb@google.com
stevenjb@google.com
stevenjb@google.com
stevenjb@google.com
stevenjb@google.com
stevenjb@google.com
stevenjb@google.com
stevenjb@google.com
stevenjb@google.com
stevenjb@google.com
stevenjb@google.com
stevenjb@google.com
jam@chromium.org
jam@chromium.org
stevenjb@google.com
stevenjb@google.com
stevenjb@google.com
jam@chromium.org
jam@chromium.org
stevenjb@google.com
stevenjb@google.com
