serya@google.com
serya@google.com
serya@google.com
serya@google.com
serya@google.com
serya@google.com
serya@google.com
serya@google.com
serya@google.com
rginda@chromium.org
rginda@chromium.org
rginda@chromium.org
rginda@chromium.org
rginda@chromium.org
rginda@chromium.org
rginda@chromium.org
zelidrag@chromium.org
zelidrag@chromium.org
zelidrag@chromium.org
serya@chromium.org
tbarzic@chromium.org
rginda@chromium.org
rginda@chromium.org
rginda@chromium.org
rginda@chromium.org
dgozman@chromium.org
dgozman@chromium.org
dgozman@chromium.org
dgozman@chromium.org
dgozman@chromium.org
rginda@chromium.org
rginda@chromium.org
rginda@chromium.org
rginda@chromium.org
rginda@chromium.org
rginda@chromium.org
rginda@chromium.org
rginda@chromium.org
rginda@chromium.org
rginda@chromium.org
rginda@chromium.org
rginda@chromium.org
rginda@chromium.org
rginda@chromium.org
kaznacheev@chromium.org
kaznacheev@chromium.org
kaznacheev@chromium.org
zelidrag@chromium.org
kaznacheev@chromium.org
zelidrag@chromium.org
zelidrag@chromium.org
zelidrag@chromium.org
zelidrag@chromium.org
zelidrag@chromium.org
zelidrag@chromium.org
kaznacheev@chromium.org
zelidrag@chromium.org
zelidrag@chromium.org
zelidrag@chromium.org
kaznacheev@chromium.org
zelidrag@chromium.org
kaznacheev@chromium.org
zelidrag@chromium.org
zelidrag@chromium.org
zelidrag@chromium.org
zelidrag@chromium.org
zelidrag@chromium.org
