asvitkine@chromium.org
gab@chromium.org
asvitkine@chromium.org
asvitkine@chromium.org
asvitkine@chromium.org
asvitkine@chromium.org
gab@chromium.org
stevet@chromium.org
rkaplow@chromium.org
asvitkine@chromium.org
asvitkine@chromium.org
jwd@chromium.org
jwd@chromium.org
dconnelly@chromium.org
asvitkine@chromium.org
asvitkine@chromium.org
asvitkine@chromium.org
stevet@chromium.org
stevet@chromium.org
stevet@chromium.org
stevet@chromium.org
asvitkine@chromium.org
asvitkine@chromium.org
asvitkine@chromium.org
asvitkine@chromium.org
sclittle@chromium.org
sclittle@chromium.org
sclittle@chromium.org
sclittle@chromium.org
sclittle@chromium.org
sclittle@chromium.org
mathp@chromium.org
mathp@chromium.org
mathp@chromium.org
asvitkine@chromium.org
jwd@chromium.org
jwd@chromium.org
asvitkine@chromium.org
asvitkine@chromium.org
asvitkine@chromium.org
asvitkine@chromium.org
asvitkine@chromium.org
asvitkine@chromium.org
asvitkine@chromium.org
stevet@chromium.org
sclittle@chromium.org
asvitkine@chromium.org
mathp@chromium.org
jwd@chromium.org
asvitkine@chromium.org
asvitkine@chromium.org
jwd@chromium.org
asvitkine@chromium.org
asvitkine@chromium.org
asvitkine@chromium.org
isherman@chromium.org
isherman@chromium.org
asvitkine@chromium.org
isherman@chromium.org
asvitkine@chromium.org
isherman@chromium.org
isherman@chromium.org
isherman@chromium.org
isherman@chromium.org
isherman@chromium.org
isherman@chromium.org
