tasak@google.com
tasak@google.com
tasak@google.com
tasak@google.com
tasak@google.com
tasak@google.com
tasak@google.com
tasak@google.com
tasak@google.com
tasak@google.com
tasak@google.com
tasak@google.com
tasak@google.com
tasak@google.com
tasak@google.com
estark@chromium.org
dconnelly@chromium.org
elawrence@chromium.org
estark@chromium.org
estark@chromium.org
jam@chromium.org
estark@chromium.org
tasak@google.com
elawrence@chromium.org
markusheintz@chromium.org
markusheintz@chromium.org
estark@google.com
markusheintz@chromium.org
estark@google.com
markusheintz@chromium.org
estark@google.com
markusheintz@chromium.org
brettw@chromium.org
felt@chromium.org
estark@chromium.org
estark@google.com
markusheintz@chromium.org
tasak@google.com
tasak@google.com
markusheintz@chromium.org
markusheintz@chromium.org
estark@google.com
tasak@google.com
tasak@google.com
lgarron@chromium.org
markusheintz@chromium.org
markusheintz@chromium.org
markusheintz@chromium.org
markusheintz@chromium.org
tasak@google.com
markusheintz@chromium.org
markusheintz@chromium.org
lgarron@chromium.org
markusheintz@chromium.org
reillyg@chromium.org
markusheintz@chromium.org
patricialor@chromium.org
sumankancherla@chromium.org
jdeblasio@chromium.org
jialiul@chromium.org
tasak@google.com
jialiul@chromium.org
jialiul@chromium.org
jialiul@chromium.org
jialiul@chromium.org
spqchan@chromium.org
estark@chromium.org
jialiul@chromium.org
jialiul@chromium.org
tasak@google.com
tasak@google.com
tasak@google.com
markusheintz@chromium.org
markusheintz@chromium.org
carlosil@chromium.org
carlosil@chromium.org
carlosil@chromium.org
markusheintz@chromium.org
markusheintz@chromium.org
dcheng@chromium.org
markusheintz@chromium.org
markusheintz@chromium.org
shahriar.rostami@gmail.com
patricialor@chromium.org
patricialor@chromium.org
lgarron@chromium.org
palmer@chromium.org
markusheintz@chromium.org
markusheintz@chromium.org
tasak@google.com
markusheintz@chromium.org
markusheintz@chromium.org
brettw@chromium.org
lgarron@chromium.org
lgarron@chromium.org
lgarron@chromium.org
lgarron@chromium.org
lgarron@chromium.org
patricialor@chromium.org
patricialor@chromium.org
lgarron@chromium.org
thakis@chromium.org
lgarron@chromium.org
lgarron@chromium.org
meacer@chromium.org
thakis@chromium.org
thakis@chromium.org
lgarron@chromium.org
cthomp@chromium.org
cthomp@chromium.org
cthomp@chromium.org
lgarron@chromium.org
cthomp@chromium.org
lgarron@chromium.org
jialiul@chromium.org
lgarron@chromium.org
patricialor@chromium.org
patricialor@chromium.org
lgarron@chromium.org
elawrence@chromium.org
patricialor@chromium.org
patricialor@chromium.org
lgarron@chromium.org
lgarron@chromium.org
patricialor@chromium.org
patricialor@chromium.org
lgarron@chromium.org
palmer@chromium.org
patricialor@chromium.org
markusheintz@chromium.org
markusheintz@chromium.org
tasak@google.com
tasak@google.com
tasak@google.com
tasak@google.com
tasak@google.com
tasak@google.com
tasak@google.com
tasak@google.com
tasak@google.com
tasak@google.com
tasak@google.com
patricialor@chromium.org
patricialor@chromium.org
kylixrd@chromium.org
zhuoyu.qian@samsung.com
dfried@chromium.org
jialiul@chromium.org
jialiul@chromium.org
patricialor@chromium.org
patricialor@chromium.org
tasak@google.com
tasak@google.com
tasak@google.com
tasak@google.com
tasak@google.com
tasak@google.com
tasak@google.com
patricialor@chromium.org
patricialor@chromium.org
patricialor@chromium.org
patricialor@chromium.org
patricialor@chromium.org
patricialor@chromium.org
patricialor@chromium.org
patricialor@chromium.org
patricialor@chromium.org
patricialor@chromium.org
patricialor@chromium.org
patricialor@chromium.org
patricialor@chromium.org
patricialor@chromium.org
patricialor@chromium.org
patricialor@chromium.org
pkasting@chromium.org
patricialor@chromium.org
patricialor@chromium.org
patricialor@chromium.org
patricialor@chromium.org
patricialor@chromium.org
pkasting@chromium.org
dfried@chromium.org
dfried@chromium.org
dfried@chromium.org
dfried@chromium.org
dfried@chromium.org
dfried@chromium.org
dfried@chromium.org
dfried@chromium.org
dfried@chromium.org
dfried@chromium.org
dfried@chromium.org
dfried@chromium.org
dfried@chromium.org
dfried@chromium.org
dfried@chromium.org
dfried@chromium.org
dfried@chromium.org
dfried@chromium.org
dfried@chromium.org
dfried@chromium.org
dfried@chromium.org
dfried@chromium.org
dfried@chromium.org
dfried@chromium.org
dfried@chromium.org
dfried@chromium.org
dfried@chromium.org
dfried@chromium.org
dfried@chromium.org
dfried@chromium.org
dfried@chromium.org
dfried@chromium.org
dfried@chromium.org
dfried@chromium.org
dfried@chromium.org
