commit-queue@webkit.org
pfeldman@chromium.org
pfeldman@chromium.org
yurys@chromium.org
yurys@chromium.org
pfeldman@chromium.org
pfeldman@chromium.org
yurys@chromium.org
yurys@chromium.org
yurys@chromium.org
commit-queue@webkit.org
yurys@chromium.org
yurys@chromium.org
yurys@chromium.org
yurys@chromium.org
yurys@chromium.org
pfeldman@chromium.org
pfeldman@chromium.org
pfeldman@chromium.org
pfeldman@chromium.org
timothy@apple.com
timothy@apple.com
commit-queue@webkit.org
commit-queue@webkit.org
commit-queue@webkit.org
commit-queue@webkit.org
commit-queue@webkit.org
commit-queue@webkit.org
commit-queue@webkit.org
commit-queue@webkit.org
commit-queue@webkit.org
commit-queue@webkit.org
commit-queue@webkit.org
commit-queue@webkit.org
commit-queue@webkit.org
timothy@apple.com
commit-queue@webkit.org
commit-queue@webkit.org
pfeldman@chromium.org
commit-queue@webkit.org
commit-queue@webkit.org
commit-queue@webkit.org
pfeldman@chromium.org
commit-queue@webkit.org
commit-queue@webkit.org
timothy@apple.com
timothy@apple.com
commit-queue@webkit.org
timothy@apple.com
commit-queue@webkit.org
commit-queue@webkit.org
pfeldman@chromium.org
pfeldman@chromium.org
commit-queue@webkit.org
commit-queue@webkit.org
commit-queue@webkit.org
commit-queue@webkit.org
pfeldman@chromium.org
timothy@apple.com
timothy@apple.com
timothy@apple.com
pfeldman@chromium.org
yurys@chromium.org
yurys@chromium.org
yurys@chromium.org
yurys@chromium.org
yurys@chromium.org
pfeldman@chromium.org
timothy@apple.com
pfeldman@chromium.org
commit-queue@webkit.org
commit-queue@webkit.org
commit-queue@webkit.org
pfeldman@chromium.org
timothy@apple.com
commit-queue@webkit.org
timothy@apple.com
timothy@apple.com
pfeldman@chromium.org
pfeldman@chromium.org
pfeldman@chromium.org
pfeldman@chromium.org
timothy@apple.com
timothy@apple.com
timothy@apple.com
timothy@apple.com
timothy@apple.com
timothy@apple.com
timothy@apple.com
timothy@apple.com
timothy@apple.com
timothy@apple.com
timothy@apple.com
pfeldman@chromium.org
joepeck@webkit.org
yurys@chromium.org
pfeldman@chromium.org
eric@webkit.org
timothy@apple.com
timothy@apple.com
timothy@apple.com
pfeldman@chromium.org
commit-queue@webkit.org
commit-queue@webkit.org
bweinstein@apple.com
pfeldman@chromium.org
pfeldman@chromium.org
yurys@chromium.org
pfeldman@chromium.org
pfeldman@chromium.org
pfeldman@chromium.org
pfeldman@chromium.org
pfeldman@chromium.org
yurys@chromium.org
