scherkus@chromium.org
phajdan.jr@chromium.org
rvargas@chromium.org
brettw@chromium.org
brettw@chromium.org
jshin@chromium.org
avi@chromium.org
avi@chromium.org
msw@chromium.org
skanuj@chromium.org
beaudoin@chromium.org
msw@chromium.org
rsesek@chromium.org
rsesek@chromium.org
rsesek@chromium.org
rsesek@chromium.org
viettrungluu@chromium.org
asvitkine@chromium.org
brettw@chromium.org
wtc@chromium.org
brettw@chromium.org
mostynb@opera.com
brettw@chromium.org
mostynb@opera.com
mostynb@opera.com
brettw@chromium.org
zverre@yandex-team.ru
ahutter@chromium.org
felipeg@chromium.org
brettw@chromium.org
brettw@chromium.org
tony@chromium.org
tfarina@chromium.org
mmentovai@google.com
mmentovai@google.com
mmentovai@google.com
aa@chromium.org
tfarina@chromium.org
asvitkine@chromium.org
pkasting@chromium.org
kinaba@chromium.org
pkasting@chromium.org
pkasting@chromium.org
dalecurtis@chromium.org
erikkay@google.com
erikkay@google.com
mathp@google.com
mathp@google.com
