sammc@chromium.org
sammc@chromium.org
sammc@chromium.org
sammc@chromium.org
sammc@chromium.org
sammc@chromium.org
sammc@chromium.org
koz@chromium.org
koz@chromium.org
koz@chromium.org
koz@chromium.org
koz@chromium.org
koz@chromium.org
koz@chromium.org
koz@chromium.org
koz@chromium.org
koz@chromium.org
koz@chromium.org
koz@chromium.org
koz@chromium.org
koz@chromium.org
koz@chromium.org
sammc@chromium.org
cduvall@chromium.org
sammc@chromium.org
sammc@chromium.org
sammc@chromium.org
sammc@chromium.org
sammc@chromium.org
sammc@chromium.org
sammc@chromium.org
sammc@chromium.org
sammc@chromium.org
koz@chromium.org
sammc@chromium.org
sammc@chromium.org
sammc@chromium.org
sammc@chromium.org
sammc@chromium.org
sammc@chromium.org
sammc@chromium.org
sammc@chromium.org
sammc@chromium.org
sammc@chromium.org
cduvall@chromium.org
cduvall@chromium.org
kalman@chromium.org
kalman@chromium.org
bshe@chromium.org
cduvall@chromium.org
sammc@chromium.org
sammc@chromium.org
cduvall@chromium.org
rob@robwu.nl
cduvall@chromium.org
koz@chromium.org
koz@chromium.org
koz@chromium.org
kalman@chromium.org
kalman@chromium.org
kalman@chromium.org
kalman@chromium.org
cduvall@chromium.org
paulmeyer@chromium.org
paulmeyer@chromium.org
ericzeng@chromium.org
fsamuel@chromium.org
paulmeyer@chromium.org
apacible@chromium.org
apacible@chromium.org
apacible@chromium.org
paulmeyer@chromium.org
lazyboy@chromium.org
lazyboy@chromium.org
paulmeyer@chromium.org
paulmeyer@chromium.org
paulmeyer@chromium.org
paulmeyer@chromium.org
lazyboy@chromium.org
paulmeyer@chromium.org
paulmeyer@chromium.org
paulmeyer@chromium.org
paulmeyer@chromium.org
paulmeyer@chromium.org
lazyboy@chromium.org
paulmeyer@chromium.org
lfg@chromium.org
fsamuel@chromium.org
cduvall@chromium.org
dewittj@chromium.org
dewittj@chromium.org
skerner@chromium.org
kalman@chromium.org
asargent@chromium.org
rdevlin.cronin@chromium.org
aboxhall@chromium.org
asargent@chromium.org
cduvall@chromium.org
rob@robwu.nl
kalman@chromium.org
kalman@chromium.org
kalman@chromium.org
kalman@chromium.org
kalman@chromium.org
kalman@chromium.org
asargent@chromium.org
kalman@chromium.org
kalman@chromium.org
kalman@chromium.org
kalman@chromium.org
juanlang@google.com
sammc@chromium.org
sammc@chromium.org
cduvall@chromium.org
tbarzic@chromium.org
sammc@chromium.org
cduvall@chromium.org
benwells@chromium.org
benwells@chromium.org
benwells@chromium.org
benwells@chromium.org
koz@chromium.org
felt@chromium.org
felt@chromium.org
sammc@chromium.org
kalman@chromium.org
sammc@chromium.org
koz@chromium.org
cduvall@chromium.org
cduvall@chromium.org
cduvall@chromium.org
cduvall@chromium.org
cduvall@chromium.org
rob@robwu.nl
kalman@chromium.org
kalman@chromium.org
kalman@chromium.org
rob@robwu.nl
rob@robwu.nl
rob@robwu.nl
battre@chromium.org
cduvall@chromium.org
battre@chromium.org
fsamuel@chromium.org
pneubeck@chromium.org
sammc@chromium.org
cduvall@chromium.org
fsamuel@chromium.org
fsamuel@chromium.org
sammc@chromium.org
sammc@chromium.org
sammc@chromium.org
sammc@chromium.org
