initial.commit
estade@chromium.org
estade@chromium.org
estade@chromium.org
estade@chromium.org
estade@chromium.org
estade@chromium.org
estade@chromium.org
estade@chromium.org
estade@chromium.org
estade@chromium.org
estade@chromium.org
estade@chromium.org
gbillock@chromium.org
gbillock@chromium.org
gbillock@chromium.org
gbillock@chromium.org
gbillock@chromium.org
gbillock@chromium.org
gbillock@chromium.org
gbillock@chromium.org
gbillock@chromium.org
gbillock@chromium.org
scr@chromium.org
scr@chromium.org
scr@chromium.org
scr@chromium.org
scr@chromium.org
scr@chromium.org
scr@chromium.org
scr@chromium.org
scr@chromium.org
scr@chromium.org
scr@chromium.org
scr@chromium.org
scr@chromium.org
scr@chromium.org
scr@chromium.org
scr@chromium.org
estade@chromium.org
estade@chromium.org
estade@chromium.org
estade@chromium.org
estade@chromium.org
estade@chromium.org
estade@chromium.org
estade@chromium.org
estade@chromium.org
estade@chromium.org
initial.commit
rkc@google.com
rkc@chromium.org
estade@chromium.org
zelidrag@chromium.org
thomasvl@chromium.org
thomasvl@chromium.org
rkc@chromium.org
rkc@chromium.org
rkc@google.com
thomasvl@chromium.org
initial.commit
estade@chromium.org
estade@chromium.org
estade@chromium.org
estade@chromium.org
estade@chromium.org
estade@chromium.org
estade@chromium.org
estade@chromium.org
estade@chromium.org
estade@chromium.org
zelidrag@chromium.org
estade@chromium.org
estade@chromium.org
estade@chromium.org
zelidrag@chromium.org
estade@chromium.org
estade@chromium.org
koz@chromium.org
estade@chromium.org
estade@chromium.org
estade@chromium.org
koz@chromium.org
bauerb@chromium.org
zelidrag@chromium.org
scheib@chromium.org
scheib@chromium.org
estade@chromium.org
estade@chromium.org
estade@chromium.org
estade@chromium.org
estade@chromium.org
estade@chromium.org
estade@chromium.org
koz@chromium.org
koz@chromium.org
koz@chromium.org
estade@chromium.org
estade@chromium.org
estade@chromium.org
estade@chromium.org
estade@chromium.org
estade@chromium.org
estade@chromium.org
estade@chromium.org
koz@chromium.org
koz@chromium.org
koz@chromium.org
estade@chromium.org
estade@chromium.org
gbillock@chromium.org
gbillock@chromium.org
gbillock@chromium.org
gbillock@chromium.org
gbillock@chromium.org
gbillock@chromium.org
gbillock@chromium.org
gbillock@chromium.org
gbillock@chromium.org
gbillock@chromium.org
jhawkins@chromium.org
jhawkins@chromium.org
jhawkins@chromium.org
jhawkins@chromium.org
jhawkins@chromium.org
jhawkins@chromium.org
initial.commit
csilv@chromium.org
csilv@chromium.org
csilv@chromium.org
csilv@chromium.org
csilv@chromium.org
csilv@chromium.org
csilv@chromium.org
csilv@chromium.org
csilv@chromium.org
csilv@chromium.org
csilv@chromium.org
csilv@chromium.org
csilv@chromium.org
csilv@chromium.org
csilv@chromium.org
csilv@chromium.org
csilv@chromium.org
csilv@chromium.org
csilv@chromium.org
csilv@chromium.org
csilv@chromium.org
csilv@chromium.org
csilv@chromium.org
csilv@chromium.org
csilv@chromium.org
csilv@chromium.org
csilv@chromium.org
csilv@chromium.org
csilv@chromium.org
csilv@chromium.org
csilv@chromium.org
csilv@chromium.org
csilv@chromium.org
csilv@chromium.org
csilv@chromium.org
yusukes@chromium.org
yusukes@chromium.org
mhm@chromium.org
mhm@chromium.org
csilv@chromium.org
initial.commit
estade@chromium.org
derat@chromium.org
estade@chromium.org
derat@chromium.org
derat@chromium.org
estade@chromium.org
estade@chromium.org
derat@chromium.org
derat@chromium.org
derat@chromium.org
initial.commit
estade@chromium.org
tbreisacher@chromium.org
csilv@chromium.org
tbreisacher@chromium.org
estade@chromium.org
estade@chromium.org
estade@chromium.org
estade@chromium.org
estade@chromium.org
estade@chromium.org
estade@chromium.org
estade@chromium.org
tbreisacher@chromium.org
csilv@chromium.org
tbreisacher@chromium.org
estade@chromium.org
estade@chromium.org
estade@chromium.org
estade@chromium.org
estade@chromium.org
estade@chromium.org
estade@chromium.org
estade@chromium.org
estade@chromium.org
jhawkins@chromium.org
jhawkins@chromium.org
jhawkins@chromium.org
jhawkins@chromium.org
estade@chromium.org
estade@chromium.org
estade@chromium.org
estade@chromium.org
derat@chromium.org
jhawkins@chromium.org
jhawkins@chromium.org
jhawkins@chromium.org
derat@chromium.org
estade@chromium.org
jhawkins@chromium.org
jhawkins@chromium.org
jhawkins@chromium.org
jhawkins@chromium.org
derat@chromium.org
derat@chromium.org
estade@chromium.org
estade@chromium.org
estade@chromium.org
jhawkins@chromium.org
jhawkins@chromium.org
jhawkins@chromium.org
derat@chromium.org
tony@chromium.org
estade@chromium.org
derat@chromium.org
estade@chromium.org
derat@chromium.org
derat@chromium.org
estade@chromium.org
estade@chromium.org
sky@chromium.org
derat@chromium.org
derat@chromium.org
estade@chromium.org
initial.commit
estade@chromium.org
derat@chromium.org
estade@chromium.org
derat@chromium.org
derat@chromium.org
estade@chromium.org
estade@chromium.org
derat@chromium.org
derat@chromium.org
derat@chromium.org
estade@chromium.org
csilv@chromium.org
csilv@chromium.org
csilv@chromium.org
csilv@chromium.org
csilv@chromium.org
csilv@chromium.org
csilv@chromium.org
csilv@chromium.org
csilv@chromium.org
csilv@chromium.org
csilv@chromium.org
estade@chromium.org
estade@chromium.org
estade@chromium.org
estade@chromium.org
estade@chromium.org
estade@chromium.org
estade@chromium.org
estade@chromium.org
estade@chromium.org
estade@chromium.org
estade@chromium.org
estade@chromium.org
estade@chromium.org
estade@chromium.org
estade@chromium.org
estade@chromium.org
initial.commit
initial.commit
tfarina@chromium.org
estade@chromium.org
estade@chromium.org
estade@chromium.org
estade@chromium.org
estade@chromium.org
estade@chromium.org
estade@chromium.org
estade@chromium.org
estade@chromium.org
estade@chromium.org
arv@google.com
jcampan@chromium.org
csilv@chromium.org
csilv@chromium.org
csilv@chromium.org
csilv@chromium.org
csilv@chromium.org
csilv@chromium.org
csilv@chromium.org
csilv@chromium.org
csilv@chromium.org
csilv@chromium.org
estade@chromium.org
estade@chromium.org
estade@chromium.org
estade@chromium.org
estade@chromium.org
estade@chromium.org
estade@chromium.org
estade@chromium.org
estade@chromium.org
estade@chromium.org
estade@chromium.org
dhollowa@chromium.org
estade@chromium.org
derat@chromium.org
estade@chromium.org
estade@chromium.org
estade@chromium.org
derat@chromium.org
estade@chromium.org
estade@chromium.org
dhollowa@chromium.org
derat@chromium.org
estade@chromium.org
estade@chromium.org
estade@chromium.org
derat@chromium.org
tfarina@chromium.org
tfarina@chromium.org
estade@chromium.org
estade@chromium.org
estade@chromium.org
estade@chromium.org
estade@chromium.org
estade@chromium.org
estade@chromium.org
tfarina@chromium.org
tfarina@chromium.org
tfarina@chromium.org
tfarina@chromium.org
estade@chromium.org
estade@chromium.org
estade@chromium.org
estade@chromium.org
estade@chromium.org
estade@chromium.org
estade@chromium.org
tfarina@chromium.org
tfarina@chromium.org
estade@chromium.org
csilv@chromium.org
estade@chromium.org
dpolukhin@chromium.org
estade@chromium.org
jhawkins@chromium.org
estade@chromium.org
estade@chromium.org
estade@chromium.org
estade@chromium.org
estade@chromium.org
estade@chromium.org
jhawkins@chromium.org
jhawkins@chromium.org
jhawkins@chromium.org
jhawkins@chromium.org
jhawkins@chromium.org
jhawkins@chromium.org
jhawkins@chromium.org
jhawkins@chromium.org
jhawkins@chromium.org
jhawkins@chromium.org
jhawkins@chromium.org
jhawkins@chromium.org
jhawkins@chromium.org
jhawkins@chromium.org
estade@chromium.org
estade@chromium.org
estade@chromium.org
estade@chromium.org
estade@chromium.org
estade@chromium.org
jhawkins@chromium.org
jhawkins@chromium.org
jhawkins@chromium.org
jhawkins@chromium.org
jhawkins@chromium.org
jhawkins@chromium.org
jhawkins@chromium.org
jhawkins@chromium.org
jhawkins@chromium.org
jhawkins@chromium.org
jhawkins@chromium.org
jhawkins@chromium.org
jhawkins@chromium.org
isherman@chromium.org
estade@chromium.org
csilv@chromium.org
csilv@chromium.org
csilv@chromium.org
estade@chromium.org
estade@chromium.org
estade@chromium.org
jhawkins@chromium.org
jhawkins@chromium.org
jhawkins@chromium.org
estade@chromium.org
estade@chromium.org
csilv@chromium.org
csilv@chromium.org
csilv@chromium.org
estade@chromium.org
estade@chromium.org
estade@chromium.org
jhawkins@chromium.org
jhawkins@chromium.org
jhawkins@chromium.org
estade@chromium.org
estade@chromium.org
estade@chromium.org
estade@chromium.org
abodenha@chromium.org
abodenha@chromium.org
scottbyer@chromium.org
estade@chromium.org
derat@chromium.org
estade@chromium.org
derat@chromium.org
jhawkins@chromium.org
csilv@chromium.org
jhawkins@chromium.org
derat@chromium.org
estade@chromium.org
estade@chromium.org
derat@chromium.org
derat@chromium.org
jhawkins@chromium.org
csilv@chromium.org
jhawkins@chromium.org
derat@chromium.org
csilv@chromium.org
stuartmorgan@chromium.org
csilv@chromium.org
csilv@chromium.org
estade@chromium.org
initial.commit
jhawkins@chromium.org
gbillock@chromium.org
gbillock@chromium.org
mdm@chromium.org
ian@chromium.org
mdm@chromium.org
mdm@chromium.org
ian@chromium.org
ian@chromium.org
ian@chromium.org
jochen@chromium.org
mdm@chromium.org
bauerb@chromium.org
mkwst@chromium.org
mkwst@chromium.org
mkwst@chromium.org
mkwst@chromium.org
mirandac@chromium.org
mirandac@chromium.org
binji@chromium.org
mirandac@chromium.org
mirandac@chromium.org
mirandac@chromium.org
mirandac@chromium.org
binji@chromium.org
mirandac@chromium.org
mirandac@chromium.org
binji@chromium.org
binji@chromium.org
binji@chromium.org
binji@chromium.org
binji@chromium.org
binji@chromium.org
binji@chromium.org
binji@chromium.org
binji@chromium.org
binji@chromium.org
estade@chromium.org
estade@chromium.org
estade@chromium.org
estade@chromium.org
estade@chromium.org
estade@chromium.org
estade@chromium.org
estade@chromium.org
estade@chromium.org
estade@chromium.org
estade@chromium.org
estade@chromium.org
estade@chromium.org
estade@chromium.org
estade@chromium.org
estade@chromium.org
estade@chromium.org
estade@chromium.org
estade@chromium.org
estade@chromium.org
estade@chromium.org
estade@chromium.org
estade@chromium.org
estade@chromium.org
estade@chromium.org
estade@chromium.org
estade@chromium.org
estade@chromium.org
estade@chromium.org
estade@chromium.org
estade@chromium.org
estade@chromium.org
estade@chromium.org
estade@chromium.org
finnur@chromium.org
finnur@chromium.org
jhawkins@chromium.org
jhawkins@chromium.org
jhawkins@chromium.org
jhawkins@chromium.org
finnur@chromium.org
dhollowa@chromium.org
initial.commit
atwilson@chromium.org
estade@chromium.org
derat@chromium.org
binji@chromium.org
derat@chromium.org
derat@chromium.org
estade@chromium.org
estade@chromium.org
dbeam@chromium.org
derat@chromium.org
derat@chromium.org
jhawkins@chromium.org
jhawkins@chromium.org
jhawkins@chromium.org
jhawkins@chromium.org
jhawkins@chromium.org
jhawkins@chromium.org
jhawkins@chromium.org
jhawkins@chromium.org
jhawkins@chromium.org
jhawkins@chromium.org
pinkerton@chromium.org
pinkerton@chromium.org
binji@chromium.org
pinkerton@chromium.org
pinkerton@chromium.org
pinkerton@chromium.org
pinkerton@chromium.org
binji@chromium.org
pinkerton@chromium.org
pinkerton@chromium.org
csilv@chromium.org
csilv@chromium.org
csilv@chromium.org
csilv@chromium.org
csilv@chromium.org
csilv@chromium.org
csilv@chromium.org
csilv@chromium.org
csilv@chromium.org
csilv@chromium.org
jhawkins@chromium.org
jhawkins@chromium.org
binji@chromium.org
jhawkins@chromium.org
jhawkins@chromium.org
jhawkins@chromium.org
jhawkins@chromium.org
binji@chromium.org
jhawkins@chromium.org
jhawkins@chromium.org
jhawkins@chromium.org
jhawkins@chromium.org
binji@chromium.org
jhawkins@chromium.org
jhawkins@chromium.org
jhawkins@chromium.org
jhawkins@chromium.org
binji@chromium.org
jhawkins@chromium.org
jhawkins@chromium.org
binji@chromium.org
binji@chromium.org
csilv@chromium.org
binji@chromium.org
binji@chromium.org
binji@chromium.org
binji@chromium.org
csilv@chromium.org
binji@chromium.org
binji@chromium.org
csilv@chromium.org
csilv@chromium.org
jhawkins@chromium.org
jhawkins@chromium.org
jhawkins@chromium.org
jhawkins@chromium.org
jhawkins@chromium.org
jhawkins@chromium.org
jhawkins@chromium.org
jhawkins@chromium.org
jhawkins@chromium.org
jhawkins@chromium.org
tim@chromium.org
jhawkins@chromium.org
jhawkins@chromium.org
jhawkins@chromium.org
jhawkins@chromium.org
jhawkins@chromium.org
jhawkins@chromium.org
jhawkins@chromium.org
jhawkins@chromium.org
jhawkins@chromium.org
jhawkins@chromium.org
jhawkins@chromium.org
jhawkins@chromium.org
jhawkins@chromium.org
jhawkins@chromium.org
jhawkins@chromium.org
jhawkins@chromium.org
jhawkins@chromium.org
jhawkins@chromium.org
jhawkins@chromium.org
jhawkins@chromium.org
binji@chromium.org
binji@chromium.org
binji@chromium.org
binji@chromium.org
binji@chromium.org
binji@chromium.org
binji@chromium.org
gbillock@chromium.org
binji@chromium.org
binji@chromium.org
kevers@chromium.org
kevers@chromium.org
tony@chromium.org
zelidrag@chromium.org
dhg@chromium.org
stevenjb@google.com
stevenjb@google.com
altimofeev@chromium.org
dpolukhin@chromium.org
nkostylev@chromium.org
nkostylev@chromium.org
nkostylev@chromium.org
zork@chromium.org
estade@chromium.org
estade@chromium.org
satorux@chromium.org
yusukes@chromium.org
yusukes@google.com
estade@chromium.org
binji@chromium.org
binji@chromium.org
binji@chromium.org
binji@chromium.org
binji@chromium.org
sail@chromium.org
binji@chromium.org
binji@chromium.org
sail@chromium.org
binji@chromium.org
binji@chromium.org
binji@chromium.org
binji@chromium.org
binji@chromium.org
binji@chromium.org
binji@chromium.org
sail@chromium.org
binji@chromium.org
binji@chromium.org
sail@chromium.org
binji@chromium.org
binji@chromium.org
binji@chromium.org
binji@chromium.org
sail@chromium.org
binji@chromium.org
binji@chromium.org
binji@chromium.org
binji@chromium.org
binji@chromium.org
binji@chromium.org
binji@chromium.org
sail@chromium.org
binji@chromium.org
binji@chromium.org
binji@chromium.org
binji@chromium.org
binji@chromium.org
jhawkins@chromium.org
jhawkins@chromium.org
jhawkins@chromium.org
jhawkins@chromium.org
jhawkins@chromium.org
jhawkins@chromium.org
jhawkins@chromium.org
jhawkins@chromium.org
jhawkins@chromium.org
jhawkins@chromium.org
