ghc@google.com
akalin@chromium.org
dcheng@chromium.org
dcheng@chromium.org
dcheng@chromium.org
dcheng@chromium.org
dcheng@chromium.org
akalin@chromium.org
akalin@chromium.org
iannucci@chromium.org
tim@chromium.org
akalin@chromium.org
akalin@chromium.org
akalin@chromium.org
akalin@chromium.org
akalin@chromium.org
akalin@chromium.org
akalin@chromium.org
akalin@chromium.org
akalin@chromium.org
akalin@chromium.org
akalin@chromium.org
akalin@chromium.org
akalin@chromium.org
akalin@chromium.org
akalin@chromium.org
akalin@chromium.org
dcheng@chromium.org
akalin@chromium.org
akalin@chromium.org
dcheng@chromium.org
dcheng@chromium.org
dcheng@chromium.org
dcheng@chromium.org
dcheng@chromium.org
dcheng@chromium.org
dcheng@chromium.org
dcheng@chromium.org
dcheng@chromium.org
dcheng@chromium.org
dcheng@chromium.org
dcheng@chromium.org
akalin@chromium.org
akalin@chromium.org
dcheng@chromium.org
dcheng@chromium.org
dcheng@chromium.org
akalin@chromium.org
akalin@chromium.org
akalin@chromium.org
tim@chromium.org
ghc@google.com
ghc@google.com
ghc@google.com
ghc@google.com
ghc@google.com
akalin@chromium.org
ghc@google.com
akalin@chromium.org
akalin@chromium.org
akalin@chromium.org
akalin@chromium.org
akalin@chromium.org
akalin@chromium.org
akalin@chromium.org
akalin@chromium.org
akalin@chromium.org
akalin@chromium.org
akalin@chromium.org
akalin@chromium.org
akalin@chromium.org
akalin@chromium.org
akalin@chromium.org
akalin@chromium.org
akalin@chromium.org
akalin@chromium.org
akalin@chromium.org
munjal@chromium.org
munjal@chromium.org
akalin@chromium.org
akalin@chromium.org
dcheng@chromium.org
dcheng@chromium.org
dcheng@chromium.org
dcheng@chromium.org
dcheng@chromium.org
dcheng@chromium.org
dcheng@chromium.org
akalin@chromium.org
dcheng@chromium.org
dcheng@chromium.org
dcheng@chromium.org
dcheng@chromium.org
dcheng@chromium.org
dcheng@chromium.org
dcheng@chromium.org
dcheng@chromium.org
dcheng@chromium.org
dcheng@chromium.org
dcheng@chromium.org
akalin@chromium.org
dcheng@chromium.org
dcheng@chromium.org
munjal@chromium.org
dcheng@chromium.org
akalin@chromium.org
dcheng@chromium.org
dcheng@chromium.org
munjal@chromium.org
dcheng@chromium.org
akalin@chromium.org
akalin@chromium.org
dcheng@chromium.org
dcheng@chromium.org
munjal@chromium.org
dcheng@chromium.org
akalin@chromium.org
akalin@chromium.org
akalin@chromium.org
akalin@chromium.org
akalin@chromium.org
dcheng@chromium.org
dcheng@chromium.org
dcheng@chromium.org
akalin@chromium.org
akalin@chromium.org
akalin@chromium.org
dcheng@chromium.org
dcheng@chromium.org
akalin@chromium.org
akalin@chromium.org
dcheng@chromium.org
dcheng@chromium.org
dcheng@chromium.org
dcheng@chromium.org
dcheng@chromium.org
dcheng@chromium.org
dcheng@chromium.org
dcheng@chromium.org
dcheng@chromium.org
dcheng@chromium.org
munjal@chromium.org
dcheng@chromium.org
munjal@chromium.org
dcheng@chromium.org
akalin@chromium.org
akalin@chromium.org
akalin@chromium.org
munjal@chromium.org
dcheng@chromium.org
akalin@chromium.org
akalin@chromium.org
akalin@chromium.org
munjal@chromium.org
dcheng@chromium.org
dcheng@chromium.org
akalin@chromium.org
munjal@chromium.org
akalin@chromium.org
dcheng@chromium.org
dcheng@chromium.org
dcheng@chromium.org
dcheng@chromium.org
dcheng@chromium.org
dcheng@chromium.org
akalin@chromium.org
dcheng@chromium.org
munjal@chromium.org
dcheng@chromium.org
munjal@chromium.org
dcheng@chromium.org
munjal@chromium.org
dcheng@chromium.org
akalin@chromium.org
dcheng@chromium.org
akalin@chromium.org
akalin@chromium.org
akalin@chromium.org
akalin@chromium.org
dcheng@chromium.org
dcheng@chromium.org
dcheng@chromium.org
dcheng@chromium.org
dcheng@chromium.org
dcheng@chromium.org
akalin@chromium.org
akalin@chromium.org
dcheng@chromium.org
dcheng@chromium.org
dcheng@chromium.org
dcheng@chromium.org
akalin@chromium.org
akalin@chromium.org
akalin@chromium.org
dcheng@chromium.org
dcheng@chromium.org
akalin@chromium.org
akalin@chromium.org
akalin@chromium.org
akalin@chromium.org
akalin@chromium.org
akalin@chromium.org
akalin@chromium.org
akalin@chromium.org
akalin@chromium.org
akalin@chromium.org
akalin@chromium.org
akalin@chromium.org
akalin@chromium.org
akalin@chromium.org
akalin@chromium.org
akalin@chromium.org
akalin@chromium.org
akalin@chromium.org
akalin@chromium.org
akalin@chromium.org
akalin@chromium.org
akalin@chromium.org
akalin@chromium.org
akalin@chromium.org
akalin@chromium.org
akalin@chromium.org
akalin@chromium.org
akalin@chromium.org
akalin@chromium.org
akalin@chromium.org
akalin@chromium.org
akalin@chromium.org
akalin@chromium.org
akalin@chromium.org
akalin@chromium.org
akalin@chromium.org
akalin@chromium.org
akalin@chromium.org
akalin@chromium.org
akalin@chromium.org
akalin@chromium.org
akalin@chromium.org
akalin@chromium.org
akalin@chromium.org
akalin@chromium.org
akalin@chromium.org
akalin@chromium.org
akalin@chromium.org
akalin@chromium.org
akalin@chromium.org
dcheng@chromium.org
tim@chromium.org
akalin@chromium.org
tim@chromium.org
akalin@chromium.org
tim@chromium.org
tim@chromium.org
tim@chromium.org
tim@chromium.org
tim@chromium.org
tim@chromium.org
tim@chromium.org
tim@chromium.org
tim@chromium.org
tim@chromium.org
tim@chromium.org
tim@chromium.org
tim@chromium.org
akalin@chromium.org
tim@chromium.org
tim@chromium.org
tim@chromium.org
tim@chromium.org
akalin@chromium.org
tim@chromium.org
tim@chromium.org
tim@chromium.org
tim@chromium.org
tim@chromium.org
tim@chromium.org
tim@chromium.org
tim@chromium.org
tim@chromium.org
tim@chromium.org
tim@chromium.org
akalin@chromium.org
tim@chromium.org
tim@chromium.org
tim@chromium.org
tim@chromium.org
tim@chromium.org
tim@chromium.org
tim@chromium.org
tim@chromium.org
tim@chromium.org
dcheng@chromium.org
tim@chromium.org
tim@chromium.org
tim@chromium.org
tim@chromium.org
akalin@chromium.org
tim@chromium.org
tim@chromium.org
dcheng@chromium.org
dcheng@chromium.org
dcheng@chromium.org
dcheng@chromium.org
dcheng@chromium.org
dcheng@chromium.org
dcheng@chromium.org
dcheng@chromium.org
dcheng@chromium.org
dcheng@chromium.org
dcheng@chromium.org
dcheng@chromium.org
dcheng@chromium.org
dcheng@chromium.org
dcheng@chromium.org
dcheng@chromium.org
dcheng@chromium.org
dcheng@chromium.org
