bashi@chromium.org
atwilson@chromium.org
atwilson@chromium.org
ryansturm@chromium.org
dcheng@chromium.org
atwilson@chromium.org
mmenke@chromium.org
dskiba@chromium.org
dskiba@chromium.org
ryansturm@chromium.org
ryansturm@chromium.org
ryansturm@chromium.org
ryansturm@chromium.org
ryansturm@chromium.org
ryansturm@chromium.org
ryansturm@chromium.org
ryansturm@chromium.org
ryansturm@chromium.org
mmenke@chromium.org
mmenke@chromium.org
mmenke@chromium.org
mmenke@chromium.org
tyoshino@chromium.org
avi@chromium.org
avi@chromium.org
mmenke@chromium.org
mmenke@chromium.org
mmenke@chromium.org
mmenke@chromium.org
ryansturm@chromium.org
ryansturm@chromium.org
ryansturm@chromium.org
ryansturm@chromium.org
ryansturm@chromium.org
jam@chromium.org
jam@chromium.org
jam@chromium.org
jam@chromium.org
jam@chromium.org
jam@chromium.org
jam@chromium.org
rhalavati@chromium.org
rhalavati@chromium.org
rhalavati@chromium.org
rhalavati@chromium.org
rhalavati@chromium.org
jam@chromium.org
rhalavati@chromium.org
rhalavati@chromium.org
droger@chromium.org
droger@chromium.org
droger@chromium.org
droger@chromium.org
droger@chromium.org
jam@chromium.org
jam@chromium.org
jam@chromium.org
jam@chromium.org
jam@chromium.org
jam@chromium.org
jam@chromium.org
jam@chromium.org
jam@chromium.org
jam@chromium.org
jam@chromium.org
jam@chromium.org
jam@chromium.org
jam@chromium.org
jam@chromium.org
jam@chromium.org
droger@chromium.org
droger@chromium.org
rhalavati@chromium.org
rhalavati@chromium.org
rhalavati@chromium.org
rhalavati@chromium.org
rhalavati@chromium.org
rhalavati@chromium.org
rhalavati@chromium.org
droger@chromium.org
rhalavati@chromium.org
rhalavati@chromium.org
rhalavati@chromium.org
user@gmail.com
rhalavati@chromium.org
rhalavati@chromium.org
rhalavati@chromium.org
jam@chromium.org
jam@chromium.org
jam@chromium.org
jam@chromium.org
jam@chromium.org
jam@chromium.org
jam@chromium.org
jam@chromium.org
jam@chromium.org
jam@chromium.org
jam@chromium.org
jam@chromium.org
jam@chromium.org
jam@chromium.org
jam@chromium.org
jam@chromium.org
jam@chromium.org
jam@chromium.org
jam@chromium.org
rhalavati@chromium.org
avi@chromium.org
rhalavati@chromium.org
rhalavati@chromium.org
jam@chromium.org
jam@chromium.org
rhalavati@chromium.org
rhalavati@chromium.org
rhalavati@chromium.org
rhalavati@chromium.org
rhalavati@chromium.org
rhalavati@chromium.org
jam@chromium.org
jam@chromium.org
jam@chromium.org
jam@chromium.org
jam@chromium.org
jam@chromium.org
jam@chromium.org
jam@chromium.org
jam@chromium.org
jam@chromium.org
jam@chromium.org
jam@chromium.org
jam@chromium.org
jam@chromium.org
jam@chromium.org
jam@chromium.org
jam@chromium.org
jam@chromium.org
jam@chromium.org
jam@chromium.org
jam@chromium.org
jam@chromium.org
jam@chromium.org
jam@chromium.org
jam@chromium.org
rhalavati@chromium.org
rhalavati@chromium.org
rhalavati@chromium.org
rhalavati@chromium.org
jam@chromium.org
mmenke@chromium.org
droger@chromium.org
droger@chromium.org
mmenke@chromium.org
mmenke@chromium.org
mmenke@chromium.org
mmenke@chromium.org
mmenke@chromium.org
mmenke@chromium.org
jam@chromium.org
mmenke@chromium.org
jochen@chromium.org
mmenke@chromium.org
mmenke@chromium.org
mmenke@chromium.org
mmenke@chromium.org
mmenke@chromium.org
mmenke@chromium.org
mmenke@chromium.org
mmenke@chromium.org
mmenke@chromium.org
mmenke@chromium.org
jam@chromium.org
jam@chromium.org
jam@chromium.org
jam@chromium.org
mmenke@chromium.org
mmenke@chromium.org
jochen@chromium.org
mmenke@chromium.org
mmenke@chromium.org
mmenke@chromium.org
mmenke@chromium.org
mmenke@chromium.org
mmenke@chromium.org
mmenke@chromium.org
mmenke@chromium.org
mmenke@chromium.org
mmenke@chromium.org
mmenke@chromium.org
jochen@chromium.org
mmenke@chromium.org
mmenke@chromium.org
mmenke@chromium.org
mmenke@chromium.org
mmenke@chromium.org
mmenke@chromium.org
mmenke@chromium.org
mmenke@chromium.org
jam@chromium.org
jam@chromium.org
jam@chromium.org
brettw@chromium.org
dcheng@chromium.org
svaldez@chromium.org
svaldez@chromium.org
svaldez@chromium.org
svaldez@chromium.org
svaldez@chromium.org
svaldez@chromium.org
svaldez@chromium.org
svaldez@chromium.org
svaldez@chromium.org
svaldez@chromium.org
jam@chromium.org
chongz@chromium.org
chongz@chromium.org
chongz@chromium.org
chongz@chromium.org
chongz@chromium.org
chongz@chromium.org
