jiesun@chromium.org
jiesun@chromium.org
jiesun@chromium.org
maruel@google.com
finnur@chromium.org
mark@chromium.org
estade@chromium.org
estade@chromium.org
evanm@google.com
aa@chromium.org
erikkay@google.com
erikkay@google.com
cpu@chromium.org
rvargas@google.com
rvargas@google.com
evanm@google.com
jianli@chromium.org
evanm@google.com
phajdan.jr@chromium.org
evanm@google.com
evanm@google.com
evanm@google.com
evanm@google.com
erikkay@google.com
evanm@google.com
initial.commit
initial.commit
initial.commit
initial.commit
evanm@google.com
evanm@google.com
mark@chromium.org
erikkay@google.com
avi@chromium.org
initial.commit
initial.commit
initial.commit
xiyuan@chromium.org
initial.commit
initial.commit
initial.commit
xiyuan@chromium.org
xiyuan@chromium.org
xiyuan@chromium.org
huanr@chromium.org
huanr@chromium.org
tfarina@chromium.org
evanm@google.com
jrg@chromium.org
evan@chromium.org
erikkay@chromium.org
agl@chromium.org
jrg@chromium.org
jrg@chromium.org
phajdan.jr@chromium.org
agl@chromium.org
agl@chromium.org
skerner@chromium.org
skerner@chromium.org
skerner@chromium.org
evanm@google.com
dkegel@google.com
estade@chromium.org
estade@chromium.org
skerner@chromium.org
cpu@chromium.org
dumi@chromium.org
dumi@chromium.org
dumi@chromium.org
dumi@chromium.org
dumi@chromium.org
dumi@chromium.org
evanm@google.com
mark@chromium.org
jeremy@chromium.org
estade@chromium.org
estade@chromium.org
evanm@google.com
estade@chromium.org
initial.commit
estade@chromium.org
initial.commit
jorlow@chromium.org
jorlow@chromium.org
evan@chromium.org
evan@chromium.org
evan@chromium.org
evan@chromium.org
evan@chromium.org
evan@chromium.org
evan@chromium.org
evan@chromium.org
evan@chromium.org
evan@chromium.org
evan@chromium.org
evan@chromium.org
avi@chromium.org
avi@chromium.org
initial.commit
viettrungluu@chromium.org
tony@chromium.org
gspencer@chromium.org
derat@chromium.org
derat@chromium.org
akalin@chromium.org
akalin@chromium.org
initial.commit
initial.commit
siggi@chromium.org
akalin@chromium.org
initial.commit
initial.commit
cmasone@google.com
initial.commit
huanr@chromium.org
siggi@chromium.org
hansl@google.com
akalin@chromium.org
akalin@chromium.org
initial.commit
initial.commit
tschmelcher@chromium.org
tschmelcher@chromium.org
initial.commit
willchan@chromium.org
thakis@chromium.org
erikkay@google.com
erikkay@google.com
initial.commit
initial.commit
dumi@chromium.org
ericu@google.com
dumi@chromium.org
dumi@chromium.org
tony@chromium.org
tony@chromium.org
dumi@chromium.org
dumi@chromium.org
dumi@chromium.org
dumi@chromium.org
dumi@chromium.org
dumi@chromium.org
dumi@chromium.org
dumi@chromium.org
dumi@chromium.org
dumi@chromium.org
dumi@chromium.org
darin@chromium.org
erikkay@google.com
erikkay@google.com
tfarina@chromium.org
initial.commit
rvargas@google.com
rvargas@google.com
levin@chromium.org
joi@chromium.org
joi@chromium.org
pkasting@chromium.org
pkasting@chromium.org
pkasting@chromium.org
pkasting@chromium.org
pkasting@chromium.org
pkasting@chromium.org
pkasting@chromium.org
pkasting@chromium.org
pkasting@chromium.org
pkasting@chromium.org
pkasting@chromium.org
pkasting@chromium.org
pkasting@chromium.org
brettw@chromium.org
brettw@chromium.org
pkasting@chromium.org
pkasting@chromium.org
pkasting@chromium.org
