apatrick@chromium.org
zmo@google.com
apatrick@chromium.org
scherkus@chromium.org
ananta@chromium.org
piman@chromium.org
posciak@chromium.org
piman@chromium.org
tfarina@chromium.org
piman@chromium.org
ananta@chromium.org
fischman@chromium.org
vrk@google.com
vrk@google.com
fischman@chromium.org
fischman@chromium.org
fischman@chromium.org
ananta@chromium.org
fischman@chromium.org
fischman@chromium.org
fischman@chromium.org
fischman@chromium.org
fischman@chromium.org
fischman@chromium.org
vrk@google.com
vrk@google.com
vrk@google.com
vrk@google.com
vrk@google.com
vrk@google.com
ananta@chromium.org
ananta@chromium.org
ananta@chromium.org
tfarina@chromium.org
ananta@chromium.org
ananta@chromium.org
ananta@chromium.org
ananta@chromium.org
ananta@chromium.org
ananta@chromium.org
ananta@chromium.org
ananta@chromium.org
ananta@chromium.org
annacc@chromium.org
annacc@chromium.org
annacc@chromium.org
annacc@chromium.org
dpranke@chromium.org
sky@chromium.org
piman@chromium.org
piman@chromium.org
piman@chromium.org
