guidou@chromium.org
guidou@chromium.org
guidou@chromium.org
ben@chromium.org
xhwang@chromium.org
xhwang@chromium.org
xhwang@chromium.org
xhwang@chromium.org
xhwang@chromium.org
xhwang@chromium.org
xhwang@chromium.org
xhwang@chromium.org
yhirano@chromium.org
yhirano@chromium.org
ben@chromium.org
ben@chromium.org
xhwang@chromium.org
yhirano@chromium.org
guidou@chromium.org
c.padhi@samsung.com
guidou@chromium.org
guidou@chromium.org
c.padhi@samsung.com
c.padhi@samsung.com
guidou@chromium.org
guidou@chromium.org
c.padhi@samsung.com
c.padhi@samsung.com
c.padhi@samsung.com
c.padhi@samsung.com
c.padhi@samsung.com
c.padhi@samsung.com
joi@chromium.org
perkj@chromium.org
c.padhi@samsung.com
c.padhi@samsung.com
c.padhi@samsung.com
c.padhi@samsung.com
perkj@chromium.org
guidou@chromium.org
guidou@chromium.org
c.padhi@samsung.com
chfremer@chromium.org
perkj@chromium.org
raymes@chromium.org
miu@chromium.org
c.padhi@samsung.com
guidou@chromium.org
perkj@chromium.org
perkj@chromium.org
jyasskin@chromium.org
perkj@chromium.org
hta@chromium.org
guidou@chromium.org
pilgrim@chromium.org
xians@chromium.org
emircan@chromium.org
emircan@chromium.org
emircan@chromium.org
emircan@chromium.org
guidou@chromium.org
braveyao@chromium.org
braveyao@chromium.org
braveyao@chromium.org
braveyao@chromium.org
braveyao@chromium.org
braveyao@chromium.org
chfremer@chromium.org
perkj@chromium.org
primiano@chromium.org
hans@chromium.org
