emaxx@chromium.org
dconnelly@chromium.org
dconnelly@chromium.org
dconnelly@chromium.org
dconnelly@chromium.org
dconnelly@chromium.org
dconnelly@chromium.org
dconnelly@chromium.org
jamescook@chromium.org
dconnelly@chromium.org
dconnelly@chromium.org
jam@chromium.org
jam@chromium.org
jam@chromium.org
jam@chromium.org
elawrence@chromium.org
mtomasz@chromium.org
lazyboy@chromium.org
mtomasz@chromium.org
michaelpg@chromium.org
pilgrim@chromium.org
mtomasz@chromium.org
mtomasz@chromium.org
elawrence@chromium.org
elawrence@chromium.org
elawrence@chromium.org
elawrence@chromium.org
elawrence@chromium.org
elawrence@chromium.org
elawrence@chromium.org
initial.commit
initial.commit
initial.commit
initial.commit
initial.commit
ricea@chromium.org
