erikchen@chromium.org
erikchen@chromium.org
erikchen@chromium.org
erikchen@chromium.org
erikchen@chromium.org
erikchen@chromium.org
erikchen@chromium.org
erikchen@chromium.org
erikchen@chromium.org
erikchen@chromium.org
erikchen@chromium.org
erikchen@chromium.org
erikchen@chromium.org
erikchen@chromium.org
erikchen@chromium.org
erikchen@chromium.org
erikchen@chromium.org
erikchen@chromium.org
erikchen@chromium.org
erikchen@chromium.org
erikchen@chromium.org
erikchen@chromium.org
erikchen@chromium.org
erikchen@chromium.org
erikchen@chromium.org
yipengw@chromium.org
erikchen@chromium.org
erikchen@chromium.org
erikchen@chromium.org
erikchen@chromium.org
erikchen@chromium.org
erikchen@chromium.org
erikchen@chromium.org
erikchen@chromium.org
erikchen@chromium.org
erikchen@chromium.org
erikchen@chromium.org
erikchen@chromium.org
etienneb@chromium.org
ajwong@chromium.org
erikchen@chromium.org
brettw@chromium.org
brettw@chromium.org
brettw@chromium.org
ajwong@chromium.org
brettw@chromium.org
erikchen@chromium.org
brettw@chromium.org
brettw@chromium.org
brettw@chromium.org
ajwong@chromium.org
ajwong@chromium.org
ajwong@chromium.org
ajwong@chromium.org
ajwong@chromium.org
ajwong@chromium.org
ajwong@chromium.org
ajwong@chromium.org
ajwong@chromium.org
ajwong@chromium.org
brettw@chromium.org
ajwong@chromium.org
brettw@chromium.org
brettw@chromium.org
erikchen@chromium.org
erikchen@chromium.org
brettw@chromium.org
brettw@chromium.org
brettw@chromium.org
brettw@chromium.org
brettw@chromium.org
brettw@chromium.org
brettw@chromium.org
brettw@chromium.org
brettw@chromium.org
brettw@chromium.org
erikchen@chromium.org
erikchen@chromium.org
erikchen@chromium.org
erikchen@chromium.org
