meacer@chromium.org
meacer@chromium.org
meacer@chromium.org
meacer@chromium.org
meacer@chromium.org
meacer@chromium.org
meacer@chromium.org
meacer@chromium.org
meacer@chromium.org
meacer@chromium.org
meacer@chromium.org
meacer@chromium.org
meacer@chromium.org
meacer@chromium.org
meacer@chromium.org
meacer@chromium.org
meacer@chromium.org
meacer@chromium.org
meacer@chromium.org
meacer@chromium.org
meacer@chromium.org
meacer@chromium.org
meacer@chromium.org
meacer@chromium.org
meacer@chromium.org
meacer@chromium.org
meacer@chromium.org
meacer@chromium.org
meacer@chromium.org
meacer@chromium.org
meacer@chromium.org
davemoore@chromium.org
darin@chromium.org
davemoore@chromium.org
simonjam@chromium.org
simonjam@chromium.org
dcarney@google.com
svenpanne@chromium.org
davemoore@chromium.org
simonjam@chromium.org
simonjam@chromium.org
simonjam@chromium.org
simonjam@chromium.org
davemoore@chromium.org
dcarney@google.com
dcarney@google.com
dcarney@google.com
dcarney@google.com
dcarney@google.com
dcarney@google.com
davemoore@chromium.org
dcarney@google.com
davemoore@chromium.org
dcarney@google.com
davemoore@chromium.org
dcarney@chromium.org
dcarney@chromium.org
davemoore@chromium.org
dcarney@chromium.org
dcarney@chromium.org
