maruel@chromium.org
joi@chromium.org
estevenson@chromium.org
estevenson@chromium.org
estevenson@chromium.org
estevenson@chromium.org
estevenson@chromium.org
avi@chromium.org
avi@chromium.org
avi@chromium.org
avi@chromium.org
avi@chromium.org
avi@chromium.org
avi@chromium.org
avi@chromium.org
avi@chromium.org
avi@chromium.org
avi@chromium.org
avi@chromium.org
avi@chromium.org
avi@chromium.org
avi@chromium.org
avi@chromium.org
jif@chromium.org
jif@chromium.org
sdefresne@chromium.org
sdefresne@chromium.org
avi@chromium.org
thomasanderson@google.com
thomasanderson@google.com
avi@chromium.org
avi@chromium.org
thomasanderson@google.com
thomasanderson@google.com
thomasanderson@google.com
thomasanderson@chromium.org
thomasanderson@chromium.org
thomasanderson@chromium.org
tomhudson@google.com
tomhudson@google.com
enne@chromium.org
enne@chromium.org
enne@chromium.org
enne@chromium.org
enne@chromium.org
enne@chromium.org
enne@chromium.org
enne@chromium.org
mark@chromium.org
mark@chromium.org
mark@chromium.org
mark@chromium.org
mark@chromium.org
jochen@chromium.org
rockot@chromium.org
jochen@chromium.org
jam@chromium.org
jam@chromium.org
gab@chromium.org
gab@chromium.org
gab@chromium.org
gab@chromium.org
miu@chromium.org
miu@chromium.org
dbeam@chromium.org
dbeam@chromium.org
dbeam@chromium.org
dskiba@chromium.org
cmumford@chromium.org
cmumford@chromium.org
cmumford@chromium.org
cmumford@chromium.org
cmumford@chromium.org
pkasting@chromium.org
pkasting@chromium.org
gab@chromium.org
pkasting@chromium.org
gab@chromium.org
gab@chromium.org
gab@chromium.org
gab@chromium.org
estevenson@chromium.org
estevenson@chromium.org
fdoray@chromium.org
fdoray@chromium.org
fdoray@chromium.org
lhchavez@google.com
lhchavez@google.com
lhchavez@google.com
lhchavez@google.com
lhchavez@google.com
lhchavez@google.com
avi@chromium.org
dbeam@chromium.org
joi@chromium.org
joi@chromium.org
dcheng@chromium.org
jchaffraix@chromium.org
jchaffraix@chromium.org
jchaffraix@chromium.org
jchaffraix@chromium.org
jchaffraix@chromium.org
jchaffraix@chromium.org
jchaffraix@chromium.org
jchaffraix@chromium.org
jchaffraix@chromium.org
jchaffraix@chromium.org
dbeam@chromium.org
jchaffraix@chromium.org
jchaffraix@chromium.org
jchaffraix@chromium.org
jchaffraix@chromium.org
jchaffraix@chromium.org
jchaffraix@chromium.org
dbeam@chromium.org
dbeam@chromium.org
dbeam@chromium.org
dbeam@chromium.org
stevenjb@chromium.org
lliabraa@chromium.org
mostynb@opera.com
