joaodasilva@chromium.org
joaodasilva@chromium.org
benwells@chromium.org
joaodasilva@chromium.org
joaodasilva@chromium.org
joaodasilva@chromium.org
joaodasilva@chromium.org
joaodasilva@chromium.org
joaodasilva@chromium.org
joaodasilva@chromium.org
joaodasilva@chromium.org
joaodasilva@chromium.org
joaodasilva@chromium.org
joaodasilva@chromium.org
ivankr@chromium.org
ivankr@chromium.org
joaodasilva@chromium.org
joaodasilva@chromium.org
benwells@chromium.org
joaodasilva@chromium.org
joaodasilva@chromium.org
joaodasilva@chromium.org
joaodasilva@chromium.org
joaodasilva@chromium.org
joaodasilva@chromium.org
joaodasilva@chromium.org
joaodasilva@chromium.org
joaodasilva@chromium.org
joaodasilva@chromium.org
joaodasilva@chromium.org
joaodasilva@chromium.org
joaodasilva@chromium.org
joaodasilva@chromium.org
joaodasilva@chromium.org
joaodasilva@chromium.org
joaodasilva@chromium.org
joaodasilva@chromium.org
joaodasilva@chromium.org
ivankr@chromium.org
ivankr@chromium.org
joaodasilva@chromium.org
joaodasilva@chromium.org
joaodasilva@chromium.org
joaodasilva@chromium.org
joaodasilva@chromium.org
joaodasilva@chromium.org
joaodasilva@chromium.org
joaodasilva@chromium.org
joaodasilva@chromium.org
joaodasilva@chromium.org
joaodasilva@chromium.org
joaodasilva@chromium.org
joaodasilva@chromium.org
joaodasilva@chromium.org
joaodasilva@chromium.org
joaodasilva@chromium.org
joaodasilva@chromium.org
joaodasilva@chromium.org
mnissler@chromium.org
joaodasilva@chromium.org
joaodasilva@chromium.org
joaodasilva@chromium.org
jam@chromium.org
