phajdan.jr@chromium.org
tfarina@chromium.org
sadrul@chromium.org
sadrul@chromium.org
sadrul@chromium.org
sadrul@chromium.org
sadrul@chromium.org
sadrul@chromium.org
sadrul@chromium.org
sadrul@chromium.org
sadrul@chromium.org
tessamac@chromium.org
tessamac@chromium.org
mpcomplete@chromium.org
mpcomplete@chromium.org
tessamac@chromium.org
mpcomplete@chromium.org
mpcomplete@chromium.org
abarth@chromium.org
mpcomplete@chromium.org
mpcomplete@chromium.org
mrossetti@chromium.org
akalin@chromium.org
erikkay@chromium.org
pam@chromium.org
pam@chromium.org
mpcomplete@chromium.org
sadrul@chromium.org
estade@chromium.org
levin@chromium.org
mpcomplete@chromium.org
mpcomplete@chromium.org
mpcomplete@chromium.org
mpcomplete@chromium.org
mpcomplete@chromium.org
mpcomplete@chromium.org
mpcomplete@chromium.org
aa@chromium.org
aa@chromium.org
aa@chromium.org
aa@chromium.org
abarth@chromium.org
abarth@chromium.org
abarth@chromium.org
abarth@chromium.org
abarth@chromium.org
abarth@chromium.org
