sergeyu@chromium.org
ajwong@chromium.org
brettw@chromium.org
ajwong@chromium.org
ajwong@chromium.org
ajwong@chromium.org
ajwong@chromium.org
ajwong@chromium.org
ajwong@chromium.org
ajwong@chromium.org
sergeyu@chromium.org
ajwong@chromium.org
brettw@chromium.org
sergeyu@chromium.org
sergeyu@chromium.org
sergeyu@chromium.org
ajwong@chromium.org
sergeyu@chromium.org
sergeyu@chromium.org
sergeyu@chromium.org
sergeyu@chromium.org
sergeyu@chromium.org
sergeyu@chromium.org
sergeyu@chromium.org
sergeyu@chromium.org
sergeyu@chromium.org
sergeyu@chromium.org
sergeyu@chromium.org
sergeyu@chromium.org
sergeyu@chromium.org
sergeyu@chromium.org
sergeyu@chromium.org
garykac@chromium.org
hclam@chromium.org
sergeyu@chromium.org
sergeyu@chromium.org
hclam@chromium.org
hclam@chromium.org
hclam@chromium.org
sergeyu@chromium.org
sergeyu@chromium.org
hclam@chromium.org
hclam@chromium.org
hclam@chromium.org
brettw@chromium.org
sergeyu@chromium.org
lambroslambrou@chromium.org
simonmorris@chromium.org
sergeyu@chromium.org
jamiewalch@google.com
jamiewalch@google.com
sergeyu@chromium.org
sergeyu@chromium.org
sergeyu@chromium.org
sergeyu@chromium.org
sergeyu@chromium.org
sergeyu@chromium.org
sergeyu@chromium.org
sergeyu@chromium.org
sergeyu@chromium.org
sergeyu@chromium.org
sergeyu@chromium.org
sergeyu@chromium.org
sergeyu@chromium.org
sergeyu@chromium.org
sergeyu@chromium.org
sergeyu@chromium.org
sergeyu@chromium.org
sergeyu@chromium.org
sergeyu@chromium.org
wez@chromium.org
wez@chromium.org
wez@chromium.org
sergeyu@chromium.org
sergeyu@chromium.org
sergeyu@chromium.org
sergeyu@chromium.org
sergeyu@chromium.org
sergeyu@chromium.org
sergeyu@chromium.org
sergeyu@chromium.org
jamiewalch@google.com
sergeyu@chromium.org
sergeyu@chromium.org
sergeyu@chromium.org
sergeyu@chromium.org
sergeyu@chromium.org
sergeyu@chromium.org
sergeyu@chromium.org
hclam@chromium.org
simonmorris@chromium.org
simonmorris@chromium.org
simonmorris@chromium.org
sergeyu@chromium.org
sergeyu@chromium.org
sergeyu@chromium.org
sergeyu@chromium.org
sergeyu@chromium.org
sergeyu@chromium.org
simonmorris@chromium.org
simonmorris@chromium.org
sergeyu@chromium.org
simonmorris@chromium.org
simonmorris@chromium.org
simonmorris@chromium.org
simonmorris@chromium.org
simonmorris@chromium.org
simonmorris@chromium.org
simonmorris@chromium.org
sergeyu@chromium.org
simonmorris@chromium.org
simonmorris@chromium.org
simonmorris@chromium.org
simonmorris@chromium.org
simonmorris@chromium.org
simonmorris@chromium.org
simonmorris@chromium.org
simonmorris@chromium.org
simonmorris@chromium.org
sergeyu@chromium.org
hclam@chromium.org
jamiewalch@google.com
jamiewalch@google.com
jamiewalch@google.com
sergeyu@chromium.org
jamiewalch@google.com
jamiewalch@google.com
jamiewalch@google.com
jamiewalch@chromium.org
sergeyu@chromium.org
sergeyu@chromium.org
jamiewalch@google.com
jamiewalch@google.com
jamiewalch@google.com
garykac@chromium.org
jamiewalch@google.com
hclam@chromium.org
hclam@chromium.org
sergeyu@chromium.org
sergeyu@chromium.org
sergeyu@chromium.org
sergeyu@chromium.org
sergeyu@chromium.org
sergeyu@chromium.org
sergeyu@chromium.org
sergeyu@chromium.org
sergeyu@chromium.org
sergeyu@chromium.org
sergeyu@chromium.org
sergeyu@chromium.org
sergeyu@chromium.org
sergeyu@chromium.org
sergeyu@chromium.org
sergeyu@chromium.org
sergeyu@chromium.org
sergeyu@chromium.org
sergeyu@chromium.org
sergeyu@chromium.org
sergeyu@chromium.org
sergeyu@chromium.org
sergeyu@chromium.org
sergeyu@chromium.org
sergeyu@chromium.org
sergeyu@chromium.org
sergeyu@chromium.org
sergeyu@chromium.org
sergeyu@chromium.org
sergeyu@chromium.org
sergeyu@chromium.org
sergeyu@chromium.org
sergeyu@chromium.org
sergeyu@chromium.org
sergeyu@chromium.org
sergeyu@chromium.org
sergeyu@chromium.org
sergeyu@chromium.org
sergeyu@chromium.org
sergeyu@chromium.org
sergeyu@chromium.org
sergeyu@chromium.org
sergeyu@chromium.org
sergeyu@chromium.org
sergeyu@chromium.org
sergeyu@chromium.org
sergeyu@chromium.org
sergeyu@chromium.org
sergeyu@chromium.org
sergeyu@chromium.org
sergeyu@chromium.org
sergeyu@chromium.org
sergeyu@chromium.org
sergeyu@chromium.org
sergeyu@chromium.org
sergeyu@chromium.org
sergeyu@chromium.org
sergeyu@chromium.org
sergeyu@chromium.org
sergeyu@chromium.org
sergeyu@chromium.org
sergeyu@chromium.org
sergeyu@chromium.org
sergeyu@chromium.org
sergeyu@chromium.org
sergeyu@chromium.org
sergeyu@chromium.org
hclam@chromium.org
hclam@chromium.org
hclam@chromium.org
hclam@chromium.org
hclam@chromium.org
sergeyu@chromium.org
hclam@chromium.org
brettw@chromium.org
jamiewalch@chromium.org
jamiewalch@google.com
sergeyu@chromium.org
jamiewalch@chromium.org
sergeyu@chromium.org
sergeyu@chromium.org
wez@chromium.org
wez@chromium.org
sergeyu@chromium.org
hclam@chromium.org
sergeyu@chromium.org
sergeyu@chromium.org
sergeyu@chromium.org
jamiewalch@chromium.org
jamiewalch@chromium.org
sergeyu@chromium.org
jamiewalch@google.com
jamiewalch@google.com
sergeyu@chromium.org
sergeyu@chromium.org
sergeyu@chromium.org
sergeyu@chromium.org
sergeyu@chromium.org
simonmorris@chromium.org
sergeyu@chromium.org
sergeyu@chromium.org
sergeyu@chromium.org
wez@chromium.org
wez@chromium.org
wez@chromium.org
sergeyu@chromium.org
sergeyu@chromium.org
sergeyu@chromium.org
sergeyu@chromium.org
sergeyu@chromium.org
hclam@chromium.org
sergeyu@chromium.org
sergeyu@chromium.org
sergeyu@chromium.org
sergeyu@chromium.org
garykac@google.com
sergeyu@chromium.org
garykac@google.com
sergeyu@chromium.org
sergeyu@chromium.org
sergeyu@chromium.org
sergeyu@chromium.org
garykac@google.com
ajwong@chromium.org
garykac@google.com
garykac@google.com
hclam@chromium.org
ajwong@chromium.org
sergeyu@chromium.org
garykac@google.com
sergeyu@chromium.org
sergeyu@chromium.org
ajwong@chromium.org
ajwong@chromium.org
garykac@google.com
garykac@google.com
garykac@google.com
hclam@chromium.org
sergeyu@chromium.org
garykac@google.com
ajwong@chromium.org
ajwong@chromium.org
garykac@google.com
garykac@google.com
sergeyu@chromium.org
ajwong@chromium.org
hclam@chromium.org
garykac@google.com
garykac@google.com
garykac@google.com
sergeyu@chromium.org
hclam@chromium.org
sergeyu@chromium.org
sergeyu@chromium.org
sergeyu@chromium.org
hclam@chromium.org
hclam@chromium.org
sergeyu@chromium.org
sergeyu@chromium.org
sergeyu@chromium.org
hclam@chromium.org
hclam@chromium.org
hclam@chromium.org
hclam@chromium.org
sergeyu@chromium.org
ajwong@chromium.org
hclam@chromium.org
sergeyu@chromium.org
hclam@chromium.org
sergeyu@chromium.org
hclam@chromium.org
hclam@chromium.org
sergeyu@chromium.org
sergeyu@chromium.org
sergeyu@chromium.org
sergeyu@chromium.org
