wangxianzhu@chromium.org
wangxianzhu@chromium.org
wangxianzhu@chromium.org
wangxianzhu@chromium.org
wangxianzhu@chromium.org
wangxianzhu@chromium.org
wangxianzhu@chromium.org
wangxianzhu@chromium.org
wangxianzhu@chromium.org
wangxianzhu@chromium.org
wangxianzhu@chromium.org
wangxianzhu@chromium.org
wangxianzhu@chromium.org
wangxianzhu@chromium.org
wangxianzhu@chromium.org
wangxianzhu@chromium.org
sahel@chromium.org
wangxianzhu@chromium.org
wangxianzhu@chromium.org
wangxianzhu@chromium.org
wangxianzhu@chromium.org
wangxianzhu@chromium.org
wangxianzhu@chromium.org
wangxianzhu@chromium.org
wangxianzhu@chromium.org
wangxianzhu@chromium.org
wangxianzhu@chromium.org
wangxianzhu@chromium.org
wangxianzhu@chromium.org
wangxianzhu@chromium.org
wangxianzhu@chromium.org
wangxianzhu@chromium.org
vmpstr@chromium.org
chaopeng@chromium.org
wangxianzhu@chromium.org
wangxianzhu@chromium.org
wangxianzhu@chromium.org
wangxianzhu@chromium.org
pdr@chromium.org
wangxianzhu@chromium.org
pdr@chromium.org
wangxianzhu@chromium.org
wangxianzhu@chromium.org
pdr@chromium.org
pdr@chromium.org
pdr@chromium.org
wangxianzhu@chromium.org
wangxianzhu@chromium.org
wangxianzhu@chromium.org
pdr@chromium.org
wangxianzhu@chromium.org
wangxianzhu@chromium.org
wangxianzhu@chromium.org
pdr@chromium.org
pdr@chromium.org
pdr@chromium.org
pdr@chromium.org
pdr@chromium.org
pdr@chromium.org
pdr@chromium.org
pdr@chromium.org
pdr@chromium.org
pdr@chromium.org
pdr@chromium.org
pdr@chromium.org
pdr@chromium.org
vmpstr@chromium.org
