yhirano@chromium.org
blink-reformat@chromium.org
qinmin@chromium.org
wjia@chromium.org
wjia@chromium.org
blink-reformat@chromium.org
wjia@chromium.org
qiangchen@chromium.org
wjia@chromium.org
wjia@chromium.org
blink-reformat@chromium.org
yhirano@chromium.org
wjia@chromium.org
blink-reformat@chromium.org
yhirano@chromium.org
blink-reformat@chromium.org
blink-reformat@chromium.org
yhirano@chromium.org
yhirano@chromium.org
falken@chromium.org
falken@chromium.org
hubbe@chromium.org
hubbe@chromium.org
hubbe@chromium.org
hubbe@chromium.org
hubbe@chromium.org
hubbe@chromium.org
hubbe@chromium.org
hubbe@chromium.org
hubbe@chromium.org
hubbe@chromium.org
hubbe@chromium.org
hubbe@chromium.org
hubbe@chromium.org
pkasting@chromium.org
hubbe@chromium.org
yhirano@chromium.org
yhirano@chromium.org
yhirano@chromium.org
falken@chromium.org
hubbe@chromium.org
hubbe@chromium.org
yhirano@chromium.org
yhirano@chromium.org
hubbe@chromium.org
hubbe@chromium.org
hubbe@chromium.org
hubbe@chromium.org
yhirano@chromium.org
yhirano@chromium.org
yhirano@chromium.org
yhirano@chromium.org
yhirano@chromium.org
yhirano@chromium.org
hubbe@chromium.org
hubbe@chromium.org
yhirano@chromium.org
yhirano@chromium.org
hubbe@chromium.org
yhirano@chromium.org
hubbe@chromium.org
hubbe@chromium.org
falken@chromium.org
yhirano@chromium.org
falken@chromium.org
yhirano@chromium.org
hubbe@chromium.org
hubbe@chromium.org
yhirano@chromium.org
yhirano@chromium.org
blink-reformat@chromium.org
tguilbert@chromium.org
tguilbert@chromium.org
tguilbert@chromium.org
tguilbert@chromium.org
tguilbert@chromium.org
yhirano@chromium.org
yhirano@chromium.org
yhirano@chromium.org
fischman@chromium.org
yhirano@chromium.org
hclam@chromium.org
blink-reformat@chromium.org
acolwell@chromium.org
yhirano@chromium.org
yhirano@chromium.org
yhirano@chromium.org
yhirano@chromium.org
yhirano@chromium.org
falken@chromium.org
yhirano@chromium.org
yhirano@chromium.org
falken@chromium.org
falken@chromium.org
yhirano@chromium.org
jrummell@chromium.org
jrummell@chromium.org
blink-reformat@chromium.org
zqzhang@chromium.org
zqzhang@chromium.org
blink-reformat@chromium.org
eric.carlson@apple.com
blink-reformat@chromium.org
blink-reformat@chromium.org
tzik@chromium.org
yutak@chromium.org
blink-reformat@chromium.org
blink-reformat@chromium.org
blink-reformat@chromium.org
blink-reformat@chromium.org
blink-reformat@chromium.org
blink-reformat@chromium.org
blink-reformat@chromium.org
rtoy@chromium.org
rtoy@chromium.org
rtoy@chromium.org
dominicc@chromium.org
blink-reformat@chromium.org
hongchan@chromium.org
yhirano@chromium.org
rtoy@chromium.org
rtoy@chromium.org
blink-reformat@chromium.org
blink-reformat@chromium.org
blink-reformat@chromium.org
blink-reformat@chromium.org
blink-reformat@chromium.org
blink-reformat@chromium.org
blink-reformat@chromium.org
blink-reformat@chromium.org
rtoy@chromium.org
rtoy@chromium.org
yhirano@chromium.org
blink-reformat@chromium.org
blink-reformat@chromium.org
