ap@webkit.org
commit-queue@webkit.org
commit-queue@webkit.org
commit-queue@webkit.org
commit-queue@webkit.org
commit-queue@webkit.org
ap@apple.com
ap@apple.com
commit-queue@webkit.org
ap@webkit.org
levin@chromium.org
weinig@apple.com
weinig@apple.com
ap@webkit.org
weinig@apple.com
weinig@apple.com
commit-queue@webkit.org
ch.dumez@sisa.samsung
weinig@apple.com
weinig@apple.com
weinig@apple.com
weinig@apple.com
ap@webkit.org
commit-queue@webkit.org
ch.dumez@sisa.samsung
eric@webkit.org
arv@chromium.org
ap@webkit.org
dominik.rottsches@intel.com
arv@chromium.org
oliver@apple.com
ap@webkit.org
dominik.rottsches@intel.com
dominik.rottsches@intel.com
dominik.rottsches@intel.com
dominik.rottsches@intel.com
dominik.rottsches@intel.com
arv@chromium.org
dominik.rottsches@intel.com
dominik.rottsches@intel.com
dominik.rottsches@intel.com
dominik.rottsches@intel.com
dominik.rottsches@intel.com
dominik.rottsches@intel.com
dominik.rottsches@intel.com
dominik.rottsches@intel.com
weinig@apple.com
weinig@apple.com
weinig@apple.com
