gdk@chromium.org
pfeldman@chromium.org
pfeldman@chromium.org
pfeldman@chromium.org
pfeldman@chromium.org
pfeldman@chromium.org
pfeldman@chromium.org
pfeldman@chromium.org
pfeldman@chromium.org
pfeldman@chromium.org
pfeldman@chromium.org
pfeldman@chromium.org
pfeldman@chromium.org
pfeldman@chromium.org
gdk@chromium.org
gdk@chromium.org
gdk@chromium.org
gdk@chromium.org
gdk@chromium.org
gdk@chromium.org
gdk@chromium.org
gdk@chromium.org
gdk@chromium.org
gdk@chromium.org
pfeldman@chromium.org
pfeldman@chromium.org
gdk@chromium.org
gdk@chromium.org
gdk@chromium.org
gdk@chromium.org
gdk@chromium.org
gdk@chromium.org
gdk@chromium.org
gdk@chromium.org
gdk@chromium.org
gdk@chromium.org
gdk@chromium.org
gdk@chromium.org
gdk@chromium.org
gdk@chromium.org
gdk@chromium.org
gdk@chromium.org
gdk@chromium.org
gdk@chromium.org
gdk@chromium.org
gdk@chromium.org
gdk@chromium.org
gdk@chromium.org
gdk@chromium.org
gdk@chromium.org
gdk@chromium.org
gdk@chromium.org
reillyg@chromium.org
gdk@chromium.org
gdk@chromium.org
gdk@chromium.org
gdk@chromium.org
gdk@chromium.org
gdk@chromium.org
gdk@chromium.org
dpranke@chromium.org
gdk@chromium.org
gdk@chromium.org
gdk@chromium.org
gdk@chromium.org
pfeldman@chromium.org
pfeldman@chromium.org
gdk@chromium.org
gdk@chromium.org
gdk@chromium.org
gdk@chromium.org
gdk@chromium.org
gdk@chromium.org
gdk@chromium.org
gdk@chromium.org
gdk@chromium.org
dpranke@chromium.org
gdk@chromium.org
gdk@chromium.org
pfeldman@chromium.org
gdk@chromium.org
gdk@chromium.org
gdk@chromium.org
gdk@chromium.org
gdk@chromium.org
gdk@chromium.org
gdk@chromium.org
gdk@chromium.org
gdk@chromium.org
gdk@chromium.org
gdk@chromium.org
gdk@chromium.org
gdk@chromium.org
gdk@chromium.org
gdk@chromium.org
gdk@chromium.org
pfeldman@chromium.org
pfeldman@chromium.org
gdk@chromium.org
gdk@chromium.org
gdk@chromium.org
pfeldman@chromium.org
gdk@chromium.org
gdk@chromium.org
gdk@chromium.org
gdk@chromium.org
gdk@chromium.org
gdk@chromium.org
gdk@chromium.org
pfeldman@chromium.org
gdk@chromium.org
gdk@chromium.org
gdk@chromium.org
gdk@chromium.org
gdk@chromium.org
gdk@chromium.org
gdk@chromium.org
gdk@chromium.org
pfeldman@chromium.org
pfeldman@chromium.org
gdk@chromium.org
gdk@chromium.org
pfeldman@chromium.org
pfeldman@chromium.org
pfeldman@chromium.org
pfeldman@chromium.org
pfeldman@chromium.org
pfeldman@chromium.org
pfeldman@chromium.org
pfeldman@chromium.org
pfeldman@chromium.org
pfeldman@chromium.org
scheib@chromium.org
pfeldman@chromium.org
pfeldman@chromium.org
asargent@chromium.org
scheib@chromium.org
pfeldman@chromium.org
pfeldman@chromium.org
pfeldman@chromium.org
pfeldman@chromium.org
pfeldman@chromium.org
pfeldman@chromium.org
pfeldman@chromium.org
pfeldman@chromium.org
pfeldman@chromium.org
pfeldman@chromium.org
pfeldman@chromium.org
pfeldman@chromium.org
pfeldman@chromium.org
pfeldman@chromium.org
pfeldman@chromium.org
pfeldman@chromium.org
pfeldman@chromium.org
pfeldman@chromium.org
pfeldman@chromium.org
pfeldman@chromium.org
pfeldman@chromium.org
pfeldman@chromium.org
pfeldman@chromium.org
pfeldman@chromium.org
pfeldman@chromium.org
pfeldman@chromium.org
pfeldman@chromium.org
pfeldman@chromium.org
pfeldman@chromium.org
pfeldman@chromium.org
pfeldman@chromium.org
pfeldman@chromium.org
pfeldman@chromium.org
pfeldman@chromium.org
pfeldman@chromium.org
pfeldman@chromium.org
pfeldman@chromium.org
pfeldman@chromium.org
pfeldman@chromium.org
pfeldman@chromium.org
pfeldman@chromium.org
pfeldman@chromium.org
pfeldman@chromium.org
pfeldman@chromium.org
pfeldman@chromium.org
pfeldman@chromium.org
pfeldman@chromium.org
pfeldman@chromium.org
pfeldman@chromium.org
pfeldman@chromium.org
pfeldman@chromium.org
pfeldman@chromium.org
pfeldman@chromium.org
pfeldman@chromium.org
pfeldman@chromium.org
pfeldman@chromium.org
pfeldman@chromium.org
pfeldman@chromium.org
pfeldman@chromium.org
pfeldman@chromium.org
pfeldman@chromium.org
pfeldman@chromium.org
pfeldman@chromium.org
pfeldman@chromium.org
pfeldman@chromium.org
pfeldman@chromium.org
pfeldman@chromium.org
gdk@chromium.org
gdk@chromium.org
gdk@chromium.org
pfeldman@chromium.org
pfeldman@chromium.org
pfeldman@chromium.org
pfeldman@chromium.org
pfeldman@chromium.org
pfeldman@chromium.org
pfeldman@chromium.org
pfeldman@chromium.org
pfeldman@chromium.org
pfeldman@chromium.org
pfeldman@chromium.org
pfeldman@chromium.org
pfeldman@chromium.org
pfeldman@chromium.org
gdk@chromium.org
gdk@chromium.org
gdk@chromium.org
gdk@chromium.org
gdk@chromium.org
gdk@chromium.org
gdk@chromium.org
gdk@chromium.org
pfeldman@chromium.org
gdk@chromium.org
gdk@chromium.org
gdk@chromium.org
gdk@chromium.org
gdk@chromium.org
pfeldman@chromium.org
pfeldman@chromium.org
gdk@chromium.org
gdk@chromium.org
gdk@chromium.org
gdk@chromium.org
gdk@chromium.org
gdk@chromium.org
gdk@chromium.org
gdk@chromium.org
gdk@chromium.org
pfeldman@chromium.org
pfeldman@chromium.org
pfeldman@chromium.org
gdk@chromium.org
pfeldman@chromium.org
gdk@chromium.org
asargent@chromium.org
pfeldman@chromium.org
pfeldman@chromium.org
gdk@chromium.org
gdk@chromium.org
gdk@chromium.org
pfeldman@chromium.org
gdk@chromium.org
gdk@chromium.org
pfeldman@chromium.org
pfeldman@chromium.org
gdk@chromium.org
gdk@chromium.org
gdk@chromium.org
gdk@chromium.org
gdk@chromium.org
gdk@chromium.org
gdk@chromium.org
gdk@chromium.org
gdk@chromium.org
gdk@chromium.org
gdk@chromium.org
gdk@chromium.org
pfeldman@chromium.org
gdk@chromium.org
gdk@chromium.org
gdk@chromium.org
gdk@chromium.org
gdk@chromium.org
gdk@chromium.org
pfeldman@chromium.org
gdk@chromium.org
gdk@chromium.org
pfeldman@chromium.org
gdk@chromium.org
gdk@chromium.org
gdk@chromium.org
gdk@chromium.org
gdk@chromium.org
gdk@chromium.org
gdk@chromium.org
gdk@chromium.org
gdk@chromium.org
gdk@chromium.org
gdk@chromium.org
gdk@chromium.org
gdk@chromium.org
gdk@chromium.org
gdk@chromium.org
gdk@chromium.org
gdk@chromium.org
gdk@chromium.org
gdk@chromium.org
gdk@chromium.org
gdk@chromium.org
gdk@chromium.org
gdk@chromium.org
gdk@chromium.org
gdk@chromium.org
gdk@chromium.org
gdk@chromium.org
gdk@chromium.org
pfeldman@chromium.org
pfeldman@chromium.org
pfeldman@chromium.org
pfeldman@chromium.org
pfeldman@chromium.org
pfeldman@chromium.org
pfeldman@chromium.org
pfeldman@chromium.org
pfeldman@chromium.org
pfeldman@chromium.org
pfeldman@chromium.org
pfeldman@chromium.org
pfeldman@chromium.org
pfeldman@chromium.org
pfeldman@chromium.org
pfeldman@chromium.org
pfeldman@chromium.org
pfeldman@chromium.org
pfeldman@chromium.org
pfeldman@chromium.org
pfeldman@chromium.org
pfeldman@chromium.org
pfeldman@chromium.org
