cevans@chromium.org
cevans@chromium.org
cevans@chromium.org
cevans@chromium.org
cevans@chromium.org
cevans@chromium.org
cevans@chromium.org
cevans@chromium.org
bauerb@chromium.org
bauerb@chromium.org
bauerb@chromium.org
bauerb@chromium.org
bauerb@chromium.org
cevans@chromium.org
cevans@chromium.org
cevans@chromium.org
cevans@chromium.org
bauerb@chromium.org
bauerb@chromium.org
bauerb@chromium.org
bauerb@chromium.org
bauerb@chromium.org
cevans@chromium.org
bauerb@chromium.org
bauerb@chromium.org
bauerb@chromium.org
bauerb@chromium.org
bauerb@chromium.org
cevans@chromium.org
bauerb@chromium.org
jam@chromium.org
bauerb@chromium.org
bauerb@chromium.org
bauerb@chromium.org
cevans@chromium.org
cevans@chromium.org
rsesek@chromium.org
jam@chromium.org
rsesek@chromium.org
rsesek@chromium.org
rsesek@chromium.org
cevans@chromium.org
cevans@chromium.org
tfarina@chromium.org
tfarina@chromium.org
tfarina@chromium.org
tfarina@chromium.org
tfarina@chromium.org
cevans@chromium.org
cevans@chromium.org
