lgarron@chromium.org
patricialor@chromium.org
patricialor@chromium.org
msw@chromium.org
varkha@chromium.org
msw@chromium.org
patricialor@chromium.org
patricialor@chromium.org
patricialor@chromium.org
patricialor@chromium.org
estade@chromium.org
patricialor@chromium.org
patricialor@chromium.org
patricialor@chromium.org
markusheintz@chromium.org
estade@chromium.org
lgarron@chromium.org
markusheintz@chromium.org
patricialor@chromium.org
patricialor@chromium.org
patricialor@chromium.org
patricialor@chromium.org
