nasko@chromium.org
nasko@chromium.org
nasko@chromium.org
nasko@chromium.org
carlosk@chromium.org
jam@chromium.org
jam@chromium.org
jcampan@chromium.org
jam@chromium.org
jam@chromium.org
jam@chromium.org
jam@chromium.org
jam@chromium.org
jam@chromium.org
jam@chromium.org
jam@chromium.org
jam@chromium.org
jam@chromium.org
jam@chromium.org
jam@chromium.org
jam@chromium.org
jam@chromium.org
jam@chromium.org
jam@chromium.org
jam@chromium.org
jam@chromium.org
jam@chromium.org
jam@chromium.org
jam@chromium.org
jam@chromium.org
jam@chromium.org
jam@chromium.org
jam@chromium.org
jam@chromium.org
jam@chromium.org
jam@chromium.org
clamy@chromium.org
clamy@chromium.org
lfg@chromium.org
lfg@chromium.org
lfg@chromium.org
lfg@chromium.org
lfg@chromium.org
lfg@chromium.org
phajdan.jr@chromium.org
creis@chromium.org
clamy@chromium.org
clamy@chromium.org
clamy@chromium.org
clamy@chromium.org
creis@chromium.org
creis@chromium.org
creis@chromium.org
creis@chromium.org
clamy@chromium.org
clamy@chromium.org
lfg@chromium.org
lfg@chromium.org
