kmadhusu@chromium.org
kmadhusu@chromium.org
kmadhusu@chromium.org
kmadhusu@chromium.org
kmadhusu@chromium.org
kmadhusu@chromium.org
hamaji@chromium.org
hamaji@chromium.org
hamaji@chromium.org
hamaji@chromium.org
hamaji@chromium.org
hamaji@chromium.org
hamaji@chromium.org
hamaji@chromium.org
hamaji@chromium.org
hamaji@chromium.org
hamaji@chromium.org
hamaji@chromium.org
hamaji@chromium.org
hamaji@chromium.org
tc@google.com
tc@google.com
tc@google.com
hamaji@chromium.org
hamaji@chromium.org
hamaji@chromium.org
hamaji@chromium.org
yuzo@chromium.org
yuzo@chromium.org
tc@google.com
senorblanco@chromium.org
maruel@chromium.org
tc@google.com
tc@google.com
tc@google.com
tc@google.com
tc@google.com
tc@google.com
tc@google.com
darin@chromium.org
maruel@chromium.org
tc@google.com
tc@google.com
tc@google.com
senorblanco@chromium.org
senorblanco@chromium.org
tc@google.com
tc@google.com
hamaji@chromium.org
hamaji@chromium.org
hamaji@chromium.org
hamaji@chromium.org
hamaji@chromium.org
hamaji@chromium.org
hamaji@chromium.org
hamaji@chromium.org
hamaji@chromium.org
hamaji@chromium.org
hamaji@chromium.org
hamaji@chromium.org
hamaji@chromium.org
hamaji@chromium.org
hamaji@chromium.org
hamaji@chromium.org
hamaji@chromium.org
hamaji@chromium.org
hamaji@chromium.org
hamaji@chromium.org
