mathp@chromium.org
mathp@chromium.org
mathp@chromium.org
mathp@chromium.org
mathp@chromium.org
mathp@chromium.org
mathp@chromium.org
mathp@chromium.org
mathp@chromium.org
mathp@chromium.org
mathp@chromium.org
mathp@chromium.org
parastoog@google.com
mathp@chromium.org
mathp@chromium.org
mathp@chromium.org
sebsg@chromium.org
ftirelo@chromium.org
ftirelo@chromium.org
kaiwang@chromium.org
ftirelo@chromium.org
sebsg@chromium.org
sebsg@chromium.org
sebsg@chromium.org
jsaul@google.com
szhangcs@google.com
csharp@chromium.org
sebsg@chromium.org
jhawkins@chromium.org
sebsg@chromium.org
sebsg@chromium.org
