henrika@chromium.org
henrika@chromium.org
henrika@chromium.org
henrika@chromium.org
henrika@chromium.org
satish@chromium.org
henrika@chromium.org
henrika@chromium.org
henrika@chromium.org
henrika@chromium.org
henrika@chromium.org
henrika@chromium.org
henrika@chromium.org
henrika@chromium.org
henrika@chromium.org
henrika@chromium.org
henrika@chromium.org
henrika@chromium.org
henrika@chromium.org
henrika@chromium.org
henrika@chromium.org
satish@chromium.org
henrika@chromium.org
satish@chromium.org
henrika@chromium.org
satish@chromium.org
henrika@chromium.org
satish@chromium.org
xians@chromium.org
henrika@chromium.org
henrika@chromium.org
erg@chromium.org
xians@chromium.org
xians@chromium.org
xians@chromium.org
xians@chromium.org
henrika@chromium.org
henrika@chromium.org
henrika@chromium.org
tommi@chromium.org
tommi@chromium.org
tommi@chromium.org
tommi@chromium.org
tommi@chromium.org
henrika@chromium.org
henrika@chromium.org
henrika@chromium.org
henrika@chromium.org
henrika@chromium.org
henrika@chromium.org
joi@chromium.org
joi@chromium.org
henrika@chromium.org
henrika@chromium.org
joi@chromium.org
xians@chromium.org
henrika@chromium.org
joi@chromium.org
joi@chromium.org
henrika@chromium.org
joi@chromium.org
xians@chromium.org
joi@chromium.org
joi@chromium.org
joi@chromium.org
xians@chromium.org
joi@chromium.org
joi@chromium.org
joi@chromium.org
xians@chromium.org
joi@chromium.org
xians@chromium.org
joi@chromium.org
joi@chromium.org
joi@chromium.org
joi@chromium.org
joi@chromium.org
joi@chromium.org
joi@chromium.org
joi@chromium.org
joi@chromium.org
joi@chromium.org
joi@chromium.org
joi@chromium.org
crogers@google.com
dalecurtis@chromium.org
crogers@google.com
dalecurtis@chromium.org
crogers@google.com
dalecurtis@chromium.org
crogers@google.com
dalecurtis@chromium.org
crogers@google.com
tommi@chromium.org
tommi@chromium.org
tommi@chromium.org
tommi@chromium.org
tommi@chromium.org
tommi@chromium.org
tommi@chromium.org
henrika@chromium.org
henrika@chromium.org
henrika@chromium.org
henrika@chromium.org
henrika@chromium.org
henrika@chromium.org
henrika@chromium.org
henrika@chromium.org
henrika@chromium.org
henrika@chromium.org
henrika@chromium.org
henrika@chromium.org
henrika@chromium.org
henrika@chromium.org
henrika@chromium.org
henrika@chromium.org
henrika@chromium.org
henrika@chromium.org
henrika@chromium.org
henrika@chromium.org
tommi@chromium.org
henrika@chromium.org
henrika@chromium.org
henrika@chromium.org
henrika@chromium.org
tommi@chromium.org
tommi@chromium.org
tommi@chromium.org
tommi@chromium.org
henrika@chromium.org
tommi@chromium.org
henrika@chromium.org
tommi@chromium.org
henrika@chromium.org
tommi@chromium.org
henrika@chromium.org
tommi@chromium.org
henrika@chromium.org
tommi@chromium.org
henrika@chromium.org
tommi@chromium.org
henrika@chromium.org
sergeyu@chromium.org
sergeyu@chromium.org
tommi@chromium.org
henrika@chromium.org
henrika@chromium.org
henrika@chromium.org
henrika@chromium.org
henrika@chromium.org
tommi@chromium.org
henrika@chromium.org
dalecurtis@chromium.org
henrika@chromium.org
henrika@chromium.org
dalecurtis@chromium.org
dalecurtis@chromium.org
dalecurtis@chromium.org
dalecurtis@chromium.org
dalecurtis@chromium.org
dalecurtis@chromium.org
dalecurtis@chromium.org
henrika@chromium.org
henrika@chromium.org
tommi@chromium.org
henrika@chromium.org
tommi@chromium.org
henrika@chromium.org
tommi@chromium.org
henrika@chromium.org
tommi@chromium.org
henrika@chromium.org
tommi@chromium.org
henrika@chromium.org
tommi@chromium.org
henrika@chromium.org
tommi@chromium.org
henrika@chromium.org
tommi@chromium.org
henrika@chromium.org
henrika@chromium.org
henrika@chromium.org
henrika@chromium.org
henrika@chromium.org
henrika@chromium.org
henrika@chromium.org
henrika@chromium.org
henrika@chromium.org
henrika@chromium.org
henrika@chromium.org
henrika@chromium.org
henrika@chromium.org
henrika@chromium.org
henrika@chromium.org
henrika@chromium.org
henrika@chromium.org
henrika@chromium.org
henrika@chromium.org
henrika@chromium.org
henrika@chromium.org
henrika@chromium.org
henrika@chromium.org
henrika@chromium.org
henrika@chromium.org
tommi@chromium.org
tommi@chromium.org
cpu@google.com
tommi@chromium.org
tommi@chromium.org
tommi@chromium.org
cpu@google.com
tommi@chromium.org
tommi@chromium.org
tommi@chromium.org
cpu@google.com
tommi@chromium.org
tommi@chromium.org
tommi@chromium.org
cpu@google.com
tommi@chromium.org
tommi@chromium.org
tommi@chromium.org
cpu@google.com
tommi@chromium.org
tommi@chromium.org
tommi@chromium.org
cpu@chromium.org
tommi@chromium.org
tommi@chromium.org
tommi@chromium.org
cpu@google.com
tommi@chromium.org
tommi@chromium.org
tommi@chromium.org
cpu@google.com
tommi@chromium.org
tommi@chromium.org
tommi@chromium.org
hclam@chromium.org
tommi@chromium.org
tommi@chromium.org
tommi@chromium.org
cpu@chromium.org
tommi@chromium.org
tommi@chromium.org
tommi@chromium.org
hclam@chromium.org
tommi@chromium.org
tommi@chromium.org
tommi@chromium.org
cpu@chromium.org
tommi@chromium.org
henrika@chromium.org
henrika@chromium.org
henrika@chromium.org
henrika@chromium.org
henrika@chromium.org
henrika@chromium.org
henrika@chromium.org
henrika@chromium.org
henrika@chromium.org
henrika@chromium.org
henrika@chromium.org
henrika@chromium.org
henrika@chromium.org
henrika@chromium.org
henrika@chromium.org
henrika@chromium.org
tommi@chromium.org
tommi@chromium.org
henrika@chromium.org
henrika@chromium.org
henrika@chromium.org
henrika@chromium.org
henrika@chromium.org
henrika@chromium.org
henrika@chromium.org
henrika@chromium.org
henrika@chromium.org
henrika@chromium.org
henrika@chromium.org
henrika@chromium.org
henrika@chromium.org
henrika@chromium.org
henrika@chromium.org
henrika@chromium.org
henrika@chromium.org
henrika@chromium.org
henrika@chromium.org
henrika@chromium.org
henrika@chromium.org
henrika@chromium.org
tommi@chromium.org
tommi@chromium.org
tommi@chromium.org
tommi@chromium.org
tommi@chromium.org
tommi@chromium.org
tommi@chromium.org
tommi@chromium.org
