aboxhall@chromium.org
aboxhall@chromium.org
aboxhall@chromium.org
jer.noble@apple.com
aboxhall@chromium.org
aboxhall@chromium.org
aboxhall@chromium.org
aboxhall@chromium.org
aboxhall@chromium.org
aboxhall@chromium.org
aboxhall@chromium.org
leviw@chromium.org
aboxhall@chromium.org
aboxhall@chromium.org
aboxhall@chromium.org
aboxhall@chromium.org
aboxhall@chromium.org
aboxhall@chromium.org
aboxhall@chromium.org
aboxhall@chromium.org
aboxhall@chromium.org
aboxhall@chromium.org
aboxhall@chromium.org
aboxhall@chromium.org
aboxhall@chromium.org
aboxhall@chromium.org
aboxhall@chromium.org
aboxhall@chromium.org
aboxhall@chromium.org
aboxhall@chromium.org
aboxhall@chromium.org
aboxhall@chromium.org
aboxhall@chromium.org
aboxhall@chromium.org
aboxhall@chromium.org
aboxhall@chromium.org
aboxhall@chromium.org
aboxhall@chromium.org
aboxhall@chromium.org
aboxhall@chromium.org
aboxhall@chromium.org
aboxhall@chromium.org
aboxhall@chromium.org
simon.fraser@apple.com
aboxhall@chromium.org
aboxhall@chromium.org
aboxhall@chromium.org
aboxhall@chromium.org
aboxhall@chromium.org
aboxhall@chromium.org
aboxhall@chromium.org
aboxhall@chromium.org
aboxhall@chromium.org
aboxhall@chromium.org
aboxhall@chromium.org
aboxhall@chromium.org
aboxhall@chromium.org
aboxhall@chromium.org
aboxhall@chromium.org
aboxhall@chromium.org
aboxhall@chromium.org
aboxhall@chromium.org
aboxhall@chromium.org
aboxhall@chromium.org
aboxhall@chromium.org
aboxhall@chromium.org
aboxhall@chromium.org
aboxhall@chromium.org
aboxhall@chromium.org
aboxhall@chromium.org
aboxhall@chromium.org
aboxhall@chromium.org
aboxhall@chromium.org
aboxhall@chromium.org
aboxhall@chromium.org
aboxhall@chromium.org
aboxhall@chromium.org
aboxhall@chromium.org
aboxhall@chromium.org
aboxhall@chromium.org
timloh@chromium.org
aboxhall@chromium.org
aboxhall@chromium.org
aboxhall@chromium.org
aboxhall@chromium.org
aboxhall@chromium.org
aboxhall@chromium.org
aboxhall@chromium.org
