derat@chromium.org
derat@chromium.org
derat@chromium.org
derat@chromium.org
tbarzic@google.com
tbarzic@google.com
tbarzic@google.com
tbarzic@google.com
zelidrag@chromium.org
davemoore@chromium.org
zelidrag@chromium.org
zelidrag@chromium.org
yusukes@google.com
davemoore@chromium.org
yusukes@google.com
yusukes@google.com
satorux@chromium.org
davemoore@chromium.org
zelidrag@chromium.org
zelidrag@chromium.org
zelidrag@chromium.org
davemoore@chromium.org
zelidrag@chromium.org
zelidrag@chromium.org
zelidrag@chromium.org
davemoore@chromium.org
zelidrag@chromium.org
zelidrag@chromium.org
zelidrag@chromium.org
davemoore@chromium.org
zelidrag@chromium.org
zelidrag@chromium.org
zelidrag@chromium.org
davemoore@chromium.org
zelidrag@chromium.org
zelidrag@chromium.org
oshima@chromium.org
davemoore@chromium.org
oshima@chromium.org
oshima@chromium.org
oshima@chromium.org
davemoore@chromium.org
oshima@chromium.org
oshima@chromium.org
zelidrag@chromium.org
davemoore@chromium.org
zelidrag@chromium.org
zelidrag@chromium.org
chocobo@chromium.org
davemoore@chromium.org
chocobo@chromium.org
chocobo@chromium.org
davemoore@chromium.org
davemoore@chromium.org
davemoore@chromium.org
davemoore@chromium.org
seanparent@google.com
davemoore@chromium.org
seanparent@google.com
derat@chromium.org
derat@chromium.org
derat@chromium.org
derat@chromium.org
derat@chromium.org
tbarzic@google.com
tbarzic@google.com
tbarzic@google.com
tbarzic@google.com
tbarzic@google.com
davemoore@chromium.org
davemoore@chromium.org
davemoore@chromium.org
zelidrag@chromium.org
zelidrag@chromium.org
davemoore@chromium.org
davemoore@chromium.org
davemoore@chromium.org
yusukes@google.com
yusukes@google.com
davemoore@chromium.org
davemoore@chromium.org
davemoore@chromium.org
zelidrag@chromium.org
zelidrag@chromium.org
davemoore@chromium.org
davemoore@chromium.org
davemoore@chromium.org
zelidrag@chromium.org
zelidrag@chromium.org
davemoore@chromium.org
davemoore@chromium.org
davemoore@chromium.org
zelidrag@chromium.org
zelidrag@chromium.org
davemoore@chromium.org
davemoore@chromium.org
davemoore@chromium.org
zelidrag@chromium.org
zelidrag@chromium.org
davemoore@chromium.org
davemoore@chromium.org
davemoore@chromium.org
zelidrag@chromium.org
zelidrag@chromium.org
davemoore@chromium.org
davemoore@chromium.org
davemoore@chromium.org
oshima@chromium.org
oshima@chromium.org
oshima@chromium.org
oshima@chromium.org
davemoore@chromium.org
davemoore@chromium.org
davemoore@chromium.org
davemoore@chromium.org
davemoore@chromium.org
davemoore@chromium.org
davemoore@chromium.org
davemoore@chromium.org
davemoore@chromium.org
davemoore@chromium.org
davemoore@chromium.org
davemoore@chromium.org
davemoore@chromium.org
davemoore@chromium.org
davemoore@chromium.org
davemoore@chromium.org
davemoore@chromium.org
davemoore@chromium.org
davemoore@chromium.org
davemoore@chromium.org
davemoore@chromium.org
seanparent@google.com
yusukes@google.com
derat@chromium.org
tbarzic@google.com
zelidrag@chromium.org
yusukes@google.com
satorux@chromium.org
zelidrag@chromium.org
zelidrag@chromium.org
zelidrag@chromium.org
zelidrag@chromium.org
oshima@chromium.org
oshima@chromium.org
zelidrag@chromium.org
chocobo@chromium.org
davemoore@chromium.org
seanparent@google.com
derat@chromium.org
derat@chromium.org
tbarzic@google.com
tbarzic@google.com
zelidrag@chromium.org
zelidrag@chromium.org
yusukes@google.com
yusukes@google.com
yusukes@google.com
satorux@chromium.org
zelidrag@chromium.org
zelidrag@chromium.org
zelidrag@chromium.org
zelidrag@chromium.org
zelidrag@chromium.org
zelidrag@chromium.org
zelidrag@chromium.org
zelidrag@chromium.org
zelidrag@chromium.org
oshima@chromium.org
oshima@chromium.org
oshima@chromium.org
oshima@chromium.org
zelidrag@chromium.org
zelidrag@chromium.org
chocobo@chromium.org
chocobo@chromium.org
davemoore@chromium.org
davemoore@chromium.org
seanparent@google.com
