jianli@chromium.org
jianli@chromium.org
commit-queue@webkit.org
commit-queue@webkit.org
commit-queue@webkit.org
commit-queue@webkit.org
adamk@chromium.org
adamk@chromium.org
commit-queue@webkit.org
benm@google.com
arv@chromium.org
darin@apple.com
oliver@apple.com
abarth@webkit.org
abarth@webkit.org
haraken@chromium.org
abarth@webkit.org
abarth@webkit.org
abarth@webkit.org
abarth@webkit.org
haraken@chromium.org
haraken@chromium.org
arv@chromium.org
haraken@chromium.org
tommyw@google.com
arv@chromium.org
arv@chromium.org
arv@chromium.org
haraken@chromium.org
haraken@chromium.org
abarth@webkit.org
arv@chromium.org
arv@chromium.org
arv@chromium.org
arv@chromium.org
arv@chromium.org
arv@chromium.org
arv@chromium.org
arv@chromium.org
arv@chromium.org
arv@chromium.org
arv@chromium.org
arv@chromium.org
arv@chromium.org
arv@chromium.org
arv@chromium.org
arv@chromium.org
jonlee@apple.com
commit-queue@webkit.org
commit-queue@webkit.org
commit-queue@webkit.org
abarth@webkit.org
abarth@webkit.org
abarth@webkit.org
abarth@webkit.org
abarth@webkit.org
abarth@webkit.org
abarth@webkit.org
commit-queue@webkit.org
