dmurph@chromium.org
dmurph@chromium.org
dmurph@chromium.org
dmurph@chromium.org
dmurph@chromium.org
dmurph@chromium.org
dmurph@chromium.org
dmurph@chromium.org
dmurph@chromium.org
eseckler@chromium.org
mek@chromium.org
dmurph@chromium.org
dmurph@chromium.org
dmurph@chromium.org
dmurph@chromium.org
dmurph@chromium.org
dmurph@chromium.org
dmurph@chromium.org
dmurph@chromium.org
dmurph@chromium.org
dmurph@chromium.org
dmurph@chromium.org
dmurph@chromium.org
dmurph@chromium.org
tzik@chromium.org
tzik@chromium.org
tzik@chromium.org
mek@chromium.org
mek@chromium.org
kinuko@chromium.org
kinuko@chromium.org
dmurph@chromium.org
jam@chromium.org
dmurph@chromium.org
dmurph@chromium.org
dmurph@chromium.org
