kalman@chromium.org
kalman@chromium.org
kalman@chromium.org
koz@chromium.org
rockot@chromium.org
rockot@chromium.org
rockot@chromium.org
rockot@chromium.org
rockot@chromium.org
rockot@chromium.org
sammc@chromium.org
sammc@chromium.org
sammc@chromium.org
sammc@chromium.org
sammc@chromium.org
sammc@chromium.org
sammc@chromium.org
mikhail.pozdnyakov@intel.com
mikhail.pozdnyakov@intel.com
rockot@chromium.org
mlamouri@chromium.org
amalika@google.com
rockot@chromium.org
rockot@chromium.org
rdevlin.cronin@chromium.org
rdevlin.cronin@chromium.org
rdevlin.cronin@chromium.org
rdevlin.cronin@chromium.org
rockot@chromium.org
rockot@chromium.org
rockot@chromium.org
rockot@chromium.org
rockot@chromium.org
rockot@chromium.org
rockot@chromium.org
rockot@chromium.org
rockot@chromium.org
rockot@chromium.org
rockot@chromium.org
rockot@chromium.org
rockot@chromium.org
rockot@chromium.org
rockot@chromium.org
rockot@chromium.org
rockot@chromium.org
rockot@chromium.org
rockot@chromium.org
rockot@chromium.org
rockot@chromium.org
rockot@chromium.org
rockot@chromium.org
rockot@chromium.org
rockot@chromium.org
rockot@chromium.org
dcarney@chromium.org
rockot@chromium.org
brettw@chromium.org
rockot@chromium.org
rockot@chromium.org
rockot@chromium.org
rockot@chromium.org
rockot@chromium.org
rockot@chromium.org
rockot@chromium.org
rockot@chromium.org
rockot@chromium.org
rockot@chromium.org
rockot@chromium.org
rockot@chromium.org
rockot@chromium.org
rockot@chromium.org
rockot@chromium.org
rockot@chromium.org
rockot@chromium.org
rockot@chromium.org
rockot@chromium.org
rockot@chromium.org
rockot@chromium.org
rockot@chromium.org
rockot@chromium.org
rockot@chromium.org
rdevlin.cronin@chromium.org
cduvall@chromium.org
sergeyu@chromium.org
rockot@chromium.org
kalman@chromium.org
dtseng@chromium.org
jochen@chromium.org
jochen@chromium.org
dtseng@chromium.org
