twellington@chromium.org
twellington@chromium.org
twellington@chromium.org
twellington@chromium.org
twellington@chromium.org
twellington@chromium.org
twellington@chromium.org
twellington@chromium.org
twellington@chromium.org
twellington@chromium.org
twellington@chromium.org
twellington@chromium.org
twellington@chromium.org
spqchan@chromium.org
spqchan@chromium.org
spqchan@chromium.org
spqchan@chromium.org
spqchan@chromium.org
donnd@chromium.org
donnd@chromium.org
donnd@chromium.org
donnd@chromium.org
donnd@chromium.org
twellington@chromium.org
donnd@chromium.org
donnd@chromium.org
twellington@chromium.org
twellington@chromium.org
twellington@chromium.org
twellington@chromium.org
twellington@chromium.org
twellington@chromium.org
twellington@chromium.org
twellington@chromium.org
twellington@chromium.org
twellington@chromium.org
vitalybuka@chromium.org
twellington@chromium.org
twellington@chromium.org
twellington@chromium.org
twellington@chromium.org
donnd@chromium.org
donnd@chromium.org
donnd@chromium.org
donnd@chromium.org
donnd@chromium.org
pkasting@chromium.org
donnd@chromium.org
donnd@chromium.org
donnd@chromium.org
donnd@chromium.org
donnd@chromium.org
isherman@chromium.org
twellington@chromium.org
