digit@google.com
digit@google.com
digit@google.com
digit@google.com
mikhail.pozdnyakov@intel.com
mikhail.pozdnyakov@intel.com
mikhail.pozdnyakov@intel.com
mikhail.pozdnyakov@intel.com
digit@google.com
digit@google.com
digit@google.com
digit@google.com
digit@google.com
juncai@chromium.org
digit@google.com
juncai@chromium.org
mikhail.pozdnyakov@intel.com
mikhail.pozdnyakov@intel.com
digit@google.com
digit@google.com
digit@google.com
digit@google.com
digit@google.com
digit@google.com
digit@google.com
digit@google.com
digit@google.com
digit@google.com
digit@google.com
digit@google.com
digit@google.com
digit@google.com
digit@google.com
digit@google.com
digit@google.com
digit@google.com
digit@google.com
digit@google.com
digit@google.com
digit@google.com
mikhail.pozdnyakov@intel.com
mikhail.pozdnyakov@intel.com
digit@google.com
digit@google.com
digit@google.com
digit@google.com
digit@google.com
digit@google.com
digit@google.com
digit@google.com
digit@google.com
juncai@chromium.org
juncai@chromium.org
juncai@chromium.org
juncai@chromium.org
juncai@chromium.org
juncai@chromium.org
juncai@chromium.org
jbroman@chromium.org
juncai@chromium.org
juncai@chromium.org
juncai@chromium.org
juncai@chromium.org
juncai@chromium.org
juncai@chromium.org
digit@google.com
digit@google.com
digit@google.com
digit@google.com
digit@google.com
digit@google.com
maksim.sisov@intel.com
ke.he@intel.com
mikhail.pozdnyakov@intel.com
digit@google.com
digit@google.com
maksim.sisov@intel.com
mikhail.pozdnyakov@intel.com
maksim.sisov@intel.com
maksim.sisov@intel.com
maksim.sisov@intel.com
maksim.sisov@intel.com
maksim.sisov@intel.com
digit@google.com
digit@google.com
digit@google.com
digit@google.com
digit@google.com
digit@google.com
digit@google.com
digit@google.com
digit@google.com
digit@google.com
digit@google.com
digit@google.com
digit@google.com
digit@google.com
digit@google.com
digit@google.com
digit@google.com
digit@google.com
digit@google.com
digit@google.com
digit@google.com
digit@google.com
digit@google.com
digit@google.com
digit@google.com
digit@google.com
digit@google.com
alexander.shalamov@intel.com
alexander.shalamov@intel.com
alexander.shalamov@intel.com
digit@google.com
digit@google.com
digit@google.com
digit@google.com
digit@google.com
