dtu@google.com
stevenjb@google.com
stevenjb@google.com
satorux@chromium.org
scherkus@chromium.org
derat@chromium.org
glotov@chromium.org
davej@chromium.org
ben@chromium.org
scherkus@chromium.org
scherkus@chromium.org
davej@chromium.org
davej@chromium.org
davej@chromium.org
derat@chromium.org
derat@chromium.org
derat@chromium.org
derat@chromium.org
seanparent@google.com
seanparent@google.com
derat@chromium.org
derat@chromium.org
derat@chromium.org
derat@chromium.org
glotov@chromium.org
glotov@chromium.org
derat@chromium.org
derat@chromium.org
davemoore@chromium.org
alicet@chromium.org
alicet@chromium.org
alicet@chromium.org
oshima@google.com
