yusukes@google.com
yusukes@google.com
yusukes@google.com
yusukes@google.com
yusukes@chromium.org
mazda@chromium.org
mazda@chromium.org
mazda@chromium.org
mazda@chromium.org
mazda@chromium.org
mazda@chromium.org
mazda@chromium.org
mazda@chromium.org
mazda@chromium.org
yusukes@chromium.org
yusukes@chromium.org
yusukes@google.com
yusukes@google.com
yusukes@google.com
yusukes@google.com
yusukes@google.com
yusukes@google.com
yusukes@google.com
yusukes@google.com
yusukes@google.com
yusukes@google.com
yusukes@google.com
xiyuan@chromium.org
xiyuan@chromium.org
yusukes@google.com
yusukes@google.com
yusukes@google.com
yusukes@google.com
yusukes@google.com
yusukes@google.com
yusukes@google.com
yusukes@chromium.org
yusukes@google.com
yusukes@chromium.org
yusukes@google.com
yusukes@google.com
yusukes@google.com
yusukes@google.com
yusukes@chromium.org
yusukes@google.com
yusukes@chromium.org
yusukes@google.com
yusukes@google.com
yusukes@google.com
yusukes@google.com
yusukes@google.com
yusukes@google.com
yusukes@google.com
yusukes@chromium.org
yusukes@chromium.org
yusukes@chromium.org
yusukes@chromium.org
yusukes@chromium.org
yusukes@chromium.org
yusukes@chromium.org
yusukes@chromium.org
yusukes@chromium.org
yusukes@google.com
yusukes@google.com
yusukes@google.com
yusukes@google.com
yusukes@google.com
yusukes@google.com
pkotwicz@chromium.org
mazda@chromium.org
mazda@chromium.org
finnur@chromium.org
finnur@chromium.org
finnur@chromium.org
finnur@chromium.org
finnur@chromium.org
tfarina@chromium.org
initial.commit
yusukes@chromium.org
yusukes@chromium.org
sky@chromium.org
ben@chromium.org
sky@chromium.org
yusukes@chromium.org
sky@chromium.org
sky@chromium.org
pinkerton@chromium.org
pinkerton@chromium.org
yusukes@chromium.org
pinkerton@chromium.org
pinkerton@chromium.org
pinkerton@chromium.org
mazda@chromium.org
mazda@chromium.org
mazda@chromium.org
yusukes@chromium.org
mazda@chromium.org
mazda@chromium.org
mazda@chromium.org
mazda@chromium.org
mazda@chromium.org
mazda@chromium.org
mazda@chromium.org
mazda@chromium.org
mazda@chromium.org
sky@chromium.org
sky@chromium.org
pinkerton@chromium.org
pinkerton@chromium.org
pinkerton@chromium.org
yusukes@chromium.org
pinkerton@chromium.org
pinkerton@chromium.org
pinkerton@chromium.org
pinkerton@chromium.org
pinkerton@chromium.org
pinkerton@chromium.org
pinkerton@chromium.org
yusukes@chromium.org
yusukes@chromium.org
pinkerton@chromium.org
pinkerton@chromium.org
pinkerton@chromium.org
pinkerton@chromium.org
yusukes@chromium.org
yusukes@chromium.org
pinkerton@chromium.org
pinkerton@chromium.org
pinkerton@chromium.org
pinkerton@chromium.org
pinkerton@chromium.org
tfarina@chromium.org
yusukes@chromium.org
mazda@chromium.org
mazda@chromium.org
mazda@chromium.org
mazda@chromium.org
mazda@chromium.org
mazda@chromium.org
mazda@chromium.org
mazda@chromium.org
mazda@chromium.org
mazda@chromium.org
mazda@chromium.org
ben@chromium.org
yusukes@chromium.org
yusukes@chromium.org
yusukes@chromium.org
yusukes@chromium.org
yusukes@chromium.org
yusukes@chromium.org
yusukes@chromium.org
yusukes@chromium.org
yusukes@chromium.org
