ortuno@chromium.org
ortuno@chromium.org
ortuno@chromium.org
ortuno@chromium.org
ortuno@chromium.org
ortuno@chromium.org
ortuno@chromium.org
jianli@chromium.org
jennb@chromium.org
jennb@chromium.org
wittman@chromium.org
rfevang@chromium.org
dcheng@chromium.org
dcheng@chromium.org
jennb@chromium.org
jennb@chromium.org
jennb@chromium.org
jennb@chromium.org
jennb@chromium.org
vasilii@chromium.org
jennb@chromium.org
jennb@chromium.org
jennb@chromium.org
tfarina@chromium.org
jennb@chromium.org
jennb@chromium.org
wittman@chromium.org
dcheng@chromium.org
dcheng@chromium.org
jennb@chromium.org
jennb@chromium.org
jennb@chromium.org
ben@chromium.org
sadrul@chromium.org
dcheng@chromium.org
dcheng@chromium.org
