jdufault@google.com
jdufault@google.com
jdufault@google.com
jdufault@google.com
jdufault@google.com
jdufault@google.com
jdufault@google.com
jdufault@google.com
jdufault@google.com
jdufault@google.com
jdufault@google.com
jdufault@google.com
jdufault@google.com
antrim@chromium.org
antrim@chromium.org
jdufault@chromium.org
jdufault@chromium.org
jdufault@chromium.org
jdufault@chromium.org
jdufault@chromium.org
jdufault@chromium.org
jdufault@chromium.org
antrim@chromium.org
antrim@chromium.org
antrim@chromium.org
antrim@chromium.org
antrim@chromium.org
antrim@chromium.org
jdufault@chromium.org
antrim@chromium.org
pavely@chromium.org
derat@chromium.org
jonross@chromium.org
pavely@chromium.org
antrim@chromium.org
antrim@chromium.org
alemate@chromium.org
jdufault@google.com
alemate@chromium.org
antrim@chromium.org
antrim@chromium.org
antrim@chromium.org
antrim@chromium.org
antrim@chromium.org
antrim@chromium.org
alemate@chromium.org
antrim@chromium.org
antrim@chromium.org
alemate@chromium.org
antrim@chromium.org
antrim@chromium.org
nkostylev@chromium.org
antrim@chromium.org
antrim@chromium.org
antrim@chromium.org
antrim@chromium.org
antrim@chromium.org
antrim@chromium.org
pavely@chromium.org
pavely@chromium.org
pavely@chromium.org
pavely@chromium.org
pavely@chromium.org
pavely@chromium.org
pavely@chromium.org
xiyuan@chromium.org
jinho.bang@samsung.com
xiyuan@chromium.org
xiyuan@chromium.org
alemate@chromium.org
antrim@chromium.org
jdufault@google.com
jdufault@google.com
jdufault@google.com
jdufault@google.com
jdufault@google.com
jdufault@google.com
jdufault@google.com
jdufault@google.com
jdufault@google.com
jdufault@google.com
jdufault@google.com
xiaoyinh@chromium.org
xiaoyinh@chromium.org
jdufault@google.com
xiaoyinh@chromium.org
xiaoyinh@chromium.org
xiaoyinh@chromium.org
xiaoyinh@chromium.org
xiaoyinh@chromium.org
xiaoyinh@chromium.org
xiaoyinh@chromium.org
xiaoyinh@chromium.org
xiaoyinh@chromium.org
antrim@chromium.org
hcarmona@chromium.org
jdufault@google.com
jdufault@google.com
xiaoyinh@chromium.org
xiaoyinh@chromium.org
xiaoyinh@chromium.org
xiaoyinh@chromium.org
bartfab@chromium.org
jdufault@chromium.org
antrim@chromium.org
hcarmona@chromium.org
jdufault@chromium.org
antrim@chromium.org
antrim@chromium.org
