thestig@chromium.org
kmadhusu@chromium.org
kmadhusu@chromium.org
kmadhusu@chromium.org
kmadhusu@chromium.org
kmadhusu@chromium.org
kmadhusu@chromium.org
kmadhusu@chromium.org
kmadhusu@chromium.org
thestig@chromium.org
thestig@chromium.org
thestig@chromium.org
thestig@chromium.org
thestig@chromium.org
arthurhsu@chromium.org
thestig@chromium.org
thestig@chromium.org
thestig@chromium.org
vandebo@chromium.org
vandebo@chromium.org
arthurhsu@chromium.org
kmadhusu@chromium.org
kmadhusu@chromium.org
kmadhusu@chromium.org
thestig@chromium.org
arthurhsu@chromium.org
arthurhsu@chromium.org
arthurhsu@chromium.org
arthurhsu@chromium.org
arthurhsu@chromium.org
thestig@chromium.org
thestig@chromium.org
kmadhusu@chromium.org
thestig@chromium.org
vandebo@chromium.org
thestig@chromium.org
thestig@chromium.org
arthurhsu@chromium.org
arthurhsu@chromium.org
arthurhsu@chromium.org
arthurhsu@chromium.org
arthurhsu@chromium.org
arthurhsu@chromium.org
arthurhsu@chromium.org
arthurhsu@chromium.org
arthurhsu@chromium.org
abodenha@chromium.org
aayushkumar@chromium.org
arthurhsu@chromium.org
arthurhsu@chromium.org
arthurhsu@chromium.org
thestig@chromium.org
jhawkins@chromium.org
jhawkins@chromium.org
