avi@chromium.org
tommi@chromium.org
avi@chromium.org
pkasting@chromium.org
avi@chromium.org
avi@chromium.org
avi@chromium.org
avi@chromium.org
avi@chromium.org
avi@chromium.org
avi@chromium.org
avi@chromium.org
avi@chromium.org
avi@chromium.org
avi@chromium.org
avi@chromium.org
avi@chromium.org
avi@chromium.org
avi@chromium.org
avi@chromium.org
avi@chromium.org
avi@chromium.org
avi@chromium.org
avi@chromium.org
avi@chromium.org
avi@chromium.org
avi@chromium.org
avi@chromium.org
avi@chromium.org
avi@chromium.org
avi@chromium.org
avi@chromium.org
avi@chromium.org
avi@chromium.org
avi@chromium.org
finnur@chromium.org
avi@chromium.org
avi@chromium.org
avi@chromium.org
avi@chromium.org
avi@chromium.org
avi@chromium.org
avi@chromium.org
avi@chromium.org
avi@chromium.org
avi@chromium.org
avi@chromium.org
avi@chromium.org
avi@chromium.org
avi@chromium.org
avi@chromium.org
avi@chromium.org
avi@chromium.org
avi@chromium.org
avi@chromium.org
avi@chromium.org
avi@chromium.org
avi@chromium.org
avi@chromium.org
avi@chromium.org
avi@chromium.org
avi@chromium.org
avi@chromium.org
avi@chromium.org
avi@chromium.org
avi@chromium.org
avi@chromium.org
avi@chromium.org
avi@chromium.org
avi@chromium.org
avi@chromium.org
avi@chromium.org
avi@chromium.org
avi@chromium.org
avi@chromium.org
avi@chromium.org
avi@chromium.org
brettw@chromium.org
avi@chromium.org
avi@chromium.org
brettw@chromium.org
avi@chromium.org
avi@chromium.org
avi@chromium.org
avi@chromium.org
avi@chromium.org
brettw@chromium.org
brettw@chromium.org
ben@chromium.org
ben@chromium.org
ben@chromium.org
ben@chromium.org
ben@chromium.org
ben@chromium.org
ben@chromium.org
ben@chromium.org
jam@chromium.org
ben@chromium.org
ben@chromium.org
ben@chromium.org
ben@chromium.org
avi@chromium.org
avi@chromium.org
avi@chromium.org
avi@chromium.org
avi@chromium.org
avi@chromium.org
avi@chromium.org
avi@chromium.org
avi@chromium.org
brettw@chromium.org
avi@chromium.org
avi@chromium.org
brettw@chromium.org
avi@chromium.org
avi@chromium.org
avi@chromium.org
ben@chromium.org
avi@chromium.org
avi@chromium.org
avi@chromium.org
avi@chromium.org
ben@chromium.org
ben@chromium.org
avi@chromium.org
avi@chromium.org
avi@chromium.org
avi@chromium.org
avi@chromium.org
avi@chromium.org
avi@chromium.org
avi@chromium.org
avi@chromium.org
avi@chromium.org
avi@chromium.org
avi@chromium.org
avi@chromium.org
avi@chromium.org
avi@chromium.org
avi@chromium.org
avi@chromium.org
avi@chromium.org
avi@chromium.org
avi@chromium.org
avi@chromium.org
avi@chromium.org
