robertogden@chromium.org
robertogden@chromium.org
robertogden@chromium.org
bengr@chromium.org
bengr@chromium.org
bashi@chromium.org
robertogden@chromium.org
sophiechang@chromium.org
robertogden@chromium.org
sophiechang@chromium.org
robertogden@chromium.org
sophiechang@chromium.org
sophiechang@chromium.org
sophiechang@chromium.org
sophiechang@chromium.org
sophiechang@chromium.org
sophiechang@chromium.org
sophiechang@chromium.org
sophiechang@chromium.org
sophiechang@chromium.org
sophiechang@chromium.org
sophiechang@chromium.org
sophiechang@chromium.org
sophiechang@chromium.org
robertogden@chromium.org
robertogden@chromium.org
bengr@chromium.org
dcheng@chromium.org
bengr@chromium.org
bengr@chromium.org
kotenkov@yandex-team.ru
marq@chromium.org
bengr@chromium.org
bengr@chromium.org
jeremyim@chromium.org
dcheng@chromium.org
bengr@chromium.org
bengr@chromium.org
jeremyim@chromium.org
jeremyim@chromium.org
zynis@yandex-team.ru
bengr@chromium.org
megjablon@chromium.org
robertogden@chromium.org
robertogden@chromium.org
cduvall@chromium.org
cduvall@chromium.org
cduvall@chromium.org
kundaji@chromium.org
megjablon@chromium.org
tbansal@chromium.org
tbansal@chromium.org
marq@chromium.org
tbansal@chromium.org
bengr@chromium.org
megjablon@chromium.org
robertogden@chromium.org
robertogden@chromium.org
robertogden@chromium.org
marq@chromium.org
megjablon@chromium.org
megjablon@chromium.org
robertogden@chromium.org
marq@chromium.org
marq@chromium.org
marq@chromium.org
avi@chromium.org
marq@chromium.org
bengr@chromium.org
marq@chromium.org
marq@chromium.org
marq@chromium.org
marq@chromium.org
marq@chromium.org
marq@chromium.org
marq@chromium.org
marq@chromium.org
marq@chromium.org
avi@chromium.org
avi@chromium.org
avi@chromium.org
marq@chromium.org
marq@chromium.org
bengr@chromium.org
marq@chromium.org
marq@chromium.org
marq@chromium.org
bengr@chromium.org
marq@chromium.org
avi@chromium.org
marq@chromium.org
marq@chromium.org
marq@chromium.org
marq@chromium.org
marq@chromium.org
marq@chromium.org
marq@chromium.org
marq@chromium.org
bengr@chromium.org
marq@chromium.org
marq@chromium.org
marq@chromium.org
marq@chromium.org
marq@chromium.org
marq@chromium.org
marq@chromium.org
marq@chromium.org
marq@chromium.org
marq@chromium.org
marq@chromium.org
marq@chromium.org
marq@chromium.org
marq@chromium.org
marq@chromium.org
marq@chromium.org
robertogden@chromium.org
robertogden@chromium.org
robertogden@chromium.org
marq@chromium.org
megjablon@chromium.org
bengr@chromium.org
rajendrant@chromium.org
tbansal@chromium.org
tbansal@chromium.org
tbansal@chromium.org
tzik@chromium.org
tbansal@chromium.org
tbansal@chromium.org
tbansal@chromium.org
tzik@chromium.org
tbansal@chromium.org
robertogden@chromium.org
tbansal@chromium.org
tbansal@chromium.org
tbansal@chromium.org
robertogden@chromium.org
robertogden@chromium.org
