msramek@chromium.org
msramek@chromium.org
avi@chromium.org
pfeldman@chromium.org
pfeldman@chromium.org
pfeldman@chromium.org
pfeldman@chromium.org
pfeldman@chromium.org
pfeldman@chromium.org
msramek@chromium.org
pfeldman@chromium.org
rdsmith@chromium.org
rdsmith@chromium.org
rdsmith@chromium.org
pfeldman@chromium.org
jam@chromium.org
pfeldman@chromium.org
tommycli@chromium.org
avi@chromium.org
pfeldman@chromium.org
pfeldman@chromium.org
pfeldman@chromium.org
pfeldman@chromium.org
tommycli@chromium.org
tommycli@chromium.org
