abarth@chromium.org
abarth@chromium.org
abarth@chromium.org
abarth@chromium.org
abarth@chromium.org
thakis@chromium.org
thakis@chromium.org
rniwa@webkit.org
rniwa@webkit.org
jamesr@google.com
ap@apple.com
darin@chromium.org
darin@chromium.org
thakis@chromium.org
morrita@chromium.org
morrita@chromium.org
weinig@apple.com
commit-queue@webkit.org
jianli@chromium.org
commit-queue@webkit.org
thakis@chromium.org
ap@apple.com
jianli@chromium.org
thakis@chromium.org
thakis@chromium.org
jianli@chromium.org
jianli@chromium.org
jianli@chromium.org
jianli@chromium.org
jianli@chromium.org
michaeln@google.com
michaeln@google.com
ap@apple.com
ap@apple.com
ap@apple.com
ap@apple.com
ap@apple.com
ap@apple.com
ap@apple.com
ap@apple.com
ap@apple.com
ap@apple.com
ap@apple.com
ap@apple.com
ap@apple.com
ap@apple.com
ap@apple.com
ap@apple.com
ap@apple.com
ap@apple.com
ap@apple.com
ap@apple.com
ap@apple.com
ap@apple.com
ap@apple.com
ap@apple.com
ap@apple.com
ap@apple.com
thakis@chromium.org
ap@apple.com
ap@apple.com
ap@apple.com
ap@apple.com
ap@apple.com
ap@apple.com
ap@apple.com
ap@apple.com
ap@apple.com
ap@apple.com
jianli@chromium.org
jianli@chromium.org
jianli@chromium.org
jianli@chromium.org
jianli@chromium.org
jianli@chromium.org
jianli@chromium.org
jianli@chromium.org
jianli@chromium.org
jianli@chromium.org
jianli@chromium.org
jianli@chromium.org
jianli@chromium.org
jianli@chromium.org
jianli@chromium.org
jianli@chromium.org
jianli@chromium.org
jianli@chromium.org
jianli@chromium.org
jianli@chromium.org
jianli@chromium.org
jianli@chromium.org
jianli@chromium.org
jianli@chromium.org
jianli@chromium.org
jianli@chromium.org
jianli@chromium.org
jianli@chromium.org
jianli@chromium.org
jianli@chromium.org
jianli@chromium.org
jianli@chromium.org
jianli@chromium.org
tyoshino@chromium.org
tyoshino@chromium.org
tyoshino@chromium.org
jianli@chromium.org
jianli@chromium.org
jianli@chromium.org
jianli@chromium.org
ap@apple.com
jianli@chromium.org
jianli@chromium.org
tyoshino@chromium.org
jianli@chromium.org
ap@apple.com
jianli@chromium.org
jianli@chromium.org
jianli@chromium.org
jianli@chromium.org
jianli@chromium.org
jianli@chromium.org
tyoshino@chromium.org
tyoshino@chromium.org
tyoshino@chromium.org
tyoshino@chromium.org
tyoshino@chromium.org
tyoshino@chromium.org
tyoshino@chromium.org
jianli@chromium.org
jianli@chromium.org
tyoshino@chromium.org
tyoshino@chromium.org
tyoshino@chromium.org
tyoshino@chromium.org
tyoshino@chromium.org
tyoshino@chromium.org
tyoshino@chromium.org
jianli@chromium.org
jianli@chromium.org
jianli@chromium.org
ap@apple.com
jianli@chromium.org
jianli@chromium.org
jianli@chromium.org
jianli@chromium.org
jianli@chromium.org
jianli@chromium.org
jianli@chromium.org
jianli@chromium.org
jianli@chromium.org
jianli@chromium.org
jianli@chromium.org
jianli@chromium.org
jianli@chromium.org
jianli@chromium.org
jianli@chromium.org
jianli@chromium.org
jianli@chromium.org
jianli@chromium.org
jianli@chromium.org
jianli@chromium.org
jianli@chromium.org
jianli@chromium.org
jianli@chromium.org
jianli@chromium.org
jianli@chromium.org
jianli@chromium.org
jianli@chromium.org
jianli@chromium.org
jianli@chromium.org
jianli@chromium.org
jianli@chromium.org
jianli@chromium.org
jianli@chromium.org
jianli@chromium.org
jianli@chromium.org
jianli@chromium.org
jianli@chromium.org
thakis@chromium.org
jianli@chromium.org
thakis@chromium.org
abarth@chromium.org
abarth@chromium.org
abarth@chromium.org
tyoshino@chromium.org
tyoshino@chromium.org
abarth@chromium.org
jbroman@chromium.org
jbroman@chromium.org
jbroman@chromium.org
tyoshino@chromium.org
jianli@chromium.org
jianli@chromium.org
jianli@chromium.org
jianli@chromium.org
jianli@chromium.org
jianli@chromium.org
jianli@chromium.org
jianli@chromium.org
jianli@chromium.org
jianli@chromium.org
jianli@chromium.org
pilgrim@chromium.org
jianli@chromium.org
jianli@chromium.org
jianli@chromium.org
jianli@chromium.org
jianli@chromium.org
jianli@chromium.org
pilgrim@chromium.org
jianli@chromium.org
jianli@chromium.org
jianli@chromium.org
jianli@chromium.org
tyoshino@chromium.org
tyoshino@chromium.org
tyoshino@chromium.org
tyoshino@chromium.org
tyoshino@chromium.org
tyoshino@chromium.org
jianli@chromium.org
jianli@chromium.org
jianli@chromium.org
jianli@chromium.org
jianli@chromium.org
jianli@chromium.org
tyoshino@chromium.org
tyoshino@chromium.org
tyoshino@chromium.org
tyoshino@chromium.org
tyoshino@chromium.org
tyoshino@chromium.org
tyoshino@chromium.org
tyoshino@chromium.org
tyoshino@chromium.org
tyoshino@chromium.org
tyoshino@chromium.org
tyoshino@chromium.org
tyoshino@chromium.org
tyoshino@chromium.org
jianli@chromium.org
jianli@chromium.org
jianli@chromium.org
jianli@chromium.org
jianli@chromium.org
jianli@chromium.org
jianli@chromium.org
jianli@chromium.org
jianli@chromium.org
jianli@chromium.org
jianli@chromium.org
jianli@chromium.org
jianli@chromium.org
jianli@chromium.org
jianli@chromium.org
jianli@chromium.org
jianli@chromium.org
jianli@chromium.org
jianli@chromium.org
jianli@chromium.org
jianli@chromium.org
jianli@chromium.org
jianli@chromium.org
jianli@chromium.org
jianli@chromium.org
jianli@chromium.org
jianli@chromium.org
jianli@chromium.org
jianli@chromium.org
jianli@chromium.org
jianli@chromium.org
jianli@chromium.org
jianli@chromium.org
jianli@chromium.org
jianli@chromium.org
jianli@chromium.org
jianli@chromium.org
jianli@chromium.org
jianli@chromium.org
jianli@chromium.org
thakis@chromium.org
jianli@chromium.org
jianli@chromium.org
jianli@chromium.org
jianli@chromium.org
jianli@chromium.org
jianli@chromium.org
jianli@chromium.org
jianli@chromium.org
jianli@chromium.org
jianli@chromium.org
tyoshino@chromium.org
jianli@chromium.org
tyoshino@chromium.org
tyoshino@chromium.org
jianli@chromium.org
jianli@chromium.org
jianli@chromium.org
jianli@chromium.org
jianli@chromium.org
jianli@chromium.org
jianli@chromium.org
jianli@chromium.org
jianli@chromium.org
jianli@chromium.org
jianli@chromium.org
