commit-queue@webkit.org
commit-queue@webkit.org
commit-queue@webkit.org
commit-queue@webkit.org
commit-queue@webkit.org
commit-queue@webkit.org
rwlbuis@webkit.org
commit-queue@webkit.org
commit-queue@webkit.org
commit-queue@webkit.org
commit-queue@webkit.org
commit-queue@webkit.org
nghanavatian@rim.com
commit-queue@webkit.org
commit-queue@webkit.org
commit-queue@webkit.org
commit-queue@webkit.org
commit-queue@webkit.org
commit-queue@webkit.org
commit-queue@webkit.org
commit-queue@webkit.org
commit-queue@webkit.org
commit-queue@webkit.org
mifenton@rim.com
mifenton@rim.com
mifenton@rim.com
commit-queue@webkit.org
commit-queue@webkit.org
commit-queue@webkit.org
commit-queue@webkit.org
nghanavatian@rim.com
tonikitoo@webkit.org
commit-queue@webkit.org
nghanavatian@rim.com
tonikitoo@webkit.org
commit-queue@webkit.org
nghanavatian@rim.com
rwlbuis@webkit.org
rwlbuis@webkit.org
rwlbuis@webkit.org
rwlbuis@webkit.org
rwlbuis@webkit.org
rwlbuis@webkit.org
rwlbuis@webkit.org
rwlbuis@webkit.org
rwlbuis@webkit.org
rwlbuis@webkit.org
rwlbuis@webkit.org
rwlbuis@webkit.org
