eroman@chromium.org
rmcelrath@chromium.org
tbansal@chromium.org
tbansal@chromium.org
tbansal@chromium.org
tbansal@chromium.org
tbansal@chromium.org
tbansal@chromium.org
tbansal@chromium.org
tbansal@chromium.org
tbansal@chromium.org
jeremyim@chromium.org
tbansal@chromium.org
tbansal@chromium.org
eroman@chromium.org
eroman@chromium.org
eroman@chromium.org
erg@google.com
erg@google.com
erg@google.com
erg@google.com
eroman@chromium.org
cbentzel@chromium.org
cbentzel@chromium.org
erg@google.com
eroman@chromium.org
eroman@chromium.org
eroman@chromium.org
eroman@chromium.org
eroman@chromium.org
eroman@chromium.org
eroman@chromium.org
eroman@chromium.org
eroman@chromium.org
eroman@chromium.org
eroman@chromium.org
eroman@chromium.org
eroman@chromium.org
eroman@chromium.org
eroman@chromium.org
eroman@chromium.org
eroman@chromium.org
eroman@chromium.org
brettw@chromium.org
brettw@chromium.org
eroman@chromium.org
eroman@chromium.org
eroman@chromium.org
eroman@chromium.org
dcheng@chromium.org
eroman@chromium.org
eroman@chromium.org
tfarina@chromium.org
eroman@chromium.org
eroman@chromium.org
eroman@chromium.org
eroman@chromium.org
eroman@chromium.org
eroman@chromium.org
eroman@chromium.org
eroman@chromium.org
eroman@chromium.org
eroman@chromium.org
eroman@chromium.org
eroman@chromium.org
eroman@chromium.org
eroman@chromium.org
eroman@chromium.org
eroman@chromium.org
martijn@martijnc.be
eroman@chromium.org
eroman@chromium.org
eroman@chromium.org
eroman@chromium.org
eroman@chromium.org
eroman@chromium.org
vitalybuka@chromium.org
vitalybuka@chromium.org
vitalybuka@chromium.org
vitalybuka@chromium.org
watk@chromium.org
eroman@chromium.org
eroman@chromium.org
erg@google.com
eroman@chromium.org
eroman@chromium.org
eroman@chromium.org
eroman@chromium.org
eroman@chromium.org
eroman@chromium.org
eroman@chromium.org
eroman@chromium.org
eroman@chromium.org
eroman@chromium.org
eroman@chromium.org
eroman@chromium.org
eroman@chromium.org
eroman@chromium.org
eroman@chromium.org
eroman@chromium.org
eroman@chromium.org
eroman@chromium.org
eroman@chromium.org
eroman@chromium.org
eroman@chromium.org
eroman@chromium.org
eroman@chromium.org
eroman@chromium.org
eroman@chromium.org
eroman@chromium.org
eroman@chromium.org
eroman@chromium.org
eroman@chromium.org
eroman@chromium.org
mnissler@chromium.org
eroman@chromium.org
eroman@chromium.org
eroman@chromium.org
eroman@chromium.org
eroman@chromium.org
eroman@chromium.org
eroman@chromium.org
eroman@chromium.org
eroman@chromium.org
eroman@chromium.org
eroman@chromium.org
darin@chromium.org
eroman@chromium.org
eroman@chromium.org
eroman@chromium.org
eroman@chromium.org
eroman@chromium.org
eroman@chromium.org
eroman@chromium.org
eroman@chromium.org
eroman@chromium.org
eroman@chromium.org
eroman@chromium.org
eroman@chromium.org
eroman@chromium.org
eroman@chromium.org
eroman@chromium.org
eroman@chromium.org
eroman@chromium.org
eroman@chromium.org
eroman@chromium.org
eroman@chromium.org
eroman@chromium.org
eroman@chromium.org
eroman@chromium.org
eroman@chromium.org
eroman@chromium.org
eroman@chromium.org
eroman@chromium.org
eroman@chromium.org
eroman@chromium.org
eroman@chromium.org
eroman@chromium.org
eroman@chromium.org
eroman@chromium.org
eroman@chromium.org
eroman@chromium.org
eroman@chromium.org
eroman@chromium.org
eroman@chromium.org
eroman@chromium.org
eroman@chromium.org
eroman@chromium.org
eroman@chromium.org
eroman@chromium.org
eroman@chromium.org
eroman@chromium.org
eroman@chromium.org
eroman@chromium.org
eroman@chromium.org
eroman@chromium.org
eroman@chromium.org
eroman@chromium.org
eroman@chromium.org
eroman@chromium.org
eroman@chromium.org
eroman@chromium.org
eroman@chromium.org
eroman@chromium.org
eroman@chromium.org
eroman@chromium.org
eroman@chromium.org
eroman@chromium.org
eroman@chromium.org
eroman@chromium.org
eroman@chromium.org
eroman@chromium.org
eroman@chromium.org
eroman@chromium.org
eroman@chromium.org
eroman@chromium.org
eroman@chromium.org
asanka@chromium.org
eroman@chromium.org
eroman@chromium.org
eroman@chromium.org
eroman@chromium.org
eroman@chromium.org
ericroman@google.com
eroman@chromium.org
eroman@chromium.org
eroman@chromium.org
dcheng@chromium.org
eroman@chromium.org
eroman@chromium.org
eroman@chromium.org
rhalavati@chromium.org
mdm@chromium.org
mdm@chromium.org
eroman@chromium.org
eroman@chromium.org
eroman@chromium.org
eroman@chromium.org
davidben@chromium.org
eroman@chromium.org
eroman@chromium.org
eroman@chromium.org
eroman@chromium.org
eroman@chromium.org
eroman@chromium.org
eroman@chromium.org
eroman@chromium.org
eroman@chromium.org
eroman@chromium.org
eroman@chromium.org
eroman@chromium.org
eroman@chromium.org
eroman@chromium.org
ricea@chromium.org
ricea@chromium.org
ricea@chromium.org
eroman@chromium.org
eroman@chromium.org
ricea@chromium.org
ricea@chromium.org
eroman@chromium.org
eroman@chromium.org
eroman@chromium.org
eroman@chromium.org
eroman@chromium.org
