kalman@chromium.org
mgiuca@chromium.org
koz@chromium.org
koz@chromium.org
koz@chromium.org
sashab@chromium.org
sashab@chromium.org
sashab@chromium.org
sashab@chromium.org
sashab@chromium.org
mgiuca@chromium.org
yoz@chromium.org
mgiuca@chromium.org
mgiuca@chromium.org
mgiuca@chromium.org
mgiuca@chromium.org
jochen@chromium.org
jochen@chromium.org
jochen@chromium.org
jochen@chromium.org
jochen@chromium.org
stevenjb@chromium.org
tfarina@chromium.org
yoz@chromium.org
xiyuan@chromium.org
xiyuan@chromium.org
xiyuan@chromium.org
xiyuan@chromium.org
koz@chromium.org
yoz@chromium.org
koz@chromium.org
koz@chromium.org
xiyuan@chromium.org
yoz@chromium.org
xiyuan@chromium.org
xiyuan@chromium.org
xiyuan@chromium.org
xiyuan@chromium.org
