derat@chromium.org
derat@chromium.org
jorgelo@chromium.org
jorgelo@chromium.org
mdempsky@chromium.org
brettw@chromium.org
mdempsky@chromium.org
palmer@chromium.org
jorgelo@chromium.org
jorgelo@chromium.org
avi@chromium.org
palmer@chromium.org
palmer@chromium.org
palmer@chromium.org
palmer@chromium.org
palmer@chromium.org
palmer@chromium.org
palmer@chromium.org
palmer@chromium.org
palmer@chromium.org
palmer@chromium.org
palmer@chromium.org
palmer@chromium.org
palmer@chromium.org
palmer@chromium.org
palmer@chromium.org
palmer@chromium.org
palmer@chromium.org
palmer@chromium.org
palmer@chromium.org
