nyquist@google.com
nyquist@google.com
nyquist@google.com
nyquist@google.com
nyquist@google.com
nyquist@google.com
nyquist@chromium.org
nyquist@chromium.org
nyquist@chromium.org
aurimas@chromium.org
aurimas@chromium.org
aurimas@chromium.org
nyquist@chromium.org
nyquist@chromium.org
nyquist@chromium.org
mdjones@chromium.org
nyquist@google.com
nyquist@google.com
mdjones@chromium.org
nyquist@google.com
nyquist@google.com
mdjones@chromium.org
nyquist@chromium.org
nyquist@chromium.org
nyquist@chromium.org
nyquist@chromium.org
nyquist@chromium.org
nyquist@chromium.org
mdjones@chromium.org
mdjones@chromium.org
mdjones@chromium.org
mdjones@chromium.org
mdjones@chromium.org
mdjones@chromium.org
mdjones@chromium.org
nyquist@chromium.org
nyquist@chromium.org
nyquist@chromium.org
nyquist@chromium.org
nyquist@chromium.org
aurimas@chromium.org
nyquist@chromium.org
nyquist@chromium.org
nyquist@chromium.org
nyquist@chromium.org
nyquist@chromium.org
nyquist@chromium.org
nyquist@chromium.org
nyquist@chromium.org
nyquist@chromium.org
nyquist@chromium.org
nyquist@chromium.org
nyquist@chromium.org
mdjones@chromium.org
nyquist@chromium.org
nyquist@chromium.org
nyquist@google.com
mdjones@chromium.org
jaekyun@chromium.org
mdjones@chromium.org
mdjones@chromium.org
mdjones@chromium.org
mdjones@chromium.org
mdjones@chromium.org
mdjones@chromium.org
mdjones@chromium.org
mdjones@chromium.org
stuartmorgan@chromium.org
mdjones@chromium.org
brettw@chromium.org
mdjones@chromium.org
mdjones@chromium.org
mdjones@chromium.org
mdjones@chromium.org
mdjones@chromium.org
mdjones@chromium.org
mdjones@chromium.org
mdjones@chromium.org
mdjones@chromium.org
mdjones@chromium.org
mdjones@chromium.org
mdjones@chromium.org
mdjones@chromium.org
mdjones@chromium.org
mdjones@chromium.org
mdjones@chromium.org
mdjones@chromium.org
mdjones@chromium.org
mdjones@chromium.org
mdjones@chromium.org
mdjones@chromium.org
mdjones@chromium.org
mdjones@chromium.org
mdjones@chromium.org
mdjones@chromium.org
mdjones@chromium.org
mdjones@chromium.org
mdjones@chromium.org
mdjones@chromium.org
mdjones@chromium.org
mdjones@chromium.org
mdjones@chromium.org
mdjones@chromium.org
mdjones@chromium.org
mdjones@chromium.org
mdjones@chromium.org
mdjones@chromium.org
mdjones@chromium.org
mdjones@chromium.org
mdjones@chromium.org
