tbarzic@chromium.org
achuith@chromium.org
achuith@chromium.org
tbarzic@chromium.org
achuith@chromium.org
satorux@chromium.org
achuith@chromium.org
achuith@chromium.org
achuith@chromium.org
achuith@chromium.org
achuith@chromium.org
achuith@chromium.org
achuith@chromium.org
achuith@chromium.org
achuith@chromium.org
kochi@chromium.org
achuith@chromium.org
achuith@chromium.org
achuith@chromium.org
achuith@chromium.org
kuan@chromium.org
kuan@chromium.org
achuith@chromium.org
kuan@chromium.org
achuith@chromium.org
kuan@chromium.org
kuan@chromium.org
kuan@chromium.org
kuan@chromium.org
achuith@chromium.org
achuith@chromium.org
achuith@chromium.org
kochi@chromium.org
achuith@chromium.org
achuith@chromium.org
achuith@chromium.org
achuith@chromium.org
kuan@chromium.org
achuith@chromium.org
benchan@chromium.org
benchan@chromium.org
benchan@chromium.org
benchan@chromium.org
benchan@chromium.org
benchan@chromium.org
kuan@chromium.org
kuan@chromium.org
satorux@chromium.org
benchan@chromium.org
kuan@chromium.org
kuan@chromium.org
zelidrag@chromium.org
zelidrag@chromium.org
zelidrag@chromium.org
kuan@chromium.org
kuan@chromium.org
kuan@chromium.org
kuan@chromium.org
kuan@chromium.org
kuan@chromium.org
kuan@chromium.org
zelidrag@chromium.org
zelidrag@chromium.org
zelidrag@chromium.org
zelidrag@chromium.org
kuan@chromium.org
hidehiko@chromium.org
kuan@chromium.org
zelidrag@chromium.org
kuan@chromium.org
kuan@chromium.org
achuith@chromium.org
achuith@chromium.org
satorux@chromium.org
kuan@chromium.org
achuith@chromium.org
achuith@chromium.org
achuith@chromium.org
achuith@chromium.org
kuan@chromium.org
achuith@chromium.org
benchan@chromium.org
hidehiko@chromium.org
hidehiko@chromium.org
kuan@chromium.org
kuan@chromium.org
kuan@chromium.org
benchan@chromium.org
kuan@chromium.org
zelidrag@chromium.org
zelidrag@chromium.org
zelidrag@chromium.org
zelidrag@chromium.org
zelidrag@chromium.org
zelidrag@chromium.org
zelidrag@chromium.org
zelidrag@chromium.org
zelidrag@chromium.org
zelidrag@chromium.org
kuan@chromium.org
kuan@chromium.org
kuan@chromium.org
satorux@chromium.org
kochi@chromium.org
achuith@chromium.org
achuith@chromium.org
achuith@chromium.org
satorux@chromium.org
satorux@chromium.org
achuith@chromium.org
achuith@chromium.org
satorux@chromium.org
achuith@chromium.org
achuith@chromium.org
achuith@chromium.org
achuith@chromium.org
benchan@chromium.org
achuith@chromium.org
achuith@chromium.org
achuith@chromium.org
kuan@chromium.org
kuan@chromium.org
achuith@chromium.org
achuith@chromium.org
achuith@chromium.org
achuith@chromium.org
achuith@chromium.org
achuith@chromium.org
achuith@chromium.org
achuith@chromium.org
kuan@chromium.org
kuan@chromium.org
achuith@chromium.org
achuith@chromium.org
achuith@chromium.org
achuith@chromium.org
achuith@chromium.org
achuith@chromium.org
achuith@chromium.org
satorux@chromium.org
satorux@chromium.org
satorux@chromium.org
satorux@chromium.org
achuith@chromium.org
achuith@chromium.org
achuith@chromium.org
achuith@chromium.org
achuith@chromium.org
satorux@chromium.org
satorux@chromium.org
