dpranke@chromium.org
pfeldman@chromium.org
martiniss@chromium.org
martiniss@chromium.org
martiniss@chromium.org
martiniss@chromium.org
pfeldman@chromium.org
dpranke@chromium.org
erikchen@chromium.org
erikchen@chromium.org
pfeldman@chromium.org
hans@chromium.org
hans@chromium.org
hans@chromium.org
martiniss@chromium.org
martiniss@chromium.org
martiniss@chromium.org
martiniss@chromium.org
hans@chromium.org
hans@chromium.org
hans@chromium.org
hans@chromium.org
jbudorick@chromium.org
jbudorick@chromium.org
jbudorick@chromium.org
jbudorick@chromium.org
jbudorick@chromium.org
jbudorick@chromium.org
jbudorick@chromium.org
jbudorick@chromium.org
jbudorick@chromium.org
jbudorick@chromium.org
jbudorick@chromium.org
jbudorick@chromium.org
jbudorick@chromium.org
jbudorick@chromium.org
jbudorick@chromium.org
jbudorick@chromium.org
jbudorick@chromium.org
jonross@chromium.org
jonross@chromium.org
jonross@chromium.org
jonross@chromium.org
jonross@chromium.org
jonross@chromium.org
jonross@chromium.org
jonross@chromium.org
jonross@chromium.org
jonross@chromium.org
jonross@chromium.org
tikuta@chromium.org
jonross@chromium.org
jonross@chromium.org
jonross@chromium.org
jonross@chromium.org
lindsayw@google.com
jdarpinian@chromium.org
lindsayw@google.com
lindsayw@google.com
lindsayw@google.com
lindsayw@google.com
lindsayw@google.com
lindsayw@google.com
lindsayw@google.com
lindsayw@google.com
lindsayw@google.com
lindsayw@google.com
martiniss@chromium.org
martiniss@chromium.org
martiniss@chromium.org
martiniss@chromium.org
lindsayw@google.com
lindsayw@google.com
jonross@chromium.org
jonross@chromium.org
jonross@chromium.org
sgilhuly@chromium.org
jonross@chromium.org
jonross@chromium.org
jonross@chromium.org
jonross@chromium.org
jonross@chromium.org
jonross@chromium.org
jonross@chromium.org
jonross@chromium.org
jonross@chromium.org
jonross@chromium.org
jonross@chromium.org
jonross@chromium.org
jonross@chromium.org
perezju@chromium.org
perezju@chromium.org
perezju@chromium.org
perezju@chromium.org
perezju@chromium.org
perezju@chromium.org
martiniss@chromium.org
martiniss@chromium.org
martiniss@chromium.org
martiniss@chromium.org
perezju@chromium.org
perezju@chromium.org
perezju@chromium.org
tikuta@chromium.org
tikuta@chromium.org
tikuta@chromium.org
tikuta@chromium.org
tikuta@chromium.org
tikuta@chromium.org
tikuta@chromium.org
tikuta@chromium.org
tikuta@chromium.org
tikuta@chromium.org
tikuta@chromium.org
tikuta@chromium.org
tikuta@chromium.org
tikuta@chromium.org
tikuta@chromium.org
tikuta@chromium.org
tikuta@chromium.org
tikuta@chromium.org
tikuta@chromium.org
erikchen@chromium.org
erikchen@chromium.org
martiniss@chromium.org
martiniss@chromium.org
martiniss@chromium.org
martiniss@chromium.org
erikchen@chromium.org
erikchen@chromium.org
erikchen@chromium.org
martiniss@chromium.org
martiniss@chromium.org
martiniss@chromium.org
martiniss@chromium.org
martiniss@chromium.org
martiniss@chromium.org
erikchen@chromium.org
erikchen@chromium.org
erikchen@chromium.org
tapted@chromium.org
crouleau@chromium.org
crouleau@chromium.org
crouleau@chromium.org
tapted@chromium.org
crouleau@chromium.org
crouleau@chromium.org
crouleau@chromium.org
crouleau@chromium.org
crouleau@chromium.org
crouleau@chromium.org
tapted@chromium.org
tapted@chromium.org
martiniss@chromium.org
martiniss@chromium.org
martiniss@chromium.org
dpranke@chromium.org
dpranke@chromium.org
erikchen@chromium.org
nednguyen@google.com
nednguyen@google.com
nednguyen@google.com
nednguyen@google.com
nednguyen@google.com
geofflang@chromium.org
geofflang@chromium.org
nednguyen@google.com
nednguyen@google.com
martiniss@chromium.org
martiniss@chromium.org
martiniss@chromium.org
martiniss@chromium.org
nednguyen@google.com
crouleau@chromium.org
tapted@chromium.org
tapted@chromium.org
martiniss@chromium.org
martiniss@chromium.org
martiniss@chromium.org
martiniss@chromium.org
tikuta@chromium.org
martiniss@chromium.org
martiniss@chromium.org
tapted@chromium.org
jbudorick@chromium.org
jbudorick@chromium.org
jbudorick@chromium.org
jbudorick@chromium.org
jbudorick@chromium.org
jbudorick@chromium.org
tkent@chromium.org
dpranke@chromium.org
dpranke@chromium.org
dpranke@chromium.org
dpranke@chromium.org
dpranke@chromium.org
dpranke@chromium.org
dpranke@chromium.org
dpranke@chromium.org
dpranke@chromium.org
dpranke@chromium.org
martiniss@chromium.org
martiniss@chromium.org
martiniss@chromium.org
tikuta@chromium.org
martiniss@chromium.org
martiniss@chromium.org
martiniss@chromium.org
martiniss@chromium.org
martiniss@chromium.org
martiniss@chromium.org
martiniss@chromium.org
martiniss@chromium.org
martiniss@chromium.org
martiniss@chromium.org
martiniss@chromium.org
martiniss@chromium.org
martiniss@chromium.org
martiniss@chromium.org
martiniss@chromium.org
martiniss@chromium.org
martiniss@chromium.org
phajdan.jr@chromium.org
phajdan.jr@chromium.org
jam@chromium.org
jam@chromium.org
martiniss@chromium.org
martiniss@chromium.org
martiniss@chromium.org
martiniss@chromium.org
jam@chromium.org
jam@chromium.org
erikchen@chromium.org
erikchen@chromium.org
jam@chromium.org
tikuta@chromium.org
tikuta@chromium.org
tikuta@chromium.org
tikuta@chromium.org
tikuta@chromium.org
tikuta@chromium.org
tikuta@chromium.org
tikuta@chromium.org
tikuta@chromium.org
tikuta@chromium.org
tikuta@chromium.org
tikuta@chromium.org
tikuta@chromium.org
tikuta@chromium.org
tikuta@chromium.org
tikuta@chromium.org
tikuta@chromium.org
martiniss@chromium.org
thakis@chromium.org
thakis@chromium.org
thakis@chromium.org
martiniss@chromium.org
martiniss@chromium.org
martiniss@chromium.org
martiniss@chromium.org
martiniss@chromium.org
martiniss@chromium.org
erikchen@chromium.org
thakis@chromium.org
thakis@chromium.org
thakis@chromium.org
martiniss@chromium.org
crouleau@chromium.org
crouleau@chromium.org
crouleau@chromium.org
tapted@chromium.org
crouleau@chromium.org
crouleau@chromium.org
crouleau@chromium.org
crouleau@chromium.org
crouleau@chromium.org
crouleau@chromium.org
tapted@chromium.org
tapted@chromium.org
tapted@chromium.org
crouleau@chromium.org
tapted@chromium.org
tapted@chromium.org
tapted@chromium.org
tapted@chromium.org
tapted@chromium.org
dpranke@chromium.org
dpranke@chromium.org
erikchen@chromium.org
dpranke@chromium.org
dpranke@chromium.org
robertocn@google.com
robertocn@google.com
robertocn@google.com
robertocn@google.com
robertocn@google.com
robertocn@google.com
robertocn@google.com
robertocn@google.com
rhalavati@chromium.org
martiniss@chromium.org
sorin@chromium.org
sorin@chromium.org
sorin@chromium.org
sorin@chromium.org
sorin@chromium.org
sorin@chromium.org
sorin@chromium.org
sorin@chromium.org
tapted@chromium.org
maruel@chromium.org
earthdok@chromium.org
thakis@chromium.org
earthdok@chromium.org
nednguyen@google.com
tapted@chromium.org
crouleau@chromium.org
crouleau@chromium.org
crouleau@chromium.org
jam@chromium.org
maruel@chromium.org
jam@chromium.org
maruel@chromium.org
