avi@chromium.org
avi@chromium.org
rdevlin.cronin@chromium.org
jam@chromium.org
gdk@chromium.org
jam@chromium.org
jam@chromium.org
gdk@chromium.org
avi@chromium.org
tfarina@chromium.org
tfarina@chromium.org
avi@chromium.org
tfarina@chromium.org
avi@chromium.org
avi@chromium.org
sky@chromium.org
avi@chromium.org
ben@chromium.org
jam@chromium.org
avi@chromium.org
jam@chromium.org
avi@chromium.org
jam@chromium.org
jam@chromium.org
avi@chromium.org
avi@chromium.org
ben@chromium.org
ben@chromium.org
ben@chromium.org
ben@chromium.org
ben@chromium.org
ben@chromium.org
ben@chromium.org
avi@chromium.org
avi@chromium.org
avi@chromium.org
avi@chromium.org
avi@chromium.org
pfeldman@chromium.org
pfeldman@chromium.org
avi@chromium.org
avi@chromium.org
jam@chromium.org
avi@chromium.org
avi@chromium.org
jam@chromium.org
avi@chromium.org
thakis@chromium.org
avi@chromium.org
avi@chromium.org
avi@chromium.org
avi@chromium.org
avi@chromium.org
avi@chromium.org
avi@chromium.org
ben@chromium.org
ben@chromium.org
ben@chromium.org
ben@chromium.org
ben@chromium.org
ben@chromium.org
ben@chromium.org
ben@chromium.org
ben@chromium.org
ben@chromium.org
avi@chromium.org
avi@chromium.org
avi@chromium.org
avi@chromium.org
