brettw@chromium.org
brettw@chromium.org
brettw@chromium.org
brettw@chromium.org
brettw@chromium.org
brettw@chromium.org
tfarina@chromium.org
simonmorris@chromium.org
dbeam@chromium.org
initial.commit
initial.commit
initial.commit
initial.commit
initial.commit
initial.commit
initial.commit
initial.commit
initial.commit
initial.commit
initial.commit
initial.commit
pkasting@chromium.org
initial.commit
initial.commit
initial.commit
initial.commit
initial.commit
initial.commit
initial.commit
dbeam@chromium.org
pkasting@chromium.org
pkasting@chromium.org
dbeam@chromium.org
dbeam@chromium.org
dcheng@chromium.org
dcheng@chromium.org
dcheng@chromium.org
dcheng@chromium.org
dcheng@chromium.org
tfarina@chromium.org
dcheng@chromium.org
dcheng@chromium.org
dcheng@chromium.org
dcheng@chromium.org
dcheng@chromium.org
dcheng@chromium.org
dcheng@chromium.org
dcheng@chromium.org
dcheng@chromium.org
dcheng@chromium.org
dcheng@chromium.org
dcheng@chromium.org
dcheng@chromium.org
dcheng@chromium.org
dcheng@chromium.org
dcheng@chromium.org
dcheng@chromium.org
dcheng@chromium.org
dcheng@chromium.org
dcheng@chromium.org
dcheng@chromium.org
tfarina@chromium.org
dcheng@chromium.org
dcheng@chromium.org
dcheng@chromium.org
dcheng@chromium.org
dcheng@chromium.org
dcheng@chromium.org
avi@chromium.org
dcheng@chromium.org
dcheng@chromium.org
dcheng@chromium.org
dcheng@chromium.org
dcheng@chromium.org
dcheng@chromium.org
dcheng@chromium.org
dcheng@chromium.org
dcheng@chromium.org
dcheng@chromium.org
dcheng@chromium.org
dcheng@chromium.org
erg@chromium.org
erg@chromium.org
erg@chromium.org
dcheng@chromium.org
dbeam@chromium.org
tfarina@chromium.org
pkasting@chromium.org
tfarina@chromium.org
pkasting@chromium.org
dcheng@chromium.org
dcheng@chromium.org
dcheng@chromium.org
dcheng@chromium.org
initial.commit
initial.commit
initial.commit
initial.commit
initial.commit
initial.commit
initial.commit
initial.commit
initial.commit
initial.commit
initial.commit
initial.commit
initial.commit
initial.commit
initial.commit
initial.commit
tfarina@chromium.org
tfarina@chromium.org
dcheng@chromium.org
tfarina@chromium.org
tfarina@chromium.org
tfarina@chromium.org
tfarina@chromium.org
dcheng@chromium.org
dbeam@chromium.org
dcheng@chromium.org
initial.commit
initial.commit
initial.commit
initial.commit
initial.commit
tfarina@chromium.org
dcheng@chromium.org
tfarina@chromium.org
koz@chromium.org
yosin@chromium.org
dcheng@chromium.org
dcheng@chromium.org
pkotwicz@chromium.org
tfarina@chromium.org
tfarina@chromium.org
initial.commit
sky@chromium.org
sky@chromium.org
tfarina@chromium.org
tfarina@chromium.org
tfarina@chromium.org
tfarina@chromium.org
tfarina@chromium.org
