jam@chromium.org
jam@chromium.org
jam@chromium.org
jam@chromium.org
jam@chromium.org
jam@chromium.org
yurys@chromium.org
darin@chromium.org
jam@chromium.org
jam@chromium.org
jam@chromium.org
jam@chromium.org
jam@chromium.org
initial.commit
initial.commit
initial.commit
initial.commit
initial.commit
initial.commit
initial.commit
initial.commit
initial.commit
initial.commit
initial.commit
initial.commit
initial.commit
initial.commit
initial.commit
initial.commit
initial.commit
initial.commit
initial.commit
initial.commit
initial.commit
initial.commit
jam@chromium.org
initial.commit
initial.commit
initial.commit
initial.commit
iyengar@google.com
initial.commit
jam@chromium.org
initial.commit
initial.commit
initial.commit
initial.commit
maruel@chromium.org
iyengar@google.com
initial.commit
initial.commit
initial.commit
initial.commit
initial.commit
initial.commit
initial.commit
initial.commit
initial.commit
initial.commit
iyengar@google.com
iyengar@google.com
initial.commit
initial.commit
initial.commit
initial.commit
initial.commit
initial.commit
jam@chromium.org
darin@chromium.org
darin@chromium.org
darin@chromium.org
darin@chromium.org
initial.commit
initial.commit
jam@chromium.org
initial.commit
initial.commit
initial.commit
initial.commit
jam@chromium.org
initial.commit
initial.commit
jam@chromium.org
iyengar@google.com
jam@chromium.org
iyengar@google.com
jam@chromium.org
darin@chromium.org
darin@chromium.org
mark@chromium.org
apatrick@google.com
apatrick@google.com
apatrick@google.com
jam@chromium.org
initial.commit
jam@chromium.org
initial.commit
initial.commit
initial.commit
initial.commit
initial.commit
iyengar@google.com
iyengar@google.com
initial.commit
jam@chromium.org
initial.commit
initial.commit
darin@chromium.org
darin@chromium.org
jam@chromium.org
jam@chromium.org
jam@chromium.org
jam@chromium.org
initial.commit
jam@chromium.org
initial.commit
initial.commit
initial.commit
initial.commit
initial.commit
apatrick@google.com
jam@chromium.org
ananta@chromium.org
initial.commit
ananta@chromium.org
initial.commit
initial.commit
initial.commit
initial.commit
initial.commit
initial.commit
initial.commit
initial.commit
initial.commit
initial.commit
initial.commit
initial.commit
initial.commit
initial.commit
initial.commit
initial.commit
jam@chromium.org
initial.commit
initial.commit
initial.commit
initial.commit
initial.commit
evan@chromium.org
initial.commit
initial.commit
initial.commit
initial.commit
initial.commit
mark@chromium.org
iyengar@google.com
iyengar@google.com
jam@chromium.org
iyengar@google.com
jam@chromium.org
iyengar@google.com
iyengar@google.com
iyengar@google.com
iyengar@google.com
initial.commit
initial.commit
initial.commit
initial.commit
initial.commit
initial.commit
initial.commit
initial.commit
initial.commit
jam@chromium.org
initial.commit
mark@chromium.org
jam@chromium.org
ananta@chromium.org
iyengar@google.com
iyengar@google.com
jam@chromium.org
iyengar@google.com
jam@chromium.org
jam@chromium.org
ananta@chromium.org
jam@chromium.org
ananta@chromium.org
sehr@google.com
sehr@google.com
sehr@google.com
sehr@google.com
sehr@google.com
sehr@google.com
sehr@google.com
sehr@google.com
sehr@google.com
yurys@chromium.org
sehr@google.com
sehr@google.com
sehr@google.com
sehr@google.com
sehr@google.com
sehr@google.com
sehr@google.com
sehr@google.com
sehr@google.com
sehr@google.com
sehr@google.com
sehr@google.com
sehr@google.com
sehr@google.com
sehr@google.com
sehr@google.com
sehr@google.com
yurys@chromium.org
sehr@google.com
sehr@google.com
sehr@google.com
sehr@google.com
phajdan.jr@chromium.org
yurys@chromium.org
yurys@chromium.org
yurys@chromium.org
initial.commit
initial.commit
initial.commit
initial.commit
initial.commit
initial.commit
initial.commit
initial.commit
initial.commit
iyengar@google.com
initial.commit
evan@chromium.org
initial.commit
darin@chromium.org
initial.commit
jam@chromium.org
initial.commit
jam@chromium.org
initial.commit
initial.commit
initial.commit
initial.commit
initial.commit
jam@chromium.org
initial.commit
initial.commit
darin@chromium.org
darin@chromium.org
jam@chromium.org
jam@chromium.org
initial.commit
jam@chromium.org
jam@chromium.org
initial.commit
initial.commit
initial.commit
initial.commit
initial.commit
initial.commit
yurys@chromium.org
jam@chromium.org
iyengar@google.com
michaeln@google.com
michaeln@google.com
iyengar@google.com
iyengar@google.com
iyengar@google.com
darin@chromium.org
initial.commit
jam@chromium.org
yurys@chromium.org
darin@chromium.org
darin@chromium.org
darin@chromium.org
darin@chromium.org
thestig@chromium.org
jam@chromium.org
jam@chromium.org
jam@chromium.org
jam@chromium.org
jam@chromium.org
initial.commit
initial.commit
initial.commit
initial.commit
initial.commit
initial.commit
initial.commit
initial.commit
initial.commit
jam@chromium.org
jam@chromium.org
jam@chromium.org
jam@chromium.org
initial.commit
initial.commit
initial.commit
joshia@google.com
joshia@google.com
jam@chromium.org
jam@chromium.org
jam@chromium.org
initial.commit
apatrick@google.com
initial.commit
initial.commit
darin@chromium.org
darin@chromium.org
darin@chromium.org
darin@chromium.org
initial.commit
jam@chromium.org
initial.commit
initial.commit
initial.commit
darin@chromium.org
initial.commit
initial.commit
iyengar@google.com
iyengar@google.com
initial.commit
sehr@google.com
apatrick@google.com
apatrick@google.com
apatrick@google.com
apatrick@google.com
apatrick@google.com
apatrick@google.com
apatrick@google.com
apatrick@google.com
apatrick@google.com
apatrick@google.com
apatrick@google.com
apatrick@google.com
apatrick@google.com
apatrick@google.com
apatrick@google.com
iyengar@google.com
jam@chromium.org
erg@google.com
jam@chromium.org
iyengar@google.com
initial.commit
initial.commit
initial.commit
initial.commit
initial.commit
initial.commit
initial.commit
initial.commit
darin@chromium.org
darin@chromium.org
darin@chromium.org
darin@chromium.org
jam@chromium.org
jam@chromium.org
jam@chromium.org
jam@chromium.org
initial.commit
initial.commit
apatrick@google.com
apatrick@google.com
apatrick@google.com
initial.commit
darin@chromium.org
darin@chromium.org
darin@chromium.org
initial.commit
jam@chromium.org
initial.commit
initial.commit
yurys@chromium.org
jam@chromium.org
iyengar@google.com
iyengar@google.com
iyengar@google.com
iyengar@google.com
iyengar@google.com
avi@google.com
iyengar@google.com
iyengar@google.com
initial.commit
jam@chromium.org
jam@chromium.org
jam@chromium.org
initial.commit
darin@chromium.org
darin@chromium.org
avi@google.com
jam@chromium.org
yurys@chromium.org
darin@chromium.org
darin@chromium.org
darin@chromium.org
darin@chromium.org
initial.commit
evan@chromium.org
initial.commit
initial.commit
initial.commit
initial.commit
jam@chromium.org
iyengar@google.com
jam@chromium.org
iyengar@google.com
jam@chromium.org
darin@chromium.org
evan@chromium.org
jam@chromium.org
yurys@chromium.org
yurys@chromium.org
yurys@chromium.org
darin@chromium.org
jam@chromium.org
darin@chromium.org
darin@chromium.org
darin@chromium.org
darin@chromium.org
darin@chromium.org
ananta@chromium.org
initial.commit
initial.commit
initial.commit
initial.commit
darin@chromium.org
initial.commit
initial.commit
initial.commit
initial.commit
initial.commit
darin@chromium.org
darin@chromium.org
ananta@chromium.org
ananta@chromium.org
ananta@chromium.org
darin@chromium.org
jam@chromium.org
initial.commit
initial.commit
initial.commit
initial.commit
initial.commit
jam@chromium.org
ananta@chromium.org
ananta@chromium.org
ananta@chromium.org
ananta@chromium.org
ananta@chromium.org
ananta@chromium.org
ananta@chromium.org
ananta@chromium.org
jam@chromium.org
ananta@chromium.org
darin@chromium.org
darin@chromium.org
ananta@chromium.org
darin@chromium.org
initial.commit
darin@chromium.org
initial.commit
yurys@chromium.org
yurys@chromium.org
yurys@chromium.org
darin@chromium.org
darin@chromium.org
jam@chromium.org
jam@chromium.org
initial.commit
initial.commit
initial.commit
initial.commit
initial.commit
initial.commit
initial.commit
jamesr@chromium.org
jamesr@chromium.org
jamesr@chromium.org
jamesr@chromium.org
jamesr@chromium.org
initial.commit
ananta@chromium.org
initial.commit
initial.commit
iyengar@google.com
iyengar@google.com
jam@chromium.org
iyengar@google.com
jam@chromium.org
darin@chromium.org
darin@chromium.org
darin@chromium.org
darin@chromium.org
initial.commit
darin@chromium.org
darin@chromium.org
ananta@chromium.org
initial.commit
ananta@chromium.org
agl@chromium.org
initial.commit
initial.commit
initial.commit
initial.commit
jam@chromium.org
iyengar@google.com
jam@chromium.org
jam@chromium.org
ananta@chromium.org
ananta@chromium.org
ananta@chromium.org
ananta@chromium.org
jam@chromium.org
