paulmeyer@chromium.org
paulmeyer@chromium.org
paulmeyer@chromium.org
paulmeyer@chromium.org
paulmeyer@chromium.org
paulmeyer@chromium.org
paulmeyer@chromium.org
paulmeyer@chromium.org
fsamuel@chromium.org
paulmeyer@chromium.org
fsamuel@chromium.org
paulmeyer@chromium.org
apacible@chromium.org
apacible@chromium.org
apacible@chromium.org
apacible@chromium.org
apacible@chromium.org
apacible@chromium.org
apacible@chromium.org
apacible@chromium.org
apacible@chromium.org
apacible@chromium.org
apacible@chromium.org
apacible@chromium.org
apacible@chromium.org
paulmeyer@chromium.org
paulmeyer@chromium.org
paulmeyer@chromium.org
paulmeyer@chromium.org
paulmeyer@chromium.org
paulmeyer@chromium.org
paulmeyer@chromium.org
paulmeyer@chromium.org
paulmeyer@chromium.org
paulmeyer@chromium.org
lazyboy@chromium.org
paulmeyer@chromium.org
paulmeyer@chromium.org
fsamuel@chromium.org
paulmeyer@chromium.org
paulmeyer@chromium.org
lazyboy@chromium.org
lazyboy@chromium.org
paulmeyer@chromium.org
paulmeyer@chromium.org
paulmeyer@chromium.org
paulmeyer@chromium.org
paulmeyer@chromium.org
paulmeyer@chromium.org
paulmeyer@chromium.org
paulmeyer@chromium.org
paulmeyer@chromium.org
paulmeyer@chromium.org
paulmeyer@chromium.org
paulmeyer@chromium.org
paulmeyer@chromium.org
paulmeyer@chromium.org
paulmeyer@chromium.org
paulmeyer@chromium.org
paulmeyer@chromium.org
paulmeyer@chromium.org
paulmeyer@chromium.org
paulmeyer@chromium.org
paulmeyer@chromium.org
paulmeyer@chromium.org
lfg@chromium.org
lazyboy@chromium.org
lazyboy@chromium.org
lazyboy@chromium.org
fsamuel@chromium.org
fsamuel@chromium.org
fsamuel@chromium.org
paulmeyer@chromium.org
lazyboy@chromium.org
lazyboy@chromium.org
paulmeyer@chromium.org
paulmeyer@chromium.org
paulmeyer@chromium.org
kalman@chromium.org
paulmeyer@chromium.org
paulmeyer@chromium.org
paulmeyer@chromium.org
paulmeyer@chromium.org
paulmeyer@chromium.org
paulmeyer@chromium.org
paulmeyer@chromium.org
paulmeyer@chromium.org
paulmeyer@chromium.org
paulmeyer@chromium.org
paulmeyer@chromium.org
paulmeyer@chromium.org
paulmeyer@chromium.org
paulmeyer@chromium.org
hanxi@chromium.org
hanxi@chromium.org
hanxi@chromium.org
hanxi@chromium.org
hanxi@chromium.org
hanxi@chromium.org
paulmeyer@chromium.org
paulmeyer@chromium.org
paulmeyer@chromium.org
paulmeyer@chromium.org
paulmeyer@chromium.org
paulmeyer@chromium.org
