pfeldman@chromium.org
dgozman@chromium.org
dgozman@chromium.org
dgozman@chromium.org
dgozman@chromium.org
pfeldman@chromium.org
yurys@chromium.org
dgozman@chromium.org
dgozman@chromium.org
dgozman@chromium.org
dgozman@chromium.org
dgozman@chromium.org
dgozman@chromium.org
dgozman@chromium.org
pfeldman@chromium.org
pfeldman@chromium.org
pfeldman@chromium.org
dgozman@chromium.org
dgozman@chromium.org
dgozman@chromium.org
dgozman@chromium.org
dgozman@chromium.org
dgozman@chromium.org
dgozman@chromium.org
dgozman@chromium.org
dgozman@chromium.org
dgozman@chromium.org
dgozman@chromium.org
dgozman@chromium.org
dgozman@chromium.org
dgozman@chromium.org
dgozman@chromium.org
dgozman@chromium.org
dgozman@chromium.org
dgozman@chromium.org
dgozman@chromium.org
dgozman@chromium.org
dgozman@chromium.org
dgozman@chromium.org
dgozman@chromium.org
dgozman@chromium.org
dgozman@chromium.org
dgozman@chromium.org
dgozman@chromium.org
dgozman@chromium.org
dgozman@chromium.org
dgozman@chromium.org
dgozman@chromium.org
dgozman@chromium.org
dgozman@chromium.org
dgozman@chromium.org
dgozman@chromium.org
dgozman@chromium.org
dgozman@chromium.org
dgozman@chromium.org
dgozman@chromium.org
dgozman@chromium.org
dgozman@chromium.org
dgozman@chromium.org
dgozman@chromium.org
dgozman@chromium.org
dgozman@chromium.org
dgozman@chromium.org
dgozman@chromium.org
dgozman@chromium.org
dgozman@chromium.org
dgozman@chromium.org
dgozman@chromium.org
dgozman@chromium.org
dgozman@chromium.org
dgozman@chromium.org
dgozman@chromium.org
dgozman@chromium.org
dgozman@chromium.org
dgozman@chromium.org
dgozman@chromium.org
dgozman@chromium.org
dgozman@chromium.org
dgozman@chromium.org
dgozman@chromium.org
dgozman@chromium.org
dgozman@chromium.org
dgozman@chromium.org
dgozman@chromium.org
dgozman@chromium.org
dgozman@chromium.org
dgozman@chromium.org
dgozman@chromium.org
dgozman@chromium.org
dgozman@chromium.org
dgozman@chromium.org
dgozman@chromium.org
dgozman@chromium.org
dgozman@chromium.org
dgozman@chromium.org
dgozman@chromium.org
dgozman@chromium.org
dgozman@chromium.org
dgozman@chromium.org
dgozman@chromium.org
dgozman@chromium.org
dgozman@chromium.org
dgozman@chromium.org
dgozman@chromium.org
dgozman@chromium.org
einbinder@chromium.org
einbinder@chromium.org
einbinder@chromium.org
dgozman@chromium.org
dgozman@chromium.org
dgozman@chromium.org
dgozman@chromium.org
dgozman@chromium.org
dgozman@chromium.org
dgozman@chromium.org
dgozman@chromium.org
dgozman@chromium.org
dgozman@chromium.org
dgozman@chromium.org
dgozman@chromium.org
dgozman@chromium.org
dgozman@chromium.org
dgozman@chromium.org
dgozman@chromium.org
dgozman@chromium.org
dgozman@chromium.org
dgozman@chromium.org
dgozman@chromium.org
dgozman@chromium.org
dgozman@chromium.org
dgozman@chromium.org
dgozman@chromium.org
dgozman@chromium.org
dgozman@chromium.org
dgozman@chromium.org
dgozman@chromium.org
dgozman@chromium.org
dgozman@chromium.org
dgozman@chromium.org
dgozman@chromium.org
dgozman@chromium.org
dgozman@chromium.org
dgozman@chromium.org
dgozman@chromium.org
dgozman@chromium.org
dgozman@chromium.org
dgozman@chromium.org
dgozman@chromium.org
dgozman@chromium.org
dgozman@chromium.org
dgozman@chromium.org
dgozman@chromium.org
dgozman@chromium.org
dgozman@chromium.org
dgozman@chromium.org
dgozman@chromium.org
dgozman@chromium.org
dgozman@chromium.org
dgozman@chromium.org
dgozman@chromium.org
dgozman@chromium.org
jam@chromium.org
dgozman@chromium.org
dgozman@chromium.org
dgozman@chromium.org
