nasko@chromium.org
jam@chromium.org
mkosiba@chromium.org
avi@chromium.org
lowell@chromium.org
lowell@chromium.org
lowell@chromium.org
lowell@chromium.org
lowell@chromium.org
lowell@chromium.org
mkosiba@chromium.org
creis@chromium.org
jam@chromium.org
nasko@chromium.org
nasko@chromium.org
lowell@chromium.org
creis@chromium.org
nasko@chromium.org
nasko@chromium.org
nasko@chromium.org
oksamyt@chromium.org
oksamyt@chromium.org
oksamyt@chromium.org
oksamyt@chromium.org
lowell@chromium.org
lowell@chromium.org
lowell@chromium.org
arthursonzogni@chromium.org
arthursonzogni@chromium.org
lfg@chromium.org
lfg@chromium.org
lfg@chromium.org
lfg@chromium.org
lfg@chromium.org
lfg@chromium.org
lfg@chromium.org
lowell@chromium.org
lfg@chromium.org
lowell@chromium.org
lowell@chromium.org
lowell@chromium.org
lowell@chromium.org
lowell@chromium.org
lowell@chromium.org
lowell@chromium.org
lowell@chromium.org
lowell@chromium.org
lowell@chromium.org
lowell@chromium.org
lowell@chromium.org
lowell@chromium.org
lowell@chromium.org
lowell@chromium.org
lowell@chromium.org
lfg@chromium.org
lfg@chromium.org
jochen@chromium.org
jochen@chromium.org
jochen@chromium.org
jochen@chromium.org
jochen@chromium.org
jochen@chromium.org
jochen@chromium.org
jochen@chromium.org
jochen@chromium.org
jochen@chromium.org
jochen@chromium.org
jochen@chromium.org
jochen@chromium.org
jochen@chromium.org
jochen@chromium.org
jochen@chromium.org
lowell@chromium.org
