suzhe@chromium.org
ccameron@chromium.org
ccameron@chromium.org
ccameron@chromium.org
ccameron@chromium.org
ccameron@chromium.org
ccameron@chromium.org
ccameron@chromium.org
ccameron@chromium.org
ccameron@chromium.org
ccameron@chromium.org
thakis@chromium.org
thakis@chromium.org
thakis@chromium.org
thakis@chromium.org
thakis@chromium.org
ccameron@chromium.org
ccameron@chromium.org
ccameron@chromium.org
ccameron@chromium.org
dgozman@chromium.org
dgozman@chromium.org
dgozman@chromium.org
dgozman@chromium.org
dgozman@chromium.org
ccameron@chromium.org
tapted@chromium.org
eae@chromium.org
blink-reformat@chromium.org
blink-reformat@chromium.org
blink-reformat@chromium.org
aroben@apple.com
aroben@apple.com
aroben@apple.com
aroben@apple.com
hugoh@opera.com
blink-reformat@chromium.org
blink-reformat@chromium.org
aroben@apple.com
simon.fraser@apple.com
yoichio@chromium.org
blink-reformat@chromium.org
yosin@chromium.org
yosin@chromium.org
yoichio@chromium.org
yoichio@chromium.org
yosin@chromium.org
yosin@chromium.org
blink-reformat@chromium.org
hugoh@opera.com
yosin@chromium.org
yosin@chromium.org
hugoh@opera.com
chrishtr@chromium.org
yosin@chromium.org
ctzsm@chromium.org
yosin@chromium.org
yosin@chromium.org
yosin@chromium.org
blink-reformat@chromium.org
dcheng@chromium.org
blink-reformat@chromium.org
blink-reformat@chromium.org
blink-reformat@chromium.org
blink-reformat@chromium.org
blink-reformat@chromium.org
tkent@chromium.org
blink-reformat@chromium.org
blink-reformat@chromium.org
tkent@chromium.org
blink-reformat@chromium.org
blink-reformat@chromium.org
blink-reformat@chromium.org
blink-reformat@chromium.org
blink-reformat@chromium.org
blink-reformat@chromium.org
estark@chromium.org
estark@chromium.org
blink-reformat@chromium.org
blink-reformat@chromium.org
estark@chromium.org
estark@chromium.org
blink-reformat@chromium.org
blink-reformat@chromium.org
blink-reformat@chromium.org
brettw@chromium.org
brettw@chromium.org
suzhe@chromium.org
ccameron@chromium.org
ccameron@chromium.org
ccameron@chromium.org
ccameron@chromium.org
ccameron@chromium.org
ccameron@chromium.org
ccameron@chromium.org
ccameron@chromium.org
ccameron@chromium.org
ccameron@chromium.org
thakis@chromium.org
thakis@chromium.org
thakis@chromium.org
thakis@chromium.org
thakis@chromium.org
ccameron@chromium.org
ccameron@chromium.org
ccameron@chromium.org
ccameron@chromium.org
dgozman@chromium.org
dgozman@chromium.org
dgozman@chromium.org
dgozman@chromium.org
dgozman@chromium.org
ccameron@chromium.org
tapted@chromium.org
eae@chromium.org
blink-reformat@chromium.org
blink-reformat@chromium.org
blink-reformat@chromium.org
aroben@apple.com
aroben@apple.com
aroben@apple.com
aroben@apple.com
hugoh@opera.com
blink-reformat@chromium.org
blink-reformat@chromium.org
aroben@apple.com
simon.fraser@apple.com
yoichio@chromium.org
blink-reformat@chromium.org
yosin@chromium.org
yosin@chromium.org
yoichio@chromium.org
yoichio@chromium.org
yosin@chromium.org
yosin@chromium.org
blink-reformat@chromium.org
hugoh@opera.com
yosin@chromium.org
yosin@chromium.org
hugoh@opera.com
chrishtr@chromium.org
yosin@chromium.org
ctzsm@chromium.org
yosin@chromium.org
yosin@chromium.org
yosin@chromium.org
blink-reformat@chromium.org
dcheng@chromium.org
blink-reformat@chromium.org
blink-reformat@chromium.org
blink-reformat@chromium.org
blink-reformat@chromium.org
blink-reformat@chromium.org
tkent@chromium.org
blink-reformat@chromium.org
blink-reformat@chromium.org
tkent@chromium.org
blink-reformat@chromium.org
blink-reformat@chromium.org
blink-reformat@chromium.org
blink-reformat@chromium.org
blink-reformat@chromium.org
blink-reformat@chromium.org
estark@chromium.org
estark@chromium.org
blink-reformat@chromium.org
blink-reformat@chromium.org
estark@chromium.org
estark@chromium.org
blink-reformat@chromium.org
blink-reformat@chromium.org
blink-reformat@chromium.org
brettw@chromium.org
brettw@chromium.org
