rdevlin.cronin@chromium.org
rdevlin.cronin@chromium.org
rdevlin.cronin@chromium.org
rdevlin.cronin@chromium.org
rdevlin.cronin@chromium.org
rdevlin.cronin@chromium.org
rdevlin.cronin@chromium.org
rdevlin.cronin@chromium.org
nick@chromium.org
rdevlin.cronin@chromium.org
rdevlin.cronin@chromium.org
lukasza@chromium.org
rdevlin.cronin@chromium.org
rdevlin.cronin@chromium.org
rdevlin.cronin@chromium.org
rdevlin.cronin@chromium.org
rdevlin.cronin@chromium.org
rdevlin.cronin@chromium.org
rdevlin.cronin@chromium.org
mitchellwrosen@chromium.org
mitchellwrosen@chromium.org
mitchellwrosen@chromium.org
mitchellwrosen@chromium.org
mitchellwrosen@chromium.org
mitchellwrosen@chromium.org
mitchellwrosen@chromium.org
mitchellwrosen@chromium.org
mitchellwrosen@chromium.org
mitchellwrosen@chromium.org
alexmos@chromium.org
alexmos@chromium.org
alexmos@chromium.org
alexmos@chromium.org
