tsergeant@chromium.org
yfriedman@chromium.org
palmer@chromium.org
palmer@chromium.org
dubroy@chromium.org
dubroy@chromium.org
dubroy@chromium.org
dubroy@chromium.org
dubroy@chromium.org
dubroy@chromium.org
dubroy@chromium.org
dubroy@chromium.org
avi@chromium.org
pkasting@chromium.org
dubroy@chromium.org
dubroy@chromium.org
dubroy@chromium.org
dubroy@chromium.org
markusheintz@chromium.org
pkasting@chromium.org
pkasting@chromium.org
pkasting@chromium.org
pkasting@chromium.org
markusheintz@chromium.org
markusheintz@chromium.org
markusheintz@chromium.org
markusheintz@chromium.org
markusheintz@chromium.org
markusheintz@chromium.org
markusheintz@chromium.org
pkasting@chromium.org
pkasting@chromium.org
pkasting@chromium.org
pkasting@chromium.org
pkasting@chromium.org
pkasting@chromium.org
markusheintz@chromium.org
markusheintz@chromium.org
markusheintz@chromium.org
pkasting@chromium.org
pkasting@chromium.org
markusheintz@chromium.org
markusheintz@chromium.org
pkasting@chromium.org
