ftirelo@chromium.org
ftirelo@chromium.org
ftirelo@chromium.org
ftirelo@chromium.org
ftirelo@chromium.org
thestig@chromium.org
thestig@chromium.org
avi@chromium.org
csharp@chromium.org
mathp@chromium.org
csharp@chromium.org
dcheng@chromium.org
csharp@chromium.org
dcheng@chromium.org
zverre@yandex-team.ru
zverre@yandex-team.ru
zverre@yandex-team.ru
zverre@yandex-team.ru
csharp@chromium.org
jsaul@google.com
jsaul@google.com
csharp@chromium.org
csharp@chromium.org
rouslan@chromium.org
csharp@chromium.org
jsaul@google.com
csharp@chromium.org
mathp@chromium.org
mathp@chromium.org
gcasto@chromium.org
ftirelo@chromium.org
mathp@chromium.org
vasilii@chromium.org
raul@tambre.ee
vasilii@chromium.org
vasilii@chromium.org
ftirelo@chromium.org
ftirelo@chromium.org
gcasto@chromium.org
vasilii@chromium.org
vasilii@chromium.org
vasilii@chromium.org
vasilii@chromium.org
vasilii@chromium.org
vasilii@chromium.org
vasilii@chromium.org
vasilii@chromium.org
vasilii@chromium.org
mathp@chromium.org
vasilii@chromium.org
vasilii@chromium.org
tmartino@chromium.org
vasilii@chromium.org
vasilii@chromium.org
gcasto@chromium.org
gcasto@chromium.org
ftirelo@chromium.org
ftirelo@chromium.org
dbeam@chromium.org
dbeam@chromium.org
dbeam@chromium.org
skyostil@chromium.org
tzik@chromium.org
vasilii@chromium.org
vasilii@chromium.org
mathp@chromium.org
vasilii@chromium.org
csashi@google.com
csashi@google.com
gcasto@chromium.org
tmartino@chromium.org
tmartino@chromium.org
gcasto@chromium.org
gcasto@chromium.org
dcheng@chromium.org
dcheng@chromium.org
dcheng@chromium.org
ftirelo@chromium.org
vasilii@chromium.org
mathp@chromium.org
melandory@chromium.org
melandory@chromium.org
melandory@chromium.org
melandory@chromium.org
melandory@chromium.org
melandory@chromium.org
melandory@chromium.org
mathp@chromium.org
estade@chromium.org
brettw@chromium.org
brettw@chromium.org
brettw@chromium.org
brettw@chromium.org
brettw@chromium.org
rouslan@chromium.org
rouslan@chromium.org
csharp@chromium.org
isherman@chromium.org
mathp@chromium.org
csharp@chromium.org
brettw@chromium.org
csharp@chromium.org
brettw@chromium.org
csharp@chromium.org
isherman@chromium.org
csharp@chromium.org
csharp@chromium.org
csharp@chromium.org
csharp@chromium.org
ftirelo@chromium.org
ftirelo@chromium.org
ftirelo@chromium.org
ftirelo@chromium.org
ftirelo@chromium.org
ftirelo@chromium.org
ftirelo@chromium.org
ftirelo@chromium.org
kaiwang@chromium.org
annelim@google.com
sebsg@chromium.org
sebsg@chromium.org
sebsg@chromium.org
jeffreycohen@chromium.org
mathp@chromium.org
mathp@chromium.org
sebsg@chromium.org
annelim@google.com
annelim@google.com
rogerm@chromium.org
mathp@chromium.org
mathp@chromium.org
ftirelo@chromium.org
ftirelo@chromium.org
ftirelo@chromium.org
robliao@chromium.org
robliao@chromium.org
robliao@chromium.org
robliao@chromium.org
robliao@chromium.org
robliao@chromium.org
robliao@chromium.org
robliao@chromium.org
paulmiller@google.com
robliao@chromium.org
robliao@chromium.org
robliao@chromium.org
robliao@chromium.org
robliao@chromium.org
robliao@chromium.org
