dsinclair@chromium.org
ojan@chromium.org
dsinclair@chromium.org
dsinclair@chromium.org
dsinclair@chromium.org
ojan@chromium.org
dsinclair@chromium.org
ojan@chromium.org
dsinclair@chromium.org
dsinclair@chromium.org
ojan@chromium.org
dsinclair@chromium.org
ojan@chromium.org
dsinclair@chromium.org
dsinclair@chromium.org
ojan@chromium.org
dsinclair@chromium.org
ojan@chromium.org
dsinclair@chromium.org
ojan@chromium.org
wangxianzhu@chromium.org
dsinclair@chromium.org
eae@chromium.org
eae@chromium.org
eae@chromium.org
eae@chromium.org
bashi@chromium.org
eae@chromium.org
bashi@chromium.org
eae@chromium.org
bashi@chromium.org
bashi@chromium.org
jshin@chromium.org
jshin@chromium.org
jshin@chromium.org
jshin@chromium.org
jshin@chromium.org
jshin@chromium.org
evan@chromium.org
evan@chromium.org
drott@chromium.org
eae@chromium.org
bashi@chromium.org
bashi@chromium.org
bashi@chromium.org
bashi@chromium.org
bashi@chromium.org
bashi@chromium.org
bashi@chromium.org
bashi@chromium.org
bashi@chromium.org
bashi@chromium.org
bashi@chromium.org
evan@chromium.org
bashi@google.com
bashi@google.com
bashi@google.com
bashi@google.com
bashi@google.com
bashi@google.com
bashi@google.com
bashi@google.com
bashi@google.com
bashi@google.com
dominik.rottsches@intel.com
dominik.rottsches@intel.com
eae@chromium.org
evan@chromium.org
dominik.rottsches@intel.com
evan@chromium.org
evan@chromium.org
evan@chromium.org
bashi@google.com
bashi@google.com
evan@chromium.org
bashi@google.com
evan@chromium.org
bashi@google.com
bashi@google.com
evan@chromium.org
eae@chromium.org
eae@chromium.org
eae@chromium.org
eae@chromium.org
bashi@google.com
bashi@google.com
bashi@google.com
bashi@google.com
bashi@google.com
bashi@google.com
evan@chromium.org
eae@chromium.org
eae@chromium.org
eae@chromium.org
eae@chromium.org
eae@chromium.org
bashi@google.com
bashi@google.com
bashi@google.com
bashi@google.com
bashi@google.com
bashi@google.com
bashi@google.com
bashi@google.com
bashi@google.com
bashi@google.com
bashi@google.com
eae@chromium.org
eae@chromium.org
eae@chromium.org
bashi@google.com
eae@chromium.org
bashi@google.com
bashi@google.com
eae@chromium.org
bashi@google.com
eae@chromium.org
jshin@chromium.org
eae@chromium.org
evan@chromium.org
evan@chromium.org
evan@chromium.org
evan@chromium.org
evan@chromium.org
bashi@google.com
eae@chromium.org
bashi@google.com
eae@chromium.org
eae@chromium.org
eae@chromium.org
evan@chromium.org
evan@chromium.org
bashi@chromium.org
jshin@chromium.org
bashi@chromium.org
jshin@chromium.org
bashi@chromium.org
bashi@chromium.org
jshin@chromium.org
bashi@chromium.org
jshin@chromium.org
bashi@chromium.org
evan@chromium.org
evan@chromium.org
kojii@chromium.org
kojii@chromium.org
kojii@chromium.org
kojii@chromium.org
kojii@chromium.org
kojii@chromium.org
kojii@chromium.org
kojii@chromium.org
kojii@chromium.org
kojii@chromium.org
kojii@chromium.org
kojii@chromium.org
kojii@chromium.org
kojii@chromium.org
kojii@chromium.org
kojii@chromium.org
kojii@chromium.org
kojii@chromium.org
kojii@chromium.org
kojii@chromium.org
drott@chromium.org
eae@chromium.org
evan@chromium.org
eae@chromium.org
kojii@chromium.org
drott@chromium.org
eae@chromium.org
eae@chromium.org
eae@chromium.org
eae@chromium.org
eae@chromium.org
eae@chromium.org
eae@chromium.org
eae@chromium.org
eae@chromium.org
eae@chromium.org
eae@chromium.org
eae@chromium.org
eae@chromium.org
eae@chromium.org
eae@chromium.org
eae@chromium.org
eae@chromium.org
eae@chromium.org
eae@chromium.org
eae@chromium.org
eae@chromium.org
eae@chromium.org
eae@chromium.org
eae@chromium.org
evan@chromium.org
bashi@chromium.org
bashi@chromium.org
evan@chromium.org
evan@chromium.org
eae@chromium.org
eae@chromium.org
eae@chromium.org
eae@chromium.org
eae@chromium.org
eae@chromium.org
eae@chromium.org
eae@chromium.org
eae@chromium.org
eae@chromium.org
eae@chromium.org
eae@chromium.org
eae@chromium.org
eae@chromium.org
eae@chromium.org
eae@chromium.org
eae@chromium.org
eae@chromium.org
eae@chromium.org
eae@chromium.org
eae@chromium.org
eae@chromium.org
eae@chromium.org
eae@chromium.org
eae@chromium.org
eae@chromium.org
eae@chromium.org
eae@chromium.org
eae@chromium.org
eae@chromium.org
eae@chromium.org
eae@chromium.org
eae@chromium.org
eae@chromium.org
eae@chromium.org
eae@chromium.org
eae@chromium.org
eae@chromium.org
eae@chromium.org
eae@chromium.org
eae@chromium.org
eae@chromium.org
eae@chromium.org
eae@chromium.org
eae@chromium.org
eae@chromium.org
eae@chromium.org
eae@chromium.org
eae@chromium.org
eae@chromium.org
eae@chromium.org
eae@chromium.org
eae@chromium.org
eae@chromium.org
eae@chromium.org
eae@chromium.org
eae@chromium.org
eae@chromium.org
eae@chromium.org
eae@chromium.org
eae@chromium.org
eae@chromium.org
eae@chromium.org
eae@chromium.org
eae@chromium.org
eae@chromium.org
eae@chromium.org
eae@chromium.org
eae@chromium.org
eae@chromium.org
eae@chromium.org
eae@chromium.org
eae@chromium.org
eae@chromium.org
eae@chromium.org
eae@chromium.org
eae@chromium.org
eae@chromium.org
eae@chromium.org
eae@chromium.org
eae@chromium.org
eae@chromium.org
eae@chromium.org
eae@chromium.org
eae@chromium.org
eae@chromium.org
eae@chromium.org
eae@chromium.org
eae@chromium.org
eae@chromium.org
eae@chromium.org
eae@chromium.org
eae@chromium.org
eae@chromium.org
eae@chromium.org
eae@chromium.org
eae@chromium.org
eae@chromium.org
eae@chromium.org
eae@chromium.org
eae@chromium.org
eae@chromium.org
eae@chromium.org
eae@chromium.org
eae@chromium.org
eae@chromium.org
eae@chromium.org
eae@chromium.org
eae@chromium.org
eae@chromium.org
eae@chromium.org
eae@chromium.org
eae@chromium.org
eae@chromium.org
eae@chromium.org
eae@chromium.org
eae@chromium.org
eae@chromium.org
eae@chromium.org
eae@chromium.org
eae@chromium.org
eae@chromium.org
eae@chromium.org
eae@chromium.org
eae@chromium.org
eae@chromium.org
eae@chromium.org
eae@chromium.org
eae@chromium.org
eae@chromium.org
eae@chromium.org
eae@chromium.org
eae@chromium.org
eae@chromium.org
eae@chromium.org
eae@chromium.org
eae@chromium.org
eae@chromium.org
eae@chromium.org
eae@chromium.org
eae@chromium.org
eae@chromium.org
eae@chromium.org
eae@chromium.org
eae@chromium.org
eae@chromium.org
eae@chromium.org
eae@chromium.org
eae@chromium.org
eae@chromium.org
eae@chromium.org
eae@chromium.org
eae@chromium.org
eae@chromium.org
eae@chromium.org
eae@chromium.org
eae@chromium.org
eae@chromium.org
eae@chromium.org
eae@chromium.org
eae@chromium.org
eae@chromium.org
eae@chromium.org
eae@chromium.org
eae@chromium.org
eae@chromium.org
eae@chromium.org
eae@chromium.org
eae@chromium.org
eae@chromium.org
eae@chromium.org
eae@chromium.org
eae@chromium.org
eae@chromium.org
eae@chromium.org
eae@chromium.org
eae@chromium.org
eae@chromium.org
eae@chromium.org
eae@chromium.org
eae@chromium.org
eae@chromium.org
eae@chromium.org
eae@chromium.org
eae@chromium.org
eae@chromium.org
eae@chromium.org
eae@chromium.org
eae@chromium.org
eae@chromium.org
eae@chromium.org
eae@chromium.org
eae@chromium.org
eae@chromium.org
eae@chromium.org
eae@chromium.org
eae@chromium.org
eae@chromium.org
eae@chromium.org
eae@chromium.org
eae@chromium.org
eae@chromium.org
eae@chromium.org
eae@chromium.org
eae@chromium.org
eae@chromium.org
eae@chromium.org
eae@chromium.org
eae@chromium.org
eae@chromium.org
eae@chromium.org
eae@chromium.org
eae@chromium.org
eae@chromium.org
eae@chromium.org
eae@chromium.org
eae@chromium.org
eae@chromium.org
evan@chromium.org
evan@chromium.org
evan@chromium.org
jshin@chromium.org
jshin@chromium.org
evan@chromium.org
jshin@chromium.org
evan@chromium.org
evan@chromium.org
evan@chromium.org
evan@chromium.org
jshin@chromium.org
jshin@chromium.org
bashi@google.com
bashi@google.com
eae@chromium.org
eae@chromium.org
eae@chromium.org
bashi@google.com
bashi@google.com
bashi@google.com
bashi@google.com
jshin@chromium.org
jshin@chromium.org
jshin@chromium.org
jshin@chromium.org
jshin@chromium.org
bashi@google.com
eae@chromium.org
eae@chromium.org
eae@chromium.org
eae@chromium.org
bashi@google.com
bashi@google.com
bashi@google.com
bashi@google.com
bashi@google.com
jshin@chromium.org
bashi@google.com
bashi@google.com
bashi@google.com
bashi@google.com
jshin@chromium.org
jshin@chromium.org
bashi@chromium.org
jshin@chromium.org
jshin@chromium.org
dominik.rottsches@intel.com
dominik.rottsches@intel.com
dominik.rottsches@intel.com
dominik.rottsches@intel.com
jshin@chromium.org
jshin@chromium.org
jshin@chromium.org
jshin@chromium.org
dominik.rottsches@intel.com
dominik.rottsches@intel.com
dominik.rottsches@intel.com
dominik.rottsches@intel.com
dominik.rottsches@intel.com
dominik.rottsches@intel.com
dominik.rottsches@intel.com
dominik.rottsches@intel.com
dominik.rottsches@intel.com
dominik.rottsches@intel.com
dominik.rottsches@intel.com
dominik.rottsches@intel.com
eae@chromium.org
eae@chromium.org
eae@chromium.org
eae@chromium.org
eae@chromium.org
eae@chromium.org
eae@chromium.org
jshin@chromium.org
jshin@chromium.org
eae@chromium.org
jshin@chromium.org
jshin@chromium.org
eae@chromium.org
eae@chromium.org
eae@chromium.org
eae@chromium.org
eae@chromium.org
eae@chromium.org
eae@chromium.org
eae@chromium.org
eae@chromium.org
jshin@chromium.org
eae@chromium.org
jshin@chromium.org
jshin@chromium.org
jshin@chromium.org
eae@chromium.org
drott@chromium.org
bashi@chromium.org
jshin@chromium.org
bashi@chromium.org
bashi@chromium.org
bashi@chromium.org
bashi@chromium.org
eae@chromium.org
eae@chromium.org
drott@chromium.org
dominik.rottsches@intel.com
dominik.rottsches@intel.com
dominik.rottsches@intel.com
bashi@chromium.org
drott@chromium.org
jshin@chromium.org
bashi@chromium.org
jshin@chromium.org
bashi@chromium.org
bashi@chromium.org
bashi@chromium.org
bashi@chromium.org
bashi@chromium.org
bashi@chromium.org
bashi@chromium.org
dominik.rottsches@intel.com
bashi@chromium.org
dominik.rottsches@intel.com
eae@chromium.org
bashi@chromium.org
eae@chromium.org
eae@chromium.org
bashi@chromium.org
eae@chromium.org
bashi@chromium.org
bashi@chromium.org
bashi@chromium.org
bashi@chromium.org
drott@chromium.org
eae@chromium.org
eae@chromium.org
