manucornet@chromium.org
xdai@chromium.org
jdufault@google.com
jdufault@google.com
manucornet@chromium.org
manucornet@chromium.org
jdufault@google.com
jdufault@google.com
bruthig@chromium.org
bruthig@chromium.org
wutao@chromium.org
wutao@chromium.org
wutao@chromium.org
manucornet@chromium.org
wutao@chromium.org
wutao@chromium.org
bruthig@chromium.org
bruthig@chromium.org
manucornet@chromium.org
manucornet@chromium.org
minch@google.com
xdai@chromium.org
xdai@chromium.org
xdai@chromium.org
minch@google.com
jamescook@chromium.org
mukai@chromium.org
jamescook@chromium.org
mukai@chromium.org
jamescook@chromium.org
dcheng@chromium.org
mukai@chromium.org
mukai@chromium.org
manucornet@chromium.org
mukai@chromium.org
manucornet@chromium.org
mukai@chromium.org
mukai@chromium.org
harrym@chromium.org
msw@chromium.org
msw@chromium.org
shend@chromium.org
msw@chromium.org
msw@chromium.org
msw@chromium.org
harrym@chromium.org
harrym@chromium.org
jamescook@chromium.org
shend@chromium.org
harrym@chromium.org
shend@chromium.org
harrym@chromium.org
shend@chromium.org
harrym@chromium.org
harrym@chromium.org
harrym@chromium.org
jamescook@chromium.org
shend@chromium.org
harrym@chromium.org
shend@chromium.org
harrym@chromium.org
shend@chromium.org
harrym@chromium.org
harrym@chromium.org
harrym@chromium.org
shend@chromium.org
jamescook@chromium.org
harrym@chromium.org
shend@chromium.org
harrym@chromium.org
shend@chromium.org
harrym@chromium.org
manucornet@chromium.org
manucornet@chromium.org
manucornet@chromium.org
