aa@chromium.org
eaugusti@chromium.org
aa@chromium.org
mpcomplete@google.com
rafaelw@chromium.org
jstritar@chromium.org
jstritar@chromium.org
jstritar@chromium.org
mpcomplete@chromium.org
mpcomplete@chromium.org
mpcomplete@chromium.org
mpcomplete@chromium.org
mpcomplete@chromium.org
jam@chromium.org
jstritar@chromium.org
aa@chromium.org
mpcomplete@chromium.org
jstritar@chromium.org
avi@chromium.org
avi@chromium.org
aa@chromium.org
jstritar@chromium.org
aa@chromium.org
aa@chromium.org
aa@chromium.org
aa@chromium.org
miket@chromium.org
aa@chromium.org
aa@chromium.org
aa@chromium.org
aa@chromium.org
aa@chromium.org
aa@chromium.org
aa@chromium.org
aa@chromium.org
aa@chromium.org
aa@chromium.org
aa@chromium.org
aa@chromium.org
aa@chromium.org
aa@chromium.org
aa@chromium.org
aa@chromium.org
aa@chromium.org
jam@chromium.org
aa@chromium.org
aa@chromium.org
aa@chromium.org
aa@chromium.org
aa@chromium.org
aa@chromium.org
aa@chromium.org
aa@chromium.org
aa@chromium.org
