pfeldman@chromium.org
pfeldman@chromium.org
pfeldman@chromium.org
pfeldman@chromium.org
pfeldman@chromium.org
pfeldman@chromium.org
vkuzkokov@chromium.org
pfeldman@chromium.org
pfeldman@chromium.org
pfeldman@chromium.org
pfeldman@chromium.org
pfeldman@chromium.org
pfeldman@chromium.org
pfeldman@chromium.org
pfeldman@chromium.org
pfeldman@chromium.org
pfeldman@chromium.org
pfeldman@chromium.org
pfeldman@chromium.org
pfeldman@chromium.org
pfeldman@chromium.org
dgozman@chromium.org
dgozman@chromium.org
dgozman@chromium.org
dgozman@chromium.org
dgozman@chromium.org
dgozman@chromium.org
dgozman@chromium.org
dgozman@chromium.org
dgozman@chromium.org
dgozman@chromium.org
dgozman@chromium.org
dgozman@chromium.org
dgozman@chromium.org
dgozman@chromium.org
dgozman@chromium.org
dgozman@chromium.org
dgozman@chromium.org
dgozman@chromium.org
dgozman@chromium.org
dgozman@chromium.org
dgozman@chromium.org
dgozman@chromium.org
dgozman@chromium.org
dgozman@chromium.org
dgozman@chromium.org
dgozman@chromium.org
dgozman@chromium.org
dgozman@chromium.org
samli@chromium.org
apavlov@chromium.org
pfeldman@chromium.org
