sky@chromium.org
pkotwicz@chromium.org
pkotwicz@chromium.org
pkotwicz@chromium.org
pkotwicz@chromium.org
tapted@chromium.org
pkotwicz@chromium.org
pkotwicz@chromium.org
pkotwicz@chromium.org
pkotwicz@chromium.org
pkotwicz@chromium.org
pkotwicz@chromium.org
pkotwicz@chromium.org
pkotwicz@chromium.org
pkotwicz@chromium.org
pkotwicz@chromium.org
pkotwicz@chromium.org
pkotwicz@chromium.org
pkotwicz@chromium.org
pkotwicz@chromium.org
pkotwicz@chromium.org
pkotwicz@chromium.org
pkotwicz@chromium.org
pkotwicz@chromium.org
pkotwicz@chromium.org
pkotwicz@chromium.org
pkotwicz@chromium.org
pkotwicz@chromium.org
pkotwicz@chromium.org
sadrul@chromium.org
sadrul@chromium.org
sadrul@chromium.org
sadrul@chromium.org
dcheng@chromium.org
pkotwicz@chromium.org
pkotwicz@chromium.org
pkotwicz@chromium.org
pkotwicz@chromium.org
pkotwicz@chromium.org
pkotwicz@chromium.org
pkotwicz@chromium.org
pkotwicz@chromium.org
estade@chromium.org
estade@chromium.org
pkotwicz@chromium.org
pkotwicz@chromium.org
rfrappier@google.com
dcheng@chromium.org
dcheng@chromium.org
rfrappier@google.com
rfrappier@google.com
tdanderson@chromium.org
tdanderson@chromium.org
tdanderson@chromium.org
tdanderson@chromium.org
dcheng@chromium.org
dcheng@chromium.org
dcheng@chromium.org
dcheng@chromium.org
flackr@chromium.org
flackr@chromium.org
flackr@chromium.org
flackr@chromium.org
flackr@chromium.org
wutao@chromium.org
wutao@chromium.org
wutao@chromium.org
wutao@chromium.org
wutao@chromium.org
flackr@chromium.org
rsadam@chromium.org
varkha@chromium.org
rsadam@chromium.org
dcheng@chromium.org
flackr@chromium.org
varkha@chromium.org
flackr@chromium.org
flackr@chromium.org
flackr@chromium.org
dcheng@chromium.org
dcheng@chromium.org
dcheng@chromium.org
dcheng@chromium.org
stevenjb@chromium.org
dcheng@chromium.org
dcheng@chromium.org
dcheng@chromium.org
dcheng@chromium.org
dcheng@chromium.org
dcheng@chromium.org
dcheng@chromium.org
dcheng@chromium.org
oshima@chromium.org
jamescook@chromium.org
msw@chromium.org
jamescook@chromium.org
jamescook@chromium.org
flackr@chromium.org
flackr@chromium.org
flackr@chromium.org
flackr@chromium.org
jamescook@chromium.org
msw@chromium.org
flackr@chromium.org
flackr@chromium.org
flackr@chromium.org
flackr@chromium.org
flackr@chromium.org
flackr@chromium.org
flackr@chromium.org
flackr@chromium.org
flackr@chromium.org
flackr@chromium.org
flackr@chromium.org
flackr@chromium.org
msw@chromium.org
flackr@chromium.org
flackr@chromium.org
flackr@chromium.org
flackr@chromium.org
flackr@chromium.org
oshima@chromium.org
flackr@chromium.org
flackr@chromium.org
oshima@chromium.org
oshima@chromium.org
flackr@chromium.org
flackr@chromium.org
flackr@chromium.org
oshima@chromium.org
flackr@chromium.org
flackr@chromium.org
flackr@chromium.org
varkha@chromium.org
varkha@chromium.org
oshima@chromium.org
varkha@chromium.org
varkha@chromium.org
oshima@chromium.org
oshima@chromium.org
varkha@chromium.org
jamescook@chromium.org
skuhne@chromium.org
jamescook@chromium.org
jamescook@chromium.org
jamescook@chromium.org
jamescook@chromium.org
jamescook@chromium.org
jamescook@chromium.org
skuhne@chromium.org
skuhne@chromium.org
erg@chromium.org
erg@chromium.org
erg@chromium.org
skuhne@chromium.org
skuhne@chromium.org
skuhne@chromium.org
skuhne@chromium.org
skuhne@chromium.org
skuhne@chromium.org
skuhne@chromium.org
skuhne@chromium.org
dcheng@chromium.org
skuhne@chromium.org
skuhne@chromium.org
skuhne@chromium.org
warx@chromium.org
dcheng@chromium.org
tfarina@chromium.org
dcheng@chromium.org
tfarina@chromium.org
jamescook@chromium.org
jamescook@chromium.org
skuhne@chromium.org
skuhne@chromium.org
skuhne@chromium.org
skuhne@chromium.org
jamescook@chromium.org
skuhne@chromium.org
oshima@chromium.org
skuhne@chromium.org
skuhne@chromium.org
skuhne@chromium.org
skuhne@chromium.org
skuhne@chromium.org
skuhne@chromium.org
jamescook@chromium.org
jamescook@chromium.org
jamescook@chromium.org
afakhry@chromium.org
afakhry@chromium.org
afakhry@chromium.org
afakhry@chromium.org
afakhry@chromium.org
jamescook@chromium.org
flackr@chromium.org
estade@chromium.org
estade@chromium.org
estade@chromium.org
estade@chromium.org
estade@chromium.org
estade@chromium.org
estade@chromium.org
estade@chromium.org
estade@chromium.org
estade@chromium.org
estade@chromium.org
jonross@chromium.org
jonross@chromium.org
jonross@chromium.org
jonross@chromium.org
jonross@chromium.org
jonross@chromium.org
jonross@chromium.org
jonross@chromium.org
jonross@chromium.org
jonross@chromium.org
jonross@chromium.org
jonross@chromium.org
jonross@chromium.org
jonross@chromium.org
jonross@chromium.org
jamescook@chromium.org
jonross@chromium.org
jonross@chromium.org
