mkwst@chromium.org
miguelg@chromium.org
mkwst@chromium.org
mkwst@chromium.org
mkwst@chromium.org
mkwst@chromium.org
rsleevi@chromium.org
mkwst@chromium.org
rsleevi@chromium.org
rsleevi@chromium.org
rsleevi@chromium.org
jshin@chromium.org
rsleevi@chromium.org
rsleevi@chromium.org
jshin@chromium.org
rsleevi@chromium.org
rsleevi@chromium.org
mkwst@chromium.org
mkwst@chromium.org
rsleevi@chromium.org
mkwst@chromium.org
mkwst@chromium.org
mkwst@chromium.org
mkwst@chromium.org
mkwst@chromium.org
mkwst@chromium.org
mkwst@chromium.org
mkwst@chromium.org
mkwst@chromium.org
mkwst@chromium.org
mkwst@chromium.org
mkwst@chromium.org
mkwst@chromium.org
mkwst@chromium.org
mkwst@chromium.org
mkwst@chromium.org
mkwst@chromium.org
mkwst@chromium.org
mkwst@chromium.org
arv@chromium.org
mkwst@chromium.org
mkwst@chromium.org
mkwst@chromium.org
mkwst@chromium.org
mkwst@chromium.org
mkwst@chromium.org
mkwst@chromium.org
mkwst@chromium.org
mkwst@chromium.org
mkwst@chromium.org
mkwst@chromium.org
mkwst@chromium.org
mkwst@chromium.org
mkwst@chromium.org
mkwst@chromium.org
mkwst@chromium.org
mkwst@chromium.org
mkwst@chromium.org
mkwst@chromium.org
mkwst@chromium.org
mkwst@chromium.org
mkwst@chromium.org
mkwst@chromium.org
mkwst@chromium.org
mkwst@chromium.org
arv@chromium.org
mkwst@chromium.org
mkwst@chromium.org
mkwst@chromium.org
mkwst@chromium.org
mkwst@chromium.org
mkwst@chromium.org
mkwst@chromium.org
mkwst@chromium.org
mkwst@chromium.org
mkwst@chromium.org
mkwst@chromium.org
mkwst@chromium.org
mkwst@chromium.org
mkwst@chromium.org
mkwst@chromium.org
mkwst@chromium.org
mkwst@chromium.org
mkwst@chromium.org
mkwst@chromium.org
arv@chromium.org
mkwst@chromium.org
mkwst@chromium.org
mkwst@chromium.org
mkwst@chromium.org
mkwst@chromium.org
mkwst@chromium.org
mkwst@chromium.org
mkwst@chromium.org
mkwst@chromium.org
mkwst@chromium.org
mkwst@chromium.org
mkwst@chromium.org
mkwst@chromium.org
mkwst@chromium.org
mkwst@chromium.org
mkwst@chromium.org
mkwst@chromium.org
mkwst@chromium.org
arv@chromium.org
mkwst@chromium.org
brettw@chromium.org
mkwst@chromium.org
brettw@chromium.org
brettw@chromium.org
brettw@chromium.org
brettw@chromium.org
brettw@chromium.org
brettw@chromium.org
jshin@chromium.org
jshin@chromium.org
mkwst@chromium.org
brettw@chromium.org
brettw@chromium.org
mkwst@chromium.org
mkwst@chromium.org
brettw@chromium.org
mkwst@chromium.org
mkwst@chromium.org
brettw@chromium.org
brettw@chromium.org
brettw@chromium.org
mkwst@chromium.org
mkwst@chromium.org
mkwst@chromium.org
mkwst@chromium.org
mkwst@chromium.org
mkwst@chromium.org
user@google.com
mkwst@chromium.org
mkwst@chromium.org
mkwst@chromium.org
foobar@foodomain.com
mkwst@chromium.org
brettw@chromium.org
brettw@chromium.org
mkwst@chromium.org
mkwst@chromium.org
brettw@chromium.org
brettw@chromium.org
mkwst@chromium.org
mkwst@chromium.org
mkwst@chromium.org
mkwst@chromium.org
mkwst@chromium.org
mkwst@chromium.org
mkwst@chromium.org
mkwst@chromium.org
mkwst@chromium.org
mkwst@chromium.org
mkwst@chromium.org
mkwst@chromium.org
mkwst@chromium.org
brettw@chromium.org
brettw@chromium.org
brettw@chromium.org
brettw@chromium.org
brettw@chromium.org
mkwst@chromium.org
mkwst@chromium.org
mkwst@chromium.org
mkwst@chromium.org
mkwst@chromium.org
mkwst@chromium.org
brettw@chromium.org
brettw@chromium.org
mkwst@chromium.org
mkwst@chromium.org
mkwst@chromium.org
mkwst@chromium.org
qyearsley@chromium.org
