msw@chromium.org
georgey@chromium.org
georgey@chromium.org
georgey@chromium.org
jcivelli@chromium.org
jcivelli@chromium.org
jcivelli@chromium.org
jcivelli@chromium.org
jcivelli@chromium.org
jcivelli@chromium.org
jcivelli@chromium.org
jcivelli@chromium.org
jcivelli@chromium.org
jcivelli@chromium.org
jcivelli@chromium.org
jcivelli@chromium.org
jcivelli@chromium.org
jcivelli@chromium.org
jcivelli@chromium.org
jcivelli@chromium.org
jcivelli@chromium.org
msw@chromium.org
ben@chromium.org
ben@chromium.org
ben@chromium.org
finnur@chromium.org
finnur@chromium.org
finnur@chromium.org
msw@chromium.org
ben@chromium.org
ben@chromium.org
ben@chromium.org
ben@chromium.org
ben@chromium.org
kuan@chromium.org
msw@chromium.org
ben@chromium.org
ben@chromium.org
ben@chromium.org
msw@chromium.org
ben@chromium.org
phajdan.jr@chromium.org
evan@chromium.org
msw@chromium.org
msw@chromium.org
msw@chromium.org
ben@chromium.org
tc@google.com
tc@google.com
ben@chromium.org
ben@chromium.org
ben@chromium.org
ben@chromium.org
ben@chromium.org
ben@chromium.org
ben@chromium.org
ben@chromium.org
ben@chromium.org
ben@chromium.org
ben@chromium.org
sky@chromium.org
ben@chromium.org
sky@chromium.org
sky@chromium.org
ben@chromium.org
finnur@chromium.org
kuan@chromium.org
kuan@chromium.org
kuan@chromium.org
kuan@chromium.org
kuan@chromium.org
kuan@chromium.org
ben@chromium.org
jcampan@chromium.org
jcampan@chromium.org
jcampan@chromium.org
jcampan@chromium.org
kuan@chromium.org
kuan@chromium.org
kuan@chromium.org
kuan@chromium.org
ben@chromium.org
kuan@chromium.org
ben@chromium.org
kuan@chromium.org
kuan@chromium.org
kuan@chromium.org
kuan@chromium.org
kuan@chromium.org
kuan@chromium.org
kuan@chromium.org
tfarina@chromium.org
tfarina@chromium.org
kuan@chromium.org
kuan@chromium.org
kuan@chromium.org
kuan@chromium.org
kuan@chromium.org
kuan@chromium.org
kuan@chromium.org
kuan@chromium.org
ben@chromium.org
kuan@chromium.org
kuan@chromium.org
kuan@chromium.org
kuan@chromium.org
kuan@chromium.org
kuan@chromium.org
kuan@chromium.org
kuan@chromium.org
kuan@chromium.org
kuan@chromium.org
kuan@chromium.org
kuan@chromium.org
kuan@chromium.org
kuan@chromium.org
kuan@chromium.org
kuan@chromium.org
ben@chromium.org
ben@chromium.org
ben@chromium.org
ben@chromium.org
ben@chromium.org
maruel@chromium.org
maruel@chromium.org
finnur@chromium.org
finnur@chromium.org
ben@chromium.org
maruel@chromium.org
ben@chromium.org
jcampan@chromium.org
ben@chromium.org
ctguil@chromium.org
ctguil@chromium.org
avi@chromium.org
avi@chromium.org
ctguil@chromium.org
ctguil@chromium.org
avi@chromium.org
avi@chromium.org
ctguil@chromium.org
ctguil@chromium.org
ctguil@chromium.org
ctguil@chromium.org
ctguil@chromium.org
ctguil@chromium.org
ben@chromium.org
ben@chromium.org
ben@chromium.org
ben@chromium.org
ben@chromium.org
ben@chromium.org
ben@chromium.org
avi@chromium.org
avi@chromium.org
ben@chromium.org
ben@chromium.org
ben@chromium.org
ben@chromium.org
ben@chromium.org
ben@chromium.org
ben@chromium.org
ben@chromium.org
ben@chromium.org
ben@chromium.org
ben@chromium.org
ctguil@chromium.org
ctguil@chromium.org
ctguil@chromium.org
ctguil@chromium.org
ben@chromium.org
finnur@chromium.org
ben@chromium.org
ben@chromium.org
ben@chromium.org
ben@chromium.org
ben@chromium.org
kuan@chromium.org
ben@chromium.org
ben@chromium.org
ben@chromium.org
ben@chromium.org
ben@chromium.org
ben@chromium.org
ben@chromium.org
ben@chromium.org
ben@chromium.org
ben@chromium.org
ben@chromium.org
ben@chromium.org
ben@chromium.org
ctguil@chromium.org
ctguil@chromium.org
ctguil@chromium.org
ctguil@chromium.org
ctguil@chromium.org
ctguil@chromium.org
ctguil@chromium.org
ctguil@chromium.org
ctguil@chromium.org
ctguil@chromium.org
ctguil@chromium.org
ctguil@chromium.org
ctguil@chromium.org
ben@chromium.org
ben@chromium.org
ben@chromium.org
ben@chromium.org
ben@chromium.org
kuan@chromium.org
ben@chromium.org
ben@chromium.org
ben@chromium.org
georgey@chromium.org
georgey@chromium.org
ben@chromium.org
ben@chromium.org
kuan@chromium.org
finnur@chromium.org
kuan@chromium.org
kuan@chromium.org
kuan@chromium.org
kuan@chromium.org
kuan@chromium.org
finnur@chromium.org
kuan@chromium.org
kuan@chromium.org
ben@chromium.org
ben@chromium.org
finnur@chromium.org
jcampan@chromium.org
jcampan@chromium.org
jcampan@chromium.org
ben@chromium.org
jcampan@chromium.org
ben@chromium.org
ben@chromium.org
dtseng@chromium.org
dtseng@chromium.org
dtseng@chromium.org
dtseng@chromium.org
dtseng@chromium.org
dtseng@chromium.org
dtseng@chromium.org
dtseng@chromium.org
dtseng@chromium.org
dtseng@chromium.org
dtseng@chromium.org
ben@chromium.org
ben@chromium.org
ben@chromium.org
ben@chromium.org
ben@chromium.org
ben@chromium.org
ben@chromium.org
ben@chromium.org
ben@chromium.org
ben@chromium.org
ben@chromium.org
ben@chromium.org
ben@chromium.org
ben@chromium.org
ben@chromium.org
ben@chromium.org
ben@chromium.org
ben@chromium.org
jcivelli@google.com
jcivelli@google.com
jcivelli@google.com
jcivelli@google.com
jcivelli@google.com
jcivelli@google.com
jcivelli@google.com
jcivelli@google.com
jcivelli@google.com
jcivelli@google.com
jcivelli@google.com
jcivelli@google.com
jcivelli@google.com
jcivelli@google.com
jcivelli@google.com
jcivelli@google.com
jcivelli@google.com
jcivelli@google.com
ben@chromium.org
jcivelli@google.com
jcivelli@google.com
jcivelli@google.com
jcivelli@google.com
jcivelli@google.com
jcivelli@google.com
jcivelli@google.com
jcivelli@google.com
jcivelli@google.com
jcivelli@google.com
jcivelli@google.com
jcivelli@google.com
jcivelli@google.com
jcivelli@google.com
jcivelli@google.com
jcivelli@google.com
jcivelli@google.com
jcivelli@google.com
ben@chromium.org
ben@chromium.org
ben@chromium.org
ben@chromium.org
ben@chromium.org
ben@chromium.org
ben@chromium.org
ben@chromium.org
ben@chromium.org
jcampan@chromium.org
jcampan@chromium.org
ben@chromium.org
ben@chromium.org
dtseng@chromium.org
dtseng@chromium.org
dtseng@chromium.org
dtseng@chromium.org
dtseng@chromium.org
ben@chromium.org
ben@chromium.org
ben@chromium.org
ben@chromium.org
ben@chromium.org
ben@chromium.org
ben@chromium.org
ben@chromium.org
ben@chromium.org
ben@chromium.org
ben@chromium.org
ben@chromium.org
dtseng@chromium.org
dtseng@chromium.org
dtseng@chromium.org
ben@chromium.org
ben@chromium.org
ben@chromium.org
ben@chromium.org
ben@chromium.org
ben@chromium.org
ben@chromium.org
ben@chromium.org
maruel@chromium.org
ben@chromium.org
ben@chromium.org
ben@chromium.org
ben@chromium.org
ben@chromium.org
ben@chromium.org
ben@chromium.org
ben@chromium.org
pkasting@chromium.org
ben@chromium.org
ben@chromium.org
evan@chromium.org
ben@chromium.org
pkasting@chromium.org
ben@chromium.org
ben@chromium.org
ben@chromium.org
ben@chromium.org
ben@chromium.org
ben@chromium.org
ben@chromium.org
ben@chromium.org
ben@chromium.org
ben@chromium.org
ben@chromium.org
ben@chromium.org
ben@chromium.org
ben@chromium.org
ben@chromium.org
ben@chromium.org
ben@chromium.org
ben@chromium.org
ben@chromium.org
ben@chromium.org
ben@chromium.org
ben@chromium.org
ben@chromium.org
ben@chromium.org
joth@chromium.org
joth@chromium.org
joth@chromium.org
ben@chromium.org
ben@chromium.org
ben@chromium.org
ben@chromium.org
ben@chromium.org
ben@chromium.org
ben@chromium.org
sky@chromium.org
sky@chromium.org
ben@chromium.org
ben@chromium.org
sky@chromium.org
ben@chromium.org
ben@chromium.org
ben@chromium.org
ben@chromium.org
ben@chromium.org
ben@chromium.org
ben@chromium.org
evan@chromium.org
evan@chromium.org
evan@chromium.org
evan@chromium.org
ben@chromium.org
evan@chromium.org
ben@chromium.org
ben@chromium.org
ben@chromium.org
ben@chromium.org
pkasting@chromium.org
pkasting@chromium.org
ben@chromium.org
ben@chromium.org
ben@chromium.org
ben@chromium.org
ben@chromium.org
ben@chromium.org
evan@chromium.org
ben@chromium.org
ben@chromium.org
ben@chromium.org
pkasting@chromium.org
ben@chromium.org
ben@chromium.org
ben@chromium.org
ben@chromium.org
ben@chromium.org
ben@chromium.org
ben@chromium.org
ben@chromium.org
ben@chromium.org
ben@chromium.org
ben@chromium.org
ben@chromium.org
ben@chromium.org
ben@chromium.org
ben@chromium.org
ben@chromium.org
ben@chromium.org
ben@chromium.org
ben@chromium.org
ben@chromium.org
ben@chromium.org
ben@chromium.org
ben@chromium.org
ben@chromium.org
ben@chromium.org
ben@chromium.org
ben@chromium.org
ben@chromium.org
ben@chromium.org
ben@chromium.org
ben@chromium.org
ben@chromium.org
ben@chromium.org
ben@chromium.org
ben@chromium.org
ben@chromium.org
ben@chromium.org
ben@chromium.org
ben@chromium.org
ben@chromium.org
ben@chromium.org
ben@chromium.org
ben@chromium.org
pkasting@chromium.org
ben@chromium.org
ben@chromium.org
ben@chromium.org
ben@chromium.org
ben@chromium.org
ben@chromium.org
ben@chromium.org
ben@chromium.org
ben@chromium.org
ben@chromium.org
pkasting@chromium.org
ben@chromium.org
ben@chromium.org
ben@chromium.org
ben@chromium.org
ben@chromium.org
ben@chromium.org
ben@chromium.org
ben@chromium.org
ben@chromium.org
ben@chromium.org
ben@chromium.org
ben@chromium.org
ben@chromium.org
sky@chromium.org
sky@chromium.org
ben@chromium.org
joth@chromium.org
sky@chromium.org
sadrul@chromium.org
pkasting@chromium.org
pkasting@chromium.org
pkasting@chromium.org
avi@chromium.org
sadrul@chromium.org
pkasting@chromium.org
pkasting@chromium.org
pkasting@chromium.org
avi@chromium.org
joth@chromium.org
joth@chromium.org
joth@chromium.org
evan@chromium.org
joth@chromium.org
joth@chromium.org
joth@chromium.org
joth@chromium.org
joth@chromium.org
ben@chromium.org
ben@chromium.org
ben@chromium.org
joth@chromium.org
joth@chromium.org
joth@chromium.org
joth@chromium.org
joth@chromium.org
joth@chromium.org
joth@chromium.org
joth@chromium.org
joth@chromium.org
joth@chromium.org
joth@chromium.org
joth@chromium.org
joth@chromium.org
joth@chromium.org
joth@chromium.org
joth@chromium.org
joth@chromium.org
ben@chromium.org
ben@chromium.org
ben@chromium.org
ben@chromium.org
ben@chromium.org
joth@chromium.org
joth@chromium.org
joth@chromium.org
joth@chromium.org
ben@chromium.org
joth@chromium.org
joth@chromium.org
joth@chromium.org
ben@chromium.org
ben@chromium.org
ben@chromium.org
ben@chromium.org
ben@chromium.org
ben@chromium.org
ben@chromium.org
ben@chromium.org
ben@chromium.org
ben@chromium.org
ben@chromium.org
ben@chromium.org
ben@chromium.org
ben@chromium.org
ben@chromium.org
ben@chromium.org
ben@chromium.org
ben@chromium.org
ben@chromium.org
kuan@chromium.org
ben@chromium.org
ben@chromium.org
joth@chromium.org
joth@chromium.org
ben@chromium.org
joth@chromium.org
joth@chromium.org
joth@chromium.org
joth@chromium.org
joth@chromium.org
joth@chromium.org
joth@chromium.org
ben@chromium.org
ben@chromium.org
ben@chromium.org
ben@chromium.org
ben@chromium.org
ben@chromium.org
ben@chromium.org
ben@chromium.org
ben@chromium.org
ctguil@chromium.org
ben@chromium.org
ben@chromium.org
ben@chromium.org
ben@chromium.org
finnur@chromium.org
finnur@chromium.org
finnur@chromium.org
ben@chromium.org
ben@chromium.org
ben@chromium.org
ben@chromium.org
ben@chromium.org
ben@chromium.org
ben@chromium.org
ben@chromium.org
ben@chromium.org
ben@chromium.org
ben@chromium.org
ben@chromium.org
joth@chromium.org
ben@chromium.org
ben@chromium.org
ben@chromium.org
ben@chromium.org
ben@chromium.org
ben@chromium.org
ben@chromium.org
ben@chromium.org
ben@chromium.org
ben@chromium.org
ben@chromium.org
joth@chromium.org
ben@chromium.org
ben@chromium.org
ben@chromium.org
ben@chromium.org
ben@chromium.org
ben@chromium.org
ben@chromium.org
ben@chromium.org
ben@chromium.org
ben@chromium.org
ben@chromium.org
ben@chromium.org
ben@chromium.org
jcivelli@chromium.org
jcivelli@chromium.org
jcivelli@chromium.org
jcivelli@chromium.org
jcivelli@chromium.org
msw@chromium.org
ben@chromium.org
jcivelli@chromium.org
jcivelli@chromium.org
jcivelli@chromium.org
jcivelli@chromium.org
jcivelli@chromium.org
ben@chromium.org
ben@chromium.org
