stuartmorgan@chromium.org
jam@chromium.org
stuartmorgan@chromium.org
stuartmorgan@chromium.org
stuartmorgan@chromium.org
stuartmorgan@chromium.org
stuartmorgan@chromium.org
stuartmorgan@chromium.org
initial.commit
initial.commit
initial.commit
stuartmorgan@chromium.org
darin@chromium.org
stuartmorgan@chromium.org
ananta@chromium.org
stuartmorgan@chromium.org
stuartmorgan@chromium.org
stuartmorgan@chromium.org
stuartmorgan@chromium.org
stuartmorgan@chromium.org
initial.commit
initial.commit
initial.commit
initial.commit
initial.commit
initial.commit
initial.commit
initial.commit
initial.commit
stuartmorgan@chromium.org
initial.commit
evan@chromium.org
evan@chromium.org
evan@chromium.org
stuartmorgan@chromium.org
craig.schlenter@chromium.org
stuartmorgan@chromium.org
stuartmorgan@chromium.org
stuartmorgan@chromium.org
sverrir@google.com
initial.commit
