akalin@chromium.org
zea@chromium.org
zea@chromium.org
zea@chromium.org
akalin@chromium.org
zea@chromium.org
akalin@chromium.org
zea@chromium.org
zea@chromium.org
zea@chromium.org
zea@chromium.org
zea@chromium.org
zea@chromium.org
zea@chromium.org
zea@chromium.org
zea@chromium.org
zea@chromium.org
tim@chromium.org
zea@chromium.org
zea@chromium.org
zea@chromium.org
zea@chromium.org
zea@chromium.org
zea@chromium.org
zea@chromium.org
zea@chromium.org
rlarocque@chromium.org
rlarocque@chromium.org
zea@chromium.org
zea@chromium.org
zea@chromium.org
zea@chromium.org
zea@chromium.org
zea@chromium.org
zea@chromium.org
zea@chromium.org
zea@chromium.org
zea@chromium.org
akalin@chromium.org
zea@chromium.org
zea@chromium.org
zea@chromium.org
zea@chromium.org
zea@chromium.org
zea@chromium.org
zea@chromium.org
zea@chromium.org
zea@chromium.org
akalin@chromium.org
zea@chromium.org
zea@chromium.org
zea@chromium.org
zea@chromium.org
zea@chromium.org
zea@chromium.org
zea@chromium.org
zea@chromium.org
zea@chromium.org
zea@chromium.org
zea@chromium.org
zea@chromium.org
zea@chromium.org
zea@chromium.org
zea@chromium.org
zea@chromium.org
zea@chromium.org
zea@chromium.org
akalin@chromium.org
zea@chromium.org
zea@chromium.org
zea@chromium.org
zea@chromium.org
zea@chromium.org
akalin@chromium.org
zea@chromium.org
zea@chromium.org
akalin@chromium.org
zea@chromium.org
zea@chromium.org
zea@chromium.org
zea@chromium.org
zea@chromium.org
akalin@chromium.org
rsimha@chromium.org
zea@chromium.org
zea@chromium.org
zea@chromium.org
zea@chromium.org
rsimha@chromium.org
zea@chromium.org
zea@chromium.org
zea@chromium.org
zea@chromium.org
jam@chromium.org
zea@chromium.org
zea@chromium.org
zea@chromium.org
zea@chromium.org
zea@chromium.org
miket@chromium.org
jar@chromium.org
tim@chromium.org
miket@chromium.org
zea@chromium.org
zea@chromium.org
yfriedman@chromium.org
sail@chromium.org
thestig@chromium.org
zea@chromium.org
zea@chromium.org
zea@chromium.org
zea@chromium.org
zea@chromium.org
tim@chromium.org
tim@chromium.org
zea@chromium.org
zea@chromium.org
zea@chromium.org
zea@chromium.org
zea@chromium.org
zea@chromium.org
zea@chromium.org
zea@chromium.org
tim@chromium.org
zea@chromium.org
zea@chromium.org
tim@chromium.org
akalin@chromium.org
akalin@chromium.org
yfriedman@chromium.org
yfriedman@chromium.org
akalin@chromium.org
yfriedman@chromium.org
akalin@chromium.org
akalin@chromium.org
akalin@chromium.org
akalin@chromium.org
yfriedman@chromium.org
akalin@chromium.org
akalin@chromium.org
yfriedman@chromium.org
yfriedman@chromium.org
yfriedman@chromium.org
akalin@chromium.org
akalin@chromium.org
akalin@chromium.org
akalin@chromium.org
yfriedman@chromium.org
yfriedman@chromium.org
yfriedman@chromium.org
yfriedman@chromium.org
akalin@chromium.org
yfriedman@chromium.org
yfriedman@chromium.org
yfriedman@chromium.org
akalin@chromium.org
yfriedman@chromium.org
yfriedman@chromium.org
tim@chromium.org
zea@chromium.org
yfriedman@chromium.org
yfriedman@chromium.org
yfriedman@chromium.org
yfriedman@chromium.org
yfriedman@chromium.org
yfriedman@chromium.org
yfriedman@chromium.org
yfriedman@chromium.org
rsimha@chromium.org
zea@chromium.org
zea@chromium.org
zea@chromium.org
zea@chromium.org
akalin@chromium.org
yfriedman@chromium.org
yfriedman@chromium.org
akalin@chromium.org
yfriedman@chromium.org
akalin@chromium.org
yfriedman@chromium.org
akalin@chromium.org
yfriedman@chromium.org
yfriedman@chromium.org
yfriedman@chromium.org
yfriedman@chromium.org
tim@chromium.org
tim@chromium.org
yfriedman@chromium.org
yfriedman@chromium.org
yfriedman@chromium.org
yfriedman@chromium.org
akalin@chromium.org
yfriedman@chromium.org
yfriedman@chromium.org
yfriedman@chromium.org
yfriedman@chromium.org
tim@chromium.org
tim@chromium.org
yfriedman@chromium.org
yfriedman@chromium.org
yfriedman@chromium.org
zea@chromium.org
zea@chromium.org
zea@chromium.org
zea@chromium.org
zea@chromium.org
zea@chromium.org
zea@chromium.org
zea@chromium.org
