lukasza@chromium.org
lukasza@chromium.org
lukasza@chromium.org
hayato@chromium.org
alexilin@chromium.org
lukasza@chromium.org
trevordixon@chromium.org
trevordixon@chromium.org
alexilin@chromium.org
lukasza@chromium.org
lukasza@chromium.org
lukasza@chromium.org
lukasza@chromium.org
lukasza@chromium.org
lukasza@chromium.org
lukasza@chromium.org
lukasza@chromium.org
lukasza@chromium.org
mmenke@chromium.org
lukasza@chromium.org
tbansal@chromium.org
tbansal@chromium.org
mmenke@chromium.org
tbansal@chromium.org
tbansal@chromium.org
tbansal@chromium.org
tbansal@chromium.org
alexilin@chromium.org
tbansal@chromium.org
tbansal@chromium.org
lukasza@chromium.org
lukasza@chromium.org
lukasza@chromium.org
lukasza@chromium.org
lukasza@chromium.org
mmenke@chromium.org
lukasza@chromium.org
lukasza@chromium.org
alexilin@chromium.org
alexilin@chromium.org
alexilin@chromium.org
alexilin@chromium.org
lukasza@chromium.org
lukasza@chromium.org
alexilin@chromium.org
alexilin@chromium.org
mmenke@chromium.org
lukasza@chromium.org
lukasza@chromium.org
lukasza@chromium.org
lukasza@chromium.org
lukasza@chromium.org
alexilin@chromium.org
alexilin@chromium.org
lukasza@chromium.org
lukasza@chromium.org
alexilin@chromium.org
alexilin@chromium.org
alexilin@chromium.org
lukasza@chromium.org
lukasza@chromium.org
lukasza@chromium.org
lukasza@chromium.org
lukasza@chromium.org
alexilin@chromium.org
lukasza@chromium.org
alexilin@chromium.org
lukasza@chromium.org
alexilin@chromium.org
lukasza@chromium.org
alexilin@chromium.org
lukasza@chromium.org
lukasza@chromium.org
lukasza@chromium.org
alexilin@chromium.org
mmenke@chromium.org
mmenke@chromium.org
lukasza@chromium.org
lukasza@chromium.org
lukasza@chromium.org
alexilin@chromium.org
alexilin@chromium.org
lukasza@chromium.org
alexilin@chromium.org
mmenke@chromium.org
mmenke@chromium.org
mmenke@chromium.org
lukasza@chromium.org
lukasza@chromium.org
lukasza@chromium.org
davidben@chromium.org
lukasza@chromium.org
mmenke@chromium.org
mmenke@chromium.org
mmenke@chromium.org
mmenke@chromium.org
mmenke@chromium.org
davidben@chromium.org
mmenke@chromium.org
mmenke@chromium.org
tbansal@chromium.org
tbansal@chromium.org
tbansal@chromium.org
lukasza@chromium.org
tbansal@chromium.org
tbansal@chromium.org
mmenke@chromium.org
mmenke@chromium.org
tbansal@chromium.org
tbansal@chromium.org
tbansal@chromium.org
tbansal@chromium.org
tbansal@chromium.org
davidben@chromium.org
davidben@chromium.org
tbansal@chromium.org
mmenke@chromium.org
mmenke@chromium.org
tbansal@chromium.org
tbansal@chromium.org
tbansal@chromium.org
mmenke@chromium.org
lukasza@chromium.org
tbansal@chromium.org
tbansal@chromium.org
mmenke@chromium.org
tbansal@chromium.org
tbansal@chromium.org
tbansal@chromium.org
tbansal@chromium.org
tbansal@chromium.org
lukasza@chromium.org
davidben@chromium.org
lukasza@chromium.org
davidben@chromium.org
lukasza@chromium.org
tbansal@chromium.org
tbansal@chromium.org
tbansal@chromium.org
tbansal@chromium.org
lukasza@chromium.org
lukasza@chromium.org
lukasza@chromium.org
lukasza@chromium.org
tbansal@chromium.org
tbansal@chromium.org
lukasza@chromium.org
tbansal@chromium.org
tbansal@chromium.org
tbansal@chromium.org
davidben@chromium.org
davidben@chromium.org
lukasza@chromium.org
davidben@chromium.org
lukasza@chromium.org
tbansal@chromium.org
alexilin@chromium.org
lukasza@chromium.org
lukasza@chromium.org
alexilin@chromium.org
lukasza@chromium.org
alexilin@chromium.org
alexilin@chromium.org
alexilin@chromium.org
alexilin@chromium.org
alexilin@chromium.org
alexilin@chromium.org
lukasza@chromium.org
alexilin@chromium.org
alexilin@chromium.org
alexilin@chromium.org
alexilin@chromium.org
lukasza@chromium.org
alexilin@chromium.org
lukasza@chromium.org
lukasza@chromium.org
lukasza@chromium.org
davidben@chromium.org
alexilin@chromium.org
alexilin@chromium.org
lukasza@chromium.org
alexilin@chromium.org
lukasza@chromium.org
lukasza@chromium.org
mmenke@chromium.org
mmenke@chromium.org
mmenke@chromium.org
mmenke@chromium.org
mmenke@chromium.org
davidben@chromium.org
alexilin@chromium.org
lukasza@chromium.org
alexilin@chromium.org
alexilin@chromium.org
alexilin@chromium.org
alexilin@chromium.org
alexilin@chromium.org
alexilin@chromium.org
mmenke@chromium.org
alexilin@chromium.org
mmenke@chromium.org
lukasza@chromium.org
davidben@chromium.org
lukasza@chromium.org
lukasza@chromium.org
alexilin@chromium.org
alexilin@chromium.org
lukasza@chromium.org
lukasza@chromium.org
lukasza@chromium.org
alexilin@chromium.org
lukasza@chromium.org
alexilin@chromium.org
alexilin@chromium.org
alexilin@chromium.org
lukasza@chromium.org
lukasza@chromium.org
lukasza@chromium.org
lukasza@chromium.org
lukasza@chromium.org
lukasza@chromium.org
mmenke@chromium.org
lukasza@chromium.org
lizeb@chromium.org
lizeb@chromium.org
lizeb@chromium.org
lizeb@chromium.org
mmenke@chromium.org
alexilin@chromium.org
zhenw@chromium.org
lukasza@chromium.org
lukasza@chromium.org
lukasza@chromium.org
lukasza@chromium.org
lukasza@chromium.org
lukasza@chromium.org
lukasza@chromium.org
tbansal@chromium.org
tbansal@chromium.org
tbansal@chromium.org
tbansal@chromium.org
tbansal@chromium.org
tbansal@chromium.org
tbansal@chromium.org
tbansal@chromium.org
tbansal@chromium.org
tbansal@chromium.org
tbansal@chromium.org
tbansal@chromium.org
jinho.bang@samsung.com
alexilin@chromium.org
