chrome/browser/browsing_data/browsing_data_shared_worker_helper.cc 18 19 28 51 54 67 71 105 108 109
chrome/browser/browsing_data/browsing_data_shared_worker_helper.h 32 54 80 97
chrome/browser/browsing_data/browsing_data_shared_worker_helper_unittest.cc 34 51 52 54 68 70
chrome/browser/browsing_data/cookies_tree_model.cc 600
chrome/browser/browsing_data/mock_browsing_data_shared_worker_helper.cc 31 32 43 44 45 46
chrome/browser/browsing_data/mock_browsing_data_shared_worker_helper.h 35
chrome/browser/chrome_content_browser_client.cc 2056
chrome/browser/chrome_content_browser_client.h
chrome/browser/content_settings/tab_specific_content_settings.cc 235 236 237 238 239 244 507 508 511 512
chrome/browser/content_settings/tab_specific_content_settings.h
content/browser/devtools/shared_worker_devtools_manager_unittest.cc 114 197 203 284 316
content/browser/shared_worker/shared_worker_instance.cc 37 39 40 53 54 55 56 62 63 64 65
content/browser/shared_worker/shared_worker_instance.h 38 39 40 41 42 43
content/browser/shared_worker/shared_worker_instance_unittest.cc 39 53 54 55 56 57 58 68 69 70 71 72 73 91
content/browser/shared_worker/shared_worker_service_impl.cc 79 123 124 125 126 127 128 129 130 131 132 133 134 135 136 137 141 142 143 144
content/browser/shared_worker/shared_worker_service_impl.h
content/browser/shared_worker/shared_worker_service_impl_unittest.cc 27 37 68 69 70 71 72 73 78 79 89 92 93 99 115 116 338 339 340 343 344 345 407 408 409 412 413 414 469 470 471 474 475 476 517 518 519 527 528 530 531 537 538 539 562 563 564 587 588 590 591 597 598 599 622 623 624 659 660 662 663 669 670 671 694 695 696 730 731 733 734 740 741 742 746 747 748 792 793 795 796 802 803 804 808 809 810 868 869 871 872 878 879 880 884 885 886 943 944 945 946 947 948 952 953 954 984 985 986 1014 1015 1016 1031 1032 1033 1034 1035 1036 1040 1041 1042 1050 1051 1052 1081 1082 1083
content/public/browser/content_browser_client.cc 220 221 222 223 224 225
content/public/browser/content_browser_client.h
content/public/browser/shared_worker_service.h 21 22
third_party/WebKit/LayoutTests/external/wpt/workers/data-url-shared-window.html
third_party/WebKit/LayoutTests/external/wpt/workers/data-url-shared.html 5
