third_party/WebKit/Source/WebCore/ChangeLog
third_party/WebKit/Source/WebCore/css/CSSComputedStyleDeclaration.cpp 600
third_party/WebKit/Source/WebCore/css/StyleResolver.cpp 2079
third_party/WebKit/Source/WebCore/dom/Text.cpp 221
third_party/WebKit/Source/WebCore/editing/DeleteButtonController.cpp 108
third_party/WebKit/Source/WebCore/editing/TextIterator.cpp 778
third_party/WebKit/Source/WebCore/rendering/AutoTableLayout.cpp 189 192
third_party/WebKit/Source/WebCore/rendering/InlineFlowBox.cpp 122 159 394 448 481 548 619 739 915 1432 1480
third_party/WebKit/Source/WebCore/rendering/InlineIterator.h 169
third_party/WebKit/Source/WebCore/rendering/LayoutState.cpp 48 56
third_party/WebKit/Source/WebCore/rendering/RenderBlock.cpp 165 281 306 340 415 462 511 761 888 898 964 975 1286 1510 1641 1693 1759 1872 2034 2059 2454 2472 3136 3137 3138 3355 4182 4220 4454 4472 4887 5420 5445 5771 5945 5976 6211 6251 6252 6253 6294 6295 6348 6672 6851 6908 7106
third_party/WebKit/Source/WebCore/rendering/RenderBlock.h 250
third_party/WebKit/Source/WebCore/rendering/RenderBlockLineLayout.cpp 620 765 829 1481 1491 1852 1888 1901 2195 2602
third_party/WebKit/Source/WebCore/rendering/RenderBox.cpp 153 178 204 206 242 308 309 1391 1434 1549 1640 1920 1923 1933 1964 2096 2110 2140 2145 2152 2196 2226 2234 2248 2303 2312 3682 3692 3704 3706 3708
third_party/WebKit/Source/WebCore/rendering/RenderBox.h 45 329 430
third_party/WebKit/Source/WebCore/rendering/RenderBoxModelObject.cpp 534 545 2743
third_party/WebKit/Source/WebCore/rendering/RenderBoxModelObject.h 82
third_party/WebKit/Source/WebCore/rendering/RenderDeprecatedFlexibleBox.cpp 150 288 385 433 443 674 684 1081
third_party/WebKit/Source/WebCore/rendering/RenderFieldset.cpp 129
third_party/WebKit/Source/WebCore/rendering/RenderFlexibleBox.cpp 164 645 692 746 811 857 929 977 1043 1111 1230
third_party/WebKit/Source/WebCore/rendering/RenderGrid.cpp 53
third_party/WebKit/Source/WebCore/rendering/RenderImage.cpp 538
third_party/WebKit/Source/WebCore/rendering/RenderInline.cpp 305 507 558 840 864 892 1047 1246
third_party/WebKit/Source/WebCore/rendering/RenderLayer.cpp 609 810 829 836 918 3908 4704
third_party/WebKit/Source/WebCore/rendering/RenderLayerCompositor.cpp 1816
third_party/WebKit/Source/WebCore/rendering/RenderLineBoxList.cpp 337
third_party/WebKit/Source/WebCore/rendering/RenderListItem.cpp 192
third_party/WebKit/Source/WebCore/rendering/RenderMultiColumnBlock.cpp 155
third_party/WebKit/Source/WebCore/rendering/RenderObject.cpp 644 685 702 1809 1814 1815 2750 2765 2768
third_party/WebKit/Source/WebCore/rendering/RenderObject.h 503 541 783
third_party/WebKit/Source/WebCore/rendering/RenderObjectChildList.cpp 78 114
third_party/WebKit/Source/WebCore/rendering/RenderReplaced.cpp 241
third_party/WebKit/Source/WebCore/rendering/RenderRubyRun.cpp 79
third_party/WebKit/Source/WebCore/rendering/RenderTable.cpp 117 216 393 442
third_party/WebKit/Source/WebCore/rendering/style/RenderStyle.h 524
third_party/WebKit/Source/WebKit/blackberry/Api/WebPage.cpp 2509 2518 2524
third_party/WebKit/Source/WebKit/blackberry/ChangeLog
third_party/WebKit/Source/WebKit2/ChangeLog
third_party/WebKit/Source/WebKit2/WebProcess/WebPage/qt/LayerTreeHostQt.cpp 300
