chrome/browser/printing/print_preview_data_service.cc 33 34 36 45 46 48 56 57 59 93 97 103 106 107 108 110 111 114 115 116 117 118 121 122 123 124 125
chrome/browser/printing/print_preview_data_service.h 31 39 43 46 52 54
chrome/browser/printing/printing_message_filter.cc 377 380
chrome/browser/printing/printing_message_filter.h 110
chrome/browser/resources/print_preview/native_layer.js 549 567 585
chrome/browser/resources/print_preview/preview_generator.js 210 216 217 218 225 235 236
chrome/browser/ui/webui/print_preview/print_preview_data_source.cc 199 201
chrome/browser/ui/webui/print_preview/print_preview_data_source.h 17 20 26
chrome/browser/ui/webui/print_preview/print_preview_handler.cc 346 347
chrome/browser/ui/webui/print_preview/print_preview_ui.cc 40 46 47 49 56 57 59 62 63 65 69 95 96 100 101 107 113 117 121 122 143 144 145 146 148 155 156 157 158 159 160 185 236 243 261 276
chrome/browser/ui/webui/print_preview/print_preview_ui.h 13 68 70 74 75 89 90 91 92 164 165
chrome/browser/ui/webui/print_preview/print_preview_ui_unittest.cc 28 29 79 80 81 130 131 132 188 193
chrome/common/print_messages.cc 24 50
chrome/common/print_messages.h 42 113 389
chrome/renderer/chrome_mock_render_thread.cc 7 9 10 13 14 15 67 69 96 97 103 113 114 119 120 130 134 135 136 137 158 165 166 167 168 169 170 171 172 173 174 175 176 177 178 179 180 181 182 185 186 198
chrome/renderer/chrome_mock_render_thread.h 11 12 36 46 54 55 56 57 77
chrome/renderer/print_web_view_helper.cc 1440 1441 1612 1613 1614 1615 1616
chrome/renderer/print_web_view_helper_browsertest.cc 73
printing/print_job_constants.cc 16
printing/print_job_constants.h 15 119 120
