content/browser/browser_plugin/browser_plugin_guest.cc 356 357 358 359
content/browser/gpu/gpu_process_host.cc 103 112 120 166 707 742 743 775
content/browser/gpu/gpu_process_host_ui_shim.cc 306 326 350 381
content/browser/renderer_host/image_transport_factory.cc 68 100 101 102 103 104 105 106 107 108 109 110 111 112 113 114 115 116 117 118 119 120 121 122 123 124 125 126 127 128 129 130 131 132 133 166 411 412 413 414 415 422 423 424 425 426 427 428 429 430 431 432 433 439 445
content/browser/renderer_host/image_transport_factory.h 76
content/browser/renderer_host/image_transport_factory_android.cc 108 109 110 111 112 123 124 125 126
content/browser/renderer_host/image_transport_factory_android.h
content/browser/renderer_host/render_process_host_impl.cc 1598
content/browser/renderer_host/render_widget_host_impl.cc 1533 2313 2317 2340 2341 2342 2343 2344 2345 2346 2347 2348 2349 2350 2351
content/browser/renderer_host/render_widget_host_impl.h 400 413 414 415 416 417 418 419 420 421
content/browser/renderer_host/render_widget_host_view_android.cc 59 391 392 393 394 395 398 403
content/browser/renderer_host/render_widget_host_view_android.h
content/browser/renderer_host/render_widget_host_view_aura.cc 50 294 295 296 297 398 399 413 414 415 416 417 418 419 420 728 761 762 763 764 770 793 829 830 831 832 833 834 835 836 837 838 839 840 841 842 843 848 849 850 851 852 853 854 855 856 857 858 859 862 863 864 865 868 869 870 871 872 873 874 875 881 882 884 885 886 887 888 889 891 892 893 894 895 896 897 898 899 900 901 908 909 910 911 912 913 914 916 918 919 920 923 924 925 926 928 929 930 931 932 933 934 935 942 952 953 954 955 956 957 958 959 960 961 981 985 990 994 995 996 997 998 1002 1005 1006 1007 1008 1009 1010 1011 1012 1013 1014 1015 1016 1017 1018 1019 1020 1021 1022 1023 1024 1025 1026 1027 1028 1029 1030 1031 1032 1033 1034 1046 1766 1797 1798 1799 1800 1942 1943 1944 1947 1954 1955 1957 1958 1959 1960 1961 1965 1982
content/browser/renderer_host/render_widget_host_view_aura.h 124 125 126 127 128 234 258 262 263 264 265 273 274 275 276 277 278 279 280 281 350 351 353 354 358 359 360 361 362 364 366 367 368 370
content/browser/renderer_host/render_widget_host_view_gtk.cc 1060 1067
content/browser/renderer_host/render_widget_host_view_guest.cc 204 205 206
content/browser/renderer_host/render_widget_host_view_guest.h 107
content/browser/renderer_host/render_widget_host_view_mac.mm 1091
content/browser/renderer_host/test_render_view_host.h 170 171 172 173 174 175
content/common/gpu/client/gl_helper.cc
content/common/gpu/client/gl_helper.h
content/common/gpu/gpu_command_buffer_stub.cc 139 140
content/common/gpu/gpu_messages.h 66 67 84 89 200 201 202 203 283 284 285 286 287 290 292
content/common/gpu/image_transport_surface.cc 27 28 29 30 103 104 215 216 217 218 219 220 222 325
content/common/gpu/image_transport_surface.h 63 66 67 146 148 149 184
content/common/gpu/image_transport_surface_android.cc 21
content/common/gpu/image_transport_surface_linux.cc 19
content/common/gpu/image_transport_surface_mac.cc 60 271
content/common/gpu/image_transport_surface_win.cc 53 209
content/common/gpu/texture_image_transport_surface.cc 19 23 28 29 40 44 45 47 49 50 63 64 65 66 68 69 70 71 72 73 74 75 76 77 78 79 80 81 82 83 84 85 86 87 88 89 90 91 92 93 94 103 104 105 111 112 113 114 115 155 166 167 169 183 184 185 187 188 189 191 199 200 202 203 204 205 206 207 208 209 210 211 212 213 214 231 236 237 238 239 240 241 243 244 245 246 247 248 249 251 257 259 260 261 262 265 266 268 271 272 273 274 285 286 288 289 290 291 292 293 294 295 296 303 304 305 306 307 308 309 310 311 312 313 314 315 316 317 318 319 320 321 322 323 324 325 326 327 328 329 330 331 332 334 335 337 340 341 346 363 378 379 380 381 382 383 384 385 386 387 388 389 390 391 392 393 394 395 396 397 398 399 402 407 408 410 412 413 414 416 417 418 419 420 422 423 426 432 433 434 435 436 437 438 439 441 456 457 458 459 460 461 462 463 464 466 468 469 470 471 476 477 478 479 480 481 482 483 485 488 489 490 493 494 495 496 497 498 499 500 501 502 503 504 505 506 507 508 509 512 518 526 527 528 530 534 535 536 537 538 543 551 556 557 558 559 560 561 562 563 564 565 566 568
content/common/gpu/texture_image_transport_surface.h 9 21 22 51 54 55 56 63 68 69 70 74 75 77 78 82 84 85 86 87 88 89 95 96 97 98 100 101 109 110 111 114 118 126 127 128
content/port/browser/render_widget_host_view_port.h 247 248
gpu/command_buffer/service/mailbox_manager.cc 39 40 42
gpu/command_buffer/service/mailbox_manager.h 33
gpu/command_buffer/service/texture_definition.cc
gpu/command_buffer/service/texture_definition.h 22
ui/compositor/compositor.cc 195 196
ui/compositor/compositor.h 122
ui/gfx/native_widget_types.h 281 282 283 284 285 291 292 293 294 295 302 303 304
