chrome/browser/sync/engine/build_commit_command.cc 18 175 176
chrome/browser/sync/engine/process_commit_response_command.cc 19 384 386
chrome/browser/sync/engine/syncer.cc 32 347 348
chrome/browser/sync/engine/syncer_proto_util.cc 20 367 392 440 441 442 443 447 448 454 455
chrome/browser/sync/engine/syncer_unittest.cc 21 43 319 320 321 322 900 901 1975
chrome/browser/sync/engine/syncer_util.cc 26 429 430 497 531 533 535
chrome/browser/sync/engine/syncer_util.h
chrome/browser/sync/glue/session_change_processor.cc 247
chrome/browser/sync/glue/session_model_associator.cc 201 341 584 623 717 732 744 758
chrome/browser/sync/glue/session_model_associator.h 21 144 379 385
chrome/browser/sync/glue/session_model_associator_unittest.cc 92 121 122
chrome/browser/sync/internal_api/base_node.cc 26 178 239 240 241
chrome/browser/sync/internal_api/base_node.h 76 77
chrome/browser/sync/internal_api/syncapi_unittest.cc 53 100 101 102 103 104 105 106 524
chrome/browser/sync/profile_sync_service_session_unittest.cc 14 319 320
chrome/browser/sync/sessions/sync_session_unittest.cc
chrome/browser/sync/syncable/directory_backing_store.cc 18 25 45 77 78 79 80 81 103 104 105 110 111 112 113 114 131 487 488 489 490 491 492 493 1105 1106 1107 1108 1109 1110 1111 1112 1113 1114 1115 1116 1117 1118 1119 1120 1121 1122 1123 1124 1125 1126 1127 1128 1129 1130 1131 1132 1133 1188
chrome/browser/sync/syncable/directory_backing_store.h 87 185
chrome/browser/sync/syncable/directory_backing_store_unittest.cc 21 22 55 75 76 77 78 79 80 81 82 83 84 85 86 87 88 89 90 91 92 93 94 95 96 97 98 99 100 101 102 103 104 105 106 107 108 109 110 111 112 113 114 115 116 117 118 119 120 121 122 123 124 125 126 127 128 129 130 131 132 133 134 135 136 137 138 139 140 141 142 143 144 145 146 147 148 149 150 151 152 153 154 155 156 157 158 159 160 161 162 163 164 165 166 167 168 169 170 171 172 173 174 175 176 177 178 179 180 181 182 183 184 185 186 187 188 189 190 191 192 193 194 195 196 197 198 199 200 201 202 203 204 205 206 207 208 209 210 211 212 213 214 215 216 217 218 219 220 221 222 223 224 225 226 227 228 229 230 231 232 233 234 235 236 237 238 239 240 241 242 243 244 245 246 247 248 249 250 251 252 253 254 255 256 257 258 259 260 261 262 263 264 265 266 267 268 269 270 271 272 273 274 275 276 277 278 279 280 281 282 283 284 285 286 287 288 289 290 291 292 293 294 295 327 328 330 331 336 337 344 345 349 350 354 355 359 360 364 365 369 370 375 376 382 383 387 388 397 398 449 450 452 453 457 458 464 465 469 470 473 474 478 479 482 483 487 488 492 493 498 499 502 503 509 510 554 555 557 558 565 566 575 576 583 584 587 588 591 592 596 597 601 602 606 607 614 615 619 620 628 629 683 684 685 691 692 699 700 705 706 709 710 713 714 718 719 723 724 728 729 735 736 740 741 748 749 781 782 784 785 791 792 799 800 805 806 809 810 813 814 817 818 821 822 826 827 833 834 838 839 846 847 885 886 888 889 895 896 903 904 909 910 913 914 917 918 921 922 925 926 930 931 937 938 942 943 950 951 989 990 992 993 999 1000 1007 1008 1013 1014 1017 1018 1021 1022 1025 1026 1029 1030 1034 1035 1041 1042 1046 1047 1054 1055 1106 1107 1109 1110 1115 1116 1122 1123 1128 1129 1132 1133 1136 1137 1140 1141 1144 1145 1148 1149 1155 1156 1159 1160 1167 1168 1209 1210 1212 1213 1219 1220 1227 1228 1233 1234 1237 1238 1241 1242 1245 1246 1249 1250 1254 1255 1261 1262 1265 1266 1273 1274 1284 1285 1286 1287 1288 1289 1290 1291 1292 1293 1294 1295 1296 1297 1298 1299 1300 1301 1302 1303 1304 1305 1306 1307 1308 1309 1310 1311 1312 1313 1314 1315 1316 1317 1318 1319 1320 1321 1322 1323 1324 1325 1326 1327 1328 1329 1330 1331 1332 1333 1334 1335 1336 1337 1338 1339 1340 1341 1342 1343 1344 1345 1346 1347 1348 1349 1350 1351 1352 1353 1354 1355 1356 1357 1358 1359 1360 1361 1362 1363 1364 1365 1366 1367 1368 1369 1370 1371 1372 1373 1374 1375 1376 1377 1378 1379 1380 1381 1701 1702 1703 1704 1705 1706 1707 1708 1709 1710 1711 1712 1713 1714 1715 1716 1717 1718 1719 1720 1721 1722 1723 1724 1725 1726 1727 1728 1729 1730 1731 1761 1762 1763 1774 1776 1779 1780 1873 1874 1875 1876 1877
chrome/browser/sync/syncable/syncable.cc 215 216 217 218 280 281 282 283 305 306 307 308 309 1406 1412 1432 1507 1508 1509 1510 1511 1512 1513 1514 1515 1888 1889 1890 1891 1892
chrome/browser/sync/syncable/syncable.h 37 63 64 65 66 67 68 69 70 103 104 105 106 107 108 109 110 111 112 113 114 115 116 117 256 298 299 300 301 302 303 304 337 338 339 419 420 421 422 524
chrome/browser/sync/syncable/syncable_columns.h 1 26 27 28 29 30
chrome/browser/sync/syncable/syncable_enum_conversions.cc 51 52 53 54 55 56 57 58 59 60 61 62 67
chrome/browser/sync/syncable/syncable_enum_conversions.h 27 28
chrome/browser/sync/syncable/syncable_enum_conversions_unittest.cc 44 45 46 47 48
chrome/browser/sync/syncable/syncable_unittest.cc 1153 1154 1155 1156 1157 1158 1159 1160
chrome/browser/sync/util/sqlite_utils.cc 37
chrome/browser/sync/util/time.cc 1 2 3 4 5 6 7 8 9 10 11 12 13 14 15 16 17 18 19 20 21 22 23 24
chrome/browser/sync/util/time.h 1 2 3 4 5 6 7 8 9 10 11 12 13 14 15 16 17 18 19 20 21 22 23 24 25 26 27 28 29
chrome/chrome.gyp 704 705
