PRESUBMIT.py 1854 1855 2022 2023 2024 2025 2026 2027 2028 2029 2030 2031 2032 2033 2034 2035
base/BUILD.gn 545
base/base.gypi 432
base/files/file.h 16 57 58
base/memory/scoped_vector.h 14 24 25
base/move.h 1 2 3 4 5 6 7 8 9 10 11 12 13 14 15 16 17 18 19 20 21 22 23 24 25 26 27 28 29 30 31 32 33 34 35 36 37 38 39 40 41 42 43 44
base/process/process.h 9 34 35
base/scoped_generic.h 14 57 58
base/values.cc 17
base/win/scoped_handle.h 15 40 41
chrome/browser/printing/pdf_to_emf_converter.cc 121 122
chrome/browser/spellchecker/spellcheck_hunspell_dictionary.h 15 96
chrome/common/media_galleries/picasa_types.h 16 61
components/nacl/browser/nacl_process_host.cc 219 220
content/browser/renderer_host/media/audio_input_debug_writer.h 16
content/child/scoped_web_callbacks.h 13 70 71
dbus/file_descriptor.h 10 37 38
extensions/renderer/api/display_source/wifi_display/wifi_display_media_encoder.h 14
extensions/renderer/api/display_source/wifi_display/wifi_display_media_packetizer.h 11 24
media/capture/video/scoped_result_callback.h 17 18
mojo/edk/embedder/scoped_platform_handle.h 9 18 19
mojo/public/cpp/bindings/array.h 16 28 29
mojo/public/cpp/bindings/associated_interface_ptr.h 28 29
mojo/public/cpp/bindings/associated_interface_ptr_info.h 21 22
mojo/public/cpp/bindings/associated_interface_request.h 19 20
mojo/public/cpp/bindings/interface_ptr.h 39 40
mojo/public/cpp/bindings/interface_ptr_info.h 11 20 21
mojo/public/cpp/bindings/interface_request.h 24
mojo/public/cpp/bindings/lib/filter_chain.h 10 18 19
mojo/public/cpp/bindings/lib/template_util.h 55 56 57 58 59 60 61 62
mojo/public/cpp/bindings/map.h 13 32 33
mojo/public/cpp/bindings/scoped_interface_endpoint_handle.h 10 22 23
mojo/public/cpp/bindings/strong_binding.h 51 52
mojo/public/cpp/bindings/struct_ptr.h 11 31 32 120 121
mojo/public/cpp/bindings/tests/container_test_util.h 10 33
mojo/public/cpp/bindings/wtf_array.h 11 28 29
mojo/public/cpp/system/handle.h 14 75 76
net/base/file_stream_context.h 36 116
remoting/base/typed_buffer.h 14 24 25
storage/browser/blob/scoped_file.h 13 30 31 51 52
styleguide/c++/c++11.html 243
ui/gl/android/scoped_java_surface.h 11 22 23
