third_party/WebKit/LayoutTests/TestExpectations 1329 1330 1331 1332
third_party/WebKit/LayoutTests/platform/android/fast/forms/basic-textareas-expected.txt
third_party/WebKit/LayoutTests/platform/android/fast/text/word-break-expected.png
third_party/WebKit/LayoutTests/platform/android/fast/text/word-break-expected.txt
third_party/WebKit/LayoutTests/platform/linux/fast/forms/basic-textareas-expected.txt 637 639 640 641 642 643 644 1370 1372 1373 1374 1375 1376 1377
third_party/WebKit/LayoutTests/platform/linux/fast/text/word-break-expected.png
third_party/WebKit/LayoutTests/platform/linux/fast/text/word-break-expected.txt 1 3 4 5 53 54 55 56 57 58 59 60 61 68 75 77 85 92 94 95 96 102 103 104
third_party/WebKit/LayoutTests/platform/mac-lion/fast/forms/basic-textareas-expected.png
third_party/WebKit/LayoutTests/platform/mac-lion/fast/text/whitespace/tab-character-basics-expected.png
third_party/WebKit/LayoutTests/platform/mac-lion/fast/text/word-break-expected.png
third_party/WebKit/LayoutTests/platform/mac-mavericks/fast/forms/basic-textareas-expected.png
third_party/WebKit/LayoutTests/platform/mac-mavericks/fast/forms/basic-textareas-expected.txt 607 609 610 611 612 613 614 1308 1310 1311 1312 1313 1314 1315
third_party/WebKit/LayoutTests/platform/mac-mavericks/fast/text/word-break-expected.png
third_party/WebKit/LayoutTests/platform/mac-snowleopard/fast/forms/basic-textareas-expected.png
third_party/WebKit/LayoutTests/platform/mac-snowleopard/fast/text/whitespace/tab-character-basics-expected.png
third_party/WebKit/LayoutTests/platform/mac-snowleopard/fast/text/word-break-expected.png
third_party/WebKit/LayoutTests/platform/mac/fast/forms/basic-textareas-expected.png
third_party/WebKit/LayoutTests/platform/mac/fast/forms/basic-textareas-expected.txt 618 620 621 622 623 624 625 1345 1347 1348 1349 1350 1351 1352
third_party/WebKit/LayoutTests/platform/mac/fast/text/whitespace/tab-character-basics-expected.png
third_party/WebKit/LayoutTests/platform/mac/fast/text/whitespace/tab-character-basics-expected.txt 3 4 5 44 48 49 50 51 54 57 58 59 60 61 62
third_party/WebKit/LayoutTests/platform/mac/fast/text/word-break-expected.png
third_party/WebKit/LayoutTests/platform/mac/fast/text/word-break-expected.txt 1 3 4 5 54 55 56 57 58 59 60 61 62 70 77 79 87 94 96 97 98 104 105 106
third_party/WebKit/LayoutTests/platform/win-xp/fast/forms/basic-textareas-expected.txt 637 639 640 641 642 643 644 1370 1372 1373 1374 1375 1376 1377
third_party/WebKit/LayoutTests/platform/win-xp/fast/text/word-break-expected.png
third_party/WebKit/LayoutTests/platform/win-xp/fast/text/word-break-expected.txt 1 3 4 5 53 54 55 56 57 58 59 60 61 68 75 77 85 92 94 95 96 102 103 104
third_party/WebKit/LayoutTests/platform/win/fast/forms/basic-textareas-expected.txt 637 639 640 641 642 643 644 1370 1372 1373 1374 1375 1376 1377
third_party/WebKit/LayoutTests/platform/win/fast/text/word-break-expected.png
third_party/WebKit/LayoutTests/platform/win/fast/text/word-break-expected.txt 1 3 4 5 54 55 56 57 58 59 60 61 62 70 77 79 87 94 96 97 98 104 105 106
