third_party/WebKit/LayoutTests/http/tests/devtools/network/network-imported-resource-content-expected.txt 4
third_party/WebKit/LayoutTests/http/tests/devtools/network/network-request-type-expected.txt 5
third_party/WebKit/LayoutTests/inspector-protocol/network/resource-type-expected.txt 4 5 6 7 8 9 10 11
third_party/WebKit/LayoutTests/inspector-protocol/network/resource-type.js 38 67 68 69 70
third_party/WebKit/Source/core/frame/PerformanceMonitor.h
third_party/WebKit/Source/core/inspector/InspectorNetworkAgent.cpp 584 587 613 617 618 619 621 622 623 624 625 681 717 745 746
third_party/WebKit/Source/core/inspector/InspectorNetworkAgent.h 87 95 249
third_party/WebKit/Source/core/inspector/InspectorPageAgent.cpp 366 367 368 397
third_party/WebKit/Source/core/inspector/InspectorPageAgent.h 104
third_party/WebKit/Source/core/inspector/InspectorTraceEvents.cpp 117
third_party/WebKit/Source/core/inspector/InspectorTraceEvents.h 84
third_party/WebKit/Source/core/loader/BaseFetchContext.cpp 61
third_party/WebKit/Source/core/loader/BaseFetchContext.h 67
third_party/WebKit/Source/core/loader/BaseFetchContextTest.cpp 55
third_party/WebKit/Source/core/loader/FrameFetchContext.cpp 463 934 939
third_party/WebKit/Source/core/loader/FrameFetchContext.h 190
third_party/WebKit/Source/core/loader/FrameFetchContextTest.cpp 1023
third_party/WebKit/Source/core/loader/WorkerFetchContext.cpp 126 128 264
third_party/WebKit/Source/core/loader/WorkerFetchContext.h 42
third_party/WebKit/Source/core/probe/CoreProbes.pidl 90 92
third_party/WebKit/Source/platform/loader/fetch/FetchContext.cpp
third_party/WebKit/Source/platform/loader/fetch/FetchContext.h
third_party/WebKit/Source/platform/loader/fetch/ResourceFetcher.cpp 371 372 373
third_party/WebKit/Source/platform/loader/fetch/ResourceLoader.cpp 367
