base/allocator/allocator_extension.h 5 6 59
base/allocator/allocator_extension_thunks.h 5 6 36
base/android/important_file_writer_android.h 5 6 18
base/android/java_handler_thread.h 5 6 49
base/android/jni_generator/golden_sample_for_tests_jni.h 10 11 400
base/android/jni_generator/sample_for_tests.h
base/android/library_loader/library_load_from_apk_status_codes.h 5 6 46
base/android/library_loader/library_loader_hooks.h 5 6 70
base/android/trace_event_binding.h 5 6 18
base/build_time.h 5 6 28
base/callback_forward.h 17
base/debug/debugger.h 9 10 44
base/debug/profiler.h 5 6 90
base/deferred_sequenced_task_runner.h 5 6 78
base/event_types.h 5 6 37
base/i18n/string_compare.h 28
base/i18n/timezone.h 21
base/mac/cocoa_protocols.h 5 6 31
base/mac/libdispatch_task_runner.h 5 6 80
base/memory/memory_pressure_listener.h 10 11 85
base/message_loop/message_pump_default.h 41
base/message_loop/message_pump_dispatcher.h 5 6 43
base/numerics/safe_conversions.h 5 6 63 64
base/numerics/safe_conversions_impl.h 5 6 215 216
base/numerics/safe_math.h 5 6 272
base/numerics/safe_math_impl.h 5 6 501
base/pending_task.h 5 6 60
base/process/internal_linux.h 8 9 90
base/process/process.h 5 6 133
base/scoped_native_library.h 52
base/sequenced_task_runner.h 5 6 159
base/test/null_task_runner.h
base/test/sequenced_task_runner_test_template.h 9 10 341
base/test/sequenced_worker_pool_owner.h 5 6 61
base/test/simple_test_clock.h 5 6 41
base/test/simple_test_tick_clock.h 5 6 38
base/test/task_runner_test_template.h 215
base/test/test_reg_util_win.h 5 6 77
base/time/clock.h 5 6 40
base/time/default_clock.h 5 6 25
base/time/default_tick_clock.h 5 6 25
base/time/tick_clock.h 5 6 40
base/timer/mock_timer.h 41
base/trace_event/trace_event.h 1610
base/trace_event/trace_event_synthetic_delay.h 166
base/win/object_watcher.h 106
base/win/scoped_bstr.h 97
base/win/scoped_handle.h 177
base/win/startup_information.h 48 49
