chrome/browser/autocomplete/autocomplete.cc 13 30 34 43 48 528 529 530 531 532 533 534 535 536 537 538 539 540 541 542 543 544 545 546 547 548 549 550 551 552 553 554 555 556 557 558 559 560 561 562 563 564 565 566 567 568 569 570 571 572 573 574 575 576 577 578 579 580 581 582 583 584 585 586 587 588 589 590 591 592 593 594 595 596 597 598 599 600 601 602 603 604 605 606 607 608 609 610 611 612 613 614 615 616 617 618 619 620
chrome/browser/autocomplete/autocomplete.h 11 15 202 203 204 205 353 354 355 356 357 358 359 360 361 362 363 364 365 366 367 368 369 370 371 372 373 374 375 376 377 378 379 380 381 382 383 384 385 386 387 388 389 390 391 392 393 394 395 396 397 398 399 400 401 402 403 404 405 406 407 408 409 410 411 412 413 414 415 416 417 418 419 420 421 422 423 424 425 426 427 428 429 430 431 432 433 434 435 436 437 438 439 440 441 442 443 444 445 446 447 448 449 450 451 452 453 454 455 456 457 458 459 460 461 462 463 464 465 466 467 468 469 470 471 472 473 474 475 476 477 478 479 571 627 715 721 722
chrome/browser/autocomplete/autocomplete_browsertest.cc
chrome/browser/autocomplete/autocomplete_match.cc
chrome/browser/autocomplete/autocomplete_provider.cc
chrome/browser/autocomplete/autocomplete_provider.h
chrome/browser/autocomplete/autocomplete_provider_listener.h
chrome/browser/autocomplete/autocomplete_result_unittest.cc
chrome/browser/autocomplete/autocomplete_types.h
chrome/browser/autocomplete/autocomplete_unittest.cc 53
chrome/browser/autocomplete/builtin_provider.cc 36
chrome/browser/autocomplete/builtin_provider.h 19 24
chrome/browser/autocomplete/builtin_provider_unittest.cc 8 23 24
chrome/browser/autocomplete/extension_app_provider.cc 25 26
chrome/browser/autocomplete/extension_app_provider.h 33 35
chrome/browser/autocomplete/history_contents_provider.cc 30 48 49 50
chrome/browser/autocomplete/history_contents_provider.h 27
chrome/browser/autocomplete/history_contents_provider_unittest.cc 39 99 100
chrome/browser/autocomplete/history_provider.cc 20
chrome/browser/autocomplete/history_provider.h 10 19
chrome/browser/autocomplete/history_quick_provider.cc 45 46
chrome/browser/autocomplete/history_quick_provider.h 29 31 32
chrome/browser/autocomplete/history_quick_provider_unittest.cc 80 86 87
chrome/browser/autocomplete/history_url_provider.cc 240
chrome/browser/autocomplete/history_url_provider.h 14 22 25 26 52 141 144
chrome/browser/autocomplete/history_url_provider_unittest.cc 128 141 142
chrome/browser/autocomplete/keyword_provider.cc 45 62
chrome/browser/autocomplete/keyword_provider.h 54 56 92
chrome/browser/autocomplete/search_provider.cc 98
chrome/browser/autocomplete/search_provider.h 56
chrome/browser/autocomplete/search_provider_unittest.cc 40 71 72 73
chrome/browser/autocomplete/shortcuts_provider.cc 23 29 30 31 51
chrome/browser/autocomplete/shortcuts_provider.h 13 14 15 28
chrome/browser/autocomplete/shortcuts_provider_unittest.cc 121 125 126
chrome/browser/extensions/api/omnibox/omnibox_apitest.cc
chrome/browser/history/in_memory_url_index_unittest.cc 13 16 22 29
chrome/browser/history/url_index_private_data.cc 21
chrome/browser/metrics/metrics_log.cc
chrome/browser/ui/webui/omnibox/omnibox_ui_handler.cc
chrome/chrome_browser.gypi
