content/browser/frame_host/render_frame_host_delegate.h
content/browser/frame_host/render_frame_host_impl.cc
content/browser/frame_host/render_frame_host_impl.h
content/browser/web_contents/web_contents_impl.cc
content/browser/web_contents/web_contents_impl.h
content/browser/web_contents/web_contents_impl_browsertest.cc 1023 1024 1025 1028 1029 1061 1062 1077 1078 1085 1100 1102 1103
content/common/frame_messages.h
content/renderer/render_frame_impl.cc
content/renderer/render_frame_impl.h
content/renderer/render_view_impl.cc 1643
content/renderer/render_view_impl.h 323
content/shell/test_runner/web_view_test_client.cc 92
content/shell/test_runner/web_view_test_client.h 43
content/shell/test_runner/web_view_test_proxy.h 164 165 166
third_party/WebKit/Source/core/exported/WebViewTest.cpp 3375
third_party/WebKit/Source/core/frame/DOMWindow.cpp 436
third_party/WebKit/Source/core/loader/EmptyClients.h 91
third_party/WebKit/Source/core/loader/FrameLoader.cpp 906
third_party/WebKit/Source/core/page/ChromeClient.h 106
third_party/WebKit/Source/core/page/ChromeClientImpl.cpp 203 204 205
third_party/WebKit/Source/core/page/ChromeClientImpl.h 63
third_party/WebKit/Source/core/page/CreateWindow.cpp 284
third_party/WebKit/public/web/WebViewClient.h 174
