content/browser/devtools/devtools_session.cc 36 53 57 59 62 218 220
content/browser/devtools/devtools_session.h 38 40 41 92
content/browser/devtools/protocol/devtools_domain_handler.cc 20
content/browser/devtools/protocol/devtools_domain_handler.h 13 22
content/browser/devtools/protocol/dom_handler.cc 27
content/browser/devtools/protocol/dom_handler.h 25
content/browser/devtools/protocol/emulation_handler.cc 67
content/browser/devtools/protocol/emulation_handler.h 27
content/browser/devtools/protocol/input_handler.cc 270
content/browser/devtools/protocol/input_handler.h 40
content/browser/devtools/protocol/inspector_handler.cc 33
content/browser/devtools/protocol/inspector_handler.h 29
content/browser/devtools/protocol/io_handler.cc 28 38 40 53 55 57 58 61
content/browser/devtools/protocol/io_handler.h 25 44
content/browser/devtools/protocol/network_handler.cc 697 727 729 778 783 784 794 803 804 823 824 825 830 842 843 856 870 871 872 873 874 875 882 891 892 903 916 917 918 1220 1221 1263 1264 1265 1403 1405 1406
content/browser/devtools/protocol/network_handler.h 33 53 153
content/browser/devtools/protocol/page_handler.cc 151
content/browser/devtools/protocol/page_handler.h 64
content/browser/devtools/protocol/security_handler.cc 135
content/browser/devtools/protocol/security_handler.h 38
content/browser/devtools/protocol/service_worker_handler.cc 52 53 161 172 174 181 182 184 313 321 322 323 334 340 341 342
content/browser/devtools/protocol/service_worker_handler.h 36 74
content/browser/devtools/protocol/storage_handler.cc 242 255 257 279 282 313 314 315 316 317 318 324 333 334 342 359 375 390 411 422
content/browser/devtools/protocol/storage_handler.h 30 67
content/browser/devtools/protocol/target_handler.cc 211
content/browser/devtools/protocol/target_handler.h 37
content/browser/devtools/render_frame_devtools_agent_host.cc 295 444
content/browser/devtools/service_worker_devtools_agent_host.cc 125 126 127 128 162 163 164 166 177 179 189
content/browser/devtools/shared_worker_devtools_agent_host.cc 37 70 104 114 119 120 121 122 123
content/browser/devtools/shared_worker_devtools_agent_host.h 17 53
