sync/engine/sync_scheduler.h 88 89 90 91 92 94 99
sync/engine/sync_scheduler_impl.cc 12 87 88 89 90 91 92 177 214 215 216 217 218 219 220 221 222 223 224 225 226 227 228 231 232 268 271 272 273 274 275 276 277 278 279 280 281 325 336 345 346 347 348 349 350 351 355 356 368 375 377 380 381 382 383 384 385 386 387 392 398 403 413 414 417 418 423 424 425 426 427 428 437 438 439 447 490 491 492 495 496 497 498 499 500 501 502 503 504 508 509 510 511 512 513 514 515 516 517 518 519 520 521 522 523 524 525 526 527 528 529 530 531 532 533 534 536 537 538 539 540 541 542 555 560 561 567 574 579 580 585 595 604 609 610 611 612 613 614 616 617 618 619 620 621 622 623 624 625 626 627 628 630 632 634 635 636 637 638 639 640 641 642 643 644 645 646 647 652 698 699 706 707 710 712 715 716 717 718 719 720 721 723 724 725 726 727 728 731 733 734 735 736 739 741 743 745 746 747 749 750 751 752 753 754 755 756 757 758 759 760 761 762 763 765 767 770 771 774 775 776 777 778 780 784 807 812 813 816 817 821 822 826 827 828 830 834 835 838 839 841 843 845 847 848 849 850 851 852 858 859 860 861 862 863 864 865 866 867 868 869 870 871 872 873 874 875 881 882 890 891 893 894 898 899 900 901 902 907 920 932 935 936 937 938 939 940 941 942 943 944 945 946 950 954 961 964 971 972 973 976 977 981 982 983 984 986 1013 1016 1017 1018 1019 1020 1021 1022 1023 1024 1025 1026 1027 1028 1029 1030 1031 1034 1036 1037 1038 1040 1042 1043 1044 1045 1047 1048 1049 1051 1054 1061 1071 1072 1073 1074 1075 1076 1077 1080 1083 1084 1085 1086 1087 1088 1089 1090 1091
sync/engine/sync_scheduler_impl.h 23 52 57 142 143 161 164 167 168 169 170 171 174 175 176 182 185 190 191 192 193 205 213 214 215 216 217 218 219 220 221 222 223 224 225 226 227 228 233 292 293 294 295 296 297 298 299 300 301 302 303
sync/engine/sync_scheduler_unittest.cc 45 113 249 259 265 270 654 655 656 657 710 711 712 741 742 743 841 842 843 853 854 855 865 866 867 878 879 880 1062 1063 1077 1078 1119 1120 1121 1122
sync/engine/sync_scheduler_whitebox_unittest.cc 95 105 106 107 108 135 153 156 157 158 159 160 169 179 188 198 210 222 233 245 255 256 257 258 259
sync/engine/sync_session_job.cc 1 2 3 4 5 6 7 8 9 10 11 12 13 14 15 16 17 18 19 20 21 22 23 24 25 26 27 28 29 30 31 32 33 34 35 36 37 38 39 40 41 42 43 44 45 46 47 48 49 50 51 52 53 54 55 56 57 58 59 60 61 62 63 64 65 66 67 68 69 70 71 72 73 74 75 76 77 78 79 80 81 82 83 84 85 86 87 88 89 90 91 92 93 94 95 96 97 98 99 100 101 102 103 104 105 106 107 108 109 110 111 112 113 114 115 116 117 118 119 120 121 122 123 124 125 126 127 128 129 130 131 132 133 134 135 136 137 138 139 140 141 142 143 144 145 146 147 148 149 150 151 152 153 154 155 156 157 158 159 160 161 162 163 164 165 166 167 168 169 170 171 172 173 174 175 176 177 178 179 180 181 182 183 184
sync/engine/sync_session_job.h 1 2 3 4 5 6 7 8 9 10 11 12 13 14 15 16 17 18 19 20 21 22 23 24 25 26 27 28 29 30 31 32 33 34 35 36 37 38 39 40 41 42 43 44 45 46 47 48 49 50 51 52 53 54 55 56 57 58 59 60 61 62 63 64 65 66 67 68 69 70 71 72 73 74 75 76 77 78 79 80 81 82 83 84 85 86 87 88 89 90 91 92 93 94 95 96 97 98 99 100 101 102 103 104 105 106 107 108 109 110 111 112 113 114 115 116 117 118 119 120 121 122 123 124
sync/engine/sync_session_job_unittest.cc 1 2 3 4 5 6 7 8 9 10 11 12 13 14 15 16 17 18 19 20 21 22 23 24 25 26 27 28 29 30 31 32 33 34 35 36 37 38 39 40 41 42 43 44 45 46 47 48 49 50 51 52 53 54 55 56 57 58 59 60 61 62 63 64 65 66 67 68 69 70 71 72 73 74 75 76 77 78 79 80 81 82 83 84 85 86 87 88 89 90 91 92 93 94 95 96 97 98 99 100 101 102 103 104 105 106 107 108 109 110 111 112 113 114 115 116 117 118 119 120 121 122 123 124 125 126 127 128 129 130 131 132 133 134 135 136 137 138 139 140 141 142 143 144 145 146 147 148 149 150 151 152 153 154 155 156 157 158 159 160 161 162 163 164 165 166 167 168 169 170 171 172 173 174 175 176 177 178 179 180 181 182 183 184 185 186 187 188 189 190 191 192 193 194 195 196 197 198 199 200 201 202 203 204 205 206 207 208 209 210 211 212 213 214 215 216 217 218 219 220 221 222 223 224 225 226 227 228 229 230 231 232 233 234 235 236 237 238 239
sync/engine/syncer.cc 86 182 187 188 190 191
sync/engine/syncer.h 60 61 62
sync/engine/syncer_unittest.cc 189 190 193 196 201 206 2571
sync/internal_api/js_sync_manager_observer_unittest.cc 88
sync/internal_api/public/sessions/model_neutral_state.cc 33 34 35 36 37 38 39 40
sync/internal_api/public/sessions/model_neutral_state.h 78 79
sync/internal_api/public/sessions/sync_session_snapshot.cc 41
sync/internal_api/public/sessions/sync_session_snapshot.h 46
sync/internal_api/public/util/syncer_error.h 31 32
sync/sessions/session_state_unittest.cc 93
sync/sessions/sync_session.cc 80 117 118 119 122 125 133 137 138 140 141 185 220 222 223 224
sync/sessions/sync_session.h 115 116 117 118 119 128 129 132 133 134
sync/sessions/sync_session_unittest.cc 350 420
sync/sessions/test_util.cc 34 35 36 71 72 78 84
sync/sync.gyp 121 122 611
