content/browser/bluetooth/bluetooth_device_chooser_controller.cc 252 276 277 282 283 284 285 286 287 288 289 290 291 292 295 296 297 303 307 308 309 310 311 312 313 314 315 316 317 318 319 320 321 322 323 324 325 326 327 328 329 330 331 332 333 344 345 528 529 533 538 543 548 571
content/browser/bluetooth/web_bluetooth_service_impl.cc 31
content/browser/bluetooth/web_bluetooth_service_impl.h
device/bluetooth/bluetooth_adapter.cc
device/bluetooth/bluetooth_adapter.h
device/bluetooth/public/mojom/test/fake_bluetooth.mojom
device/bluetooth/test/fake_central.cc 467 468 469 470
device/bluetooth/test/fake_central.h
third_party/blink/public/mojom/bluetooth/web_bluetooth.mojom
third_party/blink/renderer/modules/bluetooth/bluetooth.cc 197 198 199 200 201 317 318 319 320 321
third_party/blink/renderer/modules/bluetooth/bluetooth.h
third_party/blink/renderer/modules/bluetooth/bluetooth.idl
third_party/blink/web_tests/external/wpt/bluetooth/adapter/adapter-absent-getAvailability.https.window.js
third_party/blink/web_tests/external/wpt/bluetooth/adapter/adapter-added-getAvailability.https.window.js
third_party/blink/web_tests/external/wpt/bluetooth/adapter/adapter-powered-off-getAvailability.https.window.js
third_party/blink/web_tests/external/wpt/bluetooth/adapter/adapter-powered-on-getAvailability.https.window.js
third_party/blink/web_tests/external/wpt/bluetooth/adapter/adapter-powered-on-off-on-getAvailability.https.window.js
third_party/blink/web_tests/external/wpt/bluetooth/adapter/adapter-removed-getAvailability.https.window.js
third_party/blink/web_tests/external/wpt/bluetooth/adapter/cross-origin-iframe-getAvailability.sub.https.window.js
third_party/blink/web_tests/external/wpt/bluetooth/idl/idlharness.tentative.https.window-expected.txt 2 11 23
third_party/blink/web_tests/external/wpt/bluetooth/resources/health-thermometer-iframe.html
third_party/blink/web_tests/external/wpt/resources/chromium/web-bluetooth-test.js 113
third_party/blink/web_tests/platform/mac/virtual/stable/webexposed/global-interface-listing-platform-specific-expected.txt
third_party/blink/web_tests/platform/win/virtual/stable/webexposed/global-interface-listing-platform-specific-expected.txt
third_party/blink/web_tests/webexposed/global-interface-listing-platform-specific-expected.txt
