chrome/android/java/res/drawable/autofill_chip_inset.xml 9
chrome/android/java/res/layout/keyboard_accessory.xml 8 44
chrome/android/java/res/layout/keyboard_accessory_action.xml 9 14 15
chrome/android/java/res/layout/keyboard_accessory_chip.xml 11
chrome/android/java/res/layout/keyboard_accessory_modern.xml 34 45 46 55 61 68
chrome/android/java/res/layout/keyboard_accessory_suggestion.xml 9
chrome/android/java/res/values/dimens.xml 129 130
chrome/android/java/src/org/chromium/chrome/browser/autofill/keyboard_accessory/KeyboardAccessoryCoordinator.java 7 19 20 121 123 144 147 149 151 153 157
chrome/android/java/src/org/chromium/chrome/browser/autofill/keyboard_accessory/KeyboardAccessoryMediator.java 8 56 65 66 68 71 72 73 98 104 111 167
chrome/android/java/src/org/chromium/chrome/browser/autofill/keyboard_accessory/KeyboardAccessoryMetricsRecorder.java 77 78 103 107 113 182 187 209
chrome/android/java/src/org/chromium/chrome/browser/autofill/keyboard_accessory/KeyboardAccessoryModernView.java 20 21 34 35 43 44 45
chrome/android/java/src/org/chromium/chrome/browser/autofill/keyboard_accessory/KeyboardAccessoryModernViewBinder.java 23 24 25 28 32 37 41
chrome/android/java/src/org/chromium/chrome/browser/autofill/keyboard_accessory/KeyboardAccessoryProperties.java 21 22
chrome/android/java/src/org/chromium/chrome/browser/autofill/keyboard_accessory/KeyboardAccessoryView.java 26 53 54 61 92 93
chrome/android/java/src/org/chromium/chrome/browser/autofill/keyboard_accessory/KeyboardAccessoryViewBinder.java 7 31 32 33 36 39 43 80 81 82
chrome/android/javatests/src/org/chromium/chrome/browser/autofill/AutofillKeyboardAccessoryIntegrationTest.java 199
chrome/android/javatests/src/org/chromium/chrome/browser/autofill/keyboard_accessory/KeyboardAccessoryViewTest.java 22 75 76 116 130 142 156 171
chrome/android/javatests/src/org/chromium/chrome/browser/autofill/keyboard_accessory/ManualFillingIntegrationTest.java 244 385
chrome/android/javatests/src/org/chromium/chrome/browser/autofill/keyboard_accessory/ManualFillingUiCaptureTest.java 198 199 200 203
chrome/android/junit/src/org/chromium/chrome/browser/autofill/keyboard_accessory/KeyboardAccessoryControllerTest.java 18 108 118 119 120 124 125 126 130 131 162 170 187 195 202 207 228 229 230 231 248 252 253 258 259 266 270 276 300 347 375 382
chrome/android/junit/src/org/chromium/chrome/browser/autofill/keyboard_accessory/ManualFillingControllerTest.java 229 344 352 355 370 385 390 430 439 657
