content/common/sandbox_policy_fuchsia.cc 7
webrunner/BUILD.gn 170 191
webrunner/app/component_controller_impl.cc 38 39 40 70 71 102 103 104 105
webrunner/app/component_controller_impl.h 29 49 50 51 52 53 61 77
webrunner/browser/DEPS 7
webrunner/browser/context_impl.cc 21 25 26 27
webrunner/browser/context_impl.h 33 34 38 39
webrunner/browser/context_impl_browsertest.cc
webrunner/browser/frame_impl.cc 60 61 62 66 67 106 110
webrunner/browser/frame_impl.h 35 62
webrunner/browser/test/data/title1.html
webrunner/browser/test/data/title2.html
webrunner/browser/webrunner_browser_context.cc
webrunner/browser/webrunner_browser_main_parts.cc 44 45 47 49 51 52 53
webrunner/browser/webrunner_browser_main_parts.h 21 38 39 49
webrunner/browser/webrunner_browser_test.cc
webrunner/browser/webrunner_browser_test.h
webrunner/browser/webrunner_content_browser_client.cc 21 24
webrunner/browser/webrunner_content_browser_client.h
webrunner/browser/webrunner_test_launcher.cc
webrunner/fidl/context.fidl 12 13 15
webrunner/fidl/frame.fidl
webrunner/fidl/frame_observer.fidl 1 2 3 4 5 6 7 8 9 10 11 12 13 14 15 16 17 18 19 20 21 22 23
webrunner/service/common.h 29
webrunner/service/webrunner_main_delegate.cc 18 51
webrunner/service/webrunner_main_delegate.h 37
