chrome/browser/extensions/extension_debugger_api.cc 380
chrome/browser/ui/webui/chrome_web_ui_controller_factory.cc 385 386 387 388 389 390 466
chrome/browser/ui/webui/chrome_web_ui_controller_factory.h 1 5 6 27 57
chrome/common/chrome_content_client.cc
chrome/common/chrome_content_client.h 1
chrome/renderer/chrome_content_renderer_client.cc 701 702 703 704 705 706
content/browser/site_instance_impl_unittest.cc 55 59 60 61 62
content/browser/tab_contents/render_view_host_manager_unittest.cc 48 49 65 77 82 83 84 85 86 87 677 678 679 680 681 682 683 684 685 686 687 688 689 690 691 692 693 694 695 696 697 698 699 700 701 702 703 704
content/browser/tab_contents/tab_contents_unittest.cc 53 66 71 72 73 74 75 80
content/public/browser/web_ui_controller_factory.h 1 45 46 47 48 49
content/public/common/content_client.h 1
content/renderer/media/audio_renderer_impl_unittest.cc
content/renderer/render_process.h 1
content/renderer/render_process_impl.cc 41
content/renderer/render_process_impl.h 1
content/renderer/render_view_browsertest.cc
content/renderer/render_view_impl.cc 2319 2320 2321 2323 2324 2325 2326 2327 2328 2332 2333 2336 2337 2338 2342 2343 2344
content/renderer/render_view_impl.h 781
content/shell/shell_content_client.cc 1
content/shell/shell_content_client.h 1
content/test/mock_render_process.cc 1 11
content/test/mock_render_process.h 1
content/test/mock_render_thread.cc 16 76 77 81 82
content/test/mock_render_thread.h 22 127
content/test/render_view_test.cc
content/test/test_content_client.cc
content/test/test_content_client.h 1
content/test/webrtc_audio_device_test.cc
