chrome/browser/printing/print_preview_message_handler.cc
chrome/browser/printing/print_preview_message_handler.h
chrome/browser/resources/print_preview/fit_to_page_settings.js
chrome/browser/resources/print_preview/header_footer_settings.html 1 2 3 4 5 6 7
chrome/browser/resources/print_preview/header_footer_settings.js 111 112 117 118 119 120 121
chrome/browser/resources/print_preview/more_options.html
chrome/browser/resources/print_preview/more_options.js
chrome/browser/resources/print_preview/preview_area.js 174
chrome/browser/resources/print_preview/print_preview.html 46
chrome/browser/resources/print_preview/print_preview.js 582 584 608 977
chrome/browser/ui/webui/print_preview/print_preview_data_source.cc
chrome/browser/ui/webui/print_preview/print_preview_ui.cc
chrome/browser/ui/webui/print_preview/print_preview_ui.h
chrome/common/print_messages.cc 27 53
chrome/common/print_messages.h
chrome/renderer/print_web_view_helper.cc 1378 1379 1380 1381 1382 1383 1384 1385 1386 1387 1388 1389 1390 1391 1392 1393 1394 1395 1397 1450 1451 1452 1453
chrome/renderer/print_web_view_helper.h
chrome/test/data/webui/print_preview.js 281 292 303 315
printing/print_job_constants.cc
printing/print_job_constants.h
