chrome/browser/resources/options2/alert_overlay.html
chrome/browser/resources/options2/autofill_edit_address_overlay.html
chrome/browser/resources/options2/autofill_edit_creditcard_overlay.html
chrome/browser/resources/options2/autofill_options.html
chrome/browser/resources/options2/certificate_backup_overlay.html
chrome/browser/resources/options2/certificate_edit_ca_trust_overlay.html
chrome/browser/resources/options2/certificate_import_error_overlay.html
chrome/browser/resources/options2/certificate_manager.html
chrome/browser/resources/options2/certificate_restore_overlay.html
chrome/browser/resources/options2/chromeos/accounts_options.html
chrome/browser/resources/options2/chromeos/bluetooth_add_device_overlay.html
chrome/browser/resources/options2/chromeos/bluetooth_pair_device_overlay.html
chrome/browser/resources/options2/chromeos/change_picture_options.html
chrome/browser/resources/options2/chromeos/internet_detail.html
chrome/browser/resources/options2/chromeos/internet_options.html
chrome/browser/resources/options2/chromeos/keyboard_overlay.html
chrome/browser/resources/options2/chromeos/language_chewing_options.html
chrome/browser/resources/options2/chromeos/language_hangul_options.html
chrome/browser/resources/options2/chromeos/language_mozc_options.html
chrome/browser/resources/options2/chromeos/language_pinyin_options.html
chrome/browser/resources/options2/chromeos/pointer_overlay.html
chrome/browser/resources/options2/chromeos/preferred_networks.html
chrome/browser/resources/options2/chromeos/proxy.html
chrome/browser/resources/options2/chromeos/virtual_keyboard.html
chrome/browser/resources/options2/clear_browser_data_overlay.html
chrome/browser/resources/options2/content_settings.html
chrome/browser/resources/options2/content_settings_exceptions_area.html
chrome/browser/resources/options2/cookies_view.html
chrome/browser/resources/options2/font_settings.html
chrome/browser/resources/options2/handler_options.html
chrome/browser/resources/options2/home_page_overlay.html
chrome/browser/resources/options2/import_data_overlay.html
chrome/browser/resources/options2/instant_confirm_overlay.html
chrome/browser/resources/options2/language_add_language_overlay.html
chrome/browser/resources/options2/language_options.html
chrome/browser/resources/options2/manage_profile_overlay.html
chrome/browser/resources/options2/options_page.css 191 192 193 194 195 196 197 198
chrome/browser/resources/options2/password_manager.html
chrome/browser/resources/options2/search_engine_manager.html
chrome/browser/resources/options2/session_restore_overlay.html
chrome/browser/resources/options2/startup_overlay.html
chrome/browser/resources/shared/css/overlay.css 27 36 37 38 39 40 41 42 44 45 49 50 51 52 53 60 61 63 64 66 73 80 82
chrome/browser/resources/shared/js/cr/ui/overlay.js 54 57 69 76 79
chrome/browser/resources/shared_resources.grd
chrome/browser/resources/sync_setup_overlay.html
