third_party/WebKit/LayoutTests/ChangeLog
third_party/WebKit/LayoutTests/http/tests/security/XFrameOptions/x-frame-options-deny-expected.txt 4 5
third_party/WebKit/LayoutTests/http/tests/security/XFrameOptions/x-frame-options-deny-meta-tag-expected.txt 6 7 8 9 10 11
third_party/WebKit/LayoutTests/http/tests/security/XFrameOptions/x-frame-options-deny-meta-tag-in-body-expected.txt 6 7 8 9 10
third_party/WebKit/LayoutTests/http/tests/security/XFrameOptions/x-frame-options-deny-meta-tag-in-body.html 9 10 11 12 13 14 15 16
third_party/WebKit/LayoutTests/http/tests/security/XFrameOptions/x-frame-options-deny-meta-tag-parent-same-origin-deny-expected.txt 6 7 8 9 10 11
third_party/WebKit/LayoutTests/http/tests/security/XFrameOptions/x-frame-options-deny-meta-tag-parent-same-origin-deny.html 9 10 11 12 13 14 15 16
third_party/WebKit/LayoutTests/http/tests/security/XFrameOptions/x-frame-options-deny-meta-tag.html 9 10 12 13 14 15 16
third_party/WebKit/LayoutTests/http/tests/security/XFrameOptions/x-frame-options-deny.html 6 7 8 9 10 11 12 13 14 15 16 21
third_party/WebKit/LayoutTests/http/tests/security/XFrameOptions/x-frame-options-multiple-headers-sameorigin-deny-expected.txt 4 5
third_party/WebKit/LayoutTests/http/tests/security/XFrameOptions/x-frame-options-multiple-headers-sameorigin-deny.html 9 10 11 12 13 14 15 16 17 18 19 25
third_party/WebKit/LayoutTests/http/tests/security/XFrameOptions/x-frame-options-parent-same-origin-deny-expected.txt 4 5
third_party/WebKit/LayoutTests/http/tests/security/XFrameOptions/x-frame-options-parent-same-origin-deny.html 6 7 8 9 10 11 12 13 14 15 16 21
third_party/WebKit/LayoutTests/platform/chromium/http/tests/security/XFrameOptions/x-frame-options-deny-expected.txt 3 4
third_party/WebKit/LayoutTests/platform/chromium/http/tests/security/XFrameOptions/x-frame-options-deny-meta-tag-expected.txt 5 6 7 8 9
third_party/WebKit/LayoutTests/platform/chromium/http/tests/security/XFrameOptions/x-frame-options-deny-meta-tag-in-body-expected.txt 5 6 7 8 9
third_party/WebKit/LayoutTests/platform/chromium/http/tests/security/XFrameOptions/x-frame-options-deny-meta-tag-parent-same-origin-deny-expected.txt 5 6 7 8 9
third_party/WebKit/LayoutTests/platform/chromium/http/tests/security/XFrameOptions/x-frame-options-multiple-headers-sameorigin-deny-expected.txt 3 4
third_party/WebKit/LayoutTests/platform/chromium/http/tests/security/XFrameOptions/x-frame-options-parent-same-origin-deny-expected.txt 3 4
third_party/WebKit/Source/WebCore/ChangeLog
third_party/WebKit/Source/WebCore/dom/Document.cpp 2951 2952 2953 2954
third_party/WebKit/Source/WebCore/loader/DocumentLoader.cpp 594
