content/renderer/media/stream/webmediaplayer_ms.cc 847 852 853 854 855 856 857 858 859 860 861
content/renderer/media/stream/webmediaplayer_ms.h 166 167 168
content/renderer/media_capture_from_element/html_video_element_capturer_source_unittest.cc 79 80 81
media/blink/multibuffer_data_source.cc 289 290 291 292 293 294 295 296 297 298 299 300 301 302 303 304 305 630 631
media/blink/multibuffer_data_source.h 82 83 84 85 86 87
media/blink/multibuffer_data_source_unittest.cc 1496 1501 1502 1503 1504 1505 1511 1516 1520 1521 1522 1524
media/blink/resource_multibuffer_data_provider.cc 336 337 338 339
media/blink/url_index.cc 68 106 107 108 125 126 128
media/blink/url_index.h 128 148 241 242 243
media/blink/webmediaplayer_impl.cc 1178 1179 1180 1181 1182 1183 1196 1197 1198 1199
media/blink/webmediaplayer_impl.h 191 192 193 194
third_party/WebKit/LayoutTests/external/wpt/service-workers/service-worker/fetch-audio-tainting.https.html
third_party/WebKit/LayoutTests/external/wpt/service-workers/service-worker/fetch-canvas-tainting-video-cache.https-expected.txt 1 2 3 4 5 6 7 8 9 10 11 12 13 14 15 16 17 18 19 20 21 22 23 24 25 26 27 28 29 30 31 32 33 34 35 36 37 38 39 40 41 42 43
third_party/WebKit/LayoutTests/external/wpt/service-workers/service-worker/fetch-canvas-tainting-video.https-expected.txt 1 2 3 4 5 6 7 8 9 10 11 12 13 14 15 16 17 18 19 20 21 22 23 24 25 26 27 28 29 30 31 32 33 34 35 36 37 38 39 40 41 42 43
third_party/blink/public/platform/web_media_player.h 210 211 212
third_party/blink/renderer/core/html/media/html_media_element.cc 1509 1510 1511 1512 1513 1514 1515 1516 1517 1518 1519 1521 1522 1523 1526 1527 1528 1529 1530 1531 1532
third_party/blink/renderer/core/html/media/html_media_element.h 271 272 273 274 275
third_party/blink/renderer/modules/webaudio/base_audio_context.cc 961 962 963 964 965 966 967 968 969 970 971 972 973 974 975 976 977
third_party/blink/renderer/modules/webaudio/base_audio_context.h 299 300 301 302 303 304 305
third_party/blink/renderer/modules/webaudio/media_element_audio_source_node.cc 139 140 141 142 143 144 145 146 147 148 149 150 151
third_party/blink/renderer/platform/testing/empty_web_media_player.h 53 54 55
