third_party/WebKit/LayoutTests/ChangeLog
third_party/WebKit/LayoutTests/fast/mediastream/RTCPeerConnection-createOffer.html 22 34
third_party/WebKit/LayoutTests/fast/mediastream/RTCPeerConnection-localDescription-expected.txt 1 2 3 4 5 6 7 8 9 10 11 12 13 14
third_party/WebKit/LayoutTests/fast/mediastream/RTCPeerConnection-localDescription.html 1 2 3 4 5 6 7 8 9 10 11 12 13 14 15 16 17 18 19 20 21 22 23 24 25 26 27 28 29 30 31 32 33 34 35 36 37 38 39 40 41 42 43 44 45 46 47 48 49 50
third_party/WebKit/LayoutTests/fast/mediastream/RTCPeerConnection-remoteDescription-expected.txt 1 2 3 4 5 6 7 8 9 10 11 12 13 14
third_party/WebKit/LayoutTests/fast/mediastream/RTCPeerConnection-remoteDescription.html 1 2 3 4 5 6 7 8 9 10 11 12 13 14 15 16 17 18 19 20 21 22 23 24 25 26 27 28 29 30 31 32 33 34 35 36 37 38 39 40 41 42 43 44 45 46 47 48 49 50
third_party/WebKit/Source/Platform/ChangeLog
third_party/WebKit/Source/Platform/Platform.gypi 113
third_party/WebKit/Source/Platform/chromium/public/WebRTCPeerConnectionHandler.h 42 51 52 53 54
third_party/WebKit/Source/Platform/chromium/public/WebRTCVoidRequest.h 1 2 3 4 5 6 7 8 9 10 11 12 13 14 15 16 17 18 19 20 21 22 23 24 25 26 27 28 29 30 31 32 33 34 35 36 37 38 39 40 41 42 43 44 45 46 47 48 49 50 51 52 53 54 55 56 57 58 59 60 61 62 63 64 65 66 67 68 69 70 71 72 73 74 75 76 77 78 79 80 81 82 83 84 85 86 87
third_party/WebKit/Source/WebCore/CMakeLists.txt 864
third_party/WebKit/Source/WebCore/ChangeLog
third_party/WebKit/Source/WebCore/GNUmakefile.list.am 1939 1940 4570
third_party/WebKit/Source/WebCore/Modules/mediastream/RTCErrorCallback.h 44
third_party/WebKit/Source/WebCore/Modules/mediastream/RTCErrorCallback.idl 37
third_party/WebKit/Source/WebCore/Modules/mediastream/RTCPeerConnection.cpp 51 53 156 160 161 162 163 164 165 166 167 168 169 170 171 172 173 174 175 176 177 178 179 180 181 182 183 184 185 186 187 188 189 190 191 192 193 194 195 196 197 198 199 200 201 202 203 204 205 206 207 208 209 210 211 212 213 214 215 216 217 218 219 220 221 222 223
third_party/WebKit/Source/WebCore/Modules/mediastream/RTCPeerConnection.h 52 54 63 64 65 66 67 68
third_party/WebKit/Source/WebCore/Modules/mediastream/RTCPeerConnection.idl 44 45 46 47 48 49 50 51 52 53
third_party/WebKit/Source/WebCore/Modules/mediastream/RTCSessionDescriptionCallback.h 45
third_party/WebKit/Source/WebCore/Modules/mediastream/RTCSessionDescriptionCallback.idl 37
third_party/WebKit/Source/WebCore/Modules/mediastream/RTCSessionDescriptionRequestImpl.cpp 45 47 52 67 76
third_party/WebKit/Source/WebCore/Modules/mediastream/RTCSessionDescriptionRequestImpl.h 47 57
third_party/WebKit/Source/WebCore/Modules/mediastream/RTCVoidRequestImpl.cpp 1 2 3 4 5 6 7 8 9 10 11 12 13 14 15 16 17 18 19 20 21 22 23 24 25 26 27 28 29 30 31 32 33 34 35 36 37 38 39 40 41 42 43 44 45 46 47 48 49 50 51 52 53 54 55 56 57 58 59 60 61 62 63 64 65 66 67 68 69 70 71 72 73 74 75 76 77 78 79 80 81 82 83 84 85 86 87 88 89 90
third_party/WebKit/Source/WebCore/Modules/mediastream/RTCVoidRequestImpl.h 1 2 3 4 5 6 7 8 9 10 11 12 13 14 15 16 17 18 19 20 21 22 23 24 25 26 27 28 29 30 31 32 33 34 35 36 37 38 39 40 41 42 43 44 45 46 47 48 49 50 51 52 53 54 55 56 57 58 59 60 61 62 63 64 65 66 67 68 69 70
third_party/WebKit/Source/WebCore/WebCore.gypi 463 469 1624 1625 8355
third_party/WebKit/Source/WebCore/platform/chromium/support/WebRTCVoidRequest.cpp 1 2 3 4 5 6 7 8 9 10 11 12 13 14 15 16 17 18 19 20 21 22 23 24 25 26 27 28 29 30 31 32 33 34 35 36 37 38 39 40 41 42 43 44 45 46 47 48 49 50 51 52 53 54 55 56 57 58 59 60 61 62 63 64 65 66 67 68 69 70 71 72 73 74 75 76 77 78 79 80 81 82 83 84 85 86 87 88 89 90 91 92 93 94 95 96 97
third_party/WebKit/Source/WebCore/platform/mediastream/RTCPeerConnectionHandler.cpp 38 39 54 55 56 57 73 74 75 76 77 78 79 80 84 100 101 102 103 104 105 106 107 108 109 110 111 112 113 114 115 116 117
third_party/WebKit/Source/WebCore/platform/mediastream/RTCPeerConnectionHandler.h 48 53 58 59 60 61 69
third_party/WebKit/Source/WebCore/platform/mediastream/RTCVoidRequest.h 1 2 3 4 5 6 7 8 9 10 11 12 13 14 15 16 17 18 19 20 21 22 23 24 25 26 27 28 29 30 31 32 33 34 35 36 37 38 39 40 41 42 43 44 45 46 47 48 49 50 51 52 53 54 55 56 57 58 59 60 61 62 63 64 65 66 67 68 69
third_party/WebKit/Source/WebCore/platform/mediastream/chromium/RTCPeerConnectionHandlerChromium.cpp 50 85 86 87 88 89 90 91 92 93 94 95 96 97 98 99 100 117 118 119 120 121 122 123 124 125 126 127 128 129 130 131 132
third_party/WebKit/Source/WebCore/platform/mediastream/chromium/RTCPeerConnectionHandlerChromium.h 58 59 60 61
third_party/WebKit/Tools/ChangeLog
third_party/WebKit/Tools/DumpRenderTree/chromium/MockWebRTCPeerConnectionHandler.cpp 40 46 47 48 49 50 51 52 53 54 55 56 57 58 59 60 61 62 63 64 65 66 67 68 69 70 71 72 73 74 75 76 77 78 79 80 81 82 83 84 85 86 87 88 89 91 92 93 94 95 96 97 99 100 101 102 104 158 159 160 161 162 163 164 165 166 167 168 169 170 171 172 173 174 175 176 178 179 180 181 182 183 184 185 186 187 188
third_party/WebKit/Tools/DumpRenderTree/chromium/MockWebRTCPeerConnectionHandler.h 52 53 54 55 70 71
