third_party/WebKit/Source/core/editing/SimplifyMarkupCommand.cpp 80
third_party/WebKit/Source/core/rendering/RenderBlock.cpp 288 351
third_party/WebKit/Source/core/rendering/RenderBlockFlow.cpp 1817 1833 1858
third_party/WebKit/Source/core/rendering/RenderBox.cpp 146 147 156 212
third_party/WebKit/Source/core/rendering/RenderFlexibleBox.cpp 216
third_party/WebKit/Source/core/rendering/RenderLayer.cpp 3800 3809 3814
third_party/WebKit/Source/core/rendering/RenderLayerModelObject.cpp 101 108
third_party/WebKit/Source/core/rendering/RenderObject.cpp 1869 1870 1871 1872 1873 1874 1875 1880 1882 1883 1884 1887 1890 1891 1892 1895 1897 1902 1905 1909 1910 1962 1997 1998 2000 2001 2002 2003 2004 2005 2006 2009 2043 2049 2066 2070 2139 2150 2154 2155 2156 2157
third_party/WebKit/Source/core/rendering/RenderScrollbarPart.cpp 154
third_party/WebKit/Source/core/rendering/RenderTableRow.cpp 82
third_party/WebKit/Source/core/rendering/RenderText.cpp 196
third_party/WebKit/Source/core/rendering/RenderTextControlSingleLine.cpp 244
third_party/WebKit/Source/core/rendering/style/RenderStyle.cpp 377 596 601
third_party/WebKit/Source/core/rendering/style/RenderStyle.h 1782
third_party/WebKit/Source/core/rendering/style/RenderStyleConstants.h 58
third_party/WebKit/Source/core/rendering/style/SVGRenderStyle.cpp 121
third_party/WebKit/Source/core/rendering/style/SVGRenderStyle.h 51
third_party/WebKit/Source/core/rendering/style/StyleDifference.h
third_party/WebKit/Source/core/rendering/svg/RenderSVGBlock.cpp 81
third_party/WebKit/Source/core/rendering/svg/RenderSVGGradientStop.cpp 45
third_party/WebKit/Source/core/rendering/svg/RenderSVGInline.cpp 128
third_party/WebKit/Source/core/rendering/svg/RenderSVGInlineText.cpp 92
third_party/WebKit/Source/core/rendering/svg/RenderSVGModelObject.cpp 103
third_party/WebKit/Source/core/rendering/svg/RenderSVGResourceContainer.cpp 230
third_party/WebKit/Source/core/rendering/svg/RenderSVGResourceFilterPrimitive.cpp 43
third_party/WebKit/Source/core/rendering/svg/RenderSVGRoot.cpp 285 287
third_party/WebKit/Source/core/rendering/svg/SVGInlineTextBox.cpp 684 685 689 690
third_party/WebKit/Source/core/rendering/svg/SVGResourcesCache.cpp 125 129
third_party/WebKit/Source/core/rendering/svg/SVGResourcesCache.h 23
