third_party/WebKit/Source/JavaScriptCore/ChangeLog
third_party/WebKit/Source/JavaScriptCore/JavaScriptCore.vcproj/JavaScriptCore/JavaScriptCore.def
third_party/WebKit/Source/JavaScriptCore/runtime/Error.cpp
third_party/WebKit/Source/JavaScriptCore/runtime/Error.h
third_party/WebKit/Source/WebCore/ChangeLog
third_party/WebKit/Source/WebCore/bindings/js/JSDataViewCustom.cpp 68 125
third_party/WebKit/Source/WebCore/bindings/js/JSDeprecatedPeerConnectionCustom.cpp 49
third_party/WebKit/Source/WebCore/bindings/js/JSDirectoryEntryCustom.cpp 51 99
third_party/WebKit/Source/WebCore/bindings/js/JSSharedWorkerCustom.cpp 63
third_party/WebKit/Source/WebCore/bindings/js/JSWebKitMutationObserverCustom.cpp 54 86
third_party/WebKit/Source/WebCore/bindings/js/JSWorkerCustom.cpp 58
third_party/WebKit/Source/WebCore/bindings/scripts/CodeGeneratorJS.pm 2412
third_party/WebKit/Source/WebCore/bindings/scripts/test/JS/JSFloat64Array.cpp 234
third_party/WebKit/Source/WebCore/bindings/scripts/test/JS/JSTestActiveDOMObject.cpp 189 206
third_party/WebKit/Source/WebCore/bindings/scripts/test/JS/JSTestCustomNamedGetter.cpp 179
third_party/WebKit/Source/WebCore/bindings/scripts/test/JS/JSTestEventTarget.cpp 234 256 273 290
third_party/WebKit/Source/WebCore/bindings/scripts/test/JS/JSTestInterface.cpp 127 356
third_party/WebKit/Source/WebCore/bindings/scripts/test/JS/JSTestMediaQueryListListener.cpp 169
third_party/WebKit/Source/WebCore/bindings/scripts/test/JS/JSTestNamedConstructor.cpp 94
third_party/WebKit/Source/WebCore/bindings/scripts/test/JS/JSTestObj.cpp 238 1580 1616 1653 1677 1694 1712 1735 1752 1769 1830 1847 2026 2053 2140 2159 2247 2267 2294 2311 2328 2347 2364 2421 2429 2443 2473 2507 2524 2541 2558 2575 2630
third_party/WebKit/Source/WebCore/bindings/scripts/test/JS/JSTestSerializedScriptValueInterface.cpp 93 285
