base/mac/cocoa_protocols.h 1
chrome/browser/chromeos/cros/cros_mock.cc 294 295
chrome/browser/extensions/extension_function_dispatcher.cc 254 255
chrome/browser/extensions/extension_tts_api.cc 6 8 9 10 12 13 14 17 18 19 20 21 22 23 24 25 26 27 28 29 30 31 32 34 35 36 37 38 39 40 41 42 43 44 45 46 47 48 49 50 51 52 53 54 55 56 57 58 59 60 61 62 63 64 65 66 67 68 71 72 73 74 75 76 77 78 79 80 81 82 83 84 87 88 89 92 93 94 97 98 99 100 101 102 103 104 105 106 107 108 109 110 111 112 113 114 115 116 117 118 119 120 121 122 123 124 125 126 127 128 129 130 131 132 133 134 135 136 138 139 140 141 142 143 144 145 146 148 149 150 151 152 153 154 155 156 157 159 160 161 162 163 164 165 166 167 168 169 170 171 172 173 174 175 176 177 178 179 180 181 182 183 184 185 186 187 188 189 190 191 192 193 194 195 196 197 198 199 200 201 202 203 204 205 206 207 208 209 210 211 212 213 214 215 218 219 220 221 222 223 224 225 226 227 228 229 231 232 233 234 235 236 237 239 240 241 242 243 244 245 246 247 248 249 250 253 254 255 256 257 258 259 260 261 262 263 264 265 266 267 268 269 270 271 272 273 274 275 276 277 278 279 280 281 283 285 286 287 288 289 290 291 292 293 294 295 296 297 298 299 300 302 303 304 305 306 308 309 310 311 312 313 316 317 318 319 320 321 322 323 324 326 327 328 329 330 331 333 334 335 336 337 338 339 340 341 342 343 344 345 346 347 348 349 350 351 352 353 354 358 359 360 361 362 363 364 376 377 378 379 380 381 382 383 384
chrome/browser/extensions/extension_tts_api.h 8 11 12 14 16 17 18 19 20 21 22 23 24 25 26 27 28 29 30 31 32 33 34 35 36 37 38 39 40 41 42 43 44 45 46 47 48 49 50 51 52 53 54 55 56 57 58 59 60 61 62 63 64 65 66 67 68 69 70 71 72 73 74 75 76 77 78 79 80 81 82 83 84 85 86 87 88 89 90 91 92 93 94 95 96 97 98 99 100 101 102 103 104 105 106 107 108 109 110 111 112 113 114 115 116 117 118 119 120 121 122 123 124 125 126 127 128 129 130 131 132 133 134 135 136 137 138 139 140 141 142 143 144 145 146 147 148 149 150 151 152 153 154 155 156 157 158 159 160 161 162 163 164 165 166 167 168 169 170 171 172 173 174 175 176 177 178 179 180 181 182 183 184 185 186 187 188 189 190 191 192 193 194 195 196 197 198 199 200 201 202 203 204 205 206 209 210 211 218 225 229 231 232 233
chrome/browser/extensions/extension_tts_api_chromeos.cc 5 6 11 12 24 25 26 27 28 32 38 57 58 59 60 61 70 73 77 78 79 80 81 82 83 84 87 91 95 99 103 112 125 126 127 128 131 132
chrome/browser/extensions/extension_tts_api_constants.cc
chrome/browser/extensions/extension_tts_api_constants.h
chrome/browser/extensions/extension_tts_api_controller.cc
chrome/browser/extensions/extension_tts_api_controller.h
chrome/browser/extensions/extension_tts_api_linux.cc 5 6 8 9 20 21 22 23 24
chrome/browser/extensions/extension_tts_api_mac.mm 5 6 15 21 22 23 24 25 36 38 52 53 54 55 56 57 58 59 60 61 63 67 70 74 76 94
chrome/browser/extensions/extension_tts_api_platform.cc
chrome/browser/extensions/extension_tts_api_platform.h
chrome/browser/extensions/extension_tts_api_util.cc 1 2 3 4 5 6 7 8 9 10 11 12 13 14 15 16 17
chrome/browser/extensions/extension_tts_api_util.h 1 2 3 4 5 6 7 8 9 10 11 12 13 14 15 16 17 18 19 20 21 22 23
chrome/browser/extensions/extension_tts_api_win.cc 5 6 7 8 16 17 23 24 25 26 27 55 56 57 58 59 60 65 66 68 69 70 73 78 79 80 83 85 92 93 95
chrome/browser/extensions/extension_tts_apitest.cc 1 30 31 32 33 34 35 36 38 66 67 68 69 70 71 72 73 74 75 76 77 78 79 80 81 82 87 91 93 94 95 96 97 98 99 100 103 104 105 106 107 108 118 120 121 122 123 124 125 126 127 130 131 132 133 134 135 143 144 145 146 147 148 149 150 151 152 153 154 162 163 164 165 166 167 168 176 177 178 179 183 184 185 186 187 188 189 192 193 197 198 199 200 201 202 205
chrome/browser/extensions/extension_tts_engine_api.cc
chrome/browser/extensions/extension_tts_engine_api.h
chrome/browser/extensions/extensions_quota_service_unittest.cc 1
chrome/chrome_browser.gypi 1043 1044
chrome/common/extensions/api/extension_api.json 520 538 541 552 553 554 560 561 576 607 610 617 618 619 633 645 648 659 660 661 667 668 675 681 682 685 686 687 688
chrome/common/extensions/docs/experimental.html
chrome/common/extensions/docs/experimental.tts.html 282 307 308 314 315 318 319 320 324 328 346 347 365 377 379 383 384 385 386 387 388 389 391 392 393 394 396 398 399 400 403 404 406 407 409 413 415 418 421 422 423 424 425 426 427 428 429 430 431 432 433 434 435 436 437 438 439 440 441 442 443 444 445 446 447 448 450 451 452 453 454 455 456 457 458 459 460 461 462 463 464 465 466 467 468 469 470 471 472 473 474 475 476 477 478 479 480 481 482 483 484 485 486 487 488 489 766 987 1015 1055 1062 1072 1083 1123 1130 1139 1140 1151 1191 1219 1259 1287 1324 1325 1326 1328 1329 1344 1345 1347 1363 1375 1412 1413 1415 1416 1417 1418 1419 1420 1421 1422 1424 1426 1427 1428 1429 1430 1431 1432 1433 1434 1435 1437 1438 1439 1440 1441 1442 1443 1444 1445 1448 1449 1450 1451 1452 1453 1454 1455 1457 1458 1459 1461 1462 1463 1464 1466 1467 1468 1469 1470 1472 1473 1474 1475 1477 1482 1484 1494 1504 1506 1515 1592 1593 1597 1598 1602 1606 1607 1609 1611 1612 1613 1614 1616 1623 1633 1644 1681 1682 1684 1690 1700 1712 1724 1729 1757 1794 1795 1797 1803 1813 1825 1837 1841 1842 1843 1844 1845 1846 1847 1848 1849 1850 1851 1852 1853 1854 1855 1856 1857 1858 1859 1860 1861 1862 1863 1865 1872 1882 1893 1933 1949 1961 2001 2008 2017 2018 2029 2069 2085 2097 2134 2135 2136 2137 2138 2139 2140 2141 2142 2143 2144 2145 2146 2147 2148 2149 2150 2151 2152 2153 2154 2155 2157 2163 2173 2185 2222 2223 2224 2225 2226 2227 2228 2229 2230 2231 2232 2233 2234 2235 2236 2237 2238 2239 2240 2241 2242 2243 2244 2245 2246 2247 2248 2249 2250 2251 2252 2253 2256 2257 2258 2259 2260 2261 2262 2263 2264 2265 2266 2267 2268 2269 2270 2271 2272 2273 2274 2275 2276 2277 2278 2279 2280 2281 2282 2283 2284 2285 2286 2287 2288 2289 2290 2291 2292 2293 2294 2296 2297 2298 2299 2301 2302 2303 2304 2306 2307
chrome/common/extensions/docs/experimental.ttsEngine.html
chrome/common/extensions/docs/static/experimental.tts.html 3 4 22 34 36 40 41 42 43 44 45 46 48 49 50 51 53 55 56 57 60 61 63 64 70 72 75 78 79 80 81 82 83 84 85 86 87 88 89 90 91 92 93 94 95 96 97 98 99 100 101 102 103 104 105 107 108 109 110 111 112 113 114 115 116 117 118 119 120 121 122 123 124 125 126 127 128 129 130 131 132 133 134 135 136 137 138 139 140 141 142 143 144 145 146
chrome/common/extensions/docs/static/experimental.ttsEngine.html
chrome/common/extensions/extension.cc 2248 2250 2277 2279 2280 2281
chrome/common/extensions/extension.h 142
chrome/common/extensions/extension_constants.cc 84 89 90 329 331 333 334 335 337
chrome/common/extensions/extension_constants.h 89 94 226
chrome/common/extensions/extension_manifests_unittest.cc 709 710 712 714 716 718 719 720 721 722 726 730
chrome/renderer/extensions/extension_process_bindings.cc
chrome/renderer/resources/extension_process_bindings.js 532 534 535 536 537 538 539 540 541
chrome/renderer/resources/renderer_extension_bindings.js
chrome/test/data/extensions/api_test/tts/chromeos/test.js 1 11 12 13 14 15 16 17 18 19 21 22 23 24 25
chrome/test/data/extensions/api_test/tts/enqueue/test.js 1 9 11 12 13 14 15 16 17 18 19 20 21 22 23
chrome/test/data/extensions/api_test/tts/interrupt/test.js 1 9 11 12 13 14 15 16 17 18 19 20 21 22 23 24
chrome/test/data/extensions/api_test/tts/provide/test.js 1 2 3 4 5 6 7 8 9 10 11 12 13 14 15 16 17 18 19 20 21 22 23 24 25 26 27 28 29 30 31 32 33 34 35 36 37 38 39 40 41 42 43 44 45 46 47 48 49 50 51 52 53 54 55 56 57 58 59 60 61 62 63 64 65 66 67 68 69 70 71 72 73 74 75 76 77 78 79 80 81 82 83 84 85 86 87 88 89 90 91 92 93 94 95 96 97 98 99 100 101 102 103 104 105 106 107 108 109 110 111 112 113
chrome/test/data/extensions/api_test/tts/queue_interrupt/test.js 1 9 15 16 17 18 19 20 21 22 23 24 25 26 27 28 29 30 31 32 33
chrome/test/data/extensions/api_test/tts/speak_error/test.js 1 9 11 12 13 14 15 16 17 18 19 20 21 22 23 24 25 26 27
chrome/test/data/extensions/api_test/tts/speak_once/test.js 1 5 9 10 11 12 13
chrome/test/data/extensions/api_test/tts/word_callbacks/manifest.json
chrome/test/data/extensions/api_test/tts/word_callbacks/test.html
chrome/test/data/extensions/api_test/tts/word_callbacks/test.js
chrome/test/data/extensions/api_test/tts_engine/engine_error/manifest.json
chrome/test/data/extensions/api_test/tts_engine/engine_error/test.html
chrome/test/data/extensions/api_test/tts_engine/engine_error/test.js
chrome/test/data/extensions/api_test/tts_engine/engine_word_callbacks/manifest.json
chrome/test/data/extensions/api_test/tts_engine/engine_word_callbacks/test.html
chrome/test/data/extensions/api_test/tts_engine/engine_word_callbacks/test.js
chrome/test/data/extensions/api_test/tts_engine/register_engine/manifest.json
chrome/test/data/extensions/api_test/tts_engine/register_engine/test.html
chrome/test/data/extensions/api_test/tts_engine/register_engine/test.js
chrome/test/data/extensions/manifest_tests/tts_engine_invalid_1.json
chrome/test/data/extensions/manifest_tests/tts_engine_invalid_2.json
chrome/test/data/extensions/manifest_tests/tts_engine_invalid_3.json
chrome/test/data/extensions/manifest_tests/tts_engine_invalid_4.json
chrome/test/data/extensions/manifest_tests/tts_engine_invalid_5.json
chrome/test/data/extensions/manifest_tests/tts_engine_invalid_6.json
chrome/test/data/extensions/manifest_tests/tts_engine_invalid_7.json
chrome/test/data/extensions/manifest_tests/tts_engine_invalid_8.json
chrome/test/data/extensions/manifest_tests/tts_engine_invalid_9.json
chrome/test/data/extensions/manifest_tests/tts_engine_valid.json
