chrome/common/chrome_content_client.cc
content/browser/gpu/browser_gpu_channel_host_factory.cc 29 30 156 159 190 191 194 195 196 197 198 199 200 201 202 203 204 205 206 207 213
content/browser/gpu/browser_gpu_channel_host_factory.h 51 68
content/browser/gpu/gpu_process_host.cc 270 341 342 343 344 345 501 502 503 504 524 626 627 628 629 630 631 632 633 634 635 636 637 638 639 640 641 642 643 644 777
content/browser/gpu/gpu_process_host.h 44 168 169 170
content/browser/renderer_host/gpu_message_filter.cc 176 180 181 182 183 184 185 186 187 188 189 190 191 192 193 194 195 196 197 198 200
content/browser/renderer_host/gpu_message_filter.h 61
content/common/gpu/client/command_buffer_proxy_impl.cc 237 263
content/common/gpu/client/gpu_channel_host.cc 96 98 107 108 133 134 135 136
content/common/gpu/client/gpu_channel_host.h 86 91 92 155 183
content/common/gpu/client/webgraphicscontext3d_command_buffer_impl.cc 487
content/common/gpu/gpu_channel.cc 43 44 65 66 67 68 116 117 118 119 214 315 316 317 318 319 320 321 322 323
content/common/gpu/gpu_channel.h 65 66 67 72 122 152 153 154 155 156 157
content/common/gpu/gpu_command_buffer_stub.cc 470 471 472 473 474 475 476 477 478 480 509 510 511 512 519 520 521 560 561
content/common/gpu/gpu_messages.h 219 223 295 296 297 298 299 300 301
content/common/gpu/media/dxva_video_decode_accelerator.cc 145 148 149 150 151 152 153 154 155 156 157 158 508 509 514 563
content/common/gpu/media/dxva_video_decode_accelerator.h 42 43 44 190 191 192
content/common/gpu/media/gpu_video_decode_accelerator.cc 119 120 136
content/common/gpu/media/gpu_video_decode_accelerator.h 50 51
content/common/gpu/media/video_decode_accelerator_unittest.cc 658
content/common/np_channel_base.h 78
content/common/sandbox_policy.cc 383 388 389 391 454 455 456 457 458 459 460 461 462 463 464 465 466 467 472 473 474 475 476 477
content/plugin/plugin_channel.cc 164 165 176 177 178 288 289 290 291 292 293 294 295 296 298 299
content/plugin/plugin_channel.h 1 39 62 91 92 93
content/plugin/webplugin_proxy.cc 132 133 134 135 473 474 475 476 477 478 479 480 486 491
content/renderer/render_thread_impl.cc 913 918 920 924 935
content/renderer/webplugin_delegate_proxy.cc 487 523 527 531
