third_party/libxml/README.chromium 3 17 19 23 24
third_party/libxml/chromium/chromium-issue-620679.patch 1 2 3 4 5 6 7 8 9 10 11 12 13 14 15 16 17 18 19 20 21 22 23 24
third_party/libxml/chromium/chromium-issue-683629.patch 1 2 3 4 5 6 7 8 9 10 11 12 13 14 15 16
third_party/libxml/chromium/libxml2-2.9.4-security-CVE-2017-7376-nanohttp-out-of-bounds-write.patch 5 6 7 8 9 10 11 12
third_party/libxml/chromium/libxml2-2.9.4-xmlDumpElementContent-null-deref.patch 1 2 3 4 5 6 7 8 9 10 11 12 13 14 15 16 17 18 19 20 21 22 23 24 25 26 27 28 29 30 31 32 33 34
third_party/libxml/chromium/libxml_utils.cc 27 28 38 39
third_party/libxml/chromium/roll.py 75 77 80
third_party/libxml/src/HTMLparser.c 2531 2532 4447
third_party/libxml/src/Makefile.am 208 227 228 232 250 271 285 299 320 337 359 380 401 422 439 462 480 494 508 511 514 529 532 550 553 556 575 590 607 622 643 662 677 741 756 772 787 805 820 832 846 862 880 895 913 964 1005 1030 1052 1078 1107 1156
third_party/libxml/src/Makefile.in 1910 1929 1930 1934 1952 1973 1987 2001 2022 2039 2061 2082 2103 2124 2141 2164 2182 2196 2210 2213 2216 2231 2234 2252 2255 2258 2277 2292 2309 2324 2345 2364 2379 2443 2458 2474 2489 2507 2522 2534 2548 2564 2582 2597 2615 2666 2707 2732 2754 2780 2809 2858
third_party/libxml/src/buf.c 234
third_party/libxml/src/elfgcchack.h 6550 6551 6552 6553 6554 6555 6556 6557 6558 6559
third_party/libxml/src/gentest.py
third_party/libxml/src/include/libxml/parser.h 1114 1115
third_party/libxml/src/include/libxml/xmlIO.h 302 303 304 305 306 307 308 309
third_party/libxml/src/include/libxml/xmlerror.h 473
third_party/libxml/src/libxml2.spec 197
third_party/libxml/src/macos/src/XMLTestPrefix.h 1
third_party/libxml/src/macos/src/XMLTestPrefix2.h 1
third_party/libxml/src/macos/src/libxml2_GUSIConfig.cp 1
third_party/libxml/src/macos/src/macos_main.c 1
third_party/libxml/src/parser.c 1096 2124 3415 3416 3417 3418 3419 3420 3421 3429 3430 3431 3432 3433 3434 3435 3436 5721 5752 5753 5754 5755 5756 5757 5758 6115 6175 6176 6177 6178 6179 6180 6181 6182 6183 6288 9413 9414 9428 9430 9432 9433 9434 9458 9459 9470 9471 9472 9473 9474 9475 9476 9477 9478 9479 9480 9481 9482 9483 9484 9485 9486 9487 9488 9489 9490 9491 9492 9493 9494 9495 9496 9497 9498 9499 9500 9501 9502 9503 9504 9505 9506 9507 9508 9509 9510 9511 9512 9513 9514 9515 9516 9517 9518 9519 9520 9521 9522 9523 9524 9525 9526 9527 9528 9529 9530 9531 9532 9533 9534 9535 9536 9537 9538 9539 9540 9541 9542 9543 9544 9545 9546 9547 9548 9549 9550 9551 9552 9553 9554 9555 9556 9557 9558 9559 9560 9562 9563 9564 9565 9566 9567 9568 9569 9570 9571 9572 9573 9574 9575 9576 9577 9578 9579 9580 9581 9582 9583 9584 9585 9586 9587 9588 9589 9590 9591 9592 9593 9594 9595 9596 9597 9598 9599 9600 9601 9602 9604 9605 9606 9607 9608 9609 9610 9611 9612 9613 9614 9615 9616 9617 9618 9619 9620 9621 9622 9623 9624 9625 9626 9627 9628 9629 9630 9632 9633 9634 9635 9636 9637 9638 9639 9640 9641 9642 9643 9644 9645 9646 9647 9648 9649 9650 9651 9652 9653 9654 9655 9656 9657 9658 9660 9665 9666 9682 9683 9840 9841 9842 9843 9844 9845 9846 9847 9848 9849 9850 9851 9852 9853 9854 9855 9856 9857 9858 9859 9860 9861 9862 9863 9864 9865 9866 9867 15386 15387 15388 15389
third_party/libxml/src/parserInternals.c 712 713 714 715 716 717 718 719 720 721 732 733 734 824 825 826 827 828 829 830 831 832 833 834 845 846 847 1104 1236
third_party/libxml/src/pattern.c
third_party/libxml/src/runtest.c 1869 1873 1875 1877 1888 1891 1892
third_party/libxml/src/testapi.c
third_party/libxml/src/tree.c
third_party/libxml/src/uri.c 15 2167 2258 2259 2260 2261 2262 2265 2267 2270 2280 2282 2285 2289 2292 2298
third_party/libxml/src/valid.c 1175 1176 1177 1182 1183 1184 1185 1191 1192 1193 1198 1199 1200 1201 1269 1271 1272 1273 1274 1278 1279 1280 1281
third_party/libxml/src/win32/VC10/README.vc10 1 2 3 4 5 6 7 8 9 10 11 12 13 14 15 16 17 18 19 20 21 22 23 24 25 26 27
third_party/libxml/src/win32/VC10/RuleSet1.ruleset 1 2
third_party/libxml/src/xmlIO.c 213 3031 3067 4057 4060 4061 4062 4063 4064 4065 4066 4067 4068 4069 4070 4071 4072 4173 4174 4175 4176 4177 4178 4179 4202 4203 4204 4205 4206 4207 4208 4209 4210 4211 4212 4213 4214
third_party/libxml/src/xmlmemory.c 246
third_party/libxml/src/xmlsave.c 2112 2113 2143 2144 2145
third_party/libxml/src/xpath.c 3108 4024 4025 4026 4027 4028 4029 4030 4198 4199 4200 4201 4202 4203 4204 4205 4206 4207 4208 4209 4210 4211 4212 4213 4214 4215 4216 4217 4218 4219 4220 4221 4222 4223 4224 4237 6705 8117 8122 8239 8240 8241 8303 8304 8305 8306 8351 8352 9637 9638 9639 9640 9641 9642 9643 9644 9645 9646 9647 9648 9661 9662 9667 9668 9669 9670 9671 9672 9673 9688 9689 9694 9696 9697 9698 9699 9700 9701 9702 9703 9704 9705 9706 9707 9708 9709 9721 9731 9732 9733 9734 9737 9738 9739 9740 9741 9742 9743 9744 9745 9746 9747 9748 9749 10059 10060 10061 10062 10063 10064 10065 10066 10067 10068 10069 10070 10071 10072 10135 10142 10148 10162 10224 10231 10237 10251 12067 12069 12070 12071 12072 12073 12775 12776 12778 12910 12911 12913 13025 13026 13027 13028 13029 13030 13031 13448 13449 13451 13680 13714 13715 13716 13717 13718 13719 13720 13721 13722 14911 14942 14943 14944 14945 14946 14947 14948 14949 14952 14953 14954 14955 14956 14957 14958 14959 14960 14961 14962 14963 14964 14965 14966 14967 14968 14969 14970 14971 14972 14973 14975 14976 14977 14978 15046 15047 15052 15053 15054 15055 15056 15059 15061 15078 15079 15090 15091 15092 15093 15094 15095 15096 15097 15098 15099 15103 15104 15105 15106 15107 15108 15109 15110 15112 15113 15114 15115 15116 15117 15118 15119 15120 15175 15176 15177 15178 15182 15183 15184 15185 15186 15187 15188 15189 15190 15191 15192 15193 15194 15195 15196 15197 15198 15199 15200 15201 15202 15203 15204 15205 15206 15207 15208 15209 15210 15211 15212 15213 15214
third_party/libxml/win32/include/libxml/xmlversion.h 1 2 3 4 5 6 7 8 9 10 11 12 13 14 15 16 17 18 19 20 21 22 23 24 25 26 27 28 29 30 31 32 33 34 35 36 37 38 39 40 41 42 43 44 45 46 47 48 49 50 51 52 53 54 55 56 57 58 59 60 61 62 63 64 65 66 67 68 69 70 71 72 73 74 75 76 77 78 79 80 81 82 83 84 85 86 87 88 89 90 91 92 93 94 95 96 97 98 99 100 101 102 103 104 105 106 107 108 109 110 111 112 113 114 115 116 117 118 119 120 121 122 123 124 125 126 127 128 129 130 131 132 133 134 135 136 137 138 139 140 141 142 143 144 145 146 147 148 149 150 151 152 153 154 155 156 157 158 159 160 161 162 163 164 165 166 167 168 169 170 171 172 173 174 175 176 177 178 179 180 181 182 183 184 185 186 187 188 189 190 191 192 193 194 195 196 197 198 199 200 201 202 203 204 205 206 207 208 209 210 211 212 213 214 215 216 217 218 219 220 221 222 223 224 225 226 227 228 229 230 231 232 233 234 235 236 237 238 239 240 241 242 243 244 245 246 247 248 249 250 251 252 253 254 255 256 257 258 259 260 261 262 263 264 265 266 267 268 269 270 271 272 273 274 275 276 277 278 279 280 281 282 283 284 285 286 287 288 289 290 291 292 293 294 295 296 297 298 299 300 301 302 303 304 305 306 307 308 309 310 311 312 313 314 315 316 317 318 319 320 321 322 323 324 325 326 327 328 329 330 331 332 333 334 335 336 337 338 339 340 341 342 343 344 345 346 347 348 349 350 351 352 353 354 355 356 357 358 359 360 361 362 363 364 365 366 367 368 369 370 371 372 373 374 375 376 377 378 379 380 381 382 383 384 385 386 387 388 389 390 391 392 393 394 395 396 397 398 399 400 401 402 403 404 405 406 407 408 409 410 411 412 413 414 415 416 417 418 419 420 421 422 423 424 425 426 427 428 429 430 431 432 433 434 435 436 437 438 439 440 441 442 443 444 445 446 447 448 449 450 451 452 453 454 455 456 457 458 459 460 461 462 463 464 465 466 467 468 469 470 471 472 473 474 475 476 477 478 479 480 481 482 483 484 485 486 487 488 489
