chrome/browser/net/proxy_browsertest.cc
components/data_reduction_proxy/core/browser/data_reduction_proxy_config.cc 233 234 243 244 245 246 247
components/data_reduction_proxy/core/browser/data_reduction_proxy_config.h 200 201 202 203 274
components/data_reduction_proxy/core/browser/data_reduction_proxy_config_test_utils.cc 84 85
components/data_reduction_proxy/core/browser/data_reduction_proxy_config_test_utils.h 78
components/data_reduction_proxy/core/browser/data_reduction_proxy_interceptor_unittest.cc 233 234
headless/lib/headless_devtools_client_browsertest.cc
net/http/http_auth_filter.cc 38 39 40 41 54
net/http/http_auth_filter.h 44 45 46
net/http/http_network_transaction_unittest.cc 13970 13976 13977 13981
net/proxy_resolution/parse_proxy_bypass_rules_fuzzer.cc 21 22
net/proxy_resolution/proxy_bypass_rules.cc 30 32 35 39 52 53 54 55 56 63 65 68 69 72 74 75 82 85 86 87 88 94 96 99 104 108 113 114 115 116 117 153 154 155 162 163 164 165 167 181 182 183 184 185 186 187 188 189 202 205 206 209 210 211 228 229 230 231 232 233 236 237 238 243 244 248 250 254 255 256 257 258 259 268 272 281 282 283 284 286 297 305 316 328 332 335 336 337 338
net/proxy_resolution/proxy_bypass_rules.h 18 19 20 29 30 32 33 36 37 38 58 59 66 67 68 69 70 71 72 73 74 75 76 136 137 142 144 145 146 147 148 150 152 153 155 156 165 166 167 168 169 170 171 172 173 174
net/proxy_resolution/proxy_bypass_rules_unittest.cc 195 197 255 256 257 258 259 260 261 262 263 264 265 266 267 268 269 270 271 272 273 274 275 276 277 278 279 280 281
net/proxy_resolution/proxy_config.cc 56 57 58 59 202 203 273
net/proxy_resolution/proxy_config.h 155 156
net/proxy_resolution/proxy_config_service_linux.cc 202 203 384 674 1144 1145 1146 1147 1148 1149 1150 1151
net/proxy_resolution/proxy_config_service_linux.h 135 136 137
net/proxy_resolution/proxy_config_service_linux_unittest.cc 257
net/proxy_resolution/proxy_resolution_service.cc 1181
net/proxy_resolution/proxy_resolution_service.h
net/proxy_resolution/proxy_resolution_service_unittest.cc
net/url_request/url_fetcher_impl_unittest.cc 514 515
net/url_request/url_request_unittest.cc 4367 4374 4421 4428 4532 4539
net/websockets/websocket_end_to_end_test.cc 352 353 355 356 374 375 376 378 379 451 452
services/network/public/cpp/proxy_config_mojom_traits_unittest.cc 88 89
services/network/tls_client_socket_unittest.cc 896 897 915
