chrome/browser/chromeos/cros/cros_mock.cc 405 406
chrome/browser/chromeos/cros/cros_mock.h 11 86 103 104 105
chrome/browser/chromeos/cros/input_method_library.cc 38 39 41 60 63 96 97 98 99 100 101 102 103 104 105 114 121 125 126 127 132 133 151 155 159 165 176 200 201 205 206 217 227 248 255 262 270 273 276 283 291 292 294 305 308 359 373 374 375 405 415 416 438 472 473 474 475 517 524 525 526 527 528 538 539 540 543 544 545 552 553 554 557 558 559 566 567 568 571 572 573 580 581 582 584 585 586 587 588 589 590 591 592 593 602 618 619 631 640 641 651 656 670 676 777 812 813 816 817 821 824 876 877 890 896 900 914 918 922 926 944 952 953 958 960 962 964 966 968 970 972 974 976 978 980 982 985 987 989 992 994 996 998 1000 1002 1004 1006 1008 1010 1012 1014 1017 1020 1023 1026 1028 1030 1033 1035 1037 1039 1041 1043 1046 1048 1050 1052 1054 1057 1059 1061 1063 1066 1068 1070 1073 1075 1078 1081 1083 1085 1087 1089 1091 1093 1095 1097 1099 1101 1103 1105 1186 1187 1188
chrome/browser/chromeos/cros/input_method_library.h 15 27 31 37 43 44 49 64 72 101 126 132 133 135
chrome/browser/chromeos/cros/mock_input_method_library.h 24 26 31 32 33 34 40
chrome/browser/chromeos/input_method/ibus_controller.cc 1 5 6 7 8 9 23 152 199 442 443 445 446 447 448 449 450 451 452 453 454 455 456 457 458 459 460 461 462 463 464 465 466 467 468 469 470 471 474 475 476 479 480 503 504 509 523 533 534 539 554 558 566 567 568 569 570 571 572 573 636 637 642 664 674 675 676 677 678 679 680 681 685 720 721 722 723 753 770 771 800 819 820 821 822 823 824 825 826 827 828 829 831 832 841 846 847 848 849 850 851 852 853 854 855 856 857 858 859 860 861 862 863 864 865 866 867 898 899 902 917 922 926 930 951 955 959 964 966 967 968 969 970 971 972 976 978 979 980 984 985 986 987 988 992 993 995 996 997 998 999 1005 1006 1007 1008 1012 1013 1026 1033 1034 1035 1036 1039 1041 1045 1046 1047 1048 1049 1050 1051 1055 1056 1057 1058 1059 1060 1061 1065 1066 1067 1068 1069 1070 1071 1100 1101 1102 1103 1104 1105 1106 1107 1108 1109 1110 1121 1122 1124 1125 1126 1127 1128 1129 1130 1131 1132 1133 1134 1135 1136 1137 1138 1139 1140 1141 1143 1144 1145 1146 1147 1149 1150 1151 1152 1153 1154 1155 1156 1157 1158 1159 1161 1162 1164 1165 1166 1167 1168 1169 1170 1171 1173 1174 1175 1176 1177 1178 1179 1180 1182 1183 1184 1185 1186 1187 1188 1189 1190 1191 1193 1194 1195 1196 1197 1198 1200 1201 1203 1204 1205 1206 1207 1210 1211 1212 1213 1214
chrome/browser/chromeos/input_method/ibus_controller.h 1 5 6 13 14 15 192 193 194 195 196 197 198 199 200 201 202 203 204 205 206 207 208 209 210 211 212 213 214 215 216 217 218 219 220 221 222 223 224 225 226 227 228 229 230 231 232 233 234 235 236 237 238 239 240 241 242 243 244 245 246 247 248 249 250 251 252 253 254 255 256 257 258 259 260 261 262 263 264 265 266 267 268 269 270 271 272 273 274 275 276 277 278 279 280 281 282 283 284 285 286 287 288 289 290 291 292 293 294 295 296 297 298 299 301 302 304 305 306 307 322
chrome/browser/chromeos/input_method/input_method_util.cc 35 52 53 54 68 71 72 73 81 82 86 95 96 97 100 101 295 297 369 370 371 506 507 508 509 510 521 611 612
chrome/browser/chromeos/input_method/input_method_util.h 89 90 91 92 110
chrome/browser/chromeos/login/screen_locker.cc 123 124 133 134 165 166
chrome/browser/chromeos/preferences.cc 448 449 458 459 468 469 479 480
chrome/browser/chromeos/status/input_method_menu.cc 194 201 219 286 312 332 343 405 412 413 432 447 490 498 522 572 594 645
chrome/browser/chromeos/status/input_method_menu.h 75 79 83 84 87 112 116 140 141 161
chrome/browser/chromeos/status/input_method_menu_button.cc 162
chrome/browser/chromeos/status/input_method_menu_unittest.cc
chrome/browser/ui/webui/chromeos/keyboard_overlay_ui.cc 322
chrome/browser/ui/webui/options/chromeos/cros_language_options_handler.cc 64 87 91 93 95 107 110 112 126 130 132 136 139 157 159
chrome/browser/ui/webui/options/chromeos/cros_language_options_handler.h 37 44
chrome/browser/ui/webui/options/language_options_handler_unittest.cc 20 21 23 24 26 27 29 30 32 33 47 101
chrome/chrome_browser.gypi
