third_party/WebKit/Source/WebCore/ChangeLog
third_party/WebKit/Source/WebCore/bindings/scripts/CodeGeneratorV8.pm 1529 1808
third_party/WebKit/Source/WebCore/bindings/scripts/test/V8/V8Float64Array.cpp 55
third_party/WebKit/Source/WebCore/bindings/scripts/test/V8/V8TestActiveDOMObject.cpp 54 67
third_party/WebKit/Source/WebCore/bindings/scripts/test/V8/V8TestCustomNamedGetter.cpp 46
third_party/WebKit/Source/WebCore/bindings/scripts/test/V8/V8TestEventConstructor.cpp 76
third_party/WebKit/Source/WebCore/bindings/scripts/test/V8/V8TestEventTarget.cpp 49 91
third_party/WebKit/Source/WebCore/bindings/scripts/test/V8/V8TestInterface.cpp 127 216
third_party/WebKit/Source/WebCore/bindings/scripts/test/V8/V8TestMediaQueryListListener.cpp 47
third_party/WebKit/Source/WebCore/bindings/scripts/test/V8/V8TestNamedConstructor.cpp 67
third_party/WebKit/Source/WebCore/bindings/scripts/test/V8/V8TestObj.cpp 1233 1253 1272 1284 1295 1305 1325 1339 1350 1556 1572 1624 1637 1700 1712 1728 1739 1750 1763 1774 1825 1839 1866 1877 1906 1917 1928 1939 1950 1983 2242
third_party/WebKit/Source/WebCore/bindings/scripts/test/V8/V8TestSerializedScriptValueInterface.cpp 127 221
third_party/WebKit/Source/WebCore/bindings/v8/ScriptController.cpp 257
third_party/WebKit/Source/WebCore/bindings/v8/V8Proxy.cpp 639 641
third_party/WebKit/Source/WebCore/bindings/v8/V8Proxy.h 243
third_party/WebKit/Source/WebCore/bindings/v8/custom/V8AudioContextCustom.cpp 74
third_party/WebKit/Source/WebCore/bindings/v8/custom/V8DataViewCustom.cpp 71 88 105 121
third_party/WebKit/Source/WebCore/bindings/v8/custom/V8DirectoryEntryCustom.cpp 54 98
third_party/WebKit/Source/WebCore/bindings/v8/custom/V8IntentConstructor.cpp 56
third_party/WebKit/Source/WebCore/bindings/v8/custom/V8SVGLengthCustom.cpp 93
third_party/WebKit/Source/WebCore/bindings/v8/custom/V8WebGLRenderingContextCustom.cpp 220 272 306 317 337 355 384 427 498 580 694
third_party/WebKit/Source/WebCore/bindings/v8/custom/V8WebKitMutationObserverCustom.cpp 64 86
third_party/WebKit/Source/WebCore/bindings/v8/custom/V8WebSocketCustom.cpp 65 120
third_party/WebKit/Source/WebCore/bindings/v8/custom/V8XMLHttpRequestCustom.cpp 124
