third_party/blink/web_tests/http/tests/xmlviewer/ns-node-prev-sibling-expected.png
third_party/blink/web_tests/http/tests/xmlviewer/ns-node-prev-sibling.html
third_party/blink/web_tests/http/tests/xmlviewer/resources/number-key-ns.xsl
third_party/libxml/README.chromium 3
third_party/libxml/chromium/roll.py 31 32 33 34 36 37 57 60 61 62 63 66 67 68 69 70 71 72
third_party/libxml/linux/config.h 270
third_party/libxml/linux/include/libxml/xmlversion.h 32 39 46 61 294
third_party/libxml/linux/xml2-config 61
third_party/libxml/mac/config.h 270
third_party/libxml/mac/include/libxml/xmlversion.h 32 39 46 61 294
third_party/libxml/src/HTMLparser.c 1087 3644
third_party/libxml/src/HTMLtree.c 507 508 509 510 511 512 513 514 573 574 575 576 577 578 579 580 581 582 587 588 592 593 594 595 596 597 598 599 1104 1105 1106 1107 1108 1109 1110 1111 1115 1116 1120 1121 1122 1123 1124 1125 1126 1127 1163 1164 1165 1166 1167 1168 1169 1170 1177 1178 1179 1180 1181 1182 1183 1184 1224 1225 1226 1227 1228 1229 1230 1231 1239 1241 1242 1243 1244 1245 1246 1247
third_party/libxml/src/Makefile.am 129 130 131 133 1256
third_party/libxml/src/NEWS 11 848 1234 1485 1506
third_party/libxml/src/SAX2.c 1668 2339
third_party/libxml/src/configure.ac 12 1623
third_party/libxml/src/encoding.c 2463 2464
third_party/libxml/src/error.c 634
third_party/libxml/src/gentest.py 402 403 409 432 433 434 549 692
third_party/libxml/src/include/libxml/globals.h 20
third_party/libxml/src/include/libxml/tree.h 578
third_party/libxml/src/include/libxml/xmlexports.h 134 135 148
third_party/libxml/src/include/wsockcompat.h
third_party/libxml/src/libxml2.spec 5 206 207
third_party/libxml/src/parser.c 7018 9267 9517
third_party/libxml/src/parserInternals.c
third_party/libxml/src/runsuite.c 330 331 332 333 465 466 467 468 513 514 515 570 571 572 828 829 830 831 919 920 921 922 955 956 957 958
third_party/libxml/src/runtest.c 590 591 2504 2505 2509 2552 2553 2557 3014 3015 3016 3017 3082 3083 3084 3085 3107 3108 3126 3128 3129 3131 3189 3190 3191 3192 3259 3260 3261 3262 3278 3279 3291 3293 3294 3296 3304 3367 3368 3380 3382 3383 3385 3510 3511 3888 3894 3898 4416 4429 4430
third_party/libxml/src/testC14N.c
third_party/libxml/src/testRelax.c 104 105 106 115 116 117 147 148 149
third_party/libxml/src/testSchemas.c 100 101 102 111 112 113 138 139 140
third_party/libxml/src/testThreads.c 30 31 32 33 34 35 36 37 39 40 41 54 94 95 96 104 105 109 112 117 124 133 134 145 146 151 156 161 169 180 181
third_party/libxml/src/testThreadsWin32.c 1 2 3 4 5 6 7 8 9 10 11 12 13 14 15 16 17 18 19 20 21 22 23 24 25 26 27 28 29 30 31 32 33 34 35 36 37 38 39 40 41 42 43 44 45 46 47 48 49 50 51 52 53 54 55 56 57 58 59 60 61 62 63 64 65 66 67 68 69 70 71 72 73 74 75 76 77 78 79 80 81 82 83 84 85 86 87 88 89 90 91 92 93 94 95 96 97 98 99 100 101 102 103 104 105 106 107 108 109 110 111 112 113 114 115 116 117 118 119 120 121 122 123 124 125 126 127 128 129 130 131 132 133 134 135 136 137 138 139 140 141 142 143 144 145 146 147 148 149 150
third_party/libxml/src/testURI.c 60
third_party/libxml/src/testapi.c 7514 7515 7516 7517 7518 7519 7520 9337 9338 9339 9340 9341 9342 9343 18148 18149 18150 18151 18152 18153 18154 18155 18156 18157 18168 18170 18171 18172 18173 18174 18176 18180 18199 18200 18201 18202 18203 18204 18205 18206 18207 18208 18668 18669 18670 18671 18672 18673 18674 25103 25104 25105 25106 25107 25108 25109 25191 25192 25193 25194 25195 25196 25197 25218 25219 25220 25221 25222 25223 25224 29392 29393 29394 29395 29396 29397 29398 29399 29400 29401 29456 29457 29458 29459 29460 29461 29462 29463 29464 29465 33911 33912 33913 33914 33915 33916 33917 33918 33919 33920 34665 34666 34667 34668 34669 34670 34671 34672 34673 34674
third_party/libxml/src/testrecurse.c 635 636
third_party/libxml/src/uri.c 2239 2240 2241 2242 2243 2244 2245 2246 2247 2248 2250 2251 2252 2253 2254 2255 2256 2257 2283 2284 2285 2286 2288 2291 2292 2293 2294 2295 2296 2301 2302 2303 2304 2305
third_party/libxml/src/win32/Makefile.bcb 228 229 230
third_party/libxml/src/win32/Makefile.mingw 223 224 225 226 227 228 229 230 231 232
third_party/libxml/src/win32/Makefile.msvc 271 272 273
third_party/libxml/src/xmlreader.c 1115 1119 1714 1758 1920 1921 1922 1923 1924 1925 2266 2267 2268 2269 2270 3009
third_party/libxml/src/xmlsave.c 1126 1127 1128
third_party/libxml/src/xpath.c 5 530 532 871 873 878 879 1529 1530 8483 8485 10738 11791 11792 11991 11992 12782 12783 12784 12785 12786 12787 12788 12789 12790 12846 12847 12848 12849 12857 12858 12859 12860 12878 12879 12880 12881 12921 12922 12923 12924 12925 12926 12927 12928 12929 13025 13042 13044 13045 13046 13047 13048 13049 13050 13051 13052 13053 13054 13055 13056 13080 13081 13109 13124 13125 13126 13127 13140 13141 13142 13143 13144 13145 13147 13148 13149 13150 13151 13152 13153 13154 13155 13156 13157 13158 13159 13160 13161 13162 13163 13199 13200 13227 13243 13244 13245 13246 13248 13250 13270 13271 13272 13273 13281 13282 13283 13284 13291 13292 13293 13294 13301 13302 13303 13307 13308 13309 13310 13317 13318 13319 13320 13327 13328 13329 13333 13334 13335 13336 13339 13340 13341 13342 13352 13353 13354 13355 13358 13359 13360 13361 13368 13369 13370 13371 13375 13376 13377 13378 13394 13395 13396 13397 13400 13401 13402 13403 13414 13415 13416 13417 13420 13421 13422 13423 13460 13461 13462 13463 13464 13465 13466 13467 13468 13587 13588 13589 13590 13593 13594 13595 13596 13601 13602 13603 13604 13718 13719 13736 13738 13739 13740 13741 13742 13743 13744 13745 13746 13747 13748 13749 13750 13751 13752 13772 13773 13797 13798 13804 13805 13806 13807 13820 13821 13822 13823 13824 13825 13827 13828 13829 13830 13831 13832 13833 13834 13835 13836 13837 13838 13839 13840 13841 13842 13843 13909 13910 13944 13951 13952 13953 13954 13955 13956 13960 14006 14007 14008 14009 14010 14011 14012 14013 14014 14015 14016 14017 14018 14038 14039 14074 14075 14081 14104 14105 14126 14127 14135 14136 14137 14138
third_party/libxml/win32/include/libxml/xmlversion.h 32 39 46 61 391
third_party/libxslt/README.chromium 3
third_party/libxslt/chromium/roll.py 30 31 32 33 35 36 56 59 60 61 62 65 66 67 68 69 70
third_party/libxslt/linux/config.h 35 164 173 201 215 216 217 218 219 220 221 222 223
third_party/libxslt/linux/libexslt/exsltconfig.h 21 49
third_party/libxslt/linux/libxslt/xsltwin32config.h 26 33 40
third_party/libxslt/mac/config.h 2 164 173 201 215 216 217 218 219 220 221 222 223
third_party/libxslt/src/config.h.in 1 214 215 216 217 218 219 220 221 222
third_party/libxslt/src/configure.ac 6 582 583 585 586 587 588 589 590 591 592 593 596 597 673
third_party/libxslt/src/libexslt/Makefile.am 31
third_party/libxslt/src/libexslt/exsltexports.h 114 115 127
third_party/libxslt/src/libexslt/functions.c 293 428
third_party/libxslt/src/libxslt.spec 3 132 133
third_party/libxslt/src/libxslt/Makefile.am 67
third_party/libxslt/src/libxslt/numbers.c 653 657 658 659 660 668 669 670 671 672 673
third_party/libxslt/src/libxslt/pattern.c 597
third_party/libxslt/src/libxslt/security.c 388 389 390 391 394 395 396 397
third_party/libxslt/src/libxslt/templates.c 648 662 664 665 666 667 668 669 706 707 708 709 710 711 712 713 714 715 716 717 718 719 720 721 722 723 724 725 726 727 728 729 730 731 732 733 734 751 806 807 808 809 810 811 812 813 814 815 816 817 818 819 820 821 822 823 824 825 826 827 828 829
third_party/libxslt/src/libxslt/transform.c 2311 2317 2318 2319 2320 6015 6030 6031 6035 6036 6037
third_party/libxslt/src/libxslt/variables.c 126 176 186 317 318 319 320 321 322 323 324 588 589 590 591 995
third_party/libxslt/src/libxslt/variables.h 48 49 50 51 52 53 54 55 63 70
third_party/libxslt/src/libxslt/xsltconfig.h 23 30 37 123
third_party/libxslt/src/libxslt/xsltexports.h 116 117 129
third_party/libxslt/src/win32/Makefile.mingw 58
third_party/libxslt/src/win32/Makefile.msvc 62
third_party/libxslt/src/win32/libxslt/libxslt.def 1 2 3 4 5 6 7 8 9 10 11 12 13 14 15 16 17 18 19 20 21 22 23 24 25 26 27 28 29 30 31 32 33 34 35 36 37 38 39 40 41 42 43 44 45 46 47 48 49 50 51 52 53 54 55 56 57 58 59 60 61 62 63 64 65 66 67 68 69 70 71 72 73 74 75 76 77 78 79 80 81 82 83 84 85 86 87 88 89 90 91 92 93 94 95 96 97 98 99 100 101 102 103 104 105 106 107 108 109 110 111 112 113 114 115 116 117 118 119 120 121 122 123 124 125 126 127 128 129 130 131 132 133 134 135 136 137 138 139 140 141 142 143 144 145 146 147 148 149
third_party/libxslt/src/win32/libxslt/libxslt.dsw 1 2 3 4 5 6 7 8 9 10 11 12 13 14 15 16 17 18 19 20 21 22 23 24 25 26 27 28 29 30 31 32 33 34 35 36 37 38 39 40 41 42 43 44
third_party/libxslt/src/win32/libxslt/libxslt_so.dsp 1 2 3 4 5 6 7 8 9 10 11 12 13 14 15 16 17 18 19 20 21 22 23 24 25 26 27 28 29 30 31 32 33 34 35 36 37 38 39 40 41 42 43 44 45 46 47 48 49 50 51 52 53 54 55 56 57 58 59 60 61 62 63 64 65 66 67 68 69 70 71 72 73 74 75 76 77 78 79 80 81 82 83 84 85 86 87 88 89 90 91 92 93 94 95 96 97 98 99 100 101 102 103 104 105 106 107 108 109 110 111 112 113 114 115 116 117 118 119 120 121 122 123 124 125 126 127 128 129 130 131 132 133 134 135 136 137 138 139 140 141 142 143 144 145 146 147 148 149 150 151 152 153 154 155 156 157 158 159 160 161 162 163 164 165 166 167 168 169 170 171 172 173 174 175 176 177 178 179 180 181 182 183 184 185 186 187 188 189 190 191 192 193 194 195 196 197 198 199 200 201 202 203 204 205 206 207 208 209 210 211 212 213 214 215 216 217 218 219 220 221 222 223 224 225 226 227 228 229 230 231 232 233 234 235 236 237 238 239 240 241 242 243 244 245 246 247
third_party/libxslt/src/win32/libxslt/xsltproc.dsp 1 2 3 4 5 6 7 8 9 10 11 12 13 14 15 16 17 18 19 20 21 22 23 24 25 26 27 28 29 30 31 32 33 34 35 36 37 38 39 40 41 42 43 44 45 46 47 48 49 50 51 52 53 54 55 56 57 58 59 60 61 62 63 64 65 66 67 68 69 70 71 72 73 74 75 76 77 78 79 80 81 82 83 84 85 86 87 88 89 90 91 92 93 94 95 96 97 98 99 100 101 102
