content/browser/renderer_host/render_widget_host_view_mac.h
content/browser/renderer_host/render_widget_host_view_mac.mm 284 285 286 287 288 289 290 291 292 293 294 295 296 297 298 299 300 1695 1696 1697 1698 1699 1700 1701 1702 1703
content/browser/renderer_host/render_widget_host_view_mac_unittest.mm
third_party/WebKit/Source/core/editing/FrameSelection.cpp 81 473 830 831 832 833 840 841 842 843 844 845 846 847 848 849 850 851 852 853 854 855 856 857 858 859 860
third_party/WebKit/Source/core/editing/FrameSelection.h 181 182 186 187 252 253 284
third_party/WebKit/Source/core/frame/LocalDOMWindow.cpp 346 347
third_party/WebKit/Source/core/html/forms/HTMLInputElement.cpp 345 346 347 348 349 362
third_party/WebKit/Source/core/html/forms/HTMLInputElement.h 378
third_party/WebKit/Source/core/html/forms/InputType.cpp 463 464 465 466
third_party/WebKit/Source/core/html/forms/InputType.h 157 158
third_party/WebKit/Source/core/html/forms/PasswordInputType.cpp 80 81 82 83 84 85 86 87 88 89 90 91 92 93
third_party/WebKit/Source/core/html/forms/PasswordInputType.h 51 52
third_party/WebKit/Source/platform/BUILD.gn 370 371
third_party/WebKit/Source/platform/SecureTextInput.cpp 1 2 3 4 5 6 7 8 9 10 11 12 13 14 15 16 17 18 19 20 21 22 23 24 25 26 27 28 29 30 31 32 33 34 35 36 37 38 39 40 41 42 43 44 45 46 47 48 49
third_party/WebKit/Source/platform/SecureTextInput.h 1 2 3 4 5 6 7 8 9 10 11 12 13 14 15 16 17 18 19 20 21 22 23 24 25 26 27 28 29 30 31 32 33 34 35 36 37 38 39 40 41 42 43 44 45 46 47 48 49 50 51
ui/base/BUILD.gn
ui/base/cocoa/secure_password_input.h
ui/base/cocoa/secure_password_input.mm
ui/views/controls/textfield/textfield.cc
ui/views/controls/textfield/textfield.h
ui/views/controls/textfield/textfield_unittest.cc
