third_party/WebKit/LayoutTests/platform/linux/fast/text/emphasis-complex-expected.png
third_party/WebKit/LayoutTests/platform/linux/fast/text/emphasis-complex-expected.txt 10 11
third_party/WebKit/LayoutTests/platform/linux/fast/text/international/khmer-selection-expected.png
third_party/WebKit/LayoutTests/platform/linux/fast/text/international/khmer-selection-expected.txt 7 8 9 10 11 12 13 14 15 16 17 18 19 20 21 22 24 25
third_party/WebKit/LayoutTests/platform/linux/fast/text/large-text-composed-char-expected.txt 1 346 347 348
third_party/harfbuzz-ng/BUILD.gn
third_party/harfbuzz-ng/NEWS
third_party/harfbuzz-ng/README.chromium 4 5
third_party/harfbuzz-ng/src/hb-coretext.cc 291 1283
third_party/harfbuzz-ng/src/hb-fallback-shape.cc 76
third_party/harfbuzz-ng/src/hb-font-private.hh
third_party/harfbuzz-ng/src/hb-font.cc
third_party/harfbuzz-ng/src/hb-font.h
third_party/harfbuzz-ng/src/hb-ft.cc
third_party/harfbuzz-ng/src/hb-glib.cc
third_party/harfbuzz-ng/src/hb-glib.h 51
third_party/harfbuzz-ng/src/hb-graphite2.cc 198
third_party/harfbuzz-ng/src/hb-open-type-private.hh 108 954 955
third_party/harfbuzz-ng/src/hb-ot-font.cc 358
third_party/harfbuzz-ng/src/hb-ot-layout-common-private.hh 510 734 735 832 833 840 841 842 850 851 960 967 1168
third_party/harfbuzz-ng/src/hb-ot-layout-gdef-table.hh 100 149 152 153 175 178 180 221 259 370 372 374 385 388 413 431 434 436
third_party/harfbuzz-ng/src/hb-ot-layout-gpos-table.hh 106 107 112 114 115 132 133 135 139 143 147 152 234 237 238 257 260 261 262 263 265 266 267 268 288 291 292 294 295 296 297 324 329 330 331 373 431 432 475 476 526 643 644 645 646 692 711 720 721 724 737 740 793 794 795 796 934 935 1522 1523
third_party/harfbuzz-ng/src/hb-ot-layout-gsub-table.hh 44 55 123 133 324 442 456 765 775 926 1276 1277 1288 1291 1292 1293 1294 1295 1296 1297 1298 1299 1300 1301 1302 1303 1304 1305 1306 1307 1308 1309
third_party/harfbuzz-ng/src/hb-ot-layout-gsubgpos-private.hh 1003 2279 2292
third_party/harfbuzz-ng/src/hb-ot-layout.cc 38 208 209 210 211 212 213 214 215 216 217 218 219 220 221 222 223 224 225 226 227 228 229 230 231 232 585 586 587 588 1223 1224 1225 1226 1227 1228 1229 1230 1231 1232 1233 1234 1235 1236 1237 1238 1239 1240 1241 1242 1243 1244 1245 1246 1247 1248 1249 1250 1251 1252 1253 1254 1255 1256 1257 1258 1259 1260 1261 1262 1263 1264 1265 1266 1267 1268 1269 1270 1271 1272 1273 1274 1275 1276 1277 1278 1279 1280 1281 1282 1283 1284 1285 1286 1287 1288 1289 1290 1291 1292 1293 1294 1295 1296 1297 1298 1299 1300 1301 1302 1303 1304 1305 1306 1307 1308 1309 1310 1311 1312 1313 1314 1315 1316 1317 1318 1319 1320 1321 1322 1323 1324 1325 1326 1327 1328 1329 1330 1331 1332 1333 1334 1335 1336 1337 1338 1339 1340 1341 1342 1343 1344 1345 1346 1347 1348 1349 1350 1351 1352 1353 1354 1355 1356 1357 1358 1359 1360 1361 1362 1363 1364 1365 1366 1367 1368 1369 1370 1371 1372 1373 1374 1375 1376 1377 1378 1379 1380 1381 1382 1383 1384 1385 1386 1387 1388 1389 1390 1391 1392 1393 1394 1395 1396 1397 1398 1399 1400 1401 1402 1403 1404 1405 1406 1407 1408 1409 1410 1411 1412 1413 1414 1415 1416 1417 1418 1419 1420 1421 1422 1423 1424 1425 1426 1427 1428 1429 1430 1431 1432 1433 1434 1435 1436 1437 1438 1439 1440
third_party/harfbuzz-ng/src/hb-ot-layout.h
third_party/harfbuzz-ng/src/hb-ot-map-private.hh 142 143 144 145 146 147 185
third_party/harfbuzz-ng/src/hb-ot-map.cc 34 35 36 37 38 39 41 42 43 44 45 46 47 48 49 50 51 52 53 54 55 56 57 58 59 60 61 62 63 64 65 66 67 68 69 112 113 115 116 131 271 272 273 274 278 279 280 281
third_party/harfbuzz-ng/src/hb-ot-math.cc
third_party/harfbuzz-ng/src/hb-ot-shape-complex-arabic.cc
third_party/harfbuzz-ng/src/hb-ot-shape-complex-default.cc
third_party/harfbuzz-ng/src/hb-ot-shape-complex-hangul.cc
third_party/harfbuzz-ng/src/hb-ot-shape-complex-hebrew.cc
third_party/harfbuzz-ng/src/hb-ot-shape-complex-indic.cc 1716 1717 1724 1725 1731 1732 1733 1734 1735 1740 1741 1742
third_party/harfbuzz-ng/src/hb-ot-shape-complex-myanmar-machine.hh 2 35 264 268 288 296 305 319 338 342 346 350 354 358 362 366 369 378 394
third_party/harfbuzz-ng/src/hb-ot-shape-complex-myanmar.cc
third_party/harfbuzz-ng/src/hb-ot-shape-complex-private.hh
third_party/harfbuzz-ng/src/hb-ot-shape-complex-thai.cc
third_party/harfbuzz-ng/src/hb-ot-shape-complex-tibetan.cc
third_party/harfbuzz-ng/src/hb-ot-shape-complex-use.cc 585
third_party/harfbuzz-ng/src/hb-ot-shape-private.hh 80 84
third_party/harfbuzz-ng/src/hb-ot-shape.cc 166 176 178 542 635 640 642 653 654 668 691 710 711 721 723 731
third_party/harfbuzz-ng/src/hb-private.hh 692 693 699 702
third_party/harfbuzz-ng/src/hb-shape-plan-private.hh 54 55
third_party/harfbuzz-ng/src/hb-shape-plan.cc 52 62 119 133 149 361 366 459 466
third_party/harfbuzz-ng/src/hb-shape-plan.h
third_party/harfbuzz-ng/src/hb-shape.cc 376
third_party/harfbuzz-ng/src/hb-unicode.cc 134 138 139
third_party/harfbuzz-ng/src/hb-version.h 40 41 43
