components/url_formatter/elide_url_unittest.cc 341 347
components/url_formatter/url_formatter_unittest.cc 765 1030 1031 1032 1045 1046 1055 1068 1069 1078 1089 1090 1323 1324 1325 1326 1328 1329 1330
components/url_matcher/url_matcher_unittest.cc 171
third_party/WebKit/LayoutTests/external/wpt/url/url-setters-expected.txt
third_party/WebKit/LayoutTests/fast/domurl/url-hash.html 58
third_party/WebKit/LayoutTests/fast/url/anchor-expected.txt 7 8 10 11
third_party/WebKit/LayoutTests/fast/url/file-http-base-expected.txt 23 24
third_party/WebKit/LayoutTests/fast/url/script-tests/anchor.js 5 6 8 9
third_party/WebKit/LayoutTests/fast/url/script-tests/file-http-base.js 39 40
third_party/WebKit/LayoutTests/fast/url/script-tests/file.js 39
third_party/WebKit/LayoutTests/fast/url/script-tests/segments.js 101
third_party/WebKit/LayoutTests/fast/url/script-tests/standard-url.js 5 20
third_party/WebKit/LayoutTests/fast/url/segments-expected.txt 100
third_party/WebKit/LayoutTests/http/tests/uri/resolve-encoding-relative-expected.txt 5 8
third_party/WebKit/LayoutTests/platform/linux/external/wpt/url/a-element-expected.txt 2 106 165 271
third_party/WebKit/LayoutTests/platform/linux/external/wpt/url/a-element-xhtml-expected.txt 2 106 165 271
third_party/WebKit/LayoutTests/platform/linux/external/wpt/url/url-constructor-expected.txt 2 110 169 275
third_party/WebKit/LayoutTests/platform/linux/external/wpt/url/url-setters-expected.txt 2 571 572 573
third_party/WebKit/LayoutTests/platform/linux/fast/url/file-expected.txt 23
third_party/WebKit/LayoutTests/platform/linux/fast/url/file-http-base-expected.txt 23 24
third_party/WebKit/LayoutTests/platform/linux/fast/url/segments-expected.txt 100
third_party/WebKit/LayoutTests/platform/linux/fast/url/standard-url-expected.txt 7 16
third_party/WebKit/LayoutTests/platform/mac/external/wpt/url/a-element-expected.txt 2 106 165 271
third_party/WebKit/LayoutTests/platform/mac/external/wpt/url/a-element-xhtml-expected.txt 2 106 165 271
third_party/WebKit/LayoutTests/platform/mac/external/wpt/url/url-constructor-expected.txt 2 110 169 275
third_party/WebKit/LayoutTests/platform/mac/external/wpt/url/url-setters-expected.txt 2 571 572 573
third_party/WebKit/LayoutTests/platform/mac/fast/url/file-expected.txt 23
third_party/WebKit/LayoutTests/platform/mac/fast/url/standard-url-expected.txt 7 16
third_party/WebKit/LayoutTests/platform/win/external/wpt/url/a-element-expected.txt 2 106 165 271
third_party/WebKit/LayoutTests/platform/win/external/wpt/url/a-element-xhtml-expected.txt 2 106 165 271
third_party/WebKit/LayoutTests/platform/win/external/wpt/url/url-constructor-expected.txt 2 110 169 275
third_party/WebKit/LayoutTests/platform/win/fast/url/file-expected.txt 23
third_party/WebKit/LayoutTests/platform/win/fast/url/file-http-base-expected.txt 23 24
third_party/WebKit/LayoutTests/platform/win/fast/url/segments-expected.txt 100
third_party/WebKit/LayoutTests/platform/win/fast/url/standard-url-expected.txt 7 16
third_party/WebKit/Source/platform/weborigin/KURLTest.cpp 64
url/url_canon_etc.cc 278 279 280 281 282 283 284
url/url_canon_unittest.cc 1277 1279 1281 1283 1285 1286 1288 1290 1291 1354 1355 1356 1357 1358 1359 1360 1361 1362 1365 1368 1371 1372 1373 1374 1375 1376 1377 1378 1379 1380 1381 1382 1383 1384 1385 1386 1387 1388 1389 1396 1686 1687 1688 1689 1694 1695 1696 1697 1698 1699 1700 1704 1705 1708 1715 1716 1718 1720
