third_party/blink/renderer/core/paint/block_painter.cc 199
third_party/blink/renderer/core/paint/compositing/compositing_layer_property_updater.cc 142
third_party/blink/renderer/core/paint/find_paint_offset_and_visual_rect_needing_update.h 59
third_party/blink/renderer/core/paint/fragment_data.h 10 150 152 165 167 229
third_party/blink/renderer/core/paint/object_paint_properties.h 191 193 194 196 197 198 199 201 202 203 204 207 212 213 215 217 220 225 227 229 231 233 235 237 239 240 241 242 244 245 246 247 249 250 251 252 254 256 258 260 263 265 266 269 271 274 276 277 279 280 281 282 338 350 351 354 358 364 365 366 367 368 369 370 371 372 373 374 375 376 377 378 380 381 382
third_party/blink/renderer/core/paint/paint_property_tree_builder.cc 42 44 46 48 298 334 452 581 610 611 626 633 634 635 749 750 778 805 838 967 1003 1074 1116 1141 1223 1224 1244 1299
third_party/blink/renderer/core/paint/paint_property_tree_builder_test.cc 848 4629 4662 4683
third_party/blink/renderer/core/paint/view_painter_test.cc 119
third_party/blink/renderer/platform/BUILD.gn 1064 1065
third_party/blink/renderer/platform/graphics/compositing/chunk_to_layer_mapper.cc 15
third_party/blink/renderer/platform/graphics/compositing/chunk_to_layer_mapper_test.cc 30 31 32 33 34 35 36 37 38 39 40 41 42 43 44 45 95 97 126 128 134 135 168 174 182
third_party/blink/renderer/platform/graphics/compositing/composited_layer_raster_invalidator.cc 59
third_party/blink/renderer/platform/graphics/compositing/composited_layer_raster_invalidator.h 117
third_party/blink/renderer/platform/graphics/compositing/composited_layer_raster_invalidator_test.cc 42 43 44 45 46 47 48 53 54 354 355 356 357 358 359 360 361 362 363 364 365 366 367 368 369 385 388 426 427 428 429 430 433 434 435 436 437 438 439 440 450 468 501 528 529 530 533 535 536 537 539 541 551 568 569 570 571 572 587 603 607 634 635 637 639 640 641 642 650 656 666 672
third_party/blink/renderer/platform/graphics/compositing/paint_artifact_compositor.cc 288 400 401 402 403 405 406 408 409 578 579
third_party/blink/renderer/platform/graphics/compositing/paint_artifact_compositor_test.cc 200 201 202 213 214 215 240 241 242 243 244 245 246 247 248 249 250 259 274 275 276 279 280 281 283 284 285 287 288 289 320 321 322 324 328 329 330 332 333 334 366 369 375 378 379 380 382 383 384 386 387 388 411 412 414 419 422 423 424 459 460 467 470 476 479 480 481 483 484 485 487 488 489 491 492 493 543 544 545 548 549 550 571 572 573 575 576 580 581 582 584 585 586 588 589 590 592 593 594 640 642 643 644 645 649 650 651 677 678 679 680 681 682 683 686 687 688 690 691 692 734 735 736 738 740 741 742 757 758 762 763 764 765 766 769 770 771 773 774 775 777 778 779 787 832 833 863 864 867 868 869 870 871 872 873 923 924 927 931 932 933 935 936 972 980 981 984 987 989 991 992 993 994 995 997 998 999 1000 1031 1032 1033 1038 1039 1040 1043 1047 1049 1050 1051 1052 1053 1075 1076 1077 1082 1083 1085 1086 1091 1092 1095 1096 1097 1098 1099 1100 1101 1102 1103 1141 1142 1145 1148 1151 1152 1153 1154 1155 1156 1157 1158 1195 1196 1197 1199 1200 1201 1223 1224 1225 1228 1229 1230 1232 1233 1234 1236 1237 1238 1263 1264 1265 1268 1269 1270 1272 1273 1274 1276 1277 1278 1303 1304 1306 1308 1312 1313 1314 1318 1319 1320 1342 1343 1347 1348 1349 1351 1352 1353 1355 1356 1357 1382 1385 1386 1387 1389 1390 1391 1393 1394 1395 1422 1423 1424 1425 1426 1427 1428 1429 1431 1432 1435 1436 1437 1439 1441 1442 1443 1471 1472 1473 1474 1475 1477 1479 1480 1481 1484 1485 1486 1488 1489 1490 1492 1493 1494 1526 1527 1528 1531 1535 1536 1539 1540 1541 1543 1544 1545 1547 1548 1549 1579 1580 1581 1582 1583 1585 1587 1588 1589 1592 1593 1596 1597 1598 1600 1601 1603 1604 1605 1633 1634 1635 1636 1637 1639 1640 1641 1644 1645 1646 1648 1649 1651 1652 1653 1679 1680 1681 1682 1683 1684 1685 1688 1689 1690 1692 1693 1694 1696 1697 1698 1722 1723 1724 1725 1726 1727 1729 1732 1733 1734 1736 1737 1739 1740 1741 1763 1764 1765 1766 1769 1771 1772 1773 1775 1800 1801 1802 1809 1810 1811 1854 1855 1856 1859 1860 1861 1870 1881 1882 1883 1911 1913 1914 1918 1919 1922 1929 1930 1936 1937 1938 1949 1950 1951 1959 1960 1961 1963 1964 1970 1973 1974 1975 1977 1978 1979 2010 2011 2012 2013 2014 2015 2016 2017 2018 2021 2023 2024 2025 2060 2061 2062 2063 2066 2067 2068 2070 2071 2072 2087 2090 2091 2092 2094 2095 2096 2098 2099 2100 2113 2114 2117 2118 2119 2121 2122 2123 2125 2126 2127 2155 2156 2157 2160 2161 2162 2164 2165 2166 2168 2169 2170 2200 2201 2202 2206 2207 2208 2210 2211 2212 2214 2241 2242 2243 2244 2247 2248 2249 2251 2252 2253 2257 2259 2260 2261 2266 2267 2268 2302 2303 2304 2306 2307 2414 2415 2417 2418 2419 2427 2428 2430 2432 2433 2434 2443 2444 2445 2447 2448 2449 2457 2458 2460 2462 2463 2464 2476 2477 2478 2501 2505 2550 2551 2555 2610 2614 2616 2679 2683 2685 2687 2768 2770 2771 2775 2777 2779 2839 2848 2850 2852 2944 2948 2949 2956 2958 2960 3048 3049 3050 3063 3072 3082 3093 3096 3107 3110 3121 3124 3138 3139 3140 3141 3142 3143 3144 3147 3149 3163 3164 3165 3167 3168 3169 3172 3173 3174 3176 3190 3191 3192 3194 3195 3196 3210 3211 3212 3230 3231 3232
third_party/blink/renderer/platform/graphics/compositing/paint_chunks_to_cc_layer.cc 656
third_party/blink/renderer/platform/graphics/compositing/paint_chunks_to_cc_layer_test.cc 150 151 152 153 154 155 156 157 158 159 160 172 173 174 183 184 185 190 199 200 204 219 220 222 223 227 248 249 253 255 256 260 298 299 300 301 302 303 305 306 307 308 309 313 352 354 358 380 382 383 387 416 418 422 449 452 467 470 487 488 489 492 496 513 515 518 522 541 543 546 550 567 569 572 576 592 595 600 616 618 622 623 624 636 637 638 641 642 643 644 645 647 651 665 666 667 670 671 672 674 675 677 681 701 705 719 720 721 722 723 724 727 728 732 761 762 763 764 765 766 767 770 774 802 803 807 808 809 810 811 812 816 839 840 841 842 846 848 849 850 851 855 874 875 879 880 884 903 904 908 909 913
third_party/blink/renderer/platform/graphics/compositing/property_tree_manager.cc 94 112 136 149 317 318
third_party/blink/renderer/platform/graphics/graphics_layer_test.cc 226 230 253 254 258 259
third_party/blink/renderer/platform/graphics/paint/clip_paint_property_node.cc 11 12 14 15 16 25
third_party/blink/renderer/platform/graphics/paint/clip_paint_property_node.h 32 56 58 59 61 62 65 66 67 76 77 78 83 101 102 118 119 120
third_party/blink/renderer/platform/graphics/paint/effect_paint_property_node.cc 9 10 11 12 13 30 31
third_party/blink/renderer/platform/graphics/paint/effect_paint_property_node.h 35 38 66 68 69 71 72 75 76 77 87 88 89 90 124 125 141 142 143
third_party/blink/renderer/platform/graphics/paint/geometry_mapper.cc 104
third_party/blink/renderer/platform/graphics/paint/geometry_mapper_test.cc 160 161 172 173 182 183 189 190 202 203 216 217 220 234 235 241 257 258 261 276 277 280 293 294 295 307 311 312 347 348 349 350 351 352 375 376 391 392 393 410 411 412 413 414 431 432 439 440 441 443 462 463 464 465 483 484 485 486 487 503 504 505 506 508 509 510 512 556 557 560 561 600 601 604 605 607 608 645 646 648 651 652 653 655 656 660 661 662 697 698 715 716 717 718 719 720 734 735 736 737 738 739 741 742 743 760 761 762 763 764 766 767 768 790 793 794 795 796 797 799 800 801 814 815 816 817 818 819 820 821 822 823 824 826 827 828 841 842 843 844 854 857 858 860 861 862 863 864 865
third_party/blink/renderer/platform/graphics/paint/paint_chunk.h 14 103
third_party/blink/renderer/platform/graphics/paint/paint_chunker_test.cc 103 112 133 141 142 152 155 156 203 232 239 410
third_party/blink/renderer/platform/graphics/paint/paint_controller.cc 520 540
third_party/blink/renderer/platform/graphics/paint/paint_controller_test.cc 485 525 801 802 806 807 1120 1121 1125 1126 1233 1234 1240 1241 1245 1246 1250 1251
third_party/blink/renderer/platform/graphics/paint/paint_property_node.h 8 11 58 61 118 119 121 128 135
third_party/blink/renderer/platform/graphics/paint/paint_property_node_test.cc 17 18 19 20 21 22 38 39 41 63 64 65 66 67 68 72 75 76 78 80 81 83 85 86 97 114 139
third_party/blink/renderer/platform/graphics/paint/property_tree_state.cc 13 14 15 16 17
third_party/blink/renderer/platform/graphics/paint/property_tree_state_test.cc 13 22 32 33 34 36 41 43 44 51 53 54 61 63 65 74 76 78
third_party/blink/renderer/platform/graphics/paint/ref_counted_property_tree_state.cc 1 2 3 4 5 6 7 8 9 10 11 12 13 14 15 16 17 18 19 20 21 22 23 24 25 26 27 28 29 30 31 32 33 34 35 36 37 38 39 40 41 42 43
third_party/blink/renderer/platform/graphics/paint/ref_counted_property_tree_state.h 1 2 3 4 5 6 7 8 9 10 11 12 13 14 15 16 17 18 19 20 21 22 23 24 25 26 27 28 29 30 31 32 33 34 35 36 37 38 39 40 41 42 43 44 45 46 47 48 49 50 51 52 53 54 55 56 57 58 59 60 61 62 63 64 65 66 67 68 69 70 71 72 73 74 75 76 77 78 79 80 81 82 83 84 85 86 87 88
third_party/blink/renderer/platform/graphics/paint/scroll_hit_test_display_item.cc 16 18 22 47 55 61 67
third_party/blink/renderer/platform/graphics/paint/scroll_hit_test_display_item.h 30 34 49 50 51 52 53 57 60
third_party/blink/renderer/platform/graphics/paint/scroll_paint_property_node.cc 9 10 11
third_party/blink/renderer/platform/graphics/paint/scroll_paint_property_node.h 59 61 62 64 65 68 69 70 121 122 135 136 137
third_party/blink/renderer/platform/graphics/paint/transform_paint_property_node.cc 11 12 14 15 16 17 18 64
third_party/blink/renderer/platform/graphics/paint/transform_paint_property_node.h 51 66 68 69 71 72 75 76 77 91 92 93 132 133 150 151 152 153
third_party/blink/renderer/platform/testing/paint_property_test_helpers.h 15 16 17 18 26 29 30 33 34 35 38 39 40 41 51 54 55 59 60 64 65 66 76 77 78 87 88 99 100 103 108
third_party/blink/renderer/platform/testing/test_paint_artifact.cc 47 48 49 55 56 57 58 59 115 121 123
third_party/blink/renderer/platform/testing/test_paint_artifact.h 49 50 51 58 64 65 66 77
