third_party/WebKit/LayoutTests/typedcssom/resources/testhelper.js 73 74 75 76 77 78 79
third_party/WebKit/LayoutTests/typedcssom/stylevalue-normalization/normalize-ident.html 16 18
third_party/WebKit/LayoutTests/typedcssom/stylevalue-normalization/normalize-numeric.html 11 14 18 19 22 23 26 27 30 31 34 35 38 39
third_party/WebKit/LayoutTests/typedcssom/stylevalue-normalization/normalize-tokens.html 11 16 53 54 57 58
third_party/WebKit/LayoutTests/typedcssom/stylevalue-normalization/transformvalue-normalization.html 12 15 19 20 26 27 148 149 153 154 165 166
third_party/WebKit/LayoutTests/typedcssom/stylevalue-objects/parse-relative-url.html 14 16 17 28
third_party/WebKit/LayoutTests/typedcssom/stylevalue-serialization/cssKeywordValue.html 28 29
third_party/WebKit/LayoutTests/typedcssom/stylevalue-serialization/cssPositionValue.html 27 28 33 34
third_party/WebKit/LayoutTests/typedcssom/stylevalue-serialization/cssUnitValue.html 42 43 48 49
third_party/WebKit/LayoutTests/typedcssom/stylevalue-subclasses/cssUrlImageValue.html 12 14 15 48 61 74
third_party/WebKit/LayoutTests/typedcssom/the-stylepropertymap/computed/computed.html 60 61
third_party/WebKit/LayoutTests/typedcssom/the-stylepropertymap/computed/get.html 8 12 13 14 18 22 23 24 27 28 29 32 33 34 37 38 39
third_party/WebKit/LayoutTests/typedcssom/the-stylepropertymap/computed/getAll.html 8 12 13 14 18 19 20 23 24 25 28 29 30 33 34 35 38 39 40
third_party/WebKit/LayoutTests/typedcssom/the-stylepropertymap/computed/getProperties.html 7 11 12 13 14 15
third_party/WebKit/LayoutTests/typedcssom/the-stylepropertymap/computed/has.html 7 11 12 13 22 26
third_party/WebKit/LayoutTests/typedcssom/the-stylepropertymap/computed/iterable.html 8 19 20 21 22 23 27 31 35
third_party/WebKit/LayoutTests/typedcssom/the-stylepropertymap/inline/append.html 21 22 27 28 37 38 47 48
third_party/WebKit/LayoutTests/typedcssom/the-stylepropertymap/inline/delete.html 11 12 17 18 32 33
third_party/WebKit/LayoutTests/typedcssom/the-stylepropertymap/inline/get.html 8 12 13 14 18 22 26 27 28 31 32 33 36 37 38 41 42 43
third_party/WebKit/LayoutTests/typedcssom/the-stylepropertymap/inline/getAll.html 8 12 13 14 18 19 20 23 24 25 28 29 30 33 34 35 38 39 40 43 44 45
third_party/WebKit/LayoutTests/typedcssom/the-stylepropertymap/inline/getProperties.html 7 8 12 13 14 15 18 19 20 21
third_party/WebKit/LayoutTests/typedcssom/the-stylepropertymap/inline/has.html 7 11 12 13 23 27
third_party/WebKit/LayoutTests/typedcssom/the-stylepropertymap/inline/iterable.html 8 9 13 14 15 16 19 20 21 22 26 27 28 29 30 33 34 35 36 37 38 40 41 42 43 45 46 47 48 50 51 52
third_party/WebKit/LayoutTests/typedcssom/the-stylepropertymap/inline/set.html 19 20 25 26 30 31 35 36 45 46 55 56 62 63 72 73
third_party/WebKit/LayoutTests/typedcssom/the-stylepropertymap/inline/update.html 19 20 25 26 35 36 45 46 55 56 63 64 71 72 79 80
