viro@zeniv.linux
aneesh.kumar@linux.vnet
aneesh.kumar@linux.vnet
aneesh.kumar@linux.vnet
aneesh.kumar@linux.vnet
aneesh.kumar@linux.vnet
aneesh.kumar@linux.vnet
aneesh.kumar@linux.vnet
aneesh.kumar@linux.vnet
aneesh.kumar@linux.vnet
aneesh.kumar@linux.vnet
aneesh.kumar@linux.vnet
aneesh.kumar@linux.vnet
aneesh.kumar@linux.vnet
aneesh.kumar@linux.vnet
aneesh.kumar@linux.vnet
aneesh.kumar@linux.vnet
aneesh.kumar@linux.vnet
aneesh.kumar@linux.vnet
aneesh.kumar@linux.vnet
aneesh.kumar@linux.vnet
aneesh.kumar@linux.vnet
aneesh.kumar@linux.vnet
viro@zeniv.linux
chris.mason@oracle.com
bo.li.liu@oracle.com
bo.li.liu@oracle.com
lucienchao@gmail.com
lucienchao@gmail.com
lucienchao@gmail.com
lucienchao@gmail.com
viro@zeniv.linux
torvalds@ppc970.osdl
torvalds@ppc970.osdl
jack@suse.cz
torvalds@ppc970.osdl
torvalds@ppc970.osdl
torvalds@ppc970.osdl
torvalds@ppc970.osdl
viro@zeniv.linux
tytso@mit.edu
tytso@mit.edu
jack@suse.cz
tytso@mit.edu
tytso@mit.edu
tytso@mit.edu
shaggy@austin.ibm
jaegeuk.kim@samsung.com
jaegeuk.kim@samsung.com
jaegeuk.kim@samsung.com
jaegeuk.kim@samsung.com
swhiteho@redhat.com
hch@infradead.org
swhiteho@redhat.com
hch@infradead.org
swhiteho@redhat.com
swhiteho@redhat.com
rpeterso@redhat.com
rpeterso@redhat.com
rpeterso@redhat.com
slava@dubeyko.com
slava@dubeyko.com
viro@zeniv.linux
kaigai@ak.jp
kaigai@ak.jp
kaigai@ak.jp
kaigai@ak.jp
wbkernel@gmail.com
wbkernel@gmail.com
wbkernel@gmail.com
wbkernel@gmail.com
viro@zeniv.linux
tiger.yang@oracle.com
tiger.yang@oracle.com
tiger.yang@oracle.com
fabf@skynet.be
fabf@skynet.be
hubcap@omnibond.com
hubcap@omnibond.com
hubcap@omnibond.com
hubcap@omnibond.com
hubcap@omnibond.com
hubcap@omnibond.com
hubcap@omnibond.com
hubcap@omnibond.com
hubcap@omnibond.com
hubcap@omnibond.com
viro@zeniv.linux
torvalds@g5.osdl
torvalds@g5.osdl
torvalds@g5.osdl
torvalds@g5.osdl
torvalds@g5.osdl
viro@zeniv.linux
hch@lst.de
hch@lst.de
hch@lst.de
hch@lst.de
hch@lst.de
hch@lst.de
hch@lst.de
hch@lst.de
