gcosta@redhat.com
gcosta@redhat.com
kraxel@redhat.com
gcosta@redhat.com
mtosatti@redhat.com
zamsden@redhat.com
amwang@redhat.com
gcosta@redhat.com
mtosatti@redhat.com
mtosatti@redhat.com
gcosta@redhat.com
kraxel@redhat.com
gcosta@redhat.com
amwang@redhat.com
gcosta@redhat.com
gcosta@redhat.com
glommer@redhat.com
glommer@redhat.com
glommer@redhat.com
glommer@redhat.com
gcosta@redhat.com
gcosta@redhat.com
ahonig@google.com
ahonig@google.com
gcosta@redhat.com
gcosta@redhat.com
gcosta@redhat.com
xiaoguangrong@linux.vnet
gcosta@redhat.com
emunson@mgebm.net
