ananda.raju@neterion.com
ananda.raju@neterion.com
ananda.raju@neterion.com
ananda.raju@neterion.com
ananda.raju@neterion.com
ananda.raju@neterion.com
ananda.raju@neterion.com
ananda.raju@neterion.com
ananda.raju@neterion.com
ananda.raju@neterion.com
ananda.raju@neterion.com
ananda.raju@neterion.com
ananda.raju@neterion.com
davem@davemloft.net
brian.haley@hp.com
brian.haley@hp.com
brian.haley@hp.com
davem@davemloft.net
brian.haley@hp.com
brian.haley@hp.com
ananda.raju@neterion.com
brian.haley@hp.com
xiaosuo@gmail.com
brian.haley@hp.com
brian.haley@hp.com
eric.dumazet@gmail.com
brian.haley@hp.com
brian.haley@hp.com
brian.haley@hp.com
brian.haley@hp.com
torvalds@ppc970.osdl
