eparis@redhat.com
eparis@redhat.com
eparis@redhat.com
eparis@redhat.com
eparis@redhat.com
lucas.demarchi@profusion.mobi
eparis@redhat.com
eparis@redhat.com
eparis@redhat.com
eparis@redhat.com
eparis@redhat.com
eparis@redhat.com
eparis@redhat.com
eparis@redhat.com
eparis@redhat.com
eparis@redhat.com
eparis@redhat.com
eparis@redhat.com
eparis@redhat.com
eparis@redhat.com
eparis@redhat.com
eparis@redhat.com
eparis@redhat.com
eparis@redhat.com
eparis@redhat.com
eparis@redhat.com
eparis@redhat.com
eparis@redhat.com
eparis@redhat.com
eparis@redhat.com
a.p.zijlstra@chello.nl
eparis@redhat.com
eparis@redhat.com
eparis@redhat.com
eparis@redhat.com
eparis@redhat.com
eparis@redhat.com
torvalds@linux-foundation.org
eparis@redhat.com
eparis@redhat.com
eparis@redhat.com
eparis@redhat.com
eparis@redhat.com
eparis@redhat.com
eparis@redhat.com
eparis@redhat.com
a.p.zijlstra@chello.nl
eparis@redhat.com
eparis@redhat.com
eparis@redhat.com
a.p.zijlstra@chello.nl
eparis@redhat.com
a.p.zijlstra@chello.nl
a.p.zijlstra@chello.nl
eparis@redhat.com
a.p.zijlstra@chello.nl
eparis@redhat.com
eparis@redhat.com
eparis@redhat.com
eparis@redhat.com
eparis@redhat.com
eparis@redhat.com
eparis@redhat.com
eparis@redhat.com
a.p.zijlstra@chello.nl
a.p.zijlstra@chello.nl
eparis@redhat.com
eparis@redhat.com
eparis@redhat.com
eparis@redhat.com
eparis@redhat.com
eparis@redhat.com
eparis@redhat.com
eparis@redhat.com
eparis@redhat.com
eparis@redhat.com
eparis@redhat.com
eparis@redhat.com
eparis@redhat.com
eparis@redhat.com
eparis@redhat.com
eparis@redhat.com
eparis@redhat.com
eparis@redhat.com
eparis@redhat.com
eparis@redhat.com
eparis@redhat.com
eparis@redhat.com
eparis@redhat.com
eparis@redhat.com
eparis@redhat.com
eparis@redhat.com
eparis@redhat.com
eparis@redhat.com
eparis@redhat.com
eparis@redhat.com
eparis@redhat.com
a.p.zijlstra@chello.nl
eparis@redhat.com
eparis@redhat.com
eparis@redhat.com
eparis@redhat.com
jpirko@redhat.com
eparis@redhat.com
eparis@redhat.com
eparis@redhat.com
eparis@redhat.com
eparis@redhat.com
eparis@redhat.com
a.p.zijlstra@chello.nl
eparis@redhat.com
eparis@redhat.com
eparis@redhat.com
eparis@redhat.com
a.p.zijlstra@chello.nl
a.p.zijlstra@chello.nl
a.p.zijlstra@chello.nl
eparis@redhat.com
eparis@redhat.com
eparis@redhat.com
eparis@redhat.com
jpirko@redhat.com
eparis@redhat.com
eparis@redhat.com
eparis@redhat.com
eparis@redhat.com
eparis@redhat.com
eparis@redhat.com
eparis@redhat.com
eparis@redhat.com
eparis@redhat.com
eparis@redhat.com
eparis@redhat.com
eparis@redhat.com
eparis@redhat.com
eparis@redhat.com
eparis@redhat.com
eparis@redhat.com
eparis@redhat.com
eparis@redhat.com
eparis@redhat.com
eparis@redhat.com
rgb@redhat.com
eparis@redhat.com
xi.wang@gmail.com
xi.wang@gmail.com
eparis@redhat.com
eparis@redhat.com
rgb@redhat.com
rgb@redhat.com
eparis@redhat.com
eparis@redhat.com
eparis@redhat.com
eparis@redhat.com
eparis@redhat.com
eparis@redhat.com
eparis@redhat.com
eparis@redhat.com
joe@perches.com
eparis@redhat.com
a.p.zijlstra@chello.nl
rgb@redhat.com
eparis@redhat.com
eparis@redhat.com
eparis@redhat.com
eparis@redhat.com
eparis@redhat.com
eparis@redhat.com
eparis@redhat.com
