torvalds@ppc970.osdl
torvalds@ppc970.osdl
gerrit@erg.abdn
roy.qing.li@gmail.com
roy.qing.li@gmail.com
roy.qing.li@gmail.com
roy.qing.li@gmail.com
acme@mandriva.com
acme@mandriva.com
acme@mandriva.com
acme@mandriva.com
davem@davemloft.net
gerrit@erg.abdn
gerrit@erg.abdn
gerrit@erg.abdn
eldad@fogrefinery.com
ipm@chirality.org
torvalds@ppc970.osdl
davem@davemloft.net
arno@natisbad.org
yoshfuji@linux-ipv6.org
ncardwell@google.com
edumazet@google.com
eric.dumazet@gmail.com
duanj.fnst@cn.fujitsu
torvalds@ppc970.osdl
torvalds@ppc970.osdl
torvalds@ppc970.osdl
yoshfuji@linux-ipv6.org
yoshfuji@linux-ipv6.org
yoshfuji@linux-ipv6.org
torvalds@ppc970.osdl
torvalds@ppc970.osdl
davem@sunset.davemloft
yoshfuji@linux-ipv6.org
ipm@chirality.org
torvalds@ppc970.osdl
davem@davemloft.net
davem@davemloft.net
torvalds@ppc970.osdl
acme@mandriva.com
acme@mandriva.com
roy.qing.li@gmail.com
roy.qing.li@gmail.com
roy.qing.li@gmail.com
torvalds@ppc970.osdl
torvalds@ppc970.osdl
acme@mandriva.com
acme@mandriva.com
torvalds@ppc970.osdl
ipm@chirality.org
torvalds@ppc970.osdl
celston@katalix.com
celston@katalix.com
