jack@suse.cz
jack@suse.cz
jack@suse.cz
dhowells@redhat.com
jack@suse.cz
mszeredi@suse.cz
mszeredi@suse.cz
viro@zeniv.linux
rml@novell.com
eparis@redhat.com
eparis@redhat.com
eparis@redhat.com
rml@novell.com
rml@novell.com
rml@novell.com
rml@novell.com
eparis@redhat.com
rml@novell.com
rml@novell.com
rml@novell.com
rml@novell.com
rml@novell.com
rml@novell.com
rml@novell.com
eparis@redhat.com
rml@novell.com
rml@novell.com
rml@novell.com
rml@novell.com
eparis@redhat.com
rml@novell.com
eparis@redhat.com
rml@novell.com
rml@novell.com
rml@novell.com
rml@novell.com
eparis@redhat.com
rml@novell.com
rml@novell.com
rml@novell.com
eparis@redhat.com
rml@novell.com
