rui.zhang@intel.com
rui.zhang@intel.com
rui.zhang@intel.com
trenn@suse.de
rui.zhang@intel.com
rui.zhang@intel.com
rui.zhang@intel.com
rui.zhang@intel.com
rui.zhang@intel.com
rui.zhang@intel.com
rui.zhang@intel.com
segoon@openwall.com
segoon@openwall.com
segoon@openwall.com
rui.zhang@intel.com
rui.zhang@intel.com
rui.zhang@intel.com
rui.zhang@intel.com
rui.zhang@intel.com
rui.zhang@intel.com
rui.zhang@intel.com
rui.zhang@intel.com
rui.zhang@intel.com
rui.zhang@intel.com
segoon@openwall.com
segoon@openwall.com
rui.zhang@intel.com
rui.zhang@intel.com
rui.zhang@intel.com
rui.zhang@intel.com
segoon@openwall.com
segoon@openwall.com
segoon@openwall.com
segoon@openwall.com
segoon@openwall.com
segoon@openwall.com
segoon@openwall.com
rui.zhang@intel.com
rui.zhang@intel.com
rui.zhang@intel.com
rui.zhang@intel.com
segoon@openwall.com
rui.zhang@intel.com
rui.zhang@intel.com
rui.zhang@intel.com
rui.zhang@intel.com
rui.zhang@intel.com
rui.zhang@intel.com
rui.zhang@intel.com
rui.zhang@intel.com
rui.zhang@intel.com
segoon@openwall.com
rui.zhang@intel.com
rui.zhang@intel.com
rui.zhang@intel.com
rui.zhang@intel.com
rui.zhang@intel.com
rui.zhang@intel.com
rui.zhang@intel.com
rui.zhang@intel.com
rui.zhang@intel.com
rui.zhang@intel.com
arnd@arndb.de
rui.zhang@intel.com
rui.zhang@intel.com
trenn@suse.de
rui.zhang@intel.com
trenn@suse.de
trenn@suse.de
rui.zhang@intel.com
davej@redhat.com
trenn@suse.de
rui.zhang@intel.com
trenn@suse.de
rui.zhang@intel.com
rui.zhang@intel.com
trenn@suse.de
rui.zhang@intel.com
trenn@suse.de
