olteanv@gmail.com
olteanv@gmail.com
olteanv@gmail.com
olteanv@gmail.com
olteanv@gmail.com
olteanv@gmail.com
olteanv@gmail.com
olteanv@gmail.com
olteanv@gmail.com
olteanv@gmail.com
olteanv@gmail.com
olteanv@gmail.com
olteanv@gmail.com
olteanv@gmail.com
olteanv@gmail.com
olteanv@gmail.com
vomlehn@texas.net
nikita.danilov@aquantia.com
vomlehn@texas.net
vomlehn@texas.net
vomlehn@texas.net
nikita.danilov@aquantia.com
nikita.danilov@aquantia.com
nikita.danilov@aquantia.com
miquel.raynal@bootlin.com
miquel.raynal@bootlin.com
nelson.chang@mediatek.com
grygorii.strashko@ti.com
kernel@arm.linux
andrew@lunn.ch
kernel@arm.linux
kernel@armlinux.org
jon@solid-run.com
kernel@arm.linux
kernel@arm.linux
kernel@arm.linux
jwi@linux.ibm
jwi@linux.ibm
jwi@linux.ibm
jwi@linux.ibm
jwi@linux.ibm
jwi@linux.ibm
Eugene.Crosser@ru.ibm
davem@davemloft.net
davem@davemloft.net
jwi@linux.ibm
jwi@linux.vnet
jwi@linux.vnet
olteanv@gmail.com
olteanv@gmail.com
olteanv@gmail.com
olteanv@gmail.com
olteanv@gmail.com
olteanv@gmail.com
olteanv@gmail.com
olteanv@gmail.com
olteanv@gmail.com
olteanv@gmail.com
olteanv@gmail.com
olteanv@gmail.com
liuhangbin@gmail.com
liuhangbin@gmail.com
liuhangbin@gmail.com
olteanv@gmail.com
olteanv@gmail.com
olteanv@gmail.com
olteanv@gmail.com
olteanv@gmail.com
olteanv@gmail.com
olteanv@gmail.com
zach.brown@oracle.com
chris.mason@oracle.com
chris.mason@oracle.com
ying.huang@intel.com
ying.huang@intel.com
lucien.xin@gmail.com
torvalds@ppc970.osdl
torvalds@ppc970.osdl
torvalds@ppc970.osdl
acme@mandriva.com
torvalds@ppc970.osdl
torvalds@ppc970.osdl
torvalds@ppc970.osdl
torvalds@ppc970.osdl
torvalds@ppc970.osdl
borisp@mellanox.com
jakub.kicinski@netronome.com
jakub.kicinski@netronome.com
jakub.kicinski@netronome.com
jakub.kicinski@netronome.com
borisp@mellanox.com
idosch@mellanox.com
