torvalds@ppc970.osdl
torvalds@ppc970.osdl
torvalds@ppc970.osdl
torvalds@ppc970.osdl
torvalds@ppc970.osdl
torvalds@ppc970.osdl
npiggin@suse.de
torvalds@ppc970.osdl
torvalds@ppc970.osdl
npiggin@suse.de
torvalds@ppc970.osdl
npiggin@suse.de
npiggin@suse.de
npiggin@suse.de
npiggin@suse.de
npiggin@suse.de
npiggin@suse.de
hughd@google.com
hannes@cmpxchg.org
hannes@cmpxchg.org
hannes@cmpxchg.org
hannes@cmpxchg.org
hannes@cmpxchg.org
hannes@cmpxchg.org
willy@infradead.org
hannes@cmpxchg.org
ying.huang@intel.com
ying.huang@intel.com
hannes@cmpxchg.org
hannes@cmpxchg.org
hannes@cmpxchg.org
hannes@cmpxchg.org
hannes@cmpxchg.org
hughd@google.com
torvalds@ppc970.osdl
torvalds@ppc970.osdl
kirill.shutemov@linux.intel
torvalds@ppc970.osdl
torvalds@ppc970.osdl
torvalds@ppc970.osdl
torvalds@ppc970.osdl
torvalds@ppc970.osdl
n-horiguchi@ah.jp
n-horiguchi@ah.jp
hannes@cmpxchg.org
hannes@cmpxchg.org
hannes@cmpxchg.org
hannes@cmpxchg.org
hannes@cmpxchg.org
hannes@cmpxchg.org
hannes@cmpxchg.org
hannes@cmpxchg.org
hannes@cmpxchg.org
hannes@cmpxchg.org
hannes@cmpxchg.org
hannes@cmpxchg.org
hannes@cmpxchg.org
hannes@cmpxchg.org
n-horiguchi@ah.jp
n-horiguchi@ah.jp
n-horiguchi@ah.jp
n-horiguchi@ah.jp
n-horiguchi@ah.jp
n-horiguchi@ah.jp
n-horiguchi@ah.jp
n-horiguchi@ah.jp
weijie.yang@samsung.com
weijie.yang@samsung.com
weijie.yang@samsung.com
weijie.yang@samsung.com
weijie.yang@samsung.com
hannes@cmpxchg.org
hannes@cmpxchg.org
hannes@cmpxchg.org
shli@kernel.org
ying.huang@intel.com
hannes@cmpxchg.org
hannes@cmpxchg.org
hannes@cmpxchg.org
hannes@cmpxchg.org
hannes@cmpxchg.org
