david_mccullough@mcafee.com
david_mccullough@mcafee.com
david_mccullough@mcafee.com
jussi.kivilinna@iki.fi
jussi.kivilinna@iki.fi
jussi.kivilinna@iki.fi
ard.biesheuvel@linaro.org
ard.biesheuvel@linaro.org
ard.biesheuvel@linaro.org
ard.biesheuvel@linaro.org
ard.biesheuvel@linaro.org
michael@ellerman.id
herbert@gondor.apana
torvalds@ppc970.osdl
torvalds@ppc970.osdl
gerald.schaefer@de.ibm
torvalds@ppc970.osdl
jan.glauber@de.ibm
jang@linux.vnet
jang@linux.vnet
jang@linux.vnet
davem@davemloft.net
davem@davemloft.net
davem@davemloft.net
davem@davemloft.net
davem@davemloft.net
davem@davemloft.net
davem@davemloft.net
davem@davemloft.net
davem@davemloft.net
davem@davemloft.net
olh@suse.de
sebastian@breakpoint.cc
ying.huang@intel.com
jussi.kivilinna@mbnet.fi
jussi.kivilinna@mbnet.fi
jussi.kivilinna@iki.fi
jussi.kivilinna@iki.fi
jussi.kivilinna@mbnet.fi
jussi.kivilinna@mbnet.fi
jussi.kivilinna@mbnet.fi
jussi.kivilinna@mbnet.fi
Johannes.Goetzfried@informatik.stud
Johannes.Goetzfried@informatik.stud
alexander_boyko@xyratex.com
alexander_boyko@xyratex.com
austin.zhang@intel.com
austin.zhang@intel.com
herbert@gondor.apana
herbert@gondor.apana
jussi.kivilinna@iki.fi
jussi.kivilinna@iki.fi
jussi.kivilinna@iki.fi
jussi.kivilinna@iki.fi
ying.huang@intel.com
thesweeheng@gmail.com
thesweeheng@gmail.com
jussi.kivilinna@iki.fi
jussi.kivilinna@iki.fi
Johannes.Goetzfried@informatik.stud
jussi.kivilinna@mbnet.fi
minipli@googlemail.com
tim.c.chen@linux.intel
jussi.kivilinna@iki.fi
tim.c.chen@linux.intel
jussi.kivilinna@iki.fi
Johannes.Goetzfried@informatik.stud
jfritschi@freenet.de
sebastian@breakpoint.cc
jussi.kivilinna@mbnet.fi
jussi.kivilinna@mbnet.fi
sebastian@breakpoint.cc
nhorman@tuxdriver.com
raa.lkml@gmail.com
raa.lkml@gmail.com
jussi.kivilinna@mbnet.fi
jussi.kivilinna@mbnet.fi
Johannes.Goetzfried@informatik.stud
Johannes.Goetzfried@informatik.stud
latten@austin.ibm
latten@austin.ibm
tim.c.chen@linux.intel
herbert@gondor.apana
torvalds@ppc970.osdl
torvalds@ppc970.osdl
torvalds@ppc970.osdl
herbert@gondor.apana
torvalds@ppc970.osdl
torvalds@ppc970.osdl
herbert@gondor.apana
herbert@gondor.apana
tobias@strongswan.org
ying.huang@intel.com
nhorman@tuxdriver.com
torvalds@ppc970.osdl
thesweeheng@gmail.com
thesweeheng@gmail.com
thesweeheng@gmail.com
torvalds@ppc970.osdl
jussi.kivilinna@mbnet.fi
sebastian@breakpoint.cc
jonathan.lynch@intel.com
sebastian@breakpoint.cc
jang@linux.vnet
jang@linux.vnet
torvalds@ppc970.osdl
ajgrothe@yahoo.com
torvalds@ppc970.osdl
torvalds@ppc970.osdl
jfritschi@freenet.de
torvalds@ppc970.osdl
torvalds@ppc970.osdl
torvalds@ppc970.osdl
torvalds@ppc970.osdl
torvalds@ppc970.osdl
torvalds@ppc970.osdl
torvalds@ppc970.osdl
torvalds@ppc970.osdl
torvalds@ppc970.osdl
torvalds@ppc970.osdl
torvalds@ppc970.osdl
torvalds@ppc970.osdl
torvalds@ppc970.osdl
torvalds@ppc970.osdl
torvalds@ppc970.osdl
torvalds@ppc970.osdl
torvalds@ppc970.osdl
torvalds@ppc970.osdl
herbert@gondor.apana
herbert@gondor.apana
herbert@gondor.apana
michal@logix.cz
michal@logix.cz
tadeusz.struk@intel.com
andreas.westin@stericsson.com
andreas.westin@stericsson.com
andreas.westin@stericsson.com
andreas.westin@stericsson.com
andreas.westin@stericsson.com
andreas.westin@stericsson.com
ingo.tuchscherer@linux.vnet
schwidefsky@de.ibm
felix.beck@de.ibm
schwidefsky@de.ibm
schwidefsky@de.ibm
