chris.mason@oracle.com
sandeen@redhat.com
sandeen@redhat.com
sandeen@redhat.com
sandeen@redhat.com
sandeen@redhat.com
chris.mason@oracle.com
chris.mason@oracle.com
jbacik@redhat.com
josef@redhat.com
josef@redhat.com
josef@redhat.com
josef@redhat.com
josef@redhat.com
josef@redhat.com
jbacik@redhat.com
josef@redhat.com
josef@redhat.com
dsterba@suse.cz
dsterba@suse.cz
dsterba@suse.cz
bo.li.liu@oracle.com
bo.li.liu@oracle.com
bo.li.liu@oracle.com
bo.li.liu@oracle.com
bo.li.liu@oracle.com
bo.li.liu@oracle.com
bo.li.liu@oracle.com
bo.li.liu@oracle.com
josef@redhat.com
josef@redhat.com
josef@redhat.com
josef@redhat.com
josef@redhat.com
josef@redhat.com
josef@redhat.com
josef@redhat.com
josef@redhat.com
josef@redhat.com
josef@redhat.com
josef@redhat.com
josef@redhat.com
josef@redhat.com
jbacik@redhat.com
josef@redhat.com
josef@redhat.com
josef@redhat.com
dsterba@suse.cz
josef@redhat.com
josef@redhat.com
josef@redhat.com
josef@redhat.com
josef@redhat.com
josef@redhat.com
josef@redhat.com
josef@redhat.com
josef@redhat.com
josef@redhat.com
josef@redhat.com
jbacik@redhat.com
josef@redhat.com
josef@redhat.com
josef@redhat.com
josef@redhat.com
jbacik@redhat.com
