liplianin@me.by
liplianin@me.by
liplianin@me.by
liplianin@me.by
liplianin@me.by
liplianin@me.by
liplianin@me.by
liplianin@me.by
liplianin@me.by
liplianin@me.by
liplianin@me.by
liplianin@me.by
liplianin@me.by
liplianin@me.by
liplianin@me.by
liplianin@me.by
liplianin@me.by
liplianin@me.by
liplianin@me.by
liplianin@me.by
liplianin@me.by
liplianin@me.by
liplianin@me.by
liplianin@me.by
liplianin@me.by
mchehab@kernel.org
liplianin@me.by
liplianin@me.by
liplianin@me.by
liplianin@me.by
liplianin@me.by
liplianin@me.by
liplianin@me.by
liplianin@me.by
liplianin@me.by
liplianin@me.by
liplianin@me.by
liplianin@me.by
liplianin@me.by
liplianin@me.by
liplianin@me.by
liplianin@me.by
liplianin@me.by
liplianin@me.by
liplianin@me.by
mkrufky@kernellabs.com
liplianin@me.by
mkrufky@kernellabs.com
liplianin@me.by
liplianin@me.by
crazycat69@narod.ru
crazycat69@narod.ru
crazycat69@narod.ru
crazycat69@narod.ru
crazycat69@narod.ru
crazycat69@narod.ru
crazycat69@narod.ru
crazycat69@narod.ru
crazycat69@narod.ru
crazycat69@narod.ru
crazycat69@narod.ru
crazycat69@narod.ru
crazycat69@narod.ru
crazycat69@narod.ru
crazycat69@narod.ru
crazycat69@narod.ru
crazycat69@narod.ru
crazycat69@narod.ru
crazycat69@narod.ru
crazycat69@narod.ru
crazycat69@narod.ru
crazycat69@narod.ru
crazycat69@narod.ru
liplianin@me.by
liplianin@me.by
liplianin@me.by
liplianin@me.by
liplianin@me.by
liplianin@me.by
liplianin@me.by
liplianin@me.by
liplianin@me.by
olli.salonen@iki.fi
olli.salonen@iki.fi
olli.salonen@iki.fi
olli.salonen@iki.fi
olli.salonen@iki.fi
olli.salonen@iki.fi
olli.salonen@iki.fi
olli.salonen@iki.fi
olli.salonen@iki.fi
olli.salonen@iki.fi
olli.salonen@iki.fi
olli.salonen@iki.fi
olli.salonen@iki.fi
olli.salonen@iki.fi
olli.salonen@iki.fi
olli.salonen@iki.fi
olli.salonen@iki.fi
