torvalds@ppc970.osdl
dev@openvz.org
riel@surriel.com
riel@surriel.com
riel@surriel.com
Nadia.Derbey@bull.net
Nadia.Derbey@bull.net
Nadia.Derbey@bull.net
Nadia.Derbey@bull.net
Nadia.Derbey@bull.net
pierre.peiffer@bull.net
davidlohr.bueso@hp.com
davidlohr.bueso@hp.com
davidlohr.bueso@hp.com
davidlohr.bueso@hp.com
davidlohr.bueso@hp.com
pierre.peiffer@bull.net
pierre.peiffer@bull.net
pierre.peiffer@bull.net
pierre.peiffer@bull.net
pierre.peiffer@bull.net
pierre.peiffer@bull.net
davidlohr.bueso@hp.com
davidlohr.bueso@hp.com
davidlohr.bueso@hp.com
manfred@colorfullife.com
torvalds@ppc970.osdl
torvalds@ppc970.osdl
viro@zeniv.linux
viro@zeniv.linux
viro@zeniv.linux
viro@zeniv.linux
viro@zeniv.linux
viro@zeniv.linux
viro@zeniv.linux
viro@zeniv.linux
viro@zeniv.linux
viro@zeniv.linux
viro@zeniv.linux
viro@zeniv.linux
viro@zeniv.linux
viro@zeniv.linux
viro@zeniv.linux
viro@zeniv.linux
viro@zeniv.linux
viro@zeniv.linux
viro@zeniv.linux
viro@zeniv.linux
viro@zeniv.linux
torvalds@ppc970.osdl
torvalds@ppc970.osdl
davidlohr.bueso@hp.com
torvalds@ppc970.osdl
davidlohr.bueso@hp.com
torvalds@ppc970.osdl
davidlohr.bueso@hp.com
torvalds@ppc970.osdl
davidlohr.bueso@hp.com
davidlohr.bueso@hp.com
torvalds@ppc970.osdl
torvalds@ppc970.osdl
torvalds@ppc970.osdl
davidlohr.bueso@hp.com
torvalds@ppc970.osdl
manfred@colorfullife.com
manfred@colorfullife.com
torvalds@ppc970.osdl
manfred@colorfullife.com
manfred@colorfullife.com
davidlohr.bueso@hp.com
manfred@colorfullife.com
manfred@colorfullife.com
davidlohr.bueso@hp.com
manfred@colorfullife.com
manfred@colorfullife.com
manfred@colorfullife.com
manfred@colorfullife.com
manfred@colorfullife.com
manfred@colorfullife.com
manfred@colorfullife.com
manfred@colorfullife.com
manfred@colorfullife.com
manfred@colorfullife.com
manfred@colorfullife.com
manfred@colorfullife.com
manfred@colorfullife.com
manfred@colorfullife.com
manfred@colorfullife.com
manfred@colorfullife.com
torvalds@ppc970.osdl
riel@surriel.com
torvalds@ppc970.osdl
manfred@colorfullife.com
manfred@colorfullife.com
manfred@colorfullife.com
manfred@colorfullife.com
manfred@colorfullife.com
torvalds@ppc970.osdl
manfred@colorfullife.com
manfred@colorfullife.com
torvalds@ppc970.osdl
torvalds@ppc970.osdl
torvalds@ppc970.osdl
torvalds@ppc970.osdl
torvalds@ppc970.osdl
torvalds@ppc970.osdl
torvalds@ppc970.osdl
torvalds@ppc970.osdl
torvalds@ppc970.osdl
torvalds@ppc970.osdl
torvalds@ppc970.osdl
torvalds@ppc970.osdl
torvalds@ppc970.osdl
torvalds@ppc970.osdl
torvalds@ppc970.osdl
torvalds@ppc970.osdl
torvalds@ppc970.osdl
torvalds@ppc970.osdl
torvalds@ppc970.osdl
torvalds@ppc970.osdl
torvalds@ppc970.osdl
torvalds@ppc970.osdl
torvalds@ppc970.osdl
torvalds@ppc970.osdl
torvalds@ppc970.osdl
