torvalds@ppc970.osdl
torvalds@ppc970.osdl
joe@perches.com
torvalds@ppc970.osdl
torvalds@ppc970.osdl
torvalds@ppc970.osdl
torvalds@ppc970.osdl
torvalds@ppc970.osdl
torvalds@ppc970.osdl
torvalds@ppc970.osdl
torvalds@ppc970.osdl
torvalds@ppc970.osdl
torvalds@ppc970.osdl
torvalds@ppc970.osdl
torvalds@ppc970.osdl
torvalds@ppc970.osdl
torvalds@ppc970.osdl
torvalds@ppc970.osdl
torvalds@ppc970.osdl
torvalds@ppc970.osdl
torvalds@ppc970.osdl
torvalds@ppc970.osdl
torvalds@ppc970.osdl
torvalds@ppc970.osdl
torvalds@ppc970.osdl
torvalds@ppc970.osdl
torvalds@ppc970.osdl
torvalds@ppc970.osdl
torvalds@ppc970.osdl
torvalds@ppc970.osdl
torvalds@ppc970.osdl
torvalds@ppc970.osdl
torvalds@ppc970.osdl
torvalds@ppc970.osdl
torvalds@ppc970.osdl
torvalds@ppc970.osdl
torvalds@ppc970.osdl
torvalds@ppc970.osdl
mpm@selenic.com
torvalds@ppc970.osdl
torvalds@ppc970.osdl
torvalds@ppc970.osdl
torvalds@ppc970.osdl
torvalds@ppc970.osdl
torvalds@ppc970.osdl
torvalds@ppc970.osdl
torvalds@ppc970.osdl
torvalds@ppc970.osdl
torvalds@ppc970.osdl
torvalds@ppc970.osdl
torvalds@ppc970.osdl
torvalds@ppc970.osdl
torvalds@ppc970.osdl
torvalds@ppc970.osdl
torvalds@ppc970.osdl
torvalds@ppc970.osdl
torvalds@ppc970.osdl
torvalds@ppc970.osdl
torvalds@ppc970.osdl
torvalds@ppc970.osdl
torvalds@ppc970.osdl
torvalds@ppc970.osdl
torvalds@ppc970.osdl
torvalds@ppc970.osdl
torvalds@ppc970.osdl
torvalds@ppc970.osdl
torvalds@ppc970.osdl
torvalds@ppc970.osdl
torvalds@ppc970.osdl
torvalds@ppc970.osdl
torvalds@ppc970.osdl
torvalds@ppc970.osdl
torvalds@ppc970.osdl
torvalds@ppc970.osdl
torvalds@ppc970.osdl
torvalds@ppc970.osdl
torvalds@ppc970.osdl
torvalds@ppc970.osdl
torvalds@ppc970.osdl
torvalds@ppc970.osdl
torvalds@ppc970.osdl
torvalds@ppc970.osdl
torvalds@ppc970.osdl
torvalds@ppc970.osdl
torvalds@ppc970.osdl
torvalds@ppc970.osdl
torvalds@ppc970.osdl
torvalds@ppc970.osdl
torvalds@ppc970.osdl
torvalds@ppc970.osdl
torvalds@ppc970.osdl
torvalds@ppc970.osdl
torvalds@ppc970.osdl
torvalds@ppc970.osdl
torvalds@ppc970.osdl
torvalds@ppc970.osdl
torvalds@ppc970.osdl
torvalds@ppc970.osdl
torvalds@ppc970.osdl
torvalds@ppc970.osdl
torvalds@ppc970.osdl
torvalds@ppc970.osdl
torvalds@ppc970.osdl
torvalds@ppc970.osdl
torvalds@ppc970.osdl
torvalds@ppc970.osdl
torvalds@ppc970.osdl
torvalds@ppc970.osdl
torvalds@ppc970.osdl
torvalds@ppc970.osdl
torvalds@ppc970.osdl
torvalds@ppc970.osdl
torvalds@ppc970.osdl
torvalds@ppc970.osdl
torvalds@ppc970.osdl
torvalds@ppc970.osdl
manfred@colorfullife.com
torvalds@ppc970.osdl
torvalds@ppc970.osdl
torvalds@ppc970.osdl
torvalds@ppc970.osdl
torvalds@ppc970.osdl
torvalds@ppc970.osdl
torvalds@ppc970.osdl
torvalds@ppc970.osdl
torvalds@ppc970.osdl
torvalds@ppc970.osdl
torvalds@ppc970.osdl
torvalds@ppc970.osdl
torvalds@ppc970.osdl
dhowells@redhat.com
torvalds@ppc970.osdl
dhowells@redhat.com
torvalds@ppc970.osdl
torvalds@ppc970.osdl
torvalds@ppc970.osdl
torvalds@ppc970.osdl
torvalds@ppc970.osdl
torvalds@ppc970.osdl
torvalds@ppc970.osdl
torvalds@ppc970.osdl
torvalds@ppc970.osdl
torvalds@ppc970.osdl
torvalds@ppc970.osdl
torvalds@ppc970.osdl
torvalds@ppc970.osdl
dhowells@redhat.com
torvalds@ppc970.osdl
torvalds@ppc970.osdl
torvalds@ppc970.osdl
torvalds@ppc970.osdl
torvalds@ppc970.osdl
torvalds@ppc970.osdl
anton@samba.org
anton@samba.org
torvalds@ppc970.osdl
torvalds@ppc970.osdl
torvalds@ppc970.osdl
torvalds@ppc970.osdl
torvalds@ppc970.osdl
torvalds@ppc970.osdl
torvalds@ppc970.osdl
torvalds@ppc970.osdl
torvalds@ppc970.osdl
torvalds@ppc970.osdl
torvalds@ppc970.osdl
torvalds@ppc970.osdl
torvalds@ppc970.osdl
torvalds@ppc970.osdl
torvalds@ppc970.osdl
torvalds@ppc970.osdl
torvalds@ppc970.osdl
viro@zeniv.linux
viro@zeniv.linux
torvalds@ppc970.osdl
torvalds@ppc970.osdl
torvalds@ppc970.osdl
torvalds@ppc970.osdl
torvalds@ppc970.osdl
torvalds@ppc970.osdl
torvalds@ppc970.osdl
torvalds@ppc970.osdl
torvalds@ppc970.osdl
torvalds@ppc970.osdl
mpm@selenic.com
mpm@selenic.com
torvalds@ppc970.osdl
viro@zeniv.linux
torvalds@ppc970.osdl
torvalds@ppc970.osdl
dada1@cosmosbay.com
torvalds@ppc970.osdl
torvalds@ppc970.osdl
torvalds@ppc970.osdl
torvalds@ppc970.osdl
torvalds@ppc970.osdl
torvalds@ppc970.osdl
torvalds@ppc970.osdl
torvalds@ppc970.osdl
saw@msu.ru
torvalds@ppc970.osdl
viro@zeniv.linux
torvalds@ppc970.osdl
torvalds@ppc970.osdl
torvalds@ppc970.osdl
torvalds@ppc970.osdl
torvalds@ppc970.osdl
torvalds@ppc970.osdl
torvalds@ppc970.osdl
torvalds@ppc970.osdl
torvalds@ppc970.osdl
torvalds@ppc970.osdl
torvalds@ppc970.osdl
viro@zeniv.linux
torvalds@ppc970.osdl
torvalds@ppc970.osdl
torvalds@ppc970.osdl
torvalds@ppc970.osdl
torvalds@ppc970.osdl
torvalds@ppc970.osdl
torvalds@ppc970.osdl
eric.dumazet@gmail.com
eric.dumazet@gmail.com
eric.dumazet@gmail.com
eric.dumazet@gmail.com
eric.dumazet@gmail.com
eric.dumazet@gmail.com
eric.dumazet@gmail.com
eric.dumazet@gmail.com
eric.dumazet@gmail.com
eric.dumazet@gmail.com
eric.dumazet@gmail.com
eric.dumazet@gmail.com
eric.dumazet@gmail.com
eric.dumazet@gmail.com
eric.dumazet@gmail.com
torvalds@ppc970.osdl
torvalds@ppc970.osdl
viro@zeniv.linux
viro@zeniv.linux
torvalds@ppc970.osdl
torvalds@ppc970.osdl
torvalds@ppc970.osdl
torvalds@ppc970.osdl
torvalds@ppc970.osdl
torvalds@ppc970.osdl
torvalds@ppc970.osdl
torvalds@ppc970.osdl
torvalds@ppc970.osdl
torvalds@ppc970.osdl
torvalds@ppc970.osdl
mpm@selenic.com
mpm@selenic.com
mpm@selenic.com
mpm@selenic.com
torvalds@ppc970.osdl
torvalds@ppc970.osdl
torvalds@ppc970.osdl
torvalds@ppc970.osdl
torvalds@ppc970.osdl
torvalds@ppc970.osdl
torvalds@ppc970.osdl
dada1@cosmosbay.com
dada1@cosmosbay.com
dada1@cosmosbay.com
dada1@cosmosbay.com
dada1@cosmosbay.com
torvalds@ppc970.osdl
dada1@cosmosbay.com
mpm@selenic.com
torvalds@ppc970.osdl
torvalds@ppc970.osdl
torvalds@ppc970.osdl
acme@mandriva.com
viro@zeniv.linux
torvalds@ppc970.osdl
torvalds@ppc970.osdl
torvalds@ppc970.osdl
torvalds@ppc970.osdl
torvalds@ppc970.osdl
torvalds@ppc970.osdl
torvalds@ppc970.osdl
torvalds@ppc970.osdl
viro@zeniv.linux
viro@zeniv.linux
viro@zeniv.linux
torvalds@ppc970.osdl
torvalds@ppc970.osdl
torvalds@ppc970.osdl
torvalds@ppc970.osdl
shemminger@vyatta.com
torvalds@ppc970.osdl
torvalds@ppc970.osdl
mpm@selenic.com
mpm@selenic.com
torvalds@ppc970.osdl
torvalds@ppc970.osdl
torvalds@ppc970.osdl
torvalds@ppc970.osdl
torvalds@ppc970.osdl
viro@zeniv.linux
mpm@selenic.com
torvalds@ppc970.osdl
viro@zeniv.linux
torvalds@ppc970.osdl
torvalds@ppc970.osdl
torvalds@ppc970.osdl
acme@ghostprotocols.net
acme@ghostprotocols.net
acme@ghostprotocols.net
acme@ghostprotocols.net
acme@ghostprotocols.net
viro@zeniv.linux
viro@zeniv.linux
acme@ghostprotocols.net
acme@ghostprotocols.net
acme@ghostprotocols.net
acme@ghostprotocols.net
acme@ghostprotocols.net
viro@zeniv.linux
viro@zeniv.linux
viro@zeniv.linux
acme@ghostprotocols.net
acme@ghostprotocols.net
acme@ghostprotocols.net
acme@ghostprotocols.net
acme@ghostprotocols.net
dada1@cosmosbay.com
acme@ghostprotocols.net
mpm@selenic.com
acme@ghostprotocols.net
acme@ghostprotocols.net
acme@ghostprotocols.net
acme@ghostprotocols.net
acme@ghostprotocols.net
torvalds@ppc970.osdl
torvalds@ppc970.osdl
torvalds@linux-foundation.org
torvalds@linux-foundation.org
torvalds@linux-foundation.org
torvalds@linux-foundation.org
torvalds@linux-foundation.org
torvalds@linux-foundation.org
torvalds@ppc970.osdl
torvalds@ppc970.osdl
torvalds@ppc970.osdl
torvalds@ppc970.osdl
torvalds@ppc970.osdl
torvalds@ppc970.osdl
viro@zeniv.linux
eric.dumazet@gmail.com
viro@zeniv.linux
viro@zeniv.linux
viro@zeniv.linux
viro@zeniv.linux
viro@zeniv.linux
viro@zeniv.linux
viro@zeniv.linux
viro@zeniv.linux
viro@zeniv.linux
torvalds@ppc970.osdl
ebiederm@xmission.com
viro@zeniv.linux
acme@mandriva.com
acme@mandriva.com
gerrit@erg.abdn
gerrit@erg.abdn
gerrit@erg.abdn
gerrit@erg.abdn
gerrit@erg.abdn
