u.kleine-koenig@pengutronix.de
hjk@linutronix.de
torvalds@ppc970.osdl
torvalds@ppc970.osdl
torvalds@ppc970.osdl
torvalds@ppc970.osdl
torvalds@ppc970.osdl
torvalds@ppc970.osdl
ppopov@embeddedalley.com
ppopov@embeddedalley.com
torvalds@ppc970.osdl
torvalds@ppc970.osdl
torvalds@ppc970.osdl
torvalds@ppc970.osdl
torvalds@ppc970.osdl
torvalds@ppc970.osdl
torvalds@ppc970.osdl
torvalds@ppc970.osdl
torvalds@ppc970.osdl
torvalds@ppc970.osdl
freddy@dusktilldawn.nl
torvalds@ppc970.osdl
torvalds@ppc970.osdl
torvalds@ppc970.osdl
torvalds@ppc970.osdl
torvalds@ppc970.osdl
torvalds@ppc970.osdl
ralf@linux-mips.org
ralf@linux-mips.org
ralf@linux-mips.org
ralf@linux-mips.org
ralf@linux-mips.org
ralf@linux-mips.org
ralf@linux-mips.org
ralf@linux-mips.org
ralf@linux-mips.org
ralf@linux-mips.org
ralf@linux-mips.org
ralf@linux-mips.org
ralf@linux-mips.org
ralf@linux-mips.org
ralf@linux-mips.org
ralf@linux-mips.org
ralf@linux-mips.org
ralf@linux-mips.org
ralf@linux-mips.org
ralf@linux-mips.org
ralf@linux-mips.org
ralf@linux-mips.org
