cmm@us.ibm
jiayingz@google.com
jiayingz@google.com
jiayingz@google.com
jiayingz@google.com
jiayingz@google.com
cmm@us.ibm
cmm@us.ibm
cmm@us.ibm
cmm@us.ibm
cmm@us.ibm
jiayingz@google.com
cmm@us.ibm
npiggin@suse.de
jack@suse.cz
cmm@us.ibm
alex@clusterfs.com
cmm@us.ibm
cmm@us.ibm
cmm@us.ibm
cmm@us.ibm
cmm@us.ibm
cmm@us.ibm
cmm@us.ibm
cmm@us.ibm
cmm@us.ibm
cmm@us.ibm
cmm@us.ibm
cmm@us.ibm
cmm@us.ibm
cmm@us.ibm
cmm@us.ibm
jiayingz@google.com
cmm@us.ibm
cmm@us.ibm
cmm@us.ibm
cmm@us.ibm
cmm@us.ibm
cmm@us.ibm
cmm@us.ibm
cmm@us.ibm
cmm@us.ibm
cmm@us.ibm
jiayingz@google.com
jiayingz@google.com
jiayingz@google.com
cmm@us.ibm
cmm@us.ibm
cmm@us.ibm
cmm@us.ibm
jiayingz@google.com
cmm@us.ibm
fmayhar@google.com
jrs@us.ibm
shaggy@austin.ibm
shaggy@austin.ibm
