riel@surriel.com
mingo@kernel.org
dave@stgolabs.net
davidlohr@hp.com
davidlohr@hp.com
davidlohr@hp.com
davidlohr@hp.com
davidlohr@hp.com
mawilcox@microsoft.com
sasha.levin@oracle.com
davidlohr@hp.com
davidlohr@hp.com
davidlohr@hp.com
davidlohr@hp.com
davidlohr@hp.com
davidlohr@hp.com
davidlohr@hp.com
davidlohr@hp.com
davidlohr@hp.com
davidlohr@hp.com
davidlohr@hp.com
davidlohr@hp.com
dave@stgolabs.net
dave@stgolabs.net
davidlohr@hp.com
davidlohr@hp.com
davidlohr@hp.com
davidlohr@hp.com
davidlohr@hp.com
davidlohr@hp.com
davidlohr@hp.com
davidlohr@hp.com
davidlohr@hp.com
davidlohr@hp.com
davidlohr@hp.com
davidlohr@hp.com
davidlohr@hp.com
davidlohr@hp.com
davidlohr@hp.com
davidlohr@hp.com
davidlohr@hp.com
davidlohr@hp.com
davidlohr@hp.com
davidlohr@hp.com
davidlohr@hp.com
davidlohr@hp.com
davidlohr@hp.com
davidlohr@hp.com
