tom.zanussi@linux.intel
tom.zanussi@linux.intel
tom.zanussi@linux.intel
tom.zanussi@linux.intel
tom.zanussi@linux.intel
tom.zanussi@linux.intel
tom.zanussi@linux.intel
tom.zanussi@linux.intel
tom.zanussi@linux.intel
tom.zanussi@linux.intel
tom.zanussi@linux.intel
peterz@infradead.org
rostedt@goodmis.org
srostedt@redhat.com
srostedt@redhat.com
srostedt@redhat.com
srostedt@redhat.com
peterz@infradead.org
rostedt@goodmis.org
rostedt@goodmis.org
rostedt@goodmis.org
rostedt@goodmis.org
rostedt@goodmis.org
rostedt@goodmis.org
rostedt@goodmis.org
rostedt@goodmis.org
rostedt@goodmis.org
rostedt@goodmis.org
rostedt@goodmis.org
ak@linux.intel
npiggin@gmail.com
