tmac@hp.com
josef@redhat.com
tmac@hp.com
shaggy@austin.ibm
tmac@hp.com
shaggy@austin.ibm
tmac@hp.com
tmac@hp.com
shaggy@austin.ibm
tmac@hp.com
tmac@hp.com
shaggy@austin.ibm
shaggy@austin.ibm
sandeen@redhat.com
sandeen@redhat.com
shaggy@austin.ibm
tmac@hp.com
tmac@hp.com
shaggy@austin.ibm
shaggy@austin.ibm
shaggy@austin.ibm
shaggy@austin.ibm
shaggy@austin.ibm
shaggy@austin.ibm
shaggy@austin.ibm
shaggy@austin.ibm
shaggy@austin.ibm
shaggy@austin.ibm
shaggy@austin.ibm
shaggy@austin.ibm
cmm@us.ibm
shaggy@austin.ibm
shaggy@austin.ibm
shaggy@austin.ibm
shaggy@austin.ibm
cmm@us.ibm
shaggy@austin.ibm
shaggy@austin.ibm
shaggy@austin.ibm
shaggy@austin.ibm
tmac@hp.com
shaggy@austin.ibm
tmac@hp.com
shaggy@austin.ibm
shaggy@austin.ibm
shaggy@austin.ibm
shaggy@austin.ibm
agruen@suse.de
shaggy@austin.ibm
shaggy@austin.ibm
shaggy@austin.ibm
shaggy@austin.ibm
shaggy@austin.ibm
shaggy@austin.ibm
shaggy@austin.ibm
shaggy@austin.ibm
shaggy@austin.ibm
tmac@hp.com
shaggy@austin.ibm
tmac@hp.com
agruen@suse.de
shaggy@austin.ibm
shaggy@austin.ibm
shaggy@austin.ibm
shaggy@austin.ibm
shaggy@austin.ibm
agruen@suse.de
tmac@hp.com
tmac@hp.com
tmac@hp.com
tmac@hp.com
tmac@hp.com
cmm@us.ibm
tmac@hp.com
tmac@hp.com
