joe@perches.com
timur@freescale.com
galak@freescale.com
Thomas.Mingarelli@hp.com
Thomas.Mingarelli@hp.com
vitalywool@gmail.com
torvalds@ppc970.osdl
torvalds@ppc970.osdl
banajit.g@samsung.com
arnaud.patard@rtp-net.org
arnaud.patard@rtp-net.org
ben-linux@fluff.org
ben-linux@fluff.org
ben-linux@fluff.org
torvalds@ppc970.osdl
torvalds@ppc970.osdl
arnaud.patard@rtp-net.org
torvalds@ppc970.osdl
ben-linux@fluff.org
ben-linux@fluff.org
torvalds@ppc970.osdl
torvalds@ppc970.osdl
ben-linux@fluff.org
ben@simtec.co
ben@simtec.co
ben-linux@fluff.org
ben-linux@fluff.org
ben-linux@fluff.org
julia@diku.dk
wim@iguana.be
wim@iguana.be
wim@iguana.be
