viro@zeniv.linux
viro@zeniv.linux
torvalds@ppc970.osdl
dhowells@redhat.com
dhowells@redhat.com
dhowells@redhat.com
torvalds@ppc970.osdl
luto@amacapital.net
keescook@chromium.org
ebiederm@xmission.com
ebiederm@xmission.com
torvalds@ppc970.osdl
torvalds@ppc970.osdl
dhowells@redhat.com
dhowells@redhat.com
torvalds@ppc970.osdl
torvalds@ppc970.osdl
torvalds@ppc970.osdl
torvalds@ppc970.osdl
torvalds@ppc970.osdl
torvalds@ppc970.osdl
torvalds@ppc970.osdl
torvalds@ppc970.osdl
torvalds@ppc970.osdl
dhowells@redhat.com
dhowells@redhat.com
torvalds@ppc970.osdl
torvalds@ppc970.osdl
