torvalds@ppc970.osdl
torvalds@linux-foundation.org
bharrosh@panasas.com
axboe@suse.de
axboe@suse.de
shaggy@austin.ibm
jaegeuk.kim@samsung.com
swhiteho@redhat.com
wcheng@redhat.com
ddrake@brontes3d.com
opurdila@ixiacom.com
opurdila@ixiacom.com
axboe@suse.de
weth@inf.u-szeged
dchinner@redhat.com
dchinner@redhat.com
dchinner@redhat.com
dchinner@redhat.com
dchinner@redhat.com
dchinner@redhat.com
dchinner@redhat.com
dchinner@redhat.com
hch@infradead.org
hch@infradead.org
hch@infradead.org
hch@infradead.org
hch@infradead.org
hch@infradead.org
hch@infradead.org
hch@infradead.org
hch@infradead.org
hch@infradead.org
hch@infradead.org
hch@infradead.org
hch@infradead.org
hch@infradead.org
hch@infradead.org
hch@infradead.org
hch@infradead.org
hch@infradead.org
hch@infradead.org
hch@infradead.org
hch@infradead.org
hch@infradead.org
hch@infradead.org
hch@infradead.org
hch@infradead.org
hch@infradead.org
hch@infradead.org
hch@infradead.org
hch@infradead.org
hch@infradead.org
hch@infradead.org
hch@infradead.org
hch@infradead.org
nathans@sgi.com
hch@infradead.org
lizf@cn.fujitsu
dchinner@redhat.com
hch@infradead.org
hch@infradead.org
hch@infradead.org
hch@infradead.org
hch@infradead.org
hch@infradead.org
hch@infradead.org
hch@infradead.org
hch@infradead.org
bfoster@redhat.com
hch@infradead.org
hch@infradead.org
hch@infradead.org
hch@infradead.org
hch@infradead.org
hch@infradead.org
dchinner@redhat.com
dchinner@redhat.com
dchinner@redhat.com
hch@infradead.org
hch@infradead.org
hch@infradead.org
hch@infradead.org
hch@infradead.org
hch@infradead.org
hch@infradead.org
hch@infradead.org
hch@infradead.org
hch@infradead.org
hch@infradead.org
hch@infradead.org
hch@infradead.org
hch@infradead.org
hch@infradead.org
dchinner@redhat.com
hch@infradead.org
hch@infradead.org
david@fromorbit.com
dchinner@redhat.com
dchinner@redhat.com
dchinner@redhat.com
hch@infradead.org
