david@gibson.dropbear
david@gibson.dropbear
david@gibson.dropbear
torvalds@ppc970.osdl
torvalds@ppc970.osdl
agl@us.ibm
torvalds@ppc970.osdl
torvalds@ppc970.osdl
torvalds@ppc970.osdl
torvalds@ppc970.osdl
torvalds@ppc970.osdl
torvalds@ppc970.osdl
agl@us.ibm
agl@us.ibm
torvalds@ppc970.osdl
torvalds@ppc970.osdl
torvalds@ppc970.osdl
torvalds@ppc970.osdl
torvalds@ppc970.osdl
torvalds@ppc970.osdl
torvalds@ppc970.osdl
torvalds@ppc970.osdl
agl@us.ibm
torvalds@ppc970.osdl
torvalds@ppc970.osdl
torvalds@ppc970.osdl
torvalds@ppc970.osdl
torvalds@ppc970.osdl
agl@us.ibm
torvalds@ppc970.osdl
torvalds@ppc970.osdl
torvalds@ppc970.osdl
torvalds@ppc970.osdl
torvalds@ppc970.osdl
torvalds@ppc970.osdl
agl@us.ibm
agl@us.ibm
n-horiguchi@ah.jp
agl@us.ibm
agl@us.ibm
agl@us.ibm
agl@us.ibm
apw@shadowen.org
apw@shadowen.org
apw@shadowen.org
apw@shadowen.org
apw@shadowen.org
mel@csn.ul
mel@csn.ul
mel@csn.ul
mel@csn.ul
mel@csn.ul
apw@shadowen.org
apw@shadowen.org
mel@csn.ul
mel@csn.ul
mel@csn.ul
agl@us.ibm
mel@csn.ul
mel@csn.ul
mel@csn.ul
agl@us.ibm
mel@csn.ul
kenchen@google.com
agl@us.ibm
