torvalds@ppc970.osdl
davem@davemloft.net
torvalds@ppc970.osdl
davem@davemloft.net
torvalds@ppc970.osdl
davem@davemloft.net
torvalds@ppc970.osdl
torvalds@ppc970.osdl
torvalds@ppc970.osdl
torvalds@ppc970.osdl
adobriyan@gmail.com
adobriyan@gmail.com
torvalds@ppc970.osdl
davem@davemloft.net
davem@davemloft.net
davem@davemloft.net
davem@davemloft.net
torvalds@ppc970.osdl
davem@davemloft.net
torvalds@ppc970.osdl
torvalds@ppc970.osdl
torvalds@ppc970.osdl
adobriyan@gmail.com
torvalds@ppc970.osdl
dborkman@redhat.com
ebiederm@xmission.com
eric.dumazet@gmail.com
vladislav.yasevich@hp.com
vladislav.yasevich@hp.com
