torvalds@ppc970.osdl
yjwei@cn.fujitsu
yjwei@cn.fujitsu
yjwei@cn.fujitsu
yjwei@cn.fujitsu
yjwei@cn.fujitsu
yjwei@cn.fujitsu
yjwei@cn.fujitsu
yjwei@cn.fujitsu
yjwei@cn.fujitsu
yjwei@cn.fujitsu
yjwei@cn.fujitsu
yjwei@cn.fujitsu
yjwei@cn.fujitsu
yjwei@cn.fujitsu
yjwei@cn.fujitsu
yjwei@cn.fujitsu
yjwei@cn.fujitsu
yjwei@cn.fujitsu
yjwei@cn.fujitsu
yjwei@cn.fujitsu
yjwei@cn.fujitsu
yjwei@cn.fujitsu
yjwei@cn.fujitsu
yjwei@cn.fujitsu
yjwei@cn.fujitsu
yjwei@cn.fujitsu
yjwei@cn.fujitsu
yjwei@cn.fujitsu
yjwei@cn.fujitsu
yjwei@cn.fujitsu
torvalds@ppc970.osdl
torvalds@ppc970.osdl
torvalds@ppc970.osdl
torvalds@ppc970.osdl
torvalds@ppc970.osdl
torvalds@ppc970.osdl
torvalds@ppc970.osdl
torvalds@ppc970.osdl
torvalds@ppc970.osdl
torvalds@ppc970.osdl
torvalds@ppc970.osdl
torvalds@ppc970.osdl
torvalds@ppc970.osdl
torvalds@ppc970.osdl
joe@perches.com
torvalds@ppc970.osdl
yoshfuji@linux-ipv6.org
yjwei@cn.fujitsu
yjwei@cn.fujitsu
yjwei@cn.fujitsu
yjwei@cn.fujitsu
yjwei@cn.fujitsu
ebiederm@xmission.com
yjwei@cn.fujitsu
yjwei@cn.fujitsu
yjwei@cn.fujitsu
vladislav.yasevich@hp.com
vladislav.yasevich@hp.com
vladislav.yasevich@hp.com
yjwei@cn.fujitsu
yjwei@cn.fujitsu
yjwei@cn.fujitsu
yjwei@cn.fujitsu
torvalds@ppc970.osdl
