torvalds@ppc970.osdl
tony@atomide.com
tony@atomide.com
will.deacon@arm.com
will.deacon@arm.com
tony@atomide.com
tony@atomide.com
will.deacon@arm.com
will.deacon@arm.com
tony@atomide.com
tony@atomide.com
tony@atomide.com
kernel@arm.linux
tony@atomide.com
torvalds@ppc970.osdl
catalin.marinas@arm.com
catalin.marinas@arm.com
catalin.marinas@arm.com
catalin.marinas@arm.com
tony@atomide.com
catalin.marinas@arm.com
catalin.marinas@arm.com
catalin.marinas@arm.com
catalin.marinas@arm.com
catalin.marinas@arm.com
viro@zeniv.linux
viro@ftp.linux
torvalds@ppc970.osdl
nico@org.rmk
