mingo@kernel.org
bp@suse.de
mingo@kernel.org
mingo@kernel.org
penberg@cs.helsinki
penberg@cs.helsinki
pavel@ucw.cz
penberg@cs.helsinki
penberg@cs.helsinki
tmac@hp.com
penberg@cs.helsinki
penberg@cs.helsinki
penberg@cs.helsinki
penberg@cs.helsinki
penberg@cs.helsinki
venkatesh.pallipadi@intel.com
torvalds@ppc970.osdl
akpm@linux-foundation.org
akpm@linux-foundation.org
akpm@linux-foundation.org
torvalds@ppc970.osdl
torvalds@ppc970.osdl
venkatesh.pallipadi@intel.com
venkatesh.pallipadi@intel.com
fengguang.wu@intel.com
venkatesh.pallipadi@intel.com
venkatesh.pallipadi@intel.com
torvalds@ppc970.osdl
akpm@linux-foundation.org
akpm@linux-foundation.org
akpm@linux-foundation.org
torvalds@ppc970.osdl
torvalds@ppc970.osdl
venkatesh.pallipadi@intel.com
venkatesh.pallipadi@intel.com
venkatesh.pallipadi@intel.com
venkatesh.pallipadi@intel.com
venkatesh.pallipadi@intel.com
torvalds@ppc970.osdl
torvalds@ppc970.osdl
fengguang.wu@intel.com
torvalds@ppc970.osdl
JBeulich@novell.com
JBeulich@novell.com
JBeulich@novell.com
torvalds@ppc970.osdl
