eric.dumazet@gmail.com
eric.dumazet@gmail.com
eric.dumazet@gmail.com
eric.dumazet@gmail.com
eric.dumazet@gmail.com
erik.hugne@ericsson.com
jiri@resnulli.us
tom@herbertland.com
erik.hugne@ericsson.com
tom@herbertland.com
tom@herbertland.com
tom@herbertland.com
tom@herbertland.com
tom@herbertland.com
tom@herbertland.com
tom@herbertland.com
eric.dumazet@gmail.com
eric.dumazet@gmail.com
tom@herbertland.com
tom@herbertland.com
edumazet@google.com
jiri@resnulli.us
jiri@resnulli.us
tom@herbertland.com
jiri@resnulli.us
eric.dumazet@gmail.com
