mcree@orcon.net
will.deacon@arm.com
will.deacon@arm.com
will.deacon@arm.com
will.deacon@arm.com
will.deacon@arm.com
leif.lindholm@arm.com
jamie.iles@picochip.com
jamie.iles@picochip.com
jamie.iles@picochip.com
dengcheng.zhu@gmail.com
torvalds@ppc970.osdl
dengcheng.zhu@gmail.com
dengcheng.zhu@gmail.com
dengcheng.zhu@gmail.com
dengcheng.zhu@gmail.com
dengcheng.zhu@gmail.com
dengcheng.zhu@gmail.com
dengcheng.zhu@gmail.com
dengcheng.zhu@gmail.com
dengcheng.zhu@gmail.com
ralf@linux-mips.org
ralf@linux-mips.org
ralf@linux-mips.org
ralf@linux-mips.org
dengcheng.zhu@gmail.com
dengcheng.zhu@gmail.com
dengcheng.zhu@gmail.com
dengcheng.zhu@gmail.com
dengcheng.zhu@gmail.com
anton@samba.org
anton@samba.org
paulus@samba.org
a.p.zijlstra@chello.nl
mingo@elte.hu
scottwood@freescale.com
a.p.zijlstra@chello.nl
scottwood@freescale.com
prasad@linux.vnet
mingo@elte.hu
mingo@elte.hu
mingo@elte.hu
mingo@elte.hu
heiko.carstens@de.ibm
heiko.carstens@de.ibm
lethal@linux-sh.org
lethal@linux-sh.org
lethal@linux-sh.org
lethal@linux-sh.org
lethal@linux-sh.org
lethal@linux-sh.org
lethal@linux-sh.org
lethal@linux-sh.org
mingo@elte.hu
mingo@elte.hu
mingo@elte.hu
torvalds@ppc970.osdl
mingo@elte.hu
mingo@elte.hu
mingo@elte.hu
lethal@linux-sh.org
torvalds@ppc970.osdl
torvalds@ppc970.osdl
torvalds@ppc970.osdl
mingo@elte.hu
davem@davemloft.net
davem@davemloft.net
davem@davemloft.net
davem@davemloft.net
davem@davemloft.net
davem@davemloft.net
davem@davemloft.net
davem@davemloft.net
davem@davemloft.net
davem@davemloft.net
torvalds@ppc970.osdl
davem@davemloft.net
davem@davemloft.net
davem@davemloft.net
davem@davemloft.net
davem@davemloft.net
davem@davemloft.net
davem@davemloft.net
davem@davemloft.net
davem@davemloft.net
davem@davemloft.net
davem@davemloft.net
mingo@elte.hu
ming.m.lin@intel.com
ming.m.lin@intel.com
ming.m.lin@intel.com
a.p.zijlstra@chello.nl
a.p.zijlstra@chello.nl
a.p.zijlstra@chello.nl
ak@linux.intel
a.p.zijlstra@chello.nl
a.p.zijlstra@chello.nl
a.p.zijlstra@chello.nl
a.p.zijlstra@chello.nl
a.p.zijlstra@chello.nl
a.p.zijlstra@chello.nl
a.p.zijlstra@chello.nl
a.p.zijlstra@chello.nl
a.p.zijlstra@chello.nl
a.p.zijlstra@chello.nl
a.p.zijlstra@chello.nl
peterz@infradead.org
ming.m.lin@intel.com
ming.m.lin@intel.com
gorcunov@openvz.org
jason.wessel@windriver.com
fweisbec@gmail.com
mingo@elte.hu
walken@google.com
walken@google.com
fweisbec@gmail.com
mingo@elte.hu
mingo@elte.hu
mingo@elte.hu
fweisbec@gmail.com
jbaron@redhat.com
a.p.zijlstra@chello.nl
markus.t.metzger@intel.com
mingo@elte.hu
a.p.zijlstra@chello.nl
mingo@elte.hu
mingo@elte.hu
mingo@elte.hu
acme@redhat.com
acme@redhat.com
acme@redhat.com
acme@redhat.com
mingo@elte.hu
a.p.zijlstra@chello.nl
mingo@elte.hu
a.p.zijlstra@chello.nl
a.p.zijlstra@chello.nl
mingo@elte.hu
a.p.zijlstra@chello.nl
a.p.zijlstra@chello.nl
a.p.zijlstra@chello.nl
a.p.zijlstra@chello.nl
a.p.zijlstra@chello.nl
a.p.zijlstra@chello.nl
a.p.zijlstra@chello.nl
mingo@elte.hu
mingo@elte.hu
markus.t.metzger@intel.com
mingo@elte.hu
markus.t.metzger@intel.com
a.p.zijlstra@chello.nl
a.p.zijlstra@chello.nl
fweisbec@gmail.com
a.p.zijlstra@chello.nl
mingo@elte.hu
a.p.zijlstra@chello.nl
mingo@elte.hu
a.p.zijlstra@chello.nl
a.p.zijlstra@chello.nl
a.p.zijlstra@chello.nl
fweisbec@gmail.com
fweisbec@gmail.com
fweisbec@gmail.com
fweisbec@gmail.com
fweisbec@gmail.com
fweisbec@gmail.com
fweisbec@gmail.com
fweisbec@gmail.com
peterz@infradead.org
mingo@elte.hu
lizf@cn.fujitsu
ming.m.lin@intel.com
fweisbec@gmail.com
