stephen.roettger@zero-entropy.de
stephen.roettger@zero-entropy.de
lorenzo@google.com
lorenzo@google.com
lorenzo@google.com
lorenzo@google.com
lorenzo@google.com
lorenzo@google.com
lorenzo@google.com
lorenzo@google.com
segoon@openwall.com
lorenzo@google.com
lorenzo@google.com
lorenzo@google.com
torvalds@ppc970.osdl
torvalds@ppc970.osdl
torvalds@ppc970.osdl
davem@davemloft.net
davem@davemloft.net
davem@davemloft.net
davem@davemloft.net
eric.dumazet@gmail.com
davem@davemloft.net
yoshfuji@linux-ipv6.org
torvalds@ppc970.osdl
torvalds@ppc970.osdl
yoshfuji@linux-ipv6.org
ahiliation@yahoo.co
yoshfuji@linux-ipv6.org
torvalds@ppc970.osdl
brian.haley@hp.com
jchapman@katalix.com
jchapman@katalix.com
jchapman@katalix.com
remi.denis-courmont@nokia.com
remi.denis-courmont@nokia.com
remi.denis-courmont@nokia.com
remi.denis-courmont@nokia.com
remi.denis-courmont@nokia.com
