bfields@citi.umich
bfields@citi.umich
bfields@citi.umich
bfields@citi.umich
bfields@citi.umich
bfields@citi.umich
bfields@citi.umich
bfields@citi.umich
bfields@citi.umich
bfields@citi.umich
bfields@citi.umich
bfields@citi.umich
bfields@citi.umich
bfields@citi.umich
bfields@citi.umich
bfields@citi.umich
bfields@citi.umich
bfields@citi.umich
bfields@citi.umich
bfields@citi.umich
bfields@citi.umich
bfields@citi.umich
bfields@citi.umich
bfields@citi.umich
bfields@citi.umich
bhalevy@panasas.com
bfields@citi.umich
bfields@citi.umich
bfields@citi.umich
bjschuma@netapp.com
bhalevy@panasas.com
bhalevy@panasas.com
bhalevy@panasas.com
bhalevy@panasas.com
bfields@citi.umich
bhalevy@panasas.com
bhalevy@panasas.com
bfields@citi.umich
bfields@citi.umich
bfields@fieldses.org
bfields@citi.umich
viro@ftp.linux
bfields@citi.umich
chuck.lever@oracle.com
bfields@citi.umich
bfields@citi.umich
chuck.lever@oracle.com
torvalds@ppc970.osdl
