dhowells@redhat.com
dhowells@redhat.com
dhowells@redhat.com
dhowells@redhat.com
sfrench@us.ibm
shirishpargaonkar@gmail.com
bjschuma@netapp.com
bjschuma@netapp.com
dhowells@redhat.com
dhowells@redhat.com
dhowells@redhat.com
dhowells@redhat.com
dhowells@redhat.com
dhowells@redhat.com
dhowells@redhat.com
dhowells@redhat.com
wang840925@gmail.com
dhowells@redhat.com
dhowells@redhat.com
wang840925@gmail.com
dhowells@redhat.com
dhowells@redhat.com
dhowells@redhat.com
zohar@linux.vnet
dhowells@redhat.com
dhowells@redhat.com
dhowells@redhat.com
dhowells@redhat.com
dhowells@redhat.com
dhowells@redhat.com
torvalds@ppc970.osdl
dhowells@redhat.com
dhowells@redhat.com
zohar@linux.vnet
dhowells@redhat.com
jlayton@redhat.com
torvalds@ppc970.osdl
torvalds@ppc970.osdl
torvalds@ppc970.osdl
dhowells@redhat.com
torvalds@ppc970.osdl
dhowells@redhat.com
dhowells@redhat.com
torvalds@ppc970.osdl
dhowells@redhat.com
dhowells@redhat.com
