a.p.zijlstra@chello.nl
tj@kernel.org
tj@kernel.org
tj@kernel.org
tj@kernel.org
tj@kernel.org
patrick.bellasi@arm.com
tj@kernel.org
tj@kernel.org
tj@kernel.org
tj@kernel.org
tj@kernel.org
tj@kernel.org
tj@kernel.org
tj@kernel.org
tj@kernel.org
tj@kernel.org
tj@kernel.org
peterz@infradead.org
tj@kernel.org
tj@kernel.org
tj@kernel.org
tj@kernel.org
tj@kernel.org
tj@kernel.org
tj@kernel.org
tj@kernel.org
tj@kernel.org
tj@kernel.org
tj@kernel.org
tj@kernel.org
tj@kernel.org
vincent.guittot@linaro.org
tj@kernel.org
tj@kernel.org
