skinsbursky@parallels.com
skinsbursky@parallels.com
bfields@fieldses.org
viro@ftp.linux
torvalds@ppc970.osdl
torvalds@ppc970.osdl
torvalds@ppc970.osdl
torvalds@ppc970.osdl
torvalds@ppc970.osdl
Trond.Myklebust@netapp.com
torvalds@ppc970.osdl
jlayton@redhat.com
Ricardo.Labiaga@netapp.com
jlayton@redhat.com
jlayton@redhat.com
jlayton@poochiereds.net
jlayton@poochiereds.net
trond.myklebust@primarydata.com
trond.myklebust@primarydata.com
torvalds@ppc970.osdl
torvalds@ppc970.osdl
torvalds@ppc970.osdl
torvalds@ppc970.osdl
torvalds@ppc970.osdl
torvalds@ppc970.osdl
jlayton@poochiereds.net
bfields@redhat.com
bfields@citi.umich
bfields@redhat.com
bfields@redhat.com
bfields@redhat.com
bfields@redhat.com
bfields@redhat.com
bfields@redhat.com
bfields@redhat.com
bfields@redhat.com
bfields@redhat.com
bfields@redhat.com
bfields@redhat.com
bfields@redhat.com
bfields@redhat.com
bfields@redhat.com
bfields@redhat.com
bfields@redhat.com
bfields@redhat.com
mijinlong@cn.fujitsu
mijinlong@cn.fujitsu
kinglongmee@gmail.com
kinglongmee@gmail.com
kinglongmee@gmail.com
torvalds@ppc970.osdl
torvalds@ppc970.osdl
torvalds@ppc970.osdl
chuck.lever@oracle.com
chuck.lever@oracle.com
chuck.lever@oracle.com
chuck.lever@oracle.com
jlayton@redhat.com
jlayton@redhat.com
jlayton@redhat.com
jlayton@redhat.com
jlayton@redhat.com
jlayton@redhat.com
chuck.lever@oracle.com
tom@opengridcomputing.com
tom@opengridcomputing.com
tom@opengridcomputing.com
chuck.lever@oracle.com
chuck.lever@oracle.com
chuck.lever@oracle.com
chuck.lever@oracle.com
tom@opengridcomputing.com
tom@opengridcomputing.com
tom@opengridcomputing.com
chuck.lever@oracle.com
tom@opengridcomputing.com
chuck.lever@oracle.com
tom@opengridcomputing.com
chuck.lever@oracle.com
chuck.lever@oracle.com
chuck.lever@oracle.com
chuck.lever@oracle.com
chuck.lever@oracle.com
tom@opengridcomputing.com
chuck.lever@oracle.com
chuck.lever@oracle.com
tom@opengridcomputing.com
tom@opengridcomputing.com
tom@opengridcomputing.com
tom@opengridcomputing.com
tom@opengridcomputing.com
chuck.lever@oracle.com
chuck.lever@oracle.com
chuck.lever@oracle.com
chuck.lever@oracle.com
chuck.lever@oracle.com
chuck.lever@oracle.com
chuck.lever@oracle.com
tom@opengridcomputing.com
chuck.lever@oracle.com
chuck.lever@oracle.com
tom@opengridcomputing.com
chuck.lever@oracle.com
tom@opengridcomputing.com
chuck.lever@oracle.com
chuck.lever@oracle.com
chuck.lever@oracle.com
chuck.lever@oracle.com
chuck.lever@oracle.com
chuck.lever@oracle.com
chuck.lever@oracle.com
chuck.lever@oracle.com
chuck.lever@oracle.com
chuck.lever@oracle.com
chuck.lever@oracle.com
chuck.lever@oracle.com
chuck.lever@oracle.com
chuck.lever@oracle.com
chuck.lever@oracle.com
chuck.lever@oracle.com
tom@opengridcomputing.com
tom@opengridcomputing.com
tom@opengridcomputing.com
tom@opengridcomputing.com
tom@opengridcomputing.com
tom@opengridcomputing.com
tom@opengridcomputing.com
tom@opengridcomputing.com
tom@opengridcomputing.com
tom@opengridcomputing.com
tom@opengridcomputing.com
tom@opengridcomputing.com
tom@opengridcomputing.com
chuck.lever@oracle.com
tom@opengridcomputing.com
tom@opengridcomputing.com
tom@opengridcomputing.com
tom@opengridcomputing.com
tom@opengridcomputing.com
tom@opengridcomputing.com
tom@opengridcomputing.com
chuck.lever@oracle.com
swise@opengridcomputing.com
chuck.lever@oracle.com
tom@opengridcomputing.com
chuck.lever@oracle.com
tom@opengridcomputing.com
tom@opengridcomputing.com
tom@opengridcomputing.com
chuck.lever@oracle.com
chuck.lever@oracle.com
tom@opengridcomputing.com
rdreier@cisco.com
tom@opengridcomputing.com
tom@opengridcomputing.com
tom@opengridcomputing.com
tom@opengridcomputing.com
tom@opengridcomputing.com
tom@opengridcomputing.com
tom@opengridcomputing.com
tom@opengridcomputing.com
tom@opengridcomputing.com
tom@opengridcomputing.com
tom@opengridcomputing.com
tom@opengridcomputing.com
tom@opengridcomputing.com
tom@opengridcomputing.com
tom@opengridcomputing.com
tom@opengridcomputing.com
tom@opengridcomputing.com
tom@opengridcomputing.com
tom@opengridcomputing.com
tom@opengridcomputing.com
tom@opengridcomputing.com
tom@opengridcomputing.com
tom@opengridcomputing.com
swise@opengridcomputing.com
swise@opengridcomputing.com
swise@opengridcomputing.com
swise@opengridcomputing.com
swise@opengridcomputing.com
swise@opengridcomputing.com
swise@opengridcomputing.com
chuck.lever@oracle.com
hch@infradead.org
tom@opengridcomputing.com
tom@opengridcomputing.com
tom@opengridcomputing.com
tom@opengridcomputing.com
chuck.lever@oracle.com
chuck.lever@oracle.com
chuck.lever@oracle.com
chuck.lever@oracle.com
tom@opengridcomputing.com
swise@opengridcomputing.com
swise@opengridcomputing.com
tom@opengridcomputing.com
tom@opengridcomputing.com
tom@opengridcomputing.com
tom@opengridcomputing.com
chuck.lever@oracle.com
chuck.lever@oracle.com
hch@lst.de
hch@lst.de
hch@lst.de
hch@lst.de
hch@lst.de
hch@lst.de
tom@opengridcomputing.com
tom@opengridcomputing.com
tom@opengridcomputing.com
hch@lst.de
tom@opengridcomputing.com
swise@opengridcomputing.com
tom@opengridcomputing.com
tom@ogc.us
tom@opengridcomputing.com
tom@opengridcomputing.com
tom@opengridcomputing.com
chuck.lever@oracle.com
tom@opengridcomputing.com
tom@opengridcomputing.com
chuck.lever@oracle.com
chuck.lever@oracle.com
chuck.lever@oracle.com
chuck.lever@oracle.com
chuck.lever@oracle.com
chuck.lever@oracle.com
chuck.lever@oracle.com
chuck.lever@oracle.com
chuck.lever@oracle.com
chuck.lever@oracle.com
chuck.lever@oracle.com
chuck.lever@oracle.com
chuck.lever@oracle.com
chuck.lever@oracle.com
chuck.lever@oracle.com
chuck.lever@oracle.com
chuck.lever@oracle.com
chuck.lever@oracle.com
chuck.lever@oracle.com
chuck.lever@oracle.com
chuck.lever@oracle.com
chuck.lever@oracle.com
chuck.lever@oracle.com
chuck.lever@oracle.com
chuck.lever@oracle.com
chuck.lever@oracle.com
chuck.lever@oracle.com
chuck.lever@oracle.com
chuck.lever@oracle.com
chuck.lever@oracle.com
chuck.lever@oracle.com
chuck.lever@oracle.com
chuck.lever@oracle.com
chuck.lever@oracle.com
chuck.lever@oracle.com
chuck.lever@oracle.com
chuck.lever@oracle.com
chuck.lever@oracle.com
chuck.lever@oracle.com
chuck.lever@oracle.com
chuck.lever@oracle.com
tom@opengridcomputing.com
tom@opengridcomputing.com
chuck.lever@oracle.com
chuck.lever@oracle.com
chuck.lever@oracle.com
chuck.lever@oracle.com
chuck.lever@oracle.com
chuck.lever@oracle.com
chuck.lever@oracle.com
chuck.lever@oracle.com
chuck.lever@oracle.com
chuck.lever@oracle.com
chuck.lever@oracle.com
tom@opengridcomputing.com
tom@opengridcomputing.com
chuck.lever@oracle.com
chuck.lever@oracle.com
tom@opengridcomputing.com
chuck.lever@oracle.com
chuck.lever@oracle.com
chuck.lever@oracle.com
chuck.lever@oracle.com
chuck.lever@oracle.com
chuck.lever@oracle.com
chuck.lever@oracle.com
chuck.lever@oracle.com
chuck.lever@oracle.com
chuck.lever@oracle.com
chuck.lever@oracle.com
chuck.lever@oracle.com
chuck.lever@oracle.com
chuck.lever@oracle.com
chuck.lever@oracle.com
tom@opengridcomputing.com
tom@opengridcomputing.com
tom@opengridcomputing.com
tom@opengridcomputing.com
ogerlitz@mellanox.com
swise@opengridcomputing.com
chuck.lever@oracle.com
