miyazawa@linux-ipv6.org
torvalds@ppc970.osdl
torvalds@ppc970.osdl
ebiederm@xmission.com
xemul@openvz.org
xemul@openvz.org
xemul@openvz.org
yasuyuki.kozakai@toshiba.co
yasuyuki.kozakai@toshiba.co
yasuyuki.kozakai@toshiba.co
miyazawa@linux-ipv6.org
yasuyuki.kozakai@toshiba.co
yasuyuki.kozakai@toshiba.co
ebiederm@xmission.com
xemul@openvz.org
xemul@openvz.org
xemul@openvz.org
miyazawa@linux-ipv6.org
yasuyuki.kozakai@toshiba.co
yasuyuki.kozakai@toshiba.co
miyazawa@linux-ipv6.org
torvalds@ppc970.osdl
torvalds@ppc970.osdl
torvalds@ppc970.osdl
torvalds@ppc970.osdl
xemul@openvz.org
xemul@openvz.org
torvalds@ppc970.osdl
adobriyan@gmail.com
torvalds@ppc970.osdl
torvalds@ppc970.osdl
torvalds@ppc970.osdl
torvalds@ppc970.osdl
lethal@linux-sh.org
davem@sunset.davemloft
torvalds@ppc970.osdl
torvalds@ppc970.osdl
torvalds@ppc970.osdl
torvalds@ppc970.osdl
torvalds@ppc970.osdl
torvalds@ppc970.osdl
torvalds@ppc970.osdl
torvalds@ppc970.osdl
torvalds@ppc970.osdl
ilpo.jarvinen@helsinki.fi
ilpo.jarvinen@helsinki.fi
ilpo.jarvinen@helsinki.fi
adobriyan@gmail.com
adobriyan@gmail.com
ilpo.jarvinen@helsinki.fi
adobriyan@gmail.com
adobriyan@gmail.com
adobriyan@gmail.com
adobriyan@gmail.com
adobriyan@gmail.com
ilpo.jarvinen@helsinki.fi
ilpo.jarvinen@helsinki.fi
ilpo.jarvinen@helsinki.fi
ilpo.jarvinen@helsinki.fi
ilpo.jarvinen@helsinki.fi
adobriyan@gmail.com
torvalds@ppc970.osdl
