lczerner@redhat.com
lczerner@redhat.com
lczerner@redhat.com
lczerner@redhat.com
lczerner@redhat.com
lczerner@redhat.com
lczerner@redhat.com
lczerner@redhat.com
lczerner@redhat.com
lczerner@redhat.com
lczerner@redhat.com
lczerner@redhat.com
lczerner@redhat.com
lczerner@redhat.com
dmonakhov@openvz.org
lczerner@redhat.com
namjae.jeon@samsung.com
namjae.jeon@samsung.com
namjae.jeon@samsung.com
namjae.jeon@samsung.com
namjae.jeon@samsung.com
namjae.jeon@samsung.com
namjae.jeon@samsung.com
namjae.jeon@samsung.com
willy@linux.intel
willy@linux.intel
willy@linux.intel
willy@linux.intel
willy@linux.intel
willy@linux.intel
willy@linux.intel
boaz@plexistor.com
aneesh.kumar@linux.vnet
tytso@mit.edu
tytso@mit.edu
tytso@mit.edu
tytso@mit.edu
MPatlasov@parallels.com
MPatlasov@parallels.com
MPatlasov@parallels.com
MPatlasov@parallels.com
MPatlasov@parallels.com
