laijs@cn.fujitsu
torvalds@ppc970.osdl
bcrl@linux.intel
viro@zeniv.linux
viro@zeniv.linux
npiggin@kernel.dk
npiggin@kernel.dk
npiggin@kernel.dk
npiggin@kernel.dk
npiggin@kernel.dk
npiggin@kernel.dk
npiggin@kernel.dk
npiggin@kernel.dk
npiggin@kernel.dk
npiggin@kernel.dk
npiggin@kernel.dk
npiggin@kernel.dk
npiggin@kernel.dk
npiggin@kernel.dk
npiggin@kernel.dk
npiggin@kernel.dk
npiggin@kernel.dk
npiggin@kernel.dk
npiggin@kernel.dk
npiggin@kernel.dk
npiggin@kernel.dk
npiggin@kernel.dk
npiggin@kernel.dk
npiggin@kernel.dk
npiggin@kernel.dk
npiggin@kernel.dk
npiggin@kernel.dk
npiggin@kernel.dk
npiggin@kernel.dk
npiggin@kernel.dk
npiggin@kernel.dk
npiggin@kernel.dk
npiggin@kernel.dk
npiggin@kernel.dk
torvalds@ppc970.osdl
viro@zeniv.linux
viro@zeniv.linux
viro@zeniv.linux
viro@zeniv.linux
ak@linux.intel
npiggin@kernel.dk
ak@linux.intel
torvalds@ppc970.osdl
torvalds@ppc970.osdl
npiggin@kernel.dk
npiggin@kernel.dk
npiggin@kernel.dk
npiggin@kernel.dk
npiggin@kernel.dk
npiggin@kernel.dk
npiggin@kernel.dk
npiggin@kernel.dk
torvalds@ppc970.osdl
dada1@cosmosbay.com
ak@linux.intel
dada1@cosmosbay.com
ak@linux.intel
torvalds@ppc970.osdl
torvalds@ppc970.osdl
torvalds@ppc970.osdl
npiggin@kernel.dk
npiggin@kernel.dk
npiggin@kernel.dk
npiggin@kernel.dk
npiggin@kernel.dk
npiggin@kernel.dk
npiggin@kernel.dk
npiggin@kernel.dk
npiggin@kernel.dk
npiggin@kernel.dk
npiggin@kernel.dk
npiggin@kernel.dk
npiggin@kernel.dk
npiggin@kernel.dk
npiggin@kernel.dk
npiggin@kernel.dk
npiggin@kernel.dk
npiggin@kernel.dk
npiggin@kernel.dk
npiggin@kernel.dk
npiggin@kernel.dk
npiggin@kernel.dk
npiggin@kernel.dk
npiggin@kernel.dk
npiggin@kernel.dk
npiggin@kernel.dk
npiggin@kernel.dk
npiggin@kernel.dk
npiggin@kernel.dk
npiggin@kernel.dk
npiggin@kernel.dk
npiggin@suse.de
npiggin@suse.de
npiggin@suse.de
npiggin@suse.de
npiggin@suse.de
npiggin@suse.de
npiggin@suse.de
npiggin@suse.de
npiggin@suse.de
npiggin@suse.de
npiggin@suse.de
ak@linux.intel
npiggin@kernel.dk
npiggin@suse.de
npiggin@suse.de
npiggin@suse.de
npiggin@suse.de
fengguang.wu@intel.com
npiggin@suse.de
fengguang.wu@intel.com
npiggin@suse.de
npiggin@suse.de
jack@suse.cz
npiggin@suse.de
npiggin@kernel.dk
ak@linux.intel
npiggin@suse.de
npiggin@suse.de
ak@linux.intel
npiggin@kernel.dk
npiggin@kernel.dk
npiggin@suse.de
npiggin@kernel.dk
viro@zeniv.linux
viro@zeniv.linux
viro@zeniv.linux
viro@zeniv.linux
npiggin@kernel.dk
viro@zeniv.linux
viro@zeniv.linux
viro@zeniv.linux
viro@zeniv.linux
viro@zeniv.linux
npiggin@kernel.dk
viro@zeniv.linux
npiggin@kernel.dk
torvalds@ppc970.osdl
dada1@cosmosbay.com
dada1@cosmosbay.com
dada1@cosmosbay.com
dada1@cosmosbay.com
dada1@cosmosbay.com
npiggin@kernel.dk
npiggin@kernel.dk
npiggin@kernel.dk
npiggin@kernel.dk
npiggin@kernel.dk
npiggin@kernel.dk
torvalds@ppc970.osdl
npiggin@kernel.dk
