arjan@infradead.org
axboe@suse.de
axboe@suse.de
torvalds@ppc970.osdl
torvalds@ppc970.osdl
torvalds@ppc970.osdl
torvalds@ppc970.osdl
torvalds@ppc970.osdl
torvalds@ppc970.osdl
torvalds@ppc970.osdl
torvalds@ppc970.osdl
axboe@suse.de
axboe@suse.de
axboe@suse.de
axboe@suse.de
axboe@suse.de
axboe@suse.de
axboe@suse.de
torvalds@ppc970.osdl
torvalds@ppc970.osdl
torvalds@ppc970.osdl
torvalds@ppc970.osdl
torvalds@ppc970.osdl
torvalds@ppc970.osdl
torvalds@ppc970.osdl
torvalds@ppc970.osdl
axboe@suse.de
axboe@suse.de
axboe@suse.de
axboe@suse.de
axboe@suse.de
axboe@suse.de
axboe@suse.de
axboe@suse.de
axboe@suse.de
axboe@suse.de
axboe@suse.de
axboe@suse.de
axboe@suse.de
axboe@suse.de
axboe@suse.de
axboe@suse.de
axboe@suse.de
axboe@suse.de
pbadari@us.ibm
pbadari@us.ibm
torvalds@ppc970.osdl
torvalds@ppc970.osdl
torvalds@ppc970.osdl
torvalds@ppc970.osdl
torvalds@ppc970.osdl
torvalds@ppc970.osdl
torvalds@ppc970.osdl
axboe@suse.de
axboe@suse.de
axboe@suse.de
jens.axboe@oracle.com
axboe@suse.de
axboe@suse.de
viro@zeniv.linux
viro@zeniv.linux
viro@zeniv.linux
viro@zeniv.linux
axboe@suse.de
axboe@suse.de
viro@zeniv.linux
viro@zeniv.linux
viro@zeniv.linux
viro@zeniv.linux
torvalds@ppc970.osdl
torvalds@ppc970.osdl
axboe@suse.de
axboe@suse.de
axboe@suse.de
axboe@suse.de
axboe@suse.de
torvalds@ppc970.osdl
torvalds@ppc970.osdl
axboe@suse.de
axboe@suse.de
torvalds@ppc970.osdl
torvalds@ppc970.osdl
torvalds@ppc970.osdl
torvalds@ppc970.osdl
axboe@suse.de
axboe@suse.de
axboe@suse.de
amwang@redhat.com
axboe@suse.de
axboe@suse.de
axboe@suse.de
axboe@suse.de
axboe@suse.de
axboe@suse.de
amwang@redhat.com
axboe@suse.de
axboe@suse.de
axboe@suse.de
torvalds@ppc970.osdl
axboe@suse.de
axboe@suse.de
axboe@suse.de
axboe@suse.de
axboe@suse.de
torvalds@ppc970.osdl
torvalds@ppc970.osdl
torvalds@ppc970.osdl
torvalds@ppc970.osdl
viro@zeniv.linux
viro@zeniv.linux
