minipli@googlemail.com
minipli@googlemail.com
minipli@googlemail.com
kkeil@suse.de
kkeil@suse.de
kkeil@suse.de
kkeil@suse.de
kkeil@suse.de
kkeil@suse.de
kkeil@suse.de
joe@perches.com
kkeil@suse.de
torvalds@ppc970.osdl
torvalds@ppc970.osdl
torvalds@ppc970.osdl
torvalds@ppc970.osdl
torvalds@ppc970.osdl
torvalds@ppc970.osdl
torvalds@ppc970.osdl
torvalds@ppc970.osdl
torvalds@ppc970.osdl
torvalds@ppc970.osdl
torvalds@ppc970.osdl
minipli@googlemail.com
minipli@googlemail.com
torvalds@ppc970.osdl
torvalds@ppc970.osdl
torvalds@ppc970.osdl
marcel@holtmann.org
marcel@holtmann.org
marcel@holtmann.org
marcel@holtmann.org
marcel@holtmann.org
mathewm@codeaurora.org
mathewm@codeaurora.org
torvalds@ppc970.osdl
torvalds@ppc970.osdl
minipli@googlemail.com
minipli@googlemail.com
minipli@googlemail.com
minipli@googlemail.com
sjur.brandeland@stericsson.com
sjur.brandeland@stericsson.com
torvalds@ppc970.osdl
torvalds@ppc970.osdl
torvalds@ppc970.osdl
torvalds@ppc970.osdl
minipli@googlemail.com
minipli@googlemail.com
torvalds@ppc970.osdl
torvalds@ppc970.osdl
minipli@googlemail.com
minipli@googlemail.com
torvalds@ppc970.osdl
torvalds@ppc970.osdl
jchapman@katalix.com
jchapman@katalix.com
minipli@googlemail.com
minipli@googlemail.com
torvalds@ppc970.osdl
torvalds@ppc970.osdl
torvalds@ppc970.osdl
torvalds@ppc970.osdl
torvalds@ppc970.osdl
minipli@googlemail.com
minipli@googlemail.com
lauro.venancio@openbossa.org
lauro.venancio@openbossa.org
loke.chetan@gmail.com
ebiederm@xmission.com
ebiederm@xmission.com
ebiederm@xmission.com
ebiederm@xmission.com
ebiederm@xmission.com
ebiederm@xmission.com
herbert@gondor.apana
ebiederm@xmission.com
ebiederm@xmission.com
ebiederm@xmission.com
ebiederm@xmission.com
ebiederm@xmission.com
torvalds@ppc970.osdl
torvalds@ppc970.osdl
torvalds@ppc970.osdl
torvalds@ppc970.osdl
torvalds@ppc970.osdl
wpan@redhat.com
wpan@redhat.com
torvalds@ppc970.osdl
torvalds@ppc970.osdl
torvalds@ppc970.osdl
minipli@googlemail.com
dhowells@redhat.com
dhowells@redhat.com
dhowells@redhat.com
yoshfuji@linux-ipv6.org
yoshfuji@linux-ipv6.org
torvalds@ppc970.osdl
shemminger@osdl.org
shemminger@osdl.org
shemminger@osdl.org
torvalds@ppc970.osdl
torvalds@ppc970.osdl
minipli@googlemail.com
minipli@googlemail.com
minipli@googlemail.com
minipli@googlemail.com
minipli@googlemail.com
minipli@googlemail.com
torvalds@ppc970.osdl
torvalds@ppc970.osdl
torvalds@ppc970.osdl
torvalds@ppc970.osdl
torvalds@ppc970.osdl
minipli@googlemail.com
minipli@googlemail.com
minipli@googlemail.com
minipli@googlemail.com
torvalds@ppc970.osdl
torvalds@ppc970.osdl
torvalds@ppc970.osdl
torvalds@ppc970.osdl
