fweisbec@gmail.com
fweisbec@gmail.com
avi@redhat.com
mingo@elte.hu
a.p.zijlstra@chello.nl
a.p.zijlstra@chello.nl
a.p.zijlstra@chello.nl
a.p.zijlstra@chello.nl
a.p.zijlstra@chello.nl
a.p.zijlstra@chello.nl
a.p.zijlstra@chello.nl
a.p.zijlstra@chello.nl
a.p.zijlstra@chello.nl
mingo@elte.hu
mingo@elte.hu
a.p.zijlstra@chello.nl
a.p.zijlstra@chello.nl
a.p.zijlstra@chello.nl
paulus@samba.org
mingo@elte.hu
mingo@elte.hu
mingo@elte.hu
mingo@elte.hu
mingo@elte.hu
mingo@elte.hu
mingo@elte.hu
mingo@elte.hu
mingo@elte.hu
mingo@elte.hu
a.p.zijlstra@chello.nl
a.p.zijlstra@chello.nl
a.p.zijlstra@chello.nl
a.p.zijlstra@chello.nl
paulus@samba.org
zheng.z.yan@intel.com
zheng.z.yan@intel.com
zheng.z.yan@intel.com
