acme@mandriva.com
acme@mandriva.com
shemminger@vyatta.com
torvalds@ppc970.osdl
torvalds@ppc970.osdl
viro@zeniv.linux
den@openvz.org
den@openvz.org
acme@ghostprotocols.net
acme@ghostprotocols.net
acme@ghostprotocols.net
acme@ghostprotocols.net
acme@mandriva.com
acme@ghostprotocols.net
acme@mandriva.com
gerrit@erg.abdn
acme@mandriva.com
jesper.juhl@gmail.com
acme@ghostprotocols.net
acme@ghostprotocols.net
acme@ghostprotocols.net
acme@ghostprotocols.net
paul.moore@hp.com
paul.moore@hp.com
paul.moore@hp.com
paul.moore@hp.com
paul.moore@hp.com
paul.moore@hp.com
paul.moore@hp.com
paul.moore@hp.com
paul.moore@hp.com
paul.moore@hp.com
paul.moore@hp.com
paul.moore@hp.com
paul.moore@hp.com
paul.moore@hp.com
hagen@jauu.net
paul.moore@hp.com
paul.moore@hp.com
paul.moore@hp.com
paul.moore@hp.com
paul.moore@hp.com
paul.moore@hp.com
paul.moore@hp.com
paul.moore@hp.com
paul.moore@hp.com
paul.moore@hp.com
paul.moore@hp.com
paul.moore@hp.com
paul.moore@hp.com
paul.moore@hp.com
paul.moore@hp.com
paul.moore@hp.com
paul.moore@hp.com
paul.moore@hp.com
paul.moore@hp.com
paul.moore@hp.com
paul.moore@hp.com
paul.moore@hp.com
paul.moore@hp.com
paul.moore@hp.com
paul.moore@hp.com
paul.moore@hp.com
paul.moore@hp.com
paul.moore@hp.com
paul.moore@hp.com
paul.moore@hp.com
paul.moore@hp.com
paul.moore@hp.com
paul.moore@hp.com
paul.moore@hp.com
paul.moore@hp.com
torvalds@ppc970.osdl
torvalds@ppc970.osdl
torvalds@ppc970.osdl
torvalds@ppc970.osdl
torvalds@ppc970.osdl
torvalds@ppc970.osdl
torvalds@ppc970.osdl
davem@davemloft.net
davem@davemloft.net
torvalds@ppc970.osdl
torvalds@ppc970.osdl
torvalds@ppc970.osdl
acme@ghostprotocols.net
davem@davemloft.net
ilpo.jarvinen@helsinki.fi
torvalds@ppc970.osdl
yoshfuji@linux-ipv6.org
torvalds@ppc970.osdl
torvalds@ppc970.osdl
torvalds@ppc970.osdl
torvalds@ppc970.osdl
torvalds@ppc970.osdl
torvalds@ppc970.osdl
acme@mandriva.com
m.kozlowski@tuxland.pl
den@openvz.org
acme@mandriva.com
torvalds@ppc970.osdl
torvalds@ppc970.osdl
den@openvz.org
den@openvz.org
acme@mandriva.com
acme@mandriva.com
den@openvz.org
acme@mandriva.com
acme@mandriva.com
torvalds@ppc970.osdl
viro@zeniv.linux
acme@redhat.com
torvalds@ppc970.osdl
torvalds@ppc970.osdl
torvalds@ppc970.osdl
joe@perches.com
torvalds@ppc970.osdl
torvalds@ppc970.osdl
torvalds@ppc970.osdl
torvalds@ppc970.osdl
acme@redhat.com
torvalds@ppc970.osdl
torvalds@ppc970.osdl
eric.dumazet@gmail.com
herbert@gondor.apana
herbert@gondor.apana
torvalds@ppc970.osdl
torvalds@ppc970.osdl
torvalds@ppc970.osdl
torvalds@ppc970.osdl
torvalds@ppc970.osdl
torvalds@ppc970.osdl
torvalds@ppc970.osdl
torvalds@ppc970.osdl
eric.dumazet@gmail.com
shemminger@linux-foundation.org
shemminger@linux-foundation.org
shemminger@linux-foundation.org
shemminger@linux-foundation.org
shemminger@linux-foundation.org
jianjun@zeuux.org
shemminger@linux-foundation.org
shemminger@linux-foundation.org
shemminger@linux-foundation.org
shemminger@linux-foundation.org
torvalds@ppc970.osdl
torvalds@ppc970.osdl
torvalds@ppc970.osdl
torvalds@ppc970.osdl
torvalds@ppc970.osdl
acme@ghostprotocols.net
torvalds@ppc970.osdl
torvalds@ppc970.osdl
torvalds@ppc970.osdl
torvalds@ppc970.osdl
acme@mandriva.com
shemminger@osdl.org
shemminger@osdl.org
torvalds@ppc970.osdl
torvalds@ppc970.osdl
torvalds@ppc970.osdl
torvalds@ppc970.osdl
acme@ghostprotocols.net
torvalds@ppc970.osdl
acme@mandriva.com
davem@davemloft.net
davem@davemloft.net
davem@davemloft.net
davem@davemloft.net
davem@davemloft.net
torvalds@ppc970.osdl
acme@ghostprotocols.net
torvalds@ppc970.osdl
jchapman@katalix.com
jchapman@katalix.com
jchapman@katalix.com
