anemo@mba.ocn
anemo@mba.ocn
anemo@mba.ocn
anemo@mba.ocn
torvalds@ppc970.osdl
torvalds@ppc970.osdl
torvalds@ppc970.osdl
torvalds@ppc970.osdl
torvalds@ppc970.osdl
torvalds@ppc970.osdl
torvalds@ppc970.osdl
torvalds@ppc970.osdl
torvalds@ppc970.osdl
torvalds@ppc970.osdl
torvalds@ppc970.osdl
torvalds@ppc970.osdl
torvalds@ppc970.osdl
csnook@redhat.com
csnook@redhat.com
csnook@redhat.com
csnook@redhat.com
csnook@redhat.com
csnook@redhat.com
joe@perches.com
csnook@redhat.com
joe@perches.com
csnook@redhat.com
csnook@redhat.com
joe@perches.com
joe@perches.com
csnook@redhat.com
csnook@redhat.com
csnook@redhat.com
csnook@redhat.com
csnook@redhat.com
tglx@linutronix.de
tglx@linutronix.de
tglx@linutronix.de
tglx@linutronix.de
tglx@linutronix.de
tglx@linutronix.de
tglx@linutronix.de
tglx@linutronix.de
tglx@linutronix.de
tglx@linutronix.de
tglx@linutronix.de
tglx@linutronix.de
tglx@linutronix.de
tglx@linutronix.de
tglx@linutronix.de
tglx@linutronix.de
tglx@linutronix.de
tglx@linutronix.de
tglx@linutronix.de
tglx@linutronix.de
tglx@linutronix.de
tglx@linutronix.de
tglx@linutronix.de
tglx@linutronix.de
tglx@linutronix.de
tglx@linutronix.de
tglx@linutronix.de
tglx@linutronix.de
tglx@linutronix.de
tglx@linutronix.de
tglx@linutronix.de
tglx@linutronix.de
tglx@linutronix.de
tglx@linutronix.de
tglx@linutronix.de
tglx@linutronix.de
tglx@linutronix.de
tglx@linutronix.de
tglx@linutronix.de
tglx@linutronix.de
tglx@linutronix.de
tglx@linutronix.de
tglx@linutronix.de
tglx@linutronix.de
tglx@linutronix.de
tglx@linutronix.de
tglx@linutronix.de
tglx@linutronix.de
tglx@linutronix.de
tglx@linutronix.de
torvalds@ppc970.osdl
torvalds@ppc970.osdl
torvalds@ppc970.osdl
torvalds@ppc970.osdl
torvalds@ppc970.osdl
torvalds@ppc970.osdl
tglx@linutronix.de
tglx@linutronix.de
george@wildturkeyranch.net
george@wildturkeyranch.net
george@wildturkeyranch.net
mingo@elte.hu
mingo@elte.hu
mingo@elte.hu
mingo@elte.hu
mingo@elte.hu
mingo@elte.hu
mingo@elte.hu
johnstul@us.ibm
johnstul@us.ibm
johnstul@us.ibm
johnstul@us.ibm
johnstul@us.ibm
clameter@sgi.com
clameter@sgi.com
clameter@sgi.com
clameter@sgi.com
clameter@sgi.com
clameter@sgi.com
