avi@qumranet.com
amwang@redhat.com
avi@qumranet.com
amwang@redhat.com
avi@qumranet.com
amwang@redhat.com
avi@qumranet.com
amwang@redhat.com
avi@qumranet.com
avi@qumranet.com
gleb@redhat.com
gleb@redhat.com
avi@qumranet.com
avi@qumranet.com
kraxel@redhat.com
avi@qumranet.com
avi@qumranet.com
xiaoguangrong@linux.vnet
avi@qumranet.com
avi@qumranet.com
avi@qumranet.com
avi@qumranet.com
avi@qumranet.com
xiaoguangrong@linux.vnet
avi@qumranet.com
avi@qumranet.com
xiaoguangrong@linux.vnet
xiaoguangrong@linux.vnet
izike@qumranet.com
izike@qumranet.com
xiaoguangrong@linux.vnet
avi@qumranet.com
avi@qumranet.com
avi@qumranet.com
avi@qumranet.com
avi@qumranet.com
mtosatti@redhat.com
avi@qumranet.com
avi@qumranet.com
avi@qumranet.com
avi@qumranet.com
mtosatti@redhat.com
avi@qumranet.com
avi@qumranet.com
mtosatti@redhat.com
avi@qumranet.com
avi@qumranet.com
xiaoguangrong@linux.vnet
xiaoguangrong@linux.vnet
xiaoguangrong@linux.vnet
xiaoguangrong@linux.vnet
xiaoguangrong@linux.vnet
avi@qumranet.com
avi@qumranet.com
